#
# There is insufficient memory for the Java Runtime Environment to continue.
# Native memory allocation (malloc) failed to allocate 292016 bytes for Chunk::new
# Possible reasons:
#   The system is out of physical RAM or swap space
#   The process is running with CompressedOops enabled, and the Java Heap may be blocking the growth of the native heap
# Possible solutions:
#   Reduce memory load on the system
#   Increase physical memory or swap space
#   Check if swap backing store is full
#   Decrease Java heap size (-Xmx/-Xms)
#   Decrease number of Java threads
#   Decrease Java thread stack sizes (-Xss)
#   Set larger code cache with -XX:ReservedCodeCacheSize=
#   JVM is running with Unscaled Compressed Oops mode in which the Java heap is
#     placed in the first 4GB address space. The Java Heap base address is the
#     maximum limit for the native heap growth. Please use -XX:HeapBaseMinAddress
#     to set the Java Heap base and to place the Java Heap above 4GB virtual address.
# This output file may be truncated or incomplete.
#
#  Out of Memory Error (./src/hotspot/share/memory/arena.cpp:197), pid=14688, tid=14668
#
# JRE version: OpenJDK Runtime Environment (11.0.10) (build 11.0.10+0-b96-7249189)
# Java VM: OpenJDK 64-Bit Server VM (11.0.10+0-b96-7249189, mixed mode, tiered, compressed oops, g1 gc, windows-amd64)
# No core dump will be written. Minidumps are not enabled by default on client versions of Windows
#

---------------  S U M M A R Y ------------

Command Line: --add-opens=java.base/java.util=ALL-UNNAMED --add-opens=java.base/java.lang=ALL-UNNAMED --add-opens=java.base/java.lang.invoke=ALL-UNNAMED --add-opens=java.base/java.util=ALL-UNNAMED --add-opens=java.prefs/java.util.prefs=ALL-UNNAMED --add-opens=java.prefs/java.util.prefs=ALL-UNNAMED --add-opens=java.base/java.nio.charset=ALL-UNNAMED --add-opens=java.base/java.net=ALL-UNNAMED --add-opens=java.base/java.util.concurrent.atomic=ALL-UNNAMED -Xmx2048m -Dfile.encoding=UTF-8 -Duser.country=ES -Duser.language=es -Duser.variant org.gradle.launcher.daemon.bootstrap.GradleDaemon 7.0.2

Host: Intel(R) Core(TM) i3-7020U CPU @ 2.30GHz, 4 cores, 11G,  Windows 10 , 64 bit Build 19041 (10.0.19041.1151)
Time: Mon Sep  6 11:14:02 2021 Hora estándar de Argentina elapsed time: 3.418897 seconds (0d 0h 0m 3s)

---------------  T H R E A D  ---------------

Current thread (0x0000025a5c9bd800):  JavaThread "C2 CompilerThread0" daemon [_thread_in_native, id=14668, stack(0x000000b7bb500000,0x000000b7bb600000)]


Current CompileTask:
C2:   3419 1859 %     4       java.io.WinNTFileSystem::normalize @ 58 (224 bytes)

Stack: [0x000000b7bb500000,0x000000b7bb600000]
Native frames: (J=compiled Java code, j=interpreted, Vv=VM code, C=native code)
V  [jvm.dll+0x5ecfaa]
V  [jvm.dll+0x722bd5]
V  [jvm.dll+0x72412d]
V  [jvm.dll+0x7247e3]
V  [jvm.dll+0x242928]
V  [jvm.dll+0xbc4fc]
V  [jvm.dll+0xbca0c]
V  [jvm.dll+0x352d3b]
V  [jvm.dll+0x320ad3]
V  [jvm.dll+0x31ffca]
V  [jvm.dll+0x1fb602]
V  [jvm.dll+0x1fa7f4]
V  [jvm.dll+0x18354c]
V  [jvm.dll+0x208ee7]
V  [jvm.dll+0x207731]
V  [jvm.dll+0x6eb1cf]
V  [jvm.dll+0x6e3d45]
V  [jvm.dll+0x5ebe96]
C  [ucrtbase.dll+0x21bb2]
C  [KERNEL32.DLL+0x17034]
C  [ntdll.dll+0x52651]


---------------  P R O C E S S  ---------------

Threads class SMR info:
_java_thread_list=0x0000025a5f79bac0, length=22, elements={
0x0000025a40ddc800, 0x0000025a5d1c1800, 0x0000025a5d1cf800, 0x0000025a5c9b2800,
0x0000025a5c9b4800, 0x0000025a5c9b7000, 0x0000025a5c9bd800, 0x0000025a5d21b800,
0x0000025a5d220800, 0x0000025a5d389800, 0x0000025a5f8eb800, 0x0000025a5d476000,
0x0000025a60516800, 0x0000025a5f963000, 0x0000025a5f422800, 0x0000025a5e3e6800,
0x0000025a5f79d800, 0x0000025a5fa43000, 0x0000025a5f8e1800, 0x0000025a5f1a4000,
0x0000025a5f1a5000, 0x0000025a5f1a5800
}

Java Threads: ( => current thread )
  0x0000025a40ddc800 JavaThread "main" [_thread_blocked, id=9352, stack(0x000000b7ba900000,0x000000b7baa00000)]
  0x0000025a5d1c1800 JavaThread "Reference Handler" daemon [_thread_blocked, id=2752, stack(0x000000b7bb000000,0x000000b7bb100000)]
  0x0000025a5d1cf800 JavaThread "Finalizer" daemon [_thread_blocked, id=1772, stack(0x000000b7bb100000,0x000000b7bb200000)]
  0x0000025a5c9b2800 JavaThread "Signal Dispatcher" daemon [_thread_blocked, id=13516, stack(0x000000b7bb200000,0x000000b7bb300000)]
  0x0000025a5c9b4800 JavaThread "Attach Listener" daemon [_thread_blocked, id=8556, stack(0x000000b7bb300000,0x000000b7bb400000)]
  0x0000025a5c9b7000 JavaThread "Service Thread" daemon [_thread_blocked, id=8524, stack(0x000000b7bb400000,0x000000b7bb500000)]
=>0x0000025a5c9bd800 JavaThread "C2 CompilerThread0" daemon [_thread_in_native, id=14668, stack(0x000000b7bb500000,0x000000b7bb600000)]
  0x0000025a5d21b800 JavaThread "C1 CompilerThread0" daemon [_thread_blocked, id=12352, stack(0x000000b7bb600000,0x000000b7bb700000)]
  0x0000025a5d220800 JavaThread "Sweeper thread" daemon [_thread_blocked, id=9696, stack(0x000000b7bb700000,0x000000b7bb800000)]
  0x0000025a5d389800 JavaThread "Common-Cleaner" daemon [_thread_blocked, id=14576, stack(0x000000b7bb800000,0x000000b7bb900000)]
  0x0000025a5f8eb800 JavaThread "Daemon health stats" [_thread_blocked, id=14676, stack(0x000000b7bbe00000,0x000000b7bbf00000)]
  0x0000025a5d476000 JavaThread "Incoming local TCP Connector on port 58768" [_thread_in_native, id=1488, stack(0x000000b7bba00000,0x000000b7bbb00000)]
  0x0000025a60516800 JavaThread "Daemon periodic checks" [_thread_blocked, id=13012, stack(0x000000b7bbf00000,0x000000b7bc000000)]
  0x0000025a5f963000 JavaThread "Daemon" [_thread_blocked, id=11564, stack(0x000000b7bc000000,0x000000b7bc100000)]
  0x0000025a5f422800 JavaThread "Handler for socket connection from /127.0.0.1:58768 to /127.0.0.1:58769" [_thread_in_native, id=12120, stack(0x000000b7bc100000,0x000000b7bc200000)]
  0x0000025a5e3e6800 JavaThread "Cancel handler" [_thread_blocked, id=9512, stack(0x000000b7bc200000,0x000000b7bc300000)]
  0x0000025a5f79d800 JavaThread "Daemon worker" [_thread_in_vm, id=12048, stack(0x000000b7bc300000,0x000000b7bc400000)]
  0x0000025a5fa43000 JavaThread "Asynchronous log dispatcher for DefaultDaemonConnection: socket connection from /127.0.0.1:58768 to /127.0.0.1:58769" [_thread_blocked, id=5444, stack(0x000000b7bc400000,0x000000b7bc500000)]
  0x0000025a5f8e1800 JavaThread "Stdin handler" [_thread_blocked, id=12656, stack(0x000000b7bc500000,0x000000b7bc600000)]
  0x0000025a5f1a4000 JavaThread "Daemon client event forwarder" [_thread_blocked, id=3144, stack(0x000000b7bc600000,0x000000b7bc700000)]
  0x0000025a5f1a5000 JavaThread "Cache worker for file hash cache (C:\Users\leoba\.gradle\caches\7.0.2\fileHashes)" [_thread_blocked, id=13140, stack(0x000000b7bc700000,0x000000b7bc800000)]
  0x0000025a5f1a5800 JavaThread "File lock request listener" [_thread_in_vm, id=9284, stack(0x000000b7bc800000,0x000000b7bc900000)]

Other Threads:
  0x0000025a5c9a1800 VMThread "VM Thread" [stack: 0x000000b7baf00000,0x000000b7bb000000] [id=14920]
  0x0000025a5d39a800 WatcherThread [stack: 0x000000b7bb900000,0x000000b7bba00000] [id=1836]
  0x0000025a42db5000 GCTaskThread "GC Thread#0" [stack: 0x000000b7baa00000,0x000000b7bab00000] [id=3824]
  0x0000025a5d76b800 GCTaskThread "GC Thread#1" [stack: 0x000000b7bbb00000,0x000000b7bbc00000] [id=8468]
  0x0000025a5dcad800 GCTaskThread "GC Thread#2" [stack: 0x000000b7bbc00000,0x000000b7bbd00000] [id=9064]
  0x0000025a5dcae000 GCTaskThread "GC Thread#3" [stack: 0x000000b7bbd00000,0x000000b7bbe00000] [id=12276]
  0x0000025a42de7000 ConcurrentGCThread "G1 Main Marker" [stack: 0x000000b7bab00000,0x000000b7bac00000] [id=12984]
  0x0000025a42dea000 ConcurrentGCThread "G1 Conc#0" [stack: 0x000000b7bac00000,0x000000b7bad00000] [id=8716]
  0x0000025a5c7f2800 ConcurrentGCThread "G1 Refine#0" [stack: 0x000000b7bad00000,0x000000b7bae00000] [id=6612]
  0x0000025a5c7f3000 ConcurrentGCThread "G1 Young RemSet Sampling" [stack: 0x000000b7bae00000,0x000000b7baf00000] [id=1588]

Threads with active compile tasks:
C2 CompilerThread0   3461 1859 %     4       java.io.WinNTFileSystem::normalize @ 58 (224 bytes)

VM state:not at safepoint (normal execution)

VM Mutex/Monitor currently owned by a thread: None

OutOfMemory and StackOverflow Exception counts:
StackOverflowErrors=1
LinkageErrors=32

Heap address: 0x0000000080000000, size: 2048 MB, Compressed Oops mode: 32-bit
Narrow klass base: 0x0000000000000000, Narrow klass shift: 3
Compressed class space size: 1073741824 Address: 0x0000000100000000

Heap:
 garbage-first heap   total 196608K, used 72552K [0x0000000080000000, 0x0000000100000000)
  region size 1024K, 65 young (66560K), 4 survivors (4096K)
 Metaspace       used 20170K, capacity 20683K, committed 20864K, reserved 1071104K
  class space    used 2460K, capacity 2625K, committed 2688K, reserved 1048576K
Heap Regions: E=young(eden), S=young(survivor), O=old, HS=humongous(starts), HC=humongous(continues), CS=collection set, F=free, A=archive, TAMS=top-at-mark-start (previous, next)
|   0|0x0000000080000000, 0x0000000080100000, 0x0000000080100000|100%| O|  |TAMS 0x0000000080000000, 0x0000000080000000| Untracked 
|   1|0x0000000080100000, 0x00000000801cf600, 0x0000000080200000| 81%| O|  |TAMS 0x0000000080100000, 0x0000000080100000| Untracked 
|   2|0x0000000080200000, 0x0000000080200000, 0x0000000080300000|  0%| F|  |TAMS 0x0000000080200000, 0x0000000080200000| Untracked 
|   3|0x0000000080300000, 0x0000000080400000, 0x0000000080400000|100%|HS|  |TAMS 0x0000000080300000, 0x0000000080300000| Complete 
|   4|0x0000000080400000, 0x0000000080500000, 0x0000000080500000|100%|HC|  |TAMS 0x0000000080400000, 0x0000000080400000| Complete 
|   5|0x0000000080500000, 0x0000000080600000, 0x0000000080600000|100%|HC|  |TAMS 0x0000000080500000, 0x0000000080500000| Complete 
|   6|0x0000000080600000, 0x0000000080700000, 0x0000000080700000|100%| O|  |TAMS 0x0000000080600000, 0x0000000080600000| Untracked 
|   7|0x0000000080700000, 0x0000000080800000, 0x0000000080800000|100%| O|  |TAMS 0x0000000080700000, 0x0000000080700000| Untracked 
|   8|0x0000000080800000, 0x0000000080900000, 0x0000000080900000|100%| O|  |TAMS 0x0000000080800000, 0x0000000080800000| Untracked 
|   9|0x0000000080900000, 0x0000000080900000, 0x0000000080a00000|  0%| F|  |TAMS 0x0000000080900000, 0x0000000080900000| Untracked 
|  10|0x0000000080a00000, 0x0000000080a00000, 0x0000000080b00000|  0%| F|  |TAMS 0x0000000080a00000, 0x0000000080a00000| Untracked 
|  11|0x0000000080b00000, 0x0000000080b00000, 0x0000000080c00000|  0%| F|  |TAMS 0x0000000080b00000, 0x0000000080b00000| Untracked 
|  12|0x0000000080c00000, 0x0000000080c00000, 0x0000000080d00000|  0%| F|  |TAMS 0x0000000080c00000, 0x0000000080c00000| Untracked 
|  13|0x0000000080d00000, 0x0000000080d00000, 0x0000000080e00000|  0%| F|  |TAMS 0x0000000080d00000, 0x0000000080d00000| Untracked 
|  14|0x0000000080e00000, 0x0000000080e00000, 0x0000000080f00000|  0%| F|  |TAMS 0x0000000080e00000, 0x0000000080e00000| Untracked 
|  15|0x0000000080f00000, 0x0000000080f00000, 0x0000000081000000|  0%| F|  |TAMS 0x0000000080f00000, 0x0000000080f00000| Untracked 
|  16|0x0000000081000000, 0x0000000081000000, 0x0000000081100000|  0%| F|  |TAMS 0x0000000081000000, 0x0000000081000000| Untracked 
|  17|0x0000000081100000, 0x0000000081100000, 0x0000000081200000|  0%| F|  |TAMS 0x0000000081100000, 0x0000000081100000| Untracked 
|  18|0x0000000081200000, 0x0000000081200000, 0x0000000081300000|  0%| F|  |TAMS 0x0000000081200000, 0x0000000081200000| Untracked 
|  19|0x0000000081300000, 0x0000000081300000, 0x0000000081400000|  0%| F|  |TAMS 0x0000000081300000, 0x0000000081300000| Untracked 
|  20|0x0000000081400000, 0x0000000081400000, 0x0000000081500000|  0%| F|  |TAMS 0x0000000081400000, 0x0000000081400000| Untracked 
|  21|0x0000000081500000, 0x0000000081500000, 0x0000000081600000|  0%| F|  |TAMS 0x0000000081500000, 0x0000000081500000| Untracked 
|  22|0x0000000081600000, 0x0000000081600000, 0x0000000081700000|  0%| F|  |TAMS 0x0000000081600000, 0x0000000081600000| Untracked 
|  23|0x0000000081700000, 0x0000000081700000, 0x0000000081800000|  0%| F|  |TAMS 0x0000000081700000, 0x0000000081700000| Untracked 
|  24|0x0000000081800000, 0x0000000081800000, 0x0000000081900000|  0%| F|  |TAMS 0x0000000081800000, 0x0000000081800000| Untracked 
|  25|0x0000000081900000, 0x0000000081900000, 0x0000000081a00000|  0%| F|  |TAMS 0x0000000081900000, 0x0000000081900000| Untracked 
|  26|0x0000000081a00000, 0x0000000081a00000, 0x0000000081b00000|  0%| F|  |TAMS 0x0000000081a00000, 0x0000000081a00000| Untracked 
|  27|0x0000000081b00000, 0x0000000081b00000, 0x0000000081c00000|  0%| F|  |TAMS 0x0000000081b00000, 0x0000000081b00000| Untracked 
|  28|0x0000000081c00000, 0x0000000081c00000, 0x0000000081d00000|  0%| F|  |TAMS 0x0000000081c00000, 0x0000000081c00000| Untracked 
|  29|0x0000000081d00000, 0x0000000081d00000, 0x0000000081e00000|  0%| F|  |TAMS 0x0000000081d00000, 0x0000000081d00000| Untracked 
|  30|0x0000000081e00000, 0x0000000081e00000, 0x0000000081f00000|  0%| F|  |TAMS 0x0000000081e00000, 0x0000000081e00000| Untracked 
|  31|0x0000000081f00000, 0x0000000081f00000, 0x0000000082000000|  0%| F|  |TAMS 0x0000000081f00000, 0x0000000081f00000| Untracked 
|  32|0x0000000082000000, 0x0000000082000000, 0x0000000082100000|  0%| F|  |TAMS 0x0000000082000000, 0x0000000082000000| Untracked 
|  33|0x0000000082100000, 0x0000000082100000, 0x0000000082200000|  0%| F|  |TAMS 0x0000000082100000, 0x0000000082100000| Untracked 
|  34|0x0000000082200000, 0x0000000082200000, 0x0000000082300000|  0%| F|  |TAMS 0x0000000082200000, 0x0000000082200000| Untracked 
|  35|0x0000000082300000, 0x0000000082300000, 0x0000000082400000|  0%| F|  |TAMS 0x0000000082300000, 0x0000000082300000| Untracked 
|  36|0x0000000082400000, 0x0000000082400000, 0x0000000082500000|  0%| F|  |TAMS 0x0000000082400000, 0x0000000082400000| Untracked 
|  37|0x0000000082500000, 0x0000000082500000, 0x0000000082600000|  0%| F|  |TAMS 0x0000000082500000, 0x0000000082500000| Untracked 
|  38|0x0000000082600000, 0x0000000082600000, 0x0000000082700000|  0%| F|  |TAMS 0x0000000082600000, 0x0000000082600000| Untracked 
|  39|0x0000000082700000, 0x0000000082700000, 0x0000000082800000|  0%| F|  |TAMS 0x0000000082700000, 0x0000000082700000| Untracked 
|  40|0x0000000082800000, 0x0000000082800000, 0x0000000082900000|  0%| F|  |TAMS 0x0000000082800000, 0x0000000082800000| Untracked 
|  41|0x0000000082900000, 0x0000000082900000, 0x0000000082a00000|  0%| F|  |TAMS 0x0000000082900000, 0x0000000082900000| Untracked 
|  42|0x0000000082a00000, 0x0000000082a00000, 0x0000000082b00000|  0%| F|  |TAMS 0x0000000082a00000, 0x0000000082a00000| Untracked 
|  43|0x0000000082b00000, 0x0000000082b00000, 0x0000000082c00000|  0%| F|  |TAMS 0x0000000082b00000, 0x0000000082b00000| Untracked 
|  44|0x0000000082c00000, 0x0000000082c00000, 0x0000000082d00000|  0%| F|  |TAMS 0x0000000082c00000, 0x0000000082c00000| Untracked 
|  45|0x0000000082d00000, 0x0000000082d00000, 0x0000000082e00000|  0%| F|  |TAMS 0x0000000082d00000, 0x0000000082d00000| Untracked 
|  46|0x0000000082e00000, 0x0000000082e00000, 0x0000000082f00000|  0%| F|  |TAMS 0x0000000082e00000, 0x0000000082e00000| Untracked 
|  47|0x0000000082f00000, 0x0000000082f00000, 0x0000000083000000|  0%| F|  |TAMS 0x0000000082f00000, 0x0000000082f00000| Untracked 
|  48|0x0000000083000000, 0x0000000083000000, 0x0000000083100000|  0%| F|  |TAMS 0x0000000083000000, 0x0000000083000000| Untracked 
|  49|0x0000000083100000, 0x0000000083100000, 0x0000000083200000|  0%| F|  |TAMS 0x0000000083100000, 0x0000000083100000| Untracked 
|  50|0x0000000083200000, 0x0000000083200000, 0x0000000083300000|  0%| F|  |TAMS 0x0000000083200000, 0x0000000083200000| Untracked 
|  51|0x0000000083300000, 0x0000000083300000, 0x0000000083400000|  0%| F|  |TAMS 0x0000000083300000, 0x0000000083300000| Untracked 
|  52|0x0000000083400000, 0x0000000083400000, 0x0000000083500000|  0%| F|  |TAMS 0x0000000083400000, 0x0000000083400000| Untracked 
|  53|0x0000000083500000, 0x0000000083500000, 0x0000000083600000|  0%| F|  |TAMS 0x0000000083500000, 0x0000000083500000| Untracked 
|  54|0x0000000083600000, 0x0000000083600000, 0x0000000083700000|  0%| F|  |TAMS 0x0000000083600000, 0x0000000083600000| Untracked 
|  55|0x0000000083700000, 0x0000000083700000, 0x0000000083800000|  0%| F|  |TAMS 0x0000000083700000, 0x0000000083700000| Untracked 
|  56|0x0000000083800000, 0x0000000083800000, 0x0000000083900000|  0%| F|  |TAMS 0x0000000083800000, 0x0000000083800000| Untracked 
|  57|0x0000000083900000, 0x0000000083900000, 0x0000000083a00000|  0%| F|  |TAMS 0x0000000083900000, 0x0000000083900000| Untracked 
|  58|0x0000000083a00000, 0x0000000083a00000, 0x0000000083b00000|  0%| F|  |TAMS 0x0000000083a00000, 0x0000000083a00000| Untracked 
|  59|0x0000000083b00000, 0x0000000083b00000, 0x0000000083c00000|  0%| F|  |TAMS 0x0000000083b00000, 0x0000000083b00000| Untracked 
|  60|0x0000000083c00000, 0x0000000083c00000, 0x0000000083d00000|  0%| F|  |TAMS 0x0000000083c00000, 0x0000000083c00000| Untracked 
|  61|0x0000000083d00000, 0x0000000083d00000, 0x0000000083e00000|  0%| F|  |TAMS 0x0000000083d00000, 0x0000000083d00000| Untracked 
|  62|0x0000000083e00000, 0x0000000083e00000, 0x0000000083f00000|  0%| F|  |TAMS 0x0000000083e00000, 0x0000000083e00000| Untracked 
|  63|0x0000000083f00000, 0x0000000083f00000, 0x0000000084000000|  0%| F|  |TAMS 0x0000000083f00000, 0x0000000083f00000| Untracked 
|  64|0x0000000084000000, 0x0000000084000000, 0x0000000084100000|  0%| F|  |TAMS 0x0000000084000000, 0x0000000084000000| Untracked 
|  65|0x0000000084100000, 0x0000000084100000, 0x0000000084200000|  0%| F|  |TAMS 0x0000000084100000, 0x0000000084100000| Untracked 
|  66|0x0000000084200000, 0x0000000084200000, 0x0000000084300000|  0%| F|  |TAMS 0x0000000084200000, 0x0000000084200000| Untracked 
|  67|0x0000000084300000, 0x0000000084300000, 0x0000000084400000|  0%| F|  |TAMS 0x0000000084300000, 0x0000000084300000| Untracked 
|  68|0x0000000084400000, 0x0000000084400000, 0x0000000084500000|  0%| F|  |TAMS 0x0000000084400000, 0x0000000084400000| Untracked 
|  69|0x0000000084500000, 0x0000000084500000, 0x0000000084600000|  0%| F|  |TAMS 0x0000000084500000, 0x0000000084500000| Untracked 
|  70|0x0000000084600000, 0x0000000084600000, 0x0000000084700000|  0%| F|  |TAMS 0x0000000084600000, 0x0000000084600000| Untracked 
|  71|0x0000000084700000, 0x0000000084700000, 0x0000000084800000|  0%| F|  |TAMS 0x0000000084700000, 0x0000000084700000| Untracked 
|  72|0x0000000084800000, 0x0000000084800000, 0x0000000084900000|  0%| F|  |TAMS 0x0000000084800000, 0x0000000084800000| Untracked 
|  73|0x0000000084900000, 0x0000000084900000, 0x0000000084a00000|  0%| F|  |TAMS 0x0000000084900000, 0x0000000084900000| Untracked 
|  74|0x0000000084a00000, 0x0000000084a00000, 0x0000000084b00000|  0%| F|  |TAMS 0x0000000084a00000, 0x0000000084a00000| Untracked 
|  75|0x0000000084b00000, 0x0000000084b00000, 0x0000000084c00000|  0%| F|  |TAMS 0x0000000084b00000, 0x0000000084b00000| Untracked 
|  76|0x0000000084c00000, 0x0000000084c00000, 0x0000000084d00000|  0%| F|  |TAMS 0x0000000084c00000, 0x0000000084c00000| Untracked 
|  77|0x0000000084d00000, 0x0000000084d00000, 0x0000000084e00000|  0%| F|  |TAMS 0x0000000084d00000, 0x0000000084d00000| Untracked 
|  78|0x0000000084e00000, 0x0000000084e00000, 0x0000000084f00000|  0%| F|  |TAMS 0x0000000084e00000, 0x0000000084e00000| Untracked 
|  79|0x0000000084f00000, 0x0000000084f00000, 0x0000000085000000|  0%| F|  |TAMS 0x0000000084f00000, 0x0000000084f00000| Untracked 
|  80|0x0000000085000000, 0x0000000085000000, 0x0000000085100000|  0%| F|  |TAMS 0x0000000085000000, 0x0000000085000000| Untracked 
|  81|0x0000000085100000, 0x0000000085100000, 0x0000000085200000|  0%| F|  |TAMS 0x0000000085100000, 0x0000000085100000| Untracked 
|  82|0x0000000085200000, 0x0000000085200000, 0x0000000085300000|  0%| F|  |TAMS 0x0000000085200000, 0x0000000085200000| Untracked 
|  83|0x0000000085300000, 0x0000000085300000, 0x0000000085400000|  0%| F|  |TAMS 0x0000000085300000, 0x0000000085300000| Untracked 
|  84|0x0000000085400000, 0x0000000085400000, 0x0000000085500000|  0%| F|  |TAMS 0x0000000085400000, 0x0000000085400000| Untracked 
|  85|0x0000000085500000, 0x0000000085500000, 0x0000000085600000|  0%| F|  |TAMS 0x0000000085500000, 0x0000000085500000| Untracked 
|  86|0x0000000085600000, 0x0000000085600000, 0x0000000085700000|  0%| F|  |TAMS 0x0000000085600000, 0x0000000085600000| Untracked 
|  87|0x0000000085700000, 0x0000000085700000, 0x0000000085800000|  0%| F|  |TAMS 0x0000000085700000, 0x0000000085700000| Untracked 
|  88|0x0000000085800000, 0x0000000085800000, 0x0000000085900000|  0%| F|  |TAMS 0x0000000085800000, 0x0000000085800000| Untracked 
|  89|0x0000000085900000, 0x0000000085900000, 0x0000000085a00000|  0%| F|  |TAMS 0x0000000085900000, 0x0000000085900000| Untracked 
|  90|0x0000000085a00000, 0x0000000085a00000, 0x0000000085b00000|  0%| F|  |TAMS 0x0000000085a00000, 0x0000000085a00000| Untracked 
|  91|0x0000000085b00000, 0x0000000085b00000, 0x0000000085c00000|  0%| F|  |TAMS 0x0000000085b00000, 0x0000000085b00000| Untracked 
|  92|0x0000000085c00000, 0x0000000085c00000, 0x0000000085d00000|  0%| F|  |TAMS 0x0000000085c00000, 0x0000000085c00000| Untracked 
|  93|0x0000000085d00000, 0x0000000085d00000, 0x0000000085e00000|  0%| F|  |TAMS 0x0000000085d00000, 0x0000000085d00000| Untracked 
|  94|0x0000000085e00000, 0x0000000085e00000, 0x0000000085f00000|  0%| F|  |TAMS 0x0000000085e00000, 0x0000000085e00000| Untracked 
|  95|0x0000000085f00000, 0x0000000085f00000, 0x0000000086000000|  0%| F|  |TAMS 0x0000000085f00000, 0x0000000085f00000| Untracked 
|  96|0x0000000086000000, 0x0000000086000000, 0x0000000086100000|  0%| F|  |TAMS 0x0000000086000000, 0x0000000086000000| Untracked 
|  97|0x0000000086100000, 0x0000000086100000, 0x0000000086200000|  0%| F|  |TAMS 0x0000000086100000, 0x0000000086100000| Untracked 
|  98|0x0000000086200000, 0x0000000086200000, 0x0000000086300000|  0%| F|  |TAMS 0x0000000086200000, 0x0000000086200000| Untracked 
|  99|0x0000000086300000, 0x0000000086300000, 0x0000000086400000|  0%| F|  |TAMS 0x0000000086300000, 0x0000000086300000| Untracked 
| 100|0x0000000086400000, 0x0000000086400000, 0x0000000086500000|  0%| F|  |TAMS 0x0000000086400000, 0x0000000086400000| Untracked 
| 101|0x0000000086500000, 0x0000000086500000, 0x0000000086600000|  0%| F|  |TAMS 0x0000000086500000, 0x0000000086500000| Untracked 
| 102|0x0000000086600000, 0x0000000086600000, 0x0000000086700000|  0%| F|  |TAMS 0x0000000086600000, 0x0000000086600000| Untracked 
| 103|0x0000000086700000, 0x0000000086700000, 0x0000000086800000|  0%| F|  |TAMS 0x0000000086700000, 0x0000000086700000| Untracked 
| 104|0x0000000086800000, 0x0000000086800000, 0x0000000086900000|  0%| F|  |TAMS 0x0000000086800000, 0x0000000086800000| Untracked 
| 105|0x0000000086900000, 0x0000000086900000, 0x0000000086a00000|  0%| F|  |TAMS 0x0000000086900000, 0x0000000086900000| Untracked 
| 106|0x0000000086a00000, 0x0000000086a00000, 0x0000000086b00000|  0%| F|  |TAMS 0x0000000086a00000, 0x0000000086a00000| Untracked 
| 107|0x0000000086b00000, 0x0000000086b00000, 0x0000000086c00000|  0%| F|  |TAMS 0x0000000086b00000, 0x0000000086b00000| Untracked 
| 108|0x0000000086c00000, 0x0000000086c00000, 0x0000000086d00000|  0%| F|  |TAMS 0x0000000086c00000, 0x0000000086c00000| Untracked 
| 109|0x0000000086d00000, 0x0000000086d00000, 0x0000000086e00000|  0%| F|  |TAMS 0x0000000086d00000, 0x0000000086d00000| Untracked 
| 110|0x0000000086e00000, 0x0000000086e00000, 0x0000000086f00000|  0%| F|  |TAMS 0x0000000086e00000, 0x0000000086e00000| Untracked 
| 111|0x0000000086f00000, 0x0000000086f00000, 0x0000000087000000|  0%| F|  |TAMS 0x0000000086f00000, 0x0000000086f00000| Untracked 
| 112|0x0000000087000000, 0x0000000087000000, 0x0000000087100000|  0%| F|  |TAMS 0x0000000087000000, 0x0000000087000000| Untracked 
| 113|0x0000000087100000, 0x0000000087100000, 0x0000000087200000|  0%| F|  |TAMS 0x0000000087100000, 0x0000000087100000| Untracked 
| 114|0x0000000087200000, 0x0000000087200000, 0x0000000087300000|  0%| F|  |TAMS 0x0000000087200000, 0x0000000087200000| Untracked 
| 115|0x0000000087300000, 0x0000000087300000, 0x0000000087400000|  0%| F|  |TAMS 0x0000000087300000, 0x0000000087300000| Untracked 
| 116|0x0000000087400000, 0x0000000087400000, 0x0000000087500000|  0%| F|  |TAMS 0x0000000087400000, 0x0000000087400000| Untracked 
| 117|0x0000000087500000, 0x0000000087500000, 0x0000000087600000|  0%| F|  |TAMS 0x0000000087500000, 0x0000000087500000| Untracked 
| 118|0x0000000087600000, 0x0000000087600000, 0x0000000087700000|  0%| F|  |TAMS 0x0000000087600000, 0x0000000087600000| Untracked 
| 119|0x0000000087700000, 0x0000000087700000, 0x0000000087800000|  0%| F|  |TAMS 0x0000000087700000, 0x0000000087700000| Untracked 
| 120|0x0000000087800000, 0x0000000087800000, 0x0000000087900000|  0%| F|  |TAMS 0x0000000087800000, 0x0000000087800000| Untracked 
| 121|0x0000000087900000, 0x0000000087900000, 0x0000000087a00000|  0%| F|  |TAMS 0x0000000087900000, 0x0000000087900000| Untracked 
| 122|0x0000000087a00000, 0x0000000087a00000, 0x0000000087b00000|  0%| F|  |TAMS 0x0000000087a00000, 0x0000000087a00000| Untracked 
| 123|0x0000000087b00000, 0x0000000087b00000, 0x0000000087c00000|  0%| F|  |TAMS 0x0000000087b00000, 0x0000000087b00000| Untracked 
| 124|0x0000000087c00000, 0x0000000087c00000, 0x0000000087d00000|  0%| F|  |TAMS 0x0000000087c00000, 0x0000000087c00000| Untracked 
| 125|0x0000000087d00000, 0x0000000087d00000, 0x0000000087e00000|  0%| F|  |TAMS 0x0000000087d00000, 0x0000000087d00000| Untracked 
| 126|0x0000000087e00000, 0x0000000087e80800, 0x0000000087f00000| 50%| E|  |TAMS 0x0000000087e00000, 0x0000000087e00000| Complete 
| 127|0x0000000087f00000, 0x0000000088000000, 0x0000000088000000|100%| E|CS|TAMS 0x0000000087f00000, 0x0000000087f00000| Complete 
| 128|0x0000000088000000, 0x0000000088100000, 0x0000000088100000|100%| E|CS|TAMS 0x0000000088000000, 0x0000000088000000| Complete 
| 129|0x0000000088100000, 0x0000000088200000, 0x0000000088200000|100%| E|CS|TAMS 0x0000000088100000, 0x0000000088100000| Complete 
| 130|0x0000000088200000, 0x0000000088300000, 0x0000000088300000|100%| E|CS|TAMS 0x0000000088200000, 0x0000000088200000| Complete 
| 131|0x0000000088300000, 0x0000000088400000, 0x0000000088400000|100%| E|CS|TAMS 0x0000000088300000, 0x0000000088300000| Complete 
| 132|0x0000000088400000, 0x0000000088500000, 0x0000000088500000|100%| E|CS|TAMS 0x0000000088400000, 0x0000000088400000| Complete 
| 133|0x0000000088500000, 0x0000000088600000, 0x0000000088600000|100%| E|CS|TAMS 0x0000000088500000, 0x0000000088500000| Complete 
| 134|0x0000000088600000, 0x0000000088700000, 0x0000000088700000|100%| E|CS|TAMS 0x0000000088600000, 0x0000000088600000| Complete 
| 135|0x0000000088700000, 0x0000000088800000, 0x0000000088800000|100%| E|CS|TAMS 0x0000000088700000, 0x0000000088700000| Complete 
| 136|0x0000000088800000, 0x0000000088900000, 0x0000000088900000|100%| E|CS|TAMS 0x0000000088800000, 0x0000000088800000| Complete 
| 137|0x0000000088900000, 0x0000000088a00000, 0x0000000088a00000|100%| E|CS|TAMS 0x0000000088900000, 0x0000000088900000| Complete 
| 138|0x0000000088a00000, 0x0000000088b00000, 0x0000000088b00000|100%| E|CS|TAMS 0x0000000088a00000, 0x0000000088a00000| Complete 
| 139|0x0000000088b00000, 0x0000000088c00000, 0x0000000088c00000|100%| E|CS|TAMS 0x0000000088b00000, 0x0000000088b00000| Complete 
| 140|0x0000000088c00000, 0x0000000088d00000, 0x0000000088d00000|100%| E|CS|TAMS 0x0000000088c00000, 0x0000000088c00000| Complete 
| 141|0x0000000088d00000, 0x0000000088e00000, 0x0000000088e00000|100%| E|CS|TAMS 0x0000000088d00000, 0x0000000088d00000| Complete 
| 142|0x0000000088e00000, 0x0000000088f00000, 0x0000000088f00000|100%| E|CS|TAMS 0x0000000088e00000, 0x0000000088e00000| Complete 
| 143|0x0000000088f00000, 0x0000000089000000, 0x0000000089000000|100%| E|CS|TAMS 0x0000000088f00000, 0x0000000088f00000| Complete 
| 144|0x0000000089000000, 0x0000000089100000, 0x0000000089100000|100%| E|CS|TAMS 0x0000000089000000, 0x0000000089000000| Complete 
| 145|0x0000000089100000, 0x0000000089200000, 0x0000000089200000|100%| E|CS|TAMS 0x0000000089100000, 0x0000000089100000| Complete 
| 146|0x0000000089200000, 0x0000000089300000, 0x0000000089300000|100%| E|CS|TAMS 0x0000000089200000, 0x0000000089200000| Complete 
| 147|0x0000000089300000, 0x0000000089400000, 0x0000000089400000|100%| E|CS|TAMS 0x0000000089300000, 0x0000000089300000| Complete 
| 148|0x0000000089400000, 0x0000000089500000, 0x0000000089500000|100%| E|CS|TAMS 0x0000000089400000, 0x0000000089400000| Complete 
| 149|0x0000000089500000, 0x0000000089600000, 0x0000000089600000|100%| E|CS|TAMS 0x0000000089500000, 0x0000000089500000| Complete 
| 150|0x0000000089600000, 0x0000000089700000, 0x0000000089700000|100%| E|CS|TAMS 0x0000000089600000, 0x0000000089600000| Complete 
| 151|0x0000000089700000, 0x0000000089800000, 0x0000000089800000|100%| E|CS|TAMS 0x0000000089700000, 0x0000000089700000| Complete 
| 152|0x0000000089800000, 0x0000000089900000, 0x0000000089900000|100%| E|CS|TAMS 0x0000000089800000, 0x0000000089800000| Complete 
| 153|0x0000000089900000, 0x0000000089a00000, 0x0000000089a00000|100%| E|CS|TAMS 0x0000000089900000, 0x0000000089900000| Complete 
| 154|0x0000000089a00000, 0x0000000089b00000, 0x0000000089b00000|100%| E|CS|TAMS 0x0000000089a00000, 0x0000000089a00000| Complete 
| 155|0x0000000089b00000, 0x0000000089c00000, 0x0000000089c00000|100%| E|CS|TAMS 0x0000000089b00000, 0x0000000089b00000| Complete 
| 156|0x0000000089c00000, 0x0000000089d00000, 0x0000000089d00000|100%| E|CS|TAMS 0x0000000089c00000, 0x0000000089c00000| Complete 
| 157|0x0000000089d00000, 0x0000000089d0ac90, 0x0000000089e00000|  4%| S|CS|TAMS 0x0000000089d00000, 0x0000000089d00000| Complete 
| 158|0x0000000089e00000, 0x0000000089f00000, 0x0000000089f00000|100%| S|CS|TAMS 0x0000000089e00000, 0x0000000089e00000| Complete 
| 159|0x0000000089f00000, 0x000000008a000000, 0x000000008a000000|100%| S|CS|TAMS 0x0000000089f00000, 0x0000000089f00000| Complete 
| 160|0x000000008a000000, 0x000000008a100000, 0x000000008a100000|100%| S|CS|TAMS 0x000000008a000000, 0x000000008a000000| Complete 
| 161|0x000000008a100000, 0x000000008a200000, 0x000000008a200000|100%| E|CS|TAMS 0x000000008a100000, 0x000000008a100000| Complete 
| 162|0x000000008a200000, 0x000000008a300000, 0x000000008a300000|100%| E|CS|TAMS 0x000000008a200000, 0x000000008a200000| Complete 
| 163|0x000000008a300000, 0x000000008a400000, 0x000000008a400000|100%| E|CS|TAMS 0x000000008a300000, 0x000000008a300000| Complete 
| 164|0x000000008a400000, 0x000000008a500000, 0x000000008a500000|100%| E|CS|TAMS 0x000000008a400000, 0x000000008a400000| Complete 
| 165|0x000000008a500000, 0x000000008a600000, 0x000000008a600000|100%| E|CS|TAMS 0x000000008a500000, 0x000000008a500000| Complete 
| 166|0x000000008a600000, 0x000000008a700000, 0x000000008a700000|100%| E|CS|TAMS 0x000000008a600000, 0x000000008a600000| Complete 
| 167|0x000000008a700000, 0x000000008a800000, 0x000000008a800000|100%| E|CS|TAMS 0x000000008a700000, 0x000000008a700000| Complete 
| 168|0x000000008a800000, 0x000000008a900000, 0x000000008a900000|100%| E|CS|TAMS 0x000000008a800000, 0x000000008a800000| Complete 
| 169|0x000000008a900000, 0x000000008aa00000, 0x000000008aa00000|100%| E|CS|TAMS 0x000000008a900000, 0x000000008a900000| Complete 
| 170|0x000000008aa00000, 0x000000008ab00000, 0x000000008ab00000|100%| E|CS|TAMS 0x000000008aa00000, 0x000000008aa00000| Complete 
| 171|0x000000008ab00000, 0x000000008ac00000, 0x000000008ac00000|100%| E|CS|TAMS 0x000000008ab00000, 0x000000008ab00000| Complete 
| 172|0x000000008ac00000, 0x000000008ad00000, 0x000000008ad00000|100%| E|CS|TAMS 0x000000008ac00000, 0x000000008ac00000| Complete 
| 173|0x000000008ad00000, 0x000000008ae00000, 0x000000008ae00000|100%| E|CS|TAMS 0x000000008ad00000, 0x000000008ad00000| Complete 
| 174|0x000000008ae00000, 0x000000008af00000, 0x000000008af00000|100%| E|CS|TAMS 0x000000008ae00000, 0x000000008ae00000| Complete 
| 175|0x000000008af00000, 0x000000008b000000, 0x000000008b000000|100%| E|CS|TAMS 0x000000008af00000, 0x000000008af00000| Complete 
| 176|0x000000008b000000, 0x000000008b100000, 0x000000008b100000|100%| E|CS|TAMS 0x000000008b000000, 0x000000008b000000| Complete 
| 177|0x000000008b100000, 0x000000008b200000, 0x000000008b200000|100%| E|CS|TAMS 0x000000008b100000, 0x000000008b100000| Complete 
| 178|0x000000008b200000, 0x000000008b300000, 0x000000008b300000|100%| E|CS|TAMS 0x000000008b200000, 0x000000008b200000| Complete 
| 179|0x000000008b300000, 0x000000008b400000, 0x000000008b400000|100%| E|CS|TAMS 0x000000008b300000, 0x000000008b300000| Complete 
| 180|0x000000008b400000, 0x000000008b500000, 0x000000008b500000|100%| E|CS|TAMS 0x000000008b400000, 0x000000008b400000| Complete 
| 181|0x000000008b500000, 0x000000008b600000, 0x000000008b600000|100%| E|CS|TAMS 0x000000008b500000, 0x000000008b500000| Complete 
| 182|0x000000008b600000, 0x000000008b700000, 0x000000008b700000|100%| E|CS|TAMS 0x000000008b600000, 0x000000008b600000| Complete 
| 183|0x000000008b700000, 0x000000008b800000, 0x000000008b800000|100%| E|CS|TAMS 0x000000008b700000, 0x000000008b700000| Complete 
| 184|0x000000008b800000, 0x000000008b900000, 0x000000008b900000|100%| E|CS|TAMS 0x000000008b800000, 0x000000008b800000| Complete 
| 185|0x000000008b900000, 0x000000008ba00000, 0x000000008ba00000|100%| E|CS|TAMS 0x000000008b900000, 0x000000008b900000| Complete 
| 186|0x000000008ba00000, 0x000000008bb00000, 0x000000008bb00000|100%| E|CS|TAMS 0x000000008ba00000, 0x000000008ba00000| Complete 
| 187|0x000000008bb00000, 0x000000008bc00000, 0x000000008bc00000|100%| E|CS|TAMS 0x000000008bb00000, 0x000000008bb00000| Complete 
| 188|0x000000008bc00000, 0x000000008bd00000, 0x000000008bd00000|100%| E|CS|TAMS 0x000000008bc00000, 0x000000008bc00000| Complete 
| 189|0x000000008bd00000, 0x000000008be00000, 0x000000008be00000|100%| E|CS|TAMS 0x000000008bd00000, 0x000000008bd00000| Complete 
| 190|0x000000008be00000, 0x000000008bf00000, 0x000000008bf00000|100%| E|CS|TAMS 0x000000008be00000, 0x000000008be00000| Complete 
| 191|0x000000008bf00000, 0x000000008c000000, 0x000000008c000000|100%| E|CS|TAMS 0x000000008bf00000, 0x000000008bf00000| Complete 

Card table byte_map: [0x0000025a55c90000,0x0000025a56090000] _byte_map_base: 0x0000025a55890000

Marking Bits (Prev, Next): (CMBitMap*) 0x0000025a42dddb78, (CMBitMap*) 0x0000025a42dddbb0
 Prev Bits: [0x0000025a56490000, 0x0000025a58490000)
 Next Bits: [0x0000025a58490000, 0x0000025a5a490000)

Polling page: 0x0000025a40c60000

Metaspace:

Usage:
  Non-class:     17.70 MB capacity,    17.31 MB ( 98%) used,   361.22 KB (  2%) free+waste,    38.00 KB ( <1%) overhead. 
      Class:      2.56 MB capacity,     2.41 MB ( 94%) used,   141.34 KB (  5%) free+waste,    18.88 KB ( <1%) overhead. 
       Both:     20.26 MB capacity,    19.71 MB ( 97%) used,   502.55 KB (  2%) free+waste,    56.88 KB ( <1%) overhead. 

Virtual space:
  Non-class space:       22.00 MB reserved,      17.75 MB ( 81%) committed 
      Class space:        1.00 GB reserved,       2.63 MB ( <1%) committed 
             Both:        1.02 GB reserved,      20.38 MB (  2%) committed 

Chunk freelists:
   Non-Class:  54.00 KB
       Class:  0 bytes
        Both:  54.00 KB

MaxMetaspaceSize: 17179869184.00 GB
CompressedClassSpaceSize: 1.00 GB

CodeHeap 'non-profiled nmethods': size=120064Kb used=913Kb max_used=913Kb free=119150Kb
 bounds [0x0000025a4e350000, 0x0000025a4e5c0000, 0x0000025a55890000]
CodeHeap 'profiled nmethods': size=120000Kb used=3979Kb max_used=3979Kb free=116021Kb
 bounds [0x0000025a46e20000, 0x0000025a47210000, 0x0000025a4e350000]
CodeHeap 'non-nmethods': size=5696Kb used=1136Kb max_used=1157Kb free=4559Kb
 bounds [0x0000025a46890000, 0x0000025a46b00000, 0x0000025a46e20000]
 total_blobs=2358 nmethods=1889 adapters=380
 compilation: enabled
              stopped_count=0, restarted_count=0
 full_count=0

Compilation events (20 events):
Event: 3.402 Thread 0x0000025a5d21b800 1878       1       java.lang.Character::charValue (5 bytes)
Event: 3.402 Thread 0x0000025a5d21b800 nmethod 1878 0x0000025a4e432f10 code [0x0000025a4e4330c0, 0x0000025a4e433178]
Event: 3.402 Thread 0x0000025a5d21b800 1880       1       java.util.TreeMap$Entry::getKey (5 bytes)
Event: 3.402 Thread 0x0000025a5d21b800 nmethod 1880 0x0000025a4e433210 code [0x0000025a4e4333c0, 0x0000025a4e433478]
Event: 3.404 Thread 0x0000025a5d21b800 1881       3       java.lang.invoke.VarHandleGuards::guard_LLL_Z (70 bytes)
Event: 3.406 Thread 0x0000025a5d21b800 nmethod 1881 0x0000025a471f8210 code [0x0000025a471f84c0, 0x0000025a471f9428]
Event: 3.406 Thread 0x0000025a5d21b800 1882       3       org.gradle.internal.service.DefaultServiceRegistry::find (142 bytes)
Event: 3.407 Thread 0x0000025a5d21b800 nmethod 1882 0x0000025a471f9990 code [0x0000025a471f9d40, 0x0000025a471fb6a8]
Event: 3.407 Thread 0x0000025a5d21b800 1883       3       org.gradle.internal.service.DefaultServiceRegistry::isSatisfiedBy (44 bytes)
Event: 3.408 Thread 0x0000025a5d21b800 nmethod 1883 0x0000025a471fbd90 code [0x0000025a471fbfa0, 0x0000025a471fc668]
Event: 3.408 Thread 0x0000025a5d21b800 1885       1       jdk.internal.reflect.DelegatingMethodAccessorImpl::setDelegate (6 bytes)
Event: 3.408 Thread 0x0000025a5d21b800 nmethod 1885 0x0000025a4e433710 code [0x0000025a4e4338c0, 0x0000025a4e4339b8]
Event: 3.413 Thread 0x0000025a5d21b800 1886       3       jdk.internal.reflect.MethodAccessorImpl::<init> (5 bytes)
Event: 3.413 Thread 0x0000025a5d21b800 nmethod 1886 0x0000025a471fc790 code [0x0000025a471fc940, 0x0000025a471fcaf8]
Event: 3.414 Thread 0x0000025a5d21b800 1887       1       java.lang.reflect.Method::getMethodAccessor (5 bytes)
Event: 3.414 Thread 0x0000025a5d21b800 nmethod 1887 0x0000025a4e433a10 code [0x0000025a4e433bc0, 0x0000025a4e433c78]
Event: 3.414 Thread 0x0000025a5d21b800 1889       3       java.lang.reflect.Method::setMethodAccessor (21 bytes)
Event: 3.415 Thread 0x0000025a5d21b800 nmethod 1889 0x0000025a471fcc10 code [0x0000025a471fcde0, 0x0000025a471fd0c8]
Event: 3.415 Thread 0x0000025a5d21b800 1888       1       jdk.internal.reflect.NativeMethodAccessorImpl::setParent (6 bytes)
Event: 3.415 Thread 0x0000025a5d21b800 nmethod 1888 0x0000025a4e433d10 code [0x0000025a4e433ec0, 0x0000025a4e433fb8]

GC Heap History (6 events):
Event: 0.675 GC heap before
{Heap before GC invocations=0 (full 0):
 garbage-first heap   total 196608K, used 19456K [0x0000000080000000, 0x0000000100000000)
  region size 1024K, 14 young (14336K), 0 survivors (0K)
 Metaspace       used 6718K, capacity 6925K, committed 7168K, reserved 1056768K
  class space    used 582K, capacity 650K, committed 768K, reserved 1048576K
}
Event: 0.682 GC heap after
{Heap after GC invocations=1 (full 0):
 garbage-first heap   total 196608K, used 7954K [0x0000000080000000, 0x0000000100000000)
  region size 1024K, 2 young (2048K), 2 survivors (2048K)
 Metaspace       used 6718K, capacity 6925K, committed 7168K, reserved 1056768K
  class space    used 582K, capacity 650K, committed 768K, reserved 1048576K
}
Event: 1.088 GC heap before
{Heap before GC invocations=1 (full 0):
 garbage-first heap   total 196608K, used 20242K [0x0000000080000000, 0x0000000100000000)
  region size 1024K, 14 young (14336K), 2 survivors (2048K)
 Metaspace       used 10229K, capacity 10489K, committed 10624K, reserved 1058816K
  class space    used 1064K, capacity 1139K, committed 1152K, reserved 1048576K
}
Event: 1.092 GC heap after
{Heap after GC invocations=2 (full 0):
 garbage-first heap   total 196608K, used 9309K [0x0000000080000000, 0x0000000100000000)
  region size 1024K, 2 young (2048K), 2 survivors (2048K)
 Metaspace       used 10229K, capacity 10489K, committed 10624K, reserved 1058816K
  class space    used 1064K, capacity 1139K, committed 1152K, reserved 1048576K
}
Event: 1.693 GC heap before
{Heap before GC invocations=2 (full 0):
 garbage-first heap   total 196608K, used 39005K [0x0000000080000000, 0x0000000100000000)
  region size 1024K, 31 young (31744K), 2 survivors (2048K)
 Metaspace       used 11151K, capacity 11442K, committed 11520K, reserved 1058816K
  class space    used 1166K, capacity 1243K, committed 1280K, reserved 1048576K
}
Event: 1.698 GC heap after
{Heap after GC invocations=3 (full 0):
 garbage-first heap   total 196608K, used 11112K [0x0000000080000000, 0x0000000100000000)
  region size 1024K, 4 young (4096K), 4 survivors (4096K)
 Metaspace       used 11151K, capacity 11442K, committed 11520K, reserved 1058816K
  class space    used 1166K, capacity 1243K, committed 1280K, reserved 1048576K
}

Deoptimization events (20 events):
Event: 2.969 Thread 0x0000025a5f79d800 Uncommon trap: trap_request=0xffffffc6 fr.pc=0x0000025a4e389d28 relative=0x0000000000000a08
Event: 2.969 Thread 0x0000025a5f79d800 Uncommon trap: reason=bimorphic_or_optimized_type_check action=maybe_recompile pc=0x0000025a4e389d28 method=java.util.HashMap.putVal(ILjava/lang/Object;Ljava/lang/Object;ZZ)Ljava/lang/Object; @ 253 c2
Event: 2.969 Thread 0x0000025a5f79d800 DEOPT PACKING pc=0x0000025a4e389d28 sp=0x000000b7bc3fecf0
Event: 2.969 Thread 0x0000025a5f79d800 DEOPT UNPACKING pc=0x0000025a468b78af sp=0x000000b7bc3fecb0 mode 2
Event: 3.353 Thread 0x0000025a5f79d800 Uncommon trap: trap_request=0xffffffde fr.pc=0x0000025a4e366ff0 relative=0x00000000000003d0
Event: 3.353 Thread 0x0000025a5f79d800 Uncommon trap: reason=class_check action=maybe_recompile pc=0x0000025a4e366ff0 method=java.util.regex.Matcher.match(II)Z @ 121 c2
Event: 3.353 Thread 0x0000025a5f79d800 DEOPT PACKING pc=0x0000025a4e366ff0 sp=0x000000b7bc3f9a20
Event: 3.353 Thread 0x0000025a5f79d800 DEOPT UNPACKING pc=0x0000025a468b78af sp=0x000000b7bc3f99e0 mode 2
Event: 3.376 Thread 0x0000025a5f79d800 Uncommon trap: trap_request=0xffffff4d fr.pc=0x0000025a4e3c5f04 relative=0x0000000000000904
Event: 3.376 Thread 0x0000025a5f79d800 Uncommon trap: reason=unstable_if action=reinterpret pc=0x0000025a4e3c5f04 method=java.util.regex.Matcher.reset()Ljava/util/regex/Matcher; @ 71 c2
Event: 3.376 Thread 0x0000025a5f79d800 DEOPT PACKING pc=0x0000025a4e3c5f04 sp=0x000000b7bc3f8750
Event: 3.376 Thread 0x0000025a5f79d800 DEOPT UNPACKING pc=0x0000025a468b78af sp=0x000000b7bc3f8698 mode 2
Event: 3.376 Thread 0x0000025a5f79d800 Uncommon trap: trap_request=0xffffff4d fr.pc=0x0000025a4e36705c relative=0x000000000000043c
Event: 3.376 Thread 0x0000025a5f79d800 Uncommon trap: reason=unstable_if action=reinterpret pc=0x0000025a4e36705c method=java.util.regex.Matcher.match(II)Z @ 76 c2
Event: 3.376 Thread 0x0000025a5f79d800 DEOPT PACKING pc=0x0000025a4e36705c sp=0x000000b7bc3f8750
Event: 3.376 Thread 0x0000025a5f79d800 DEOPT UNPACKING pc=0x0000025a468b78af sp=0x000000b7bc3f8720 mode 2
Event: 3.377 Thread 0x0000025a5f79d800 Uncommon trap: trap_request=0xffffff4d fr.pc=0x0000025a4e3b9cf8 relative=0x0000000000000218
Event: 3.377 Thread 0x0000025a5f79d800 Uncommon trap: reason=unstable_if action=reinterpret pc=0x0000025a4e3b9cf8 method=java.util.regex.Matcher.reset()Ljava/util/regex/Matcher; @ 71 c2
Event: 3.377 Thread 0x0000025a5f79d800 DEOPT PACKING pc=0x0000025a4e3b9cf8 sp=0x000000b7bc3f8700
Event: 3.377 Thread 0x0000025a5f79d800 DEOPT UNPACKING pc=0x0000025a468b78af sp=0x000000b7bc3f8690 mode 2

Classes redefined (0 events):
No events

Internal exceptions (20 events):
Event: 2.814 Thread 0x0000025a40ddc800 Exception <a 'java/io/IOException'{0x000000008a4fc3a0}> (0x000000008a4fc3a0) thrown at [./src/hotspot/share/prims/jni.cpp, line 615]
Event: 2.893 Thread 0x0000025a5f422800 Exception <a 'java/lang/NoSuchMethodError'{0x000000008a1a0b48}: <clinit>> (0x000000008a1a0b48) thrown at [./src/hotspot/share/prims/jni.cpp, line 1362]
Event: 2.895 Thread 0x0000025a5f422800 Exception <a 'java/lang/NoSuchMethodError'{0x000000008a1ac3d0}: <clinit>> (0x000000008a1ac3d0) thrown at [./src/hotspot/share/prims/jni.cpp, line 1362]
Event: 2.900 Thread 0x0000025a5f422800 Exception <a 'java/lang/NoSuchMethodError'{0x000000008a1c1e58}: <clinit>> (0x000000008a1c1e58) thrown at [./src/hotspot/share/prims/jni.cpp, line 1362]
Event: 2.904 Thread 0x0000025a5f422800 Exception <a 'java/lang/NoSuchMethodError'{0x000000008a1d3c38}: <clinit>> (0x000000008a1d3c38) thrown at [./src/hotspot/share/prims/jni.cpp, line 1362]
Event: 2.909 Thread 0x0000025a5f422800 Exception <a 'java/lang/NoSuchMethodError'{0x000000008a1faa18}: <clinit>> (0x000000008a1faa18) thrown at [./src/hotspot/share/prims/jni.cpp, line 1362]
Event: 2.911 Thread 0x0000025a5f422800 Exception <a 'java/lang/NoSuchMethodError'{0x0000000089c12a50}: <clinit>> (0x0000000089c12a50) thrown at [./src/hotspot/share/prims/jni.cpp, line 1362]
Event: 2.913 Thread 0x0000025a5f422800 Exception <a 'java/lang/NoSuchMethodError'{0x0000000089c1c3e0}: <clinit>> (0x0000000089c1c3e0) thrown at [./src/hotspot/share/prims/jni.cpp, line 1362]
Event: 2.916 Thread 0x0000025a5f422800 Exception <a 'java/lang/NoSuchMethodError'{0x0000000089c31bb0}: <clinit>> (0x0000000089c31bb0) thrown at [./src/hotspot/share/prims/jni.cpp, line 1362]
Event: 2.931 Thread 0x0000025a5f422800 Exception <a 'java/lang/NoSuchMethodError'{0x0000000089c961c0}: <clinit>> (0x0000000089c961c0) thrown at [./src/hotspot/share/prims/jni.cpp, line 1362]
Event: 2.936 Thread 0x0000025a5f422800 Exception <a 'java/lang/NoSuchMethodError'{0x0000000089cc5dd8}: <clinit>> (0x0000000089cc5dd8) thrown at [./src/hotspot/share/prims/jni.cpp, line 1362]
Event: 2.940 Thread 0x0000025a5f422800 Exception <a 'java/lang/NoSuchMethodError'{0x0000000089cee988}: <clinit>> (0x0000000089cee988) thrown at [./src/hotspot/share/prims/jni.cpp, line 1362]
Event: 3.011 Thread 0x0000025a5f79d800 Exception <a 'java/lang/NoSuchMethodError'{0x0000000089890460}: 'void java.lang.invoke.DirectMethodHandle$Holder.invokeVirtual(java.lang.Object, java.lang.Object, java.lang.Object, java.lang.Object)'> (0x0000000089890460) thrown at [./src/hotspot/share/interpreter/linkResolver.cpp, line 773]
Event: 3.013 Thread 0x0000025a5f79d800 Exception <a 'java/lang/NoSuchMethodError'{0x000000008989cec8}: 'void java.lang.invoke.DelegatingMethodHandle$Holder.reinvoke_L(java.lang.Object, java.lang.Object, java.lang.Object, java.lang.Object)'> (0x000000008989cec8) thrown at [./src/hotspot/share/interpreter/linkResolver.cpp, line 773]
Event: 3.021 Thread 0x0000025a5f79d800 Exception <a 'java/lang/NoSuchMethodError'{0x00000000898cd580}: 'long java.lang.invoke.DirectMethodHandle$Holder.invokeInterface(java.lang.Object, java.lang.Object)'> (0x00000000898cd580) thrown at [./src/hotspot/share/interpreter/linkResolver.cpp, line 773]
Event: 3.025 Thread 0x0000025a5f79d800 Exception <a 'java/lang/NoSuchMethodError'{0x00000000898efb18}: 'void java.lang.invoke.DelegatingMethodHandle$Holder.reinvoke_L(java.lang.Object, java.lang.Object, java.lang.Object, java.lang.Object, java.lang.Object, java.lang.Object, java.lang.Object)'> (0x00000000898efb18) thrown at [./src/hotspot/share/interpreter/linkResolver.cpp, line 773]
Event: 3.285 Thread 0x0000025a5f79d800 Exception <a 'java/lang/NoSuchMethodError'{0x000000008889d468}: 'java.lang.Object java.lang.invoke.DirectMethodHandle$Holder.invokeVirtual(java.lang.Object, java.lang.Object, java.lang.Object)'> (0x000000008889d468) thrown at [./src/hotspot/share/interpreter/linkResolver.cpp, line 773]
Event: 3.337 Thread 0x0000025a5f79d800 Exception <a 'java/lang/NoSuchMethodError'{0x0000000088423218}: 'void java.lang.invoke.DirectMethodHandle$Holder.invokeInterface(java.lang.Object, java.lang.Object)'> (0x0000000088423218) thrown at [./src/hotspot/share/interpreter/linkResolver.cpp, line 773]
Event: 3.337 Thread 0x0000025a5f79d800 Exception <a 'java/lang/IncompatibleClassChangeError'{0x00000000884263c8}: Found class java.lang.Object, but interface was expected> (0x00000000884263c8) thrown at [./src/hotspot/share/interpreter/linkResolver.cpp, line 839]
Event: 3.363 Thread 0x0000025a5f79d800 Exception <a 'java/lang/NoSuchMethodError'{0x0000000088393230}: 'void java.lang.invoke.DirectMethodHandle$Holder.invokeStaticInit(java.lang.Object)'> (0x0000000088393230) thrown at [./src/hotspot/share/interpreter/linkResolver.cpp, line 773]

Events (20 events):
Event: 3.412 loading class org/gradle/api/artifacts/VersionConstraint
Event: 3.412 loading class org/gradle/api/artifacts/VersionConstraint done
Event: 3.412 loading class org/gradle/internal/typeconversion/JustReturningParser
Event: 3.412 loading class org/gradle/internal/typeconversion/JustReturningParser done
Event: 3.413 loading class org/gradle/internal/typeconversion/NotationParserBuilder$LazyDisplayName
Event: 3.413 loading class org/gradle/internal/typeconversion/NotationParserBuilder$LazyDisplayName done
Event: 3.413 loading class org/gradle/cache/internal/CleaningInMemoryCacheDecoratorFactory
Event: 3.413 loading class org/gradle/cache/internal/CleaningInMemoryCacheDecoratorFactory done
Event: 3.413 loading class org/gradle/cache/internal/DefaultInMemoryCacheDecoratorFactory
Event: 3.413 loading class org/gradle/cache/internal/DefaultInMemoryCacheDecoratorFactory done
Event: 3.414 loading class org/gradle/cache/CacheDecorator
Event: 3.414 loading class org/gradle/cache/CacheDecorator done
Event: 3.414 loading class org/gradle/cache/internal/MultiProcessSafeAsyncPersistentIndexedCache
Event: 3.414 loading class org/gradle/cache/internal/MultiProcessSafeAsyncPersistentIndexedCache done
Event: 3.414 loading class org/gradle/api/internal/changedetection/state/CrossBuildFileHashCache$Kind
Event: 3.414 loading class org/gradle/api/internal/changedetection/state/CrossBuildFileHashCache$Kind done
Event: 3.416 loading class org/gradle/cache/PersistentIndexedCacheParameters
Event: 3.416 loading class org/gradle/cache/PersistentIndexedCacheParameters done
Event: 3.416 loading class org/gradle/cache/internal/DefaultInMemoryCacheDecoratorFactory$InMemoryCacheDecorator
Event: 3.416 loading class org/gradle/cache/internal/DefaultInMemoryCacheDecoratorFactory$InMemoryCacheDecorator done


Dynamic libraries:
0x00007ff6665d0000 - 0x00007ff6665da000 	C:\Program Files\Android\Android Studio4\jre\bin\java.exe
0x00007ff8e5b30000 - 0x00007ff8e5d25000 	C:\WINDOWS\SYSTEM32\ntdll.dll
0x00007ff8e5a00000 - 0x00007ff8e5abd000 	C:\WINDOWS\System32\KERNEL32.DLL
0x00007ff8e35d0000 - 0x00007ff8e3899000 	C:\WINDOWS\System32\KERNELBASE.dll
0x00007ff8e38a0000 - 0x00007ff8e39a0000 	C:\WINDOWS\System32\ucrtbase.dll
0x00007ff8c51b0000 - 0x00007ff8c51c7000 	C:\Program Files\Android\Android Studio4\jre\bin\VCRUNTIME140.dll
0x00007ff8c5150000 - 0x00007ff8c5169000 	C:\Program Files\Android\Android Studio4\jre\bin\jli.dll
0x00007ff8e3fb0000 - 0x00007ff8e4150000 	C:\WINDOWS\System32\USER32.dll
0x00007ff8e3ab0000 - 0x00007ff8e3ad2000 	C:\WINDOWS\System32\win32u.dll
0x00007ff8cccd0000 - 0x00007ff8ccf6a000 	C:\WINDOWS\WinSxS\amd64_microsoft.windows.common-controls_6595b64144ccf1df_6.0.19041.1110_none_60b5254171f9507e\COMCTL32.dll
0x00007ff8e4aa0000 - 0x00007ff8e4aca000 	C:\WINDOWS\System32\GDI32.dll
0x00007ff8e39a0000 - 0x00007ff8e3aab000 	C:\WINDOWS\System32\gdi32full.dll
0x00007ff8e3530000 - 0x00007ff8e35cd000 	C:\WINDOWS\System32\msvcp_win.dll
0x00007ff8e5330000 - 0x00007ff8e53ce000 	C:\WINDOWS\System32\msvcrt.dll
0x00007ff8e5ac0000 - 0x00007ff8e5af0000 	C:\WINDOWS\System32\IMM32.DLL
0x00007ff8be960000 - 0x00007ff8be9fd000 	C:\Program Files\Android\Android Studio4\jre\bin\msvcp140.dll
0x00007ff89ba60000 - 0x00007ff89c52f000 	C:\Program Files\Android\Android Studio4\jre\bin\server\jvm.dll
0x00007ff8e3f00000 - 0x00007ff8e3fac000 	C:\WINDOWS\System32\ADVAPI32.dll
0x00007ff8e5160000 - 0x00007ff8e51fb000 	C:\WINDOWS\System32\sechost.dll
0x00007ff8e41c0000 - 0x00007ff8e42ea000 	C:\WINDOWS\System32\RPCRT4.dll
0x00007ff8e3ef0000 - 0x00007ff8e3ef8000 	C:\WINDOWS\System32\PSAPI.DLL
0x00007ff8cf6d0000 - 0x00007ff8cf6f7000 	C:\WINDOWS\SYSTEM32\WINMM.dll
0x00007ff8e0360000 - 0x00007ff8e036a000 	C:\WINDOWS\SYSTEM32\VERSION.dll
0x00007ff8d0b40000 - 0x00007ff8d0b49000 	C:\WINDOWS\SYSTEM32\WSOCK32.dll
0x00007ff8e4150000 - 0x00007ff8e41bb000 	C:\WINDOWS\System32\WS2_32.dll
0x00007ff8e1af0000 - 0x00007ff8e1b02000 	C:\WINDOWS\SYSTEM32\kernel.appcore.dll
0x00007ff8de2f0000 - 0x00007ff8de301000 	C:\Program Files\Android\Android Studio4\jre\bin\verify.dll
0x00007ff8e1800000 - 0x00007ff8e19e4000 	C:\WINDOWS\SYSTEM32\DBGHELP.DLL
0x00007ff8cd230000 - 0x00007ff8cd25c000 	C:\WINDOWS\SYSTEM32\dbgcore.DLL
0x00007ff8e34a0000 - 0x00007ff8e3523000 	C:\WINDOWS\System32\bcryptPrimitives.dll
0x00007ff8dddf0000 - 0x00007ff8dde19000 	C:\Program Files\Android\Android Studio4\jre\bin\java.dll
0x00007ff8e0380000 - 0x00007ff8e038b000 	C:\Program Files\Android\Android Studio4\jre\bin\jimage.dll
0x00007ff8db3f0000 - 0x00007ff8db408000 	C:\Program Files\Android\Android Studio4\jre\bin\zip.dll
0x00007ff8e4360000 - 0x00007ff8e4a9f000 	C:\WINDOWS\System32\SHELL32.dll
0x00007ff8e0fa0000 - 0x00007ff8e1730000 	C:\WINDOWS\SYSTEM32\windows.storage.dll
0x00007ff8e3b90000 - 0x00007ff8e3ee5000 	C:\WINDOWS\System32\combase.dll
0x00007ff8e2cc0000 - 0x00007ff8e2cec000 	C:\WINDOWS\SYSTEM32\Wldp.dll
0x00007ff8e4ea0000 - 0x00007ff8e4f4e000 	C:\WINDOWS\System32\SHCORE.dll
0x00007ff8e4300000 - 0x00007ff8e4355000 	C:\WINDOWS\System32\shlwapi.dll
0x00007ff8e31a0000 - 0x00007ff8e31bf000 	C:\WINDOWS\SYSTEM32\profapi.dll
0x00007ff8db390000 - 0x00007ff8db3aa000 	C:\Program Files\Android\Android Studio4\jre\bin\net.dll
0x00007ff8d35e0000 - 0x00007ff8d36e8000 	C:\WINDOWS\SYSTEM32\WINHTTP.dll
0x00007ff8e2a20000 - 0x00007ff8e2a8a000 	C:\WINDOWS\system32\mswsock.dll
0x00007ff8db340000 - 0x00007ff8db354000 	C:\Program Files\Android\Android Studio4\jre\bin\nio.dll
0x00007ff8c49d0000 - 0x00007ff8c49f7000 	C:\Users\leoba\.gradle\native\8bec1ad78214c89d9ad589b4d07fe93259594b29d510b10fafb7a158f7737e5d\windows-amd64\native-platform.dll
0x00007ff8ab8b0000 - 0x00007ff8ab9ed000 	C:\Users\leoba\.gradle\native\53dbd7edfb1c66fb8903c78663c9afc45aea4f116125fa6feffd364cf09443e8\windows-amd64\native-platform-file-events.dll
0x00007ff8dbc70000 - 0x00007ff8dbc7a000 	C:\Program Files\Android\Android Studio4\jre\bin\management.dll
0x00007ff8db620000 - 0x00007ff8db62c000 	C:\Program Files\Android\Android Studio4\jre\bin\management_ext.dll
0x00007ff8e2c20000 - 0x00007ff8e2c38000 	C:\WINDOWS\SYSTEM32\CRYPTSP.dll
0x00007ff8e2330000 - 0x00007ff8e2364000 	C:\WINDOWS\system32\rsaenh.dll
0x00007ff8e3260000 - 0x00007ff8e3287000 	C:\WINDOWS\System32\bcrypt.dll
0x00007ff8e3120000 - 0x00007ff8e314e000 	C:\WINDOWS\SYSTEM32\USERENV.dll
0x00007ff8e2c10000 - 0x00007ff8e2c1c000 	C:\WINDOWS\SYSTEM32\CRYPTBASE.dll
0x00007ff8e26c0000 - 0x00007ff8e26fb000 	C:\WINDOWS\SYSTEM32\IPHLPAPI.DLL
0x00007ff8e42f0000 - 0x00007ff8e42f8000 	C:\WINDOWS\System32\NSI.dll
0x00007ff8d3a70000 - 0x00007ff8d3a87000 	C:\WINDOWS\SYSTEM32\dhcpcsvc6.DLL
0x00007ff8d8490000 - 0x00007ff8d84ad000 	C:\WINDOWS\SYSTEM32\dhcpcsvc.DLL
0x00007ff8e2710000 - 0x00007ff8e27dc000 	C:\WINDOWS\SYSTEM32\DNSAPI.dll

dbghelp: loaded successfully - version: 4.0.5 - missing functions: none
symbol engine: initialized successfully - sym options: 0x614 - pdb path: .;C:\Program Files\Android\Android Studio4\jre\bin;C:\WINDOWS\SYSTEM32;C:\WINDOWS\WinSxS\amd64_microsoft.windows.common-controls_6595b64144ccf1df_6.0.19041.1110_none_60b5254171f9507e;C:\Program Files\Android\Android Studio4\jre\bin\server;C:\Users\leoba\.gradle\native\8bec1ad78214c89d9ad589b4d07fe93259594b29d510b10fafb7a158f7737e5d\windows-amd64;C:\Users\leoba\.gradle\native\53dbd7edfb1c66fb8903c78663c9afc45aea4f116125fa6feffd364cf09443e8\windows-amd64

VM Arguments:
jvm_args: --add-opens=java.base/java.util=ALL-UNNAMED --add-opens=java.base/java.lang=ALL-UNNAMED --add-opens=java.base/java.lang.invoke=ALL-UNNAMED --add-opens=java.base/java.util=ALL-UNNAMED --add-opens=java.prefs/java.util.prefs=ALL-UNNAMED --add-opens=java.prefs/java.util.prefs=ALL-UNNAMED --add-opens=java.base/java.nio.charset=ALL-UNNAMED --add-opens=java.base/java.net=ALL-UNNAMED --add-opens=java.base/java.util.concurrent.atomic=ALL-UNNAMED -Xmx2048m -Dfile.encoding=UTF-8 -Duser.country=ES -Duser.language=es -Duser.variant 
java_command: org.gradle.launcher.daemon.bootstrap.GradleDaemon 7.0.2
java_class_path (initial): C:\Users\leoba\.gradle\wrapper\dists\gradle-7.0.2-bin\857tjihv64xamwrf0h14cai3r\gradle-7.0.2\lib\gradle-launcher-7.0.2.jar
Launcher Type: SUN_STANDARD

[Global flags]
     intx CICompilerCount                          = 3                                         {product} {ergonomic}
     uint ConcGCThreads                            = 1                                         {product} {ergonomic}
     uint G1ConcRefinementThreads                  = 4                                         {product} {ergonomic}
   size_t G1HeapRegionSize                         = 1048576                                   {product} {ergonomic}
    uintx GCDrainStackTargetSize                   = 64                                        {product} {ergonomic}
   size_t InitialHeapSize                          = 201326592                                 {product} {ergonomic}
   size_t MarkStackSize                            = 4194304                                   {product} {ergonomic}
   size_t MaxHeapSize                              = 2147483648                                {product} {command line}
   size_t MaxNewSize                               = 1287651328                                {product} {ergonomic}
   size_t MinHeapDeltaBytes                        = 1048576                                   {product} {ergonomic}
    uintx NonNMethodCodeHeapSize                   = 5830732                                {pd product} {ergonomic}
    uintx NonProfiledCodeHeapSize                  = 122913754                              {pd product} {ergonomic}
    uintx ProfiledCodeHeapSize                     = 122913754                              {pd product} {ergonomic}
    uintx ReservedCodeCacheSize                    = 251658240                              {pd product} {ergonomic}
     bool SegmentedCodeCache                       = true                                      {product} {ergonomic}
     bool UseCompressedClassPointers               = true                                 {lp64_product} {ergonomic}
     bool UseCompressedOops                        = true                                 {lp64_product} {ergonomic}
     bool UseG1GC                                  = true                                      {product} {ergonomic}
     bool UseLargePagesIndividualAllocation        = false                                  {pd product} {ergonomic}

Logging:
Log output configuration:
 #0: stdout all=warning uptime,level,tags
 #1: stderr all=off uptime,level,tags

Environment Variables:
PATH=C:\Program Files (x86)\Intel\Intel(R) Management Engine Components\iCLS\;C:\Program Files\Intel\Intel(R) Management Engine Components\iCLS\;C:\WINDOWS\system32;C:\WINDOWS;C:\WINDOWS\System32\Wbem;C:\WINDOWS\System32\WindowsPowerShell\v1.0\;C:\Program Files (x86)\Intel\Intel(R) Management Engine Components\DAL;C:\Program Files\Intel\Intel(R) Management Engine Components\DAL;C:\Program Files (x86)\Intel\Intel(R) Management Engine Components\IPT;C:\Program Files\Intel\Intel(R) Management Engine Components\IPT;c:\Program Files (x86)\Microsoft SQL Server\100\Tools\Binn\;c:\Program Files\Microsoft SQL Server\100\Tools\Binn\;c:\Program Files\Microsoft SQL Server\100\DTS\Binn\;c:\Program Files (x86)\Microsoft SQL Server\100\Tools\Binn\VSShell\Common7\IDE\;c:\Program Files (x86)\Microsoft SQL Server\100\DTS\Binn\;C:\Users\leoba\.dnx\bin;C:\Program Files\Microsoft DNX\Dnvm\;C:\Program Files\Microsoft SQL Server\130\Tools\Binn\;C:\WINDOWS\System32\OpenSSH\;C:\Program Files\Git\cmd;C:\Users\leoba\AppData\Local\Microsoft\WindowsApps;C:\Users\leoba\AppData\Local\GitHubDesktop\bin;%USERPROFILE%\AppData\Local\Microsoft\WindowsApps;
USERNAME=leoba
OS=Windows_NT
PROCESSOR_IDENTIFIER=Intel64 Family 6 Model 142 Stepping 10, GenuineIntel



---------------  S Y S T E M  ---------------

OS: Windows 10 , 64 bit Build 19041 (10.0.19041.1151)
OS uptime: 3 days 22:51 hours

CPU:total 4 (initial active 4) (2 cores per cpu, 2 threads per core) family 6 model 142 stepping 10 microcode 0xb4, cmov, cx8, fxsr, mmx, sse, sse2, sse3, ssse3, sse4.1, sse4.2, popcnt, avx, avx2, aes, clmul, erms, 3dnowpref, lzcnt, ht, tsc, tscinvbit, bmi1, bmi2, adx, fma

Memory: 4k page, system-wide physical 12197M (846M free)
TotalPageFile size 12197M (AvailPageFile size 2M)
current process WorkingSet (physical memory assigned to process): 178M, peak: 178M
current process commit charge ("private bytes"): 330M, peak: 330M

vm_info: OpenJDK 64-Bit Server VM (11.0.10+0-b96-7249189) for windows-amd64 JRE (11.0.10+0-b96-7249189), built on Mar 31 2021 21:44:00 by "builder" with MS VC++ 14.0 (VS2015)

END.
