#
# There is insufficient memory for the Java Runtime Environment to continue.
# Native memory allocation (malloc) failed to allocate 1924816 bytes for Chunk::new
# Possible reasons:
#   The system is out of physical RAM or swap space
#   The process is running with CompressedOops enabled, and the Java Heap may be blocking the growth of the native heap
# Possible solutions:
#   Reduce memory load on the system
#   Increase physical memory or swap space
#   Check if swap backing store is full
#   Decrease Java heap size (-Xmx/-Xms)
#   Decrease number of Java threads
#   Decrease Java thread stack sizes (-Xss)
#   Set larger code cache with -XX:ReservedCodeCacheSize=
#   JVM is running with Unscaled Compressed Oops mode in which the Java heap is
#     placed in the first 4GB address space. The Java Heap base address is the
#     maximum limit for the native heap growth. Please use -XX:HeapBaseMinAddress
#     to set the Java Heap base and to place the Java Heap above 4GB virtual address.
# This output file may be truncated or incomplete.
#
#  Out of Memory Error (./src/hotspot/share/memory/arena.cpp:197), pid=15548, tid=13060
#
# JRE version: OpenJDK Runtime Environment (11.0.10) (build 11.0.10+0-b96-7249189)
# Java VM: OpenJDK 64-Bit Server VM (11.0.10+0-b96-7249189, mixed mode, tiered, compressed oops, g1 gc, windows-amd64)
# No core dump will be written. Minidumps are not enabled by default on client versions of Windows
#

---------------  S U M M A R Y ------------

Command Line: --add-opens=java.base/java.util=ALL-UNNAMED --add-opens=java.base/java.lang=ALL-UNNAMED --add-opens=java.base/java.lang.invoke=ALL-UNNAMED --add-opens=java.base/java.util=ALL-UNNAMED --add-opens=java.prefs/java.util.prefs=ALL-UNNAMED --add-opens=java.prefs/java.util.prefs=ALL-UNNAMED --add-opens=java.base/java.nio.charset=ALL-UNNAMED --add-opens=java.base/java.net=ALL-UNNAMED --add-opens=java.base/java.util.concurrent.atomic=ALL-UNNAMED -Xmx2048m -Dfile.encoding=UTF-8 -Duser.country=ES -Duser.language=es -Duser.variant org.gradle.launcher.daemon.bootstrap.GradleDaemon 7.0.2

Host: Intel(R) Core(TM) i3-7020U CPU @ 2.30GHz, 4 cores, 11G,  Windows 10 , 64 bit Build 19041 (10.0.19041.1151)
Time: Thu Sep  2 12:13:23 2021 Hora estándar de Argentina elapsed time: 23.124550 seconds (0d 0h 0m 23s)

---------------  T H R E A D  ---------------

Current thread (0x000001869bbc1800):  JavaThread "C2 CompilerThread1" daemon [_thread_in_native, id=13060, stack(0x0000002894700000,0x0000002894800000)]


Current CompileTask:
C2:  23124 11497       4       org.apache.xerces.impl.XMLNSDocumentScannerImpl::scanStartElement (873 bytes)

Stack: [0x0000002894700000,0x0000002894800000]
Native frames: (J=compiled Java code, j=interpreted, Vv=VM code, C=native code)
V  [jvm.dll+0x5ecfaa]
V  [jvm.dll+0x722bd5]
V  [jvm.dll+0x72412d]
V  [jvm.dll+0x7247e3]
V  [jvm.dll+0x242928]
V  [jvm.dll+0xbc4fc]
V  [jvm.dll+0xbca0c]
V  [jvm.dll+0x352d3b]
V  [jvm.dll+0x320ad3]
V  [jvm.dll+0x31ffca]
V  [jvm.dll+0x1fb602]
V  [jvm.dll+0x1fa7f4]
V  [jvm.dll+0x18354c]
V  [jvm.dll+0x208ee7]
V  [jvm.dll+0x207731]
V  [jvm.dll+0x6eb1cf]
V  [jvm.dll+0x6e3d45]
V  [jvm.dll+0x5ebe96]
C  [ucrtbase.dll+0x21bb2]
C  [KERNEL32.DLL+0x17034]
C  [ntdll.dll+0x52651]


---------------  P R O C E S S  ---------------

Threads class SMR info:
_java_thread_list=0x000001869fca9470, length=49, elements={
0x00000186fe17d800, 0x00000186ffb91800, 0x00000186ffb95000, 0x00000186ff37f800,
0x00000186ff380800, 0x00000186ff385000, 0x00000186ff389000, 0x00000186ffbf3800,
0x00000186ffbf9000, 0x00000186ffd74000, 0x000001869b1d6800, 0x00000186ffea6800,
0x000001869aa7c000, 0x000001869b1a4800, 0x000001869ac81800, 0x000001869bbc1800,
0x000001869a76f000, 0x000001869a770000, 0x000001869b073800, 0x000001869a98e800,
0x000001869b7a6000, 0x000001869b7a4800, 0x000001869b7a5000, 0x000001869b7a0800,
0x000001869b7a7000, 0x000001869b7a1000, 0x000001869b7a2000, 0x000001869b7a2800,
0x000001869b7a3800, 0x000001869c0dd800, 0x000001869c0de800, 0x000001869c0e1800,
0x000001869c0e1000, 0x000001869c0dc800, 0x000001869c0e6800, 0x000001869c0e7800,
0x000001869c0e5000, 0x000001869c0e8000, 0x000001869c0e2800, 0x000001869c0e9000,
0x000001869c0e3800, 0x000001869e87c000, 0x000001869e87d800, 0x000001869e87c800,
0x000001869e878000, 0x000001869e87e800, 0x000001869e87b000, 0x000001869e878800,
0x000001869e880000
}

Java Threads: ( => current thread )
  0x00000186fe17d800 JavaThread "main" [_thread_blocked, id=6908, stack(0x0000002892d00000,0x0000002892e00000)]
  0x00000186ffb91800 JavaThread "Reference Handler" daemon [_thread_blocked, id=3160, stack(0x0000002893400000,0x0000002893500000)]
  0x00000186ffb95000 JavaThread "Finalizer" daemon [_thread_blocked, id=12068, stack(0x0000002893500000,0x0000002893600000)]
  0x00000186ff37f800 JavaThread "Signal Dispatcher" daemon [_thread_blocked, id=16984, stack(0x0000002893600000,0x0000002893700000)]
  0x00000186ff380800 JavaThread "Attach Listener" daemon [_thread_blocked, id=16496, stack(0x0000002893700000,0x0000002893800000)]
  0x00000186ff385000 JavaThread "Service Thread" daemon [_thread_blocked, id=8908, stack(0x0000002893800000,0x0000002893900000)]
  0x00000186ff389000 JavaThread "C2 CompilerThread0" daemon [_thread_in_native, id=15320, stack(0x0000002893900000,0x0000002893a00000)]
  0x00000186ffbf3800 JavaThread "C1 CompilerThread0" daemon [_thread_in_native, id=12044, stack(0x0000002893a00000,0x0000002893b00000)]
  0x00000186ffbf9000 JavaThread "Sweeper thread" daemon [_thread_blocked, id=13368, stack(0x0000002893b00000,0x0000002893c00000)]
  0x00000186ffd74000 JavaThread "Common-Cleaner" daemon [_thread_blocked, id=208, stack(0x0000002893c00000,0x0000002893d00000)]
  0x000001869b1d6800 JavaThread "Daemon health stats" [_thread_blocked, id=9972, stack(0x0000002894300000,0x0000002894400000)]
  0x00000186ffea6800 JavaThread "Incoming local TCP Connector on port 59186" [_thread_in_native, id=9252, stack(0x0000002893e00000,0x0000002893f00000)]
  0x000001869aa7c000 JavaThread "Daemon periodic checks" [_thread_blocked, id=3864, stack(0x0000002894400000,0x0000002894500000)]
  0x000001869b1a4800 JavaThread "Daemon" [_thread_blocked, id=16824, stack(0x0000002894500000,0x0000002894600000)]
  0x000001869ac81800 JavaThread "Handler for socket connection from /127.0.0.1:59186 to /127.0.0.1:59187" [_thread_in_native, id=7968, stack(0x0000002894600000,0x0000002894700000)]
=>0x000001869bbc1800 JavaThread "C2 CompilerThread1" daemon [_thread_in_native, id=13060, stack(0x0000002894700000,0x0000002894800000)]
  0x000001869a76f000 JavaThread "Cancel handler" [_thread_blocked, id=11164, stack(0x0000002894800000,0x0000002894900000)]
  0x000001869a770000 JavaThread "Daemon worker" [_thread_blocked, id=7944, stack(0x0000002894900000,0x0000002894a00000)]
  0x000001869b073800 JavaThread "Asynchronous log dispatcher for DefaultDaemonConnection: socket connection from /127.0.0.1:59186 to /127.0.0.1:59187" [_thread_blocked, id=16412, stack(0x0000002894a00000,0x0000002894b00000)]
  0x000001869a98e800 JavaThread "Stdin handler" [_thread_blocked, id=9616, stack(0x0000002894b00000,0x0000002894c00000)]
  0x000001869b7a6000 JavaThread "Daemon client event forwarder" [_thread_blocked, id=15764, stack(0x0000002894c00000,0x0000002894d00000)]
  0x000001869b7a4800 JavaThread "Cache worker for file hash cache (C:\Users\leoba\.gradle\caches\7.0.2\fileHashes)" [_thread_blocked, id=8028, stack(0x0000002894d00000,0x0000002894e00000)]
  0x000001869b7a5000 JavaThread "File lock request listener" [_thread_in_native, id=14156, stack(0x0000002894e00000,0x0000002894f00000)]
  0x000001869b7a0800 JavaThread "Cache worker for journal cache (C:\Users\leoba\.gradle\caches\journal-1)" [_thread_blocked, id=12616, stack(0x0000002894f00000,0x0000002895000000)]
  0x000001869b7a7000 JavaThread "Cache worker for file hash cache (C:\Users\leoba\AndroidStudioProjects\TextRecognizer\NavigationTest\.gradle\7.0.2\fileHashes)" [_thread_blocked, id=11924, stack(0x0000002895000000,0x0000002895100000)]
  0x000001869b7a1000 JavaThread "File watcher server" daemon [_thread_in_native, id=16444, stack(0x0000002895100000,0x0000002895200000)]
  0x000001869b7a2000 JavaThread "File watcher consumer" daemon [_thread_blocked, id=15040, stack(0x0000002895200000,0x0000002895300000)]
  0x000001869b7a2800 JavaThread "Cache worker for checksums cache (C:\Users\leoba\AndroidStudioProjects\TextRecognizer\NavigationTest\.gradle\checksums)" [_thread_blocked, id=16980, stack(0x0000002895300000,0x0000002895400000)]
  0x000001869b7a3800 JavaThread "Cache worker for cache directory md-supplier (C:\Users\leoba\.gradle\caches\7.0.2\md-supplier)" [_thread_blocked, id=9964, stack(0x0000002895400000,0x0000002895500000)]
  0x000001869c0dd800 JavaThread "Cache worker for cache directory md-rule (C:\Users\leoba\.gradle\caches\7.0.2\md-rule)" [_thread_blocked, id=13344, stack(0x0000002895500000,0x0000002895600000)]
  0x000001869c0de800 JavaThread "Cache worker for execution history cache (C:\Users\leoba\.gradle\caches\7.0.2\executionHistory)" [_thread_blocked, id=8756, stack(0x0000002895600000,0x0000002895700000)]
  0x000001869c0e1800 JavaThread "jar transforms" [_thread_blocked, id=7264, stack(0x0000002895700000,0x0000002895800000)]
  0x000001869c0e1000 JavaThread "jar transforms Thread 2" [_thread_blocked, id=14856, stack(0x0000002895800000,0x0000002895900000)]
  0x000001869c0dc800 JavaThread "Cache worker for file content cache (C:\Users\leoba\.gradle\caches\7.0.2\fileContent)" [_thread_blocked, id=8612, stack(0x0000002895900000,0x0000002895a00000)]
  0x000001869c0e6800 JavaThread "Cache worker for dependencies-accessors (C:\Users\leoba\AndroidStudioProjects\TextRecognizer\NavigationTest\.gradle\7.0.2\dependencies-accessors)" [_thread_blocked, id=14380, stack(0x0000002895a00000,0x0000002895b00000)]
  0x000001869c0e7800 JavaThread "jar transforms Thread 3" [_thread_blocked, id=11228, stack(0x0000002895b00000,0x0000002895c00000)]
  0x000001869c0e5000 JavaThread "Cache worker for Build Output Cleanup Cache (C:\Users\leoba\AndroidStudioProjects\TextRecognizer\NavigationTest\.gradle\buildOutputCleanup)" [_thread_blocked, id=7576, stack(0x0000002895c00000,0x0000002895d00000)]
  0x000001869c0e8000 JavaThread "Build operations" [_thread_blocked, id=15260, stack(0x0000002895d00000,0x0000002895e00000)]
  0x000001869c0e2800 JavaThread "Build operations Thread 2" [_thread_blocked, id=12016, stack(0x0000002895e00000,0x0000002895f00000)]
  0x000001869c0e9000 JavaThread "Build operations Thread 3" [_thread_blocked, id=12172, stack(0x0000002895f00000,0x0000002896000000)]
  0x000001869c0e3800 JavaThread "Build operations Thread 4" [_thread_blocked, id=2288, stack(0x0000002896000000,0x0000002896100000)]
  0x000001869e87c000 JavaThread "jar transforms Thread 4" [_thread_blocked, id=8116, stack(0x0000002896100000,0x0000002896200000)]
  0x000001869e87d800 JavaThread "Memory manager" [_thread_blocked, id=14636, stack(0x0000002896200000,0x0000002896300000)]
  0x000001869e87c800 JavaThread "build event listener" [_thread_blocked, id=14300, stack(0x0000002896300000,0x0000002896400000)]
  0x000001869e878000 JavaThread "Execution worker for ':'" [_thread_blocked, id=10916, stack(0x0000002896400000,0x0000002896500000)]
  0x000001869e87e800 JavaThread "Execution worker for ':' Thread 2" [_thread_blocked, id=8012, stack(0x0000002896500000,0x0000002896600000)]
  0x000001869e87b000 JavaThread "Execution worker for ':' Thread 3" [_thread_in_native, id=17092, stack(0x0000002896600000,0x0000002896700000)]
  0x000001869e878800 JavaThread "Cache worker for execution history cache (C:\Users\leoba\AndroidStudioProjects\TextRecognizer\NavigationTest\.gradle\7.0.2\executionHistory)" [_thread_blocked, id=14548, stack(0x0000002896700000,0x0000002896800000)]
  0x000001869e880000 JavaThread "WorkerExecutor Queue" [_thread_blocked, id=14544, stack(0x0000002896800000,0x0000002896900000)]

Other Threads:
  0x00000186ff36f000 VMThread "VM Thread" [stack: 0x0000002893300000,0x0000002893400000] [id=6608]
  0x00000186ffd85000 WatcherThread [stack: 0x0000002893d00000,0x0000002893e00000] [id=1804]
  0x00000186fe196000 GCTaskThread "GC Thread#0" [stack: 0x0000002892e00000,0x0000002892f00000] [id=17252]
  0x0000018698f40000 GCTaskThread "GC Thread#1" [stack: 0x0000002893f00000,0x0000002894000000] [id=5748]
  0x0000018698f40800 GCTaskThread "GC Thread#2" [stack: 0x0000002894000000,0x0000002894100000] [id=3496]
  0x0000018698f41000 GCTaskThread "GC Thread#3" [stack: 0x0000002894100000,0x0000002894200000] [id=15312]
  0x00000186fe1c7000 ConcurrentGCThread "G1 Main Marker" [stack: 0x0000002892f00000,0x0000002893000000] [id=15284]
  0x00000186fe1c9800 ConcurrentGCThread "G1 Conc#0" [stack: 0x0000002893000000,0x0000002893100000] [id=16880]
  0x00000186ff1c2800 ConcurrentGCThread "G1 Refine#0" [stack: 0x0000002893100000,0x0000002893200000] [id=5276]
  0x00000186ffe1e000 ConcurrentGCThread "G1 Refine#1" [stack: 0x0000002894200000,0x0000002894300000] [id=14644]
  0x00000186ff1c3800 ConcurrentGCThread "G1 Young RemSet Sampling" [stack: 0x0000002893200000,0x0000002893300000] [id=9740]

Threads with active compile tasks:
C2 CompilerThread0  23171 11571       4       org.apache.xerces.util.ParserConfigurationSettings::addRecognizedFeatures (52 bytes)
C1 CompilerThread0  23171 11584   !   3       org.apache.xerces.parsers.AbstractSAXParser::setProperty (328 bytes)
C2 CompilerThread1  23171 11497       4       org.apache.xerces.impl.XMLNSDocumentScannerImpl::scanStartElement (873 bytes)

VM state:not at safepoint (normal execution)

VM Mutex/Monitor currently owned by a thread: None

Heap address: 0x0000000080000000, size: 2048 MB, Compressed Oops mode: 32-bit
Narrow klass base: 0x0000000000000000, Narrow klass shift: 3
Compressed class space size: 1073741824 Address: 0x0000000100000000

Heap:
 garbage-first heap   total 236544K, used 171633K [0x0000000080000000, 0x0000000100000000)
  region size 1024K, 106 young (108544K), 15 survivors (15360K)
 Metaspace       used 91317K, capacity 93516K, committed 93784K, reserved 1130496K
  class space    used 11770K, capacity 12596K, committed 12672K, reserved 1048576K
Heap Regions: E=young(eden), S=young(survivor), O=old, HS=humongous(starts), HC=humongous(continues), CS=collection set, F=free, A=archive, TAMS=top-at-mark-start (previous, next)
|   0|0x0000000080000000, 0x0000000080100000, 0x0000000080100000|100%| O|  |TAMS 0x0000000080100000, 0x0000000080000000| Untracked 
|   1|0x0000000080100000, 0x0000000080200000, 0x0000000080200000|100%| O|  |TAMS 0x0000000080200000, 0x0000000080100000| Untracked 
|   2|0x0000000080200000, 0x0000000080300000, 0x0000000080300000|100%| O|  |TAMS 0x0000000080300000, 0x0000000080200000| Untracked 
|   3|0x0000000080300000, 0x0000000080400000, 0x0000000080400000|100%|HS|  |TAMS 0x0000000080400000, 0x0000000080300000| Complete 
|   4|0x0000000080400000, 0x0000000080500000, 0x0000000080500000|100%|HC|  |TAMS 0x0000000080500000, 0x0000000080400000| Complete 
|   5|0x0000000080500000, 0x0000000080600000, 0x0000000080600000|100%|HC|  |TAMS 0x0000000080600000, 0x0000000080500000| Complete 
|   6|0x0000000080600000, 0x0000000080700000, 0x0000000080700000|100%| O|  |TAMS 0x0000000080700000, 0x0000000080600000| Untracked 
|   7|0x0000000080700000, 0x0000000080800000, 0x0000000080800000|100%| O|  |TAMS 0x0000000080800000, 0x0000000080700000| Untracked 
|   8|0x0000000080800000, 0x0000000080900000, 0x0000000080900000|100%| O|  |TAMS 0x0000000080900000, 0x0000000080800000| Untracked 
|   9|0x0000000080900000, 0x0000000080a00000, 0x0000000080a00000|100%| O|  |TAMS 0x0000000080a00000, 0x0000000080900000| Untracked 
|  10|0x0000000080a00000, 0x0000000080b00000, 0x0000000080b00000|100%| O|  |TAMS 0x0000000080b00000, 0x0000000080a00000| Untracked 
|  11|0x0000000080b00000, 0x0000000080c00000, 0x0000000080c00000|100%| O|  |TAMS 0x0000000080c00000, 0x0000000080b00000| Untracked 
|  12|0x0000000080c00000, 0x0000000080d00000, 0x0000000080d00000|100%| O|  |TAMS 0x0000000080d00000, 0x0000000080c00000| Untracked 
|  13|0x0000000080d00000, 0x0000000080e00000, 0x0000000080e00000|100%| O|  |TAMS 0x0000000080e00000, 0x0000000080d00000| Untracked 
|  14|0x0000000080e00000, 0x0000000080f00000, 0x0000000080f00000|100%| O|  |TAMS 0x0000000080f00000, 0x0000000080e00000| Untracked 
|  15|0x0000000080f00000, 0x0000000081000000, 0x0000000081000000|100%| O|  |TAMS 0x0000000081000000, 0x0000000080f00000| Untracked 
|  16|0x0000000081000000, 0x0000000081100000, 0x0000000081100000|100%| O|  |TAMS 0x0000000081100000, 0x0000000081000000| Untracked 
|  17|0x0000000081100000, 0x0000000081200000, 0x0000000081200000|100%| O|  |TAMS 0x0000000081200000, 0x0000000081100000| Untracked 
|  18|0x0000000081200000, 0x0000000081300000, 0x0000000081300000|100%| O|  |TAMS 0x0000000081300000, 0x0000000081200000| Untracked 
|  19|0x0000000081300000, 0x0000000081400000, 0x0000000081400000|100%| O|  |TAMS 0x0000000081400000, 0x0000000081300000| Untracked 
|  20|0x0000000081400000, 0x0000000081500000, 0x0000000081500000|100%| O|  |TAMS 0x0000000081500000, 0x0000000081400000| Untracked 
|  21|0x0000000081500000, 0x0000000081600000, 0x0000000081600000|100%|HS|  |TAMS 0x0000000081600000, 0x0000000081500000| Complete 
|  22|0x0000000081600000, 0x0000000081700000, 0x0000000081700000|100%|HS|  |TAMS 0x0000000081700000, 0x0000000081600000| Complete 
|  23|0x0000000081700000, 0x0000000081800000, 0x0000000081800000|100%|HS|  |TAMS 0x0000000081800000, 0x0000000081700000| Complete 
|  24|0x0000000081800000, 0x0000000081900000, 0x0000000081900000|100%|HS|  |TAMS 0x0000000081900000, 0x0000000081800000| Complete 
|  25|0x0000000081900000, 0x0000000081a00000, 0x0000000081a00000|100%|HC|  |TAMS 0x0000000081a00000, 0x0000000081900000| Complete 
|  26|0x0000000081a00000, 0x0000000081b00000, 0x0000000081b00000|100%|HC|  |TAMS 0x0000000081b00000, 0x0000000081a00000| Complete 
|  27|0x0000000081b00000, 0x0000000081c00000, 0x0000000081c00000|100%|HS|  |TAMS 0x0000000081c00000, 0x0000000081b00000| Complete 
|  28|0x0000000081c00000, 0x0000000081d00000, 0x0000000081d00000|100%|HC|  |TAMS 0x0000000081d00000, 0x0000000081c00000| Complete 
|  29|0x0000000081d00000, 0x0000000081e00000, 0x0000000081e00000|100%| O|  |TAMS 0x0000000081e00000, 0x0000000081d00000| Untracked 
|  30|0x0000000081e00000, 0x0000000081f00000, 0x0000000081f00000|100%| O|  |TAMS 0x0000000081f00000, 0x0000000081e00000| Untracked 
|  31|0x0000000081f00000, 0x0000000082000000, 0x0000000082000000|100%| O|  |TAMS 0x0000000082000000, 0x0000000081f00000| Untracked 
|  32|0x0000000082000000, 0x0000000082100000, 0x0000000082100000|100%| O|  |TAMS 0x0000000082100000, 0x0000000082000000| Untracked 
|  33|0x0000000082100000, 0x0000000082200000, 0x0000000082200000|100%| O|  |TAMS 0x0000000082200000, 0x0000000082100000| Untracked 
|  34|0x0000000082200000, 0x0000000082300000, 0x0000000082300000|100%| O|  |TAMS 0x0000000082300000, 0x0000000082200000| Untracked 
|  35|0x0000000082300000, 0x0000000082400000, 0x0000000082400000|100%| O|  |TAMS 0x0000000082400000, 0x0000000082300000| Untracked 
|  36|0x0000000082400000, 0x0000000082500000, 0x0000000082500000|100%| O|  |TAMS 0x0000000082500000, 0x0000000082400000| Untracked 
|  37|0x0000000082500000, 0x0000000082600000, 0x0000000082600000|100%| O|  |TAMS 0x0000000082600000, 0x0000000082500000| Untracked 
|  38|0x0000000082600000, 0x0000000082700000, 0x0000000082700000|100%| O|  |TAMS 0x0000000082700000, 0x0000000082600000| Untracked 
|  39|0x0000000082700000, 0x0000000082800000, 0x0000000082800000|100%| O|  |TAMS 0x0000000082800000, 0x0000000082700000| Untracked 
|  40|0x0000000082800000, 0x0000000082900000, 0x0000000082900000|100%| O|  |TAMS 0x0000000082900000, 0x0000000082800000| Untracked 
|  41|0x0000000082900000, 0x0000000082a00000, 0x0000000082a00000|100%| O|  |TAMS 0x0000000082a00000, 0x0000000082900000| Untracked 
|  42|0x0000000082a00000, 0x0000000082b00000, 0x0000000082b00000|100%| O|  |TAMS 0x0000000082b00000, 0x0000000082a00000| Untracked 
|  43|0x0000000082b00000, 0x0000000082c00000, 0x0000000082c00000|100%| O|  |TAMS 0x0000000082c00000, 0x0000000082b00000| Untracked 
|  44|0x0000000082c00000, 0x0000000082d00000, 0x0000000082d00000|100%| O|  |TAMS 0x0000000082d00000, 0x0000000082c00000| Untracked 
|  45|0x0000000082d00000, 0x0000000082e00000, 0x0000000082e00000|100%| O|  |TAMS 0x0000000082e00000, 0x0000000082d00000| Untracked 
|  46|0x0000000082e00000, 0x0000000082f00000, 0x0000000082f00000|100%| O|  |TAMS 0x0000000082f00000, 0x0000000082e00000| Untracked 
|  47|0x0000000082f00000, 0x0000000083000000, 0x0000000083000000|100%| O|  |TAMS 0x0000000083000000, 0x0000000082f00000| Untracked 
|  48|0x0000000083000000, 0x0000000083100000, 0x0000000083100000|100%| O|  |TAMS 0x0000000083100000, 0x0000000083000000| Untracked 
|  49|0x0000000083100000, 0x0000000083200000, 0x0000000083200000|100%| O|  |TAMS 0x0000000083200000, 0x0000000083100000| Untracked 
|  50|0x0000000083200000, 0x0000000083300000, 0x0000000083300000|100%| O|  |TAMS 0x0000000083300000, 0x0000000083200000| Untracked 
|  51|0x0000000083300000, 0x0000000083400000, 0x0000000083400000|100%| O|  |TAMS 0x0000000083400000, 0x0000000083300000| Untracked 
|  52|0x0000000083400000, 0x0000000083500000, 0x0000000083500000|100%| O|  |TAMS 0x0000000083500000, 0x0000000083400000| Untracked 
|  53|0x0000000083500000, 0x0000000083600000, 0x0000000083600000|100%| O|  |TAMS 0x0000000083600000, 0x0000000083500000| Untracked 
|  54|0x0000000083600000, 0x0000000083700000, 0x0000000083700000|100%| O|  |TAMS 0x0000000083700000, 0x0000000083600000| Untracked 
|  55|0x0000000083700000, 0x0000000083800000, 0x0000000083800000|100%| O|  |TAMS 0x0000000083800000, 0x0000000083700000| Untracked 
|  56|0x0000000083800000, 0x0000000083900000, 0x0000000083900000|100%| O|  |TAMS 0x0000000083900000, 0x0000000083800000| Untracked 
|  57|0x0000000083900000, 0x0000000083a00000, 0x0000000083a00000|100%| O|  |TAMS 0x0000000083a00000, 0x0000000083900000| Untracked 
|  58|0x0000000083a00000, 0x0000000083b00000, 0x0000000083b00000|100%| O|  |TAMS 0x0000000083b00000, 0x0000000083a00000| Untracked 
|  59|0x0000000083b00000, 0x0000000083c00000, 0x0000000083c00000|100%| O|  |TAMS 0x0000000083c00000, 0x0000000083b00000| Untracked 
|  60|0x0000000083c00000, 0x0000000083c9c608, 0x0000000083d00000| 61%| O|  |TAMS 0x0000000083c80000, 0x0000000083c00000| Untracked 
|  61|0x0000000083d00000, 0x0000000083e00000, 0x0000000083e00000|100%|HS|  |TAMS 0x0000000083d00000, 0x0000000083d00000| Complete 
|  62|0x0000000083e00000, 0x0000000083f00000, 0x0000000083f00000|100%|HS|  |TAMS 0x0000000083e00000, 0x0000000083e00000| Complete 
|  63|0x0000000083f00000, 0x0000000084000000, 0x0000000084000000|100%|HS|  |TAMS 0x0000000083f00000, 0x0000000083f00000| Complete 
|  64|0x0000000084000000, 0x0000000084000000, 0x0000000084100000|  0%| F|  |TAMS 0x0000000084000000, 0x0000000084000000| Untracked 
|  65|0x0000000084100000, 0x0000000084100000, 0x0000000084200000|  0%| F|  |TAMS 0x0000000084100000, 0x0000000084100000| Untracked 
|  66|0x0000000084200000, 0x0000000084200000, 0x0000000084300000|  0%| F|  |TAMS 0x0000000084200000, 0x0000000084200000| Untracked 
|  67|0x0000000084300000, 0x0000000084300000, 0x0000000084400000|  0%| F|  |TAMS 0x0000000084300000, 0x0000000084300000| Untracked 
|  68|0x0000000084400000, 0x0000000084400000, 0x0000000084500000|  0%| F|  |TAMS 0x0000000084400000, 0x0000000084400000| Untracked 
|  69|0x0000000084500000, 0x0000000084500000, 0x0000000084600000|  0%| F|  |TAMS 0x0000000084500000, 0x0000000084500000| Untracked 
|  70|0x0000000084600000, 0x0000000084600000, 0x0000000084700000|  0%| F|  |TAMS 0x0000000084600000, 0x0000000084600000| Untracked 
|  71|0x0000000084700000, 0x0000000084700000, 0x0000000084800000|  0%| F|  |TAMS 0x0000000084700000, 0x0000000084700000| Untracked 
|  72|0x0000000084800000, 0x0000000084800000, 0x0000000084900000|  0%| F|  |TAMS 0x0000000084800000, 0x0000000084800000| Untracked 
|  73|0x0000000084900000, 0x0000000084900000, 0x0000000084a00000|  0%| F|  |TAMS 0x0000000084900000, 0x0000000084900000| Untracked 
|  74|0x0000000084a00000, 0x0000000084a00000, 0x0000000084b00000|  0%| F|  |TAMS 0x0000000084a00000, 0x0000000084a00000| Untracked 
|  75|0x0000000084b00000, 0x0000000084b00000, 0x0000000084c00000|  0%| F|  |TAMS 0x0000000084b00000, 0x0000000084b00000| Untracked 
|  76|0x0000000084c00000, 0x0000000084c00000, 0x0000000084d00000|  0%| F|  |TAMS 0x0000000084c00000, 0x0000000084c00000| Untracked 
|  77|0x0000000084d00000, 0x0000000084d00000, 0x0000000084e00000|  0%| F|  |TAMS 0x0000000084d00000, 0x0000000084d00000| Untracked 
|  78|0x0000000084e00000, 0x0000000084e00000, 0x0000000084f00000|  0%| F|  |TAMS 0x0000000084e00000, 0x0000000084e00000| Untracked 
|  79|0x0000000084f00000, 0x0000000084f00000, 0x0000000085000000|  0%| F|  |TAMS 0x0000000084f00000, 0x0000000084f00000| Untracked 
|  80|0x0000000085000000, 0x0000000085000000, 0x0000000085100000|  0%| F|  |TAMS 0x0000000085000000, 0x0000000085000000| Untracked 
|  81|0x0000000085100000, 0x0000000085100000, 0x0000000085200000|  0%| F|  |TAMS 0x0000000085100000, 0x0000000085100000| Untracked 
|  82|0x0000000085200000, 0x0000000085200000, 0x0000000085300000|  0%| F|  |TAMS 0x0000000085200000, 0x0000000085200000| Untracked 
|  83|0x0000000085300000, 0x0000000085300000, 0x0000000085400000|  0%| F|  |TAMS 0x0000000085300000, 0x0000000085300000| Untracked 
|  84|0x0000000085400000, 0x0000000085400000, 0x0000000085500000|  0%| F|  |TAMS 0x0000000085400000, 0x0000000085400000| Untracked 
|  85|0x0000000085500000, 0x0000000085500000, 0x0000000085600000|  0%| F|  |TAMS 0x0000000085500000, 0x0000000085500000| Untracked 
|  86|0x0000000085600000, 0x0000000085600000, 0x0000000085700000|  0%| F|  |TAMS 0x0000000085600000, 0x0000000085600000| Untracked 
|  87|0x0000000085700000, 0x0000000085700000, 0x0000000085800000|  0%| F|  |TAMS 0x0000000085700000, 0x0000000085700000| Untracked 
|  88|0x0000000085800000, 0x0000000085800000, 0x0000000085900000|  0%| F|  |TAMS 0x0000000085800000, 0x0000000085800000| Untracked 
|  89|0x0000000085900000, 0x0000000085900000, 0x0000000085a00000|  0%| F|  |TAMS 0x0000000085900000, 0x0000000085900000| Untracked 
|  90|0x0000000085a00000, 0x0000000085a00000, 0x0000000085b00000|  0%| F|  |TAMS 0x0000000085a00000, 0x0000000085a00000| Untracked 
|  91|0x0000000085b00000, 0x0000000085b00000, 0x0000000085c00000|  0%| F|  |TAMS 0x0000000085b00000, 0x0000000085b00000| Untracked 
|  92|0x0000000085c00000, 0x0000000085c00000, 0x0000000085d00000|  0%| F|  |TAMS 0x0000000085c00000, 0x0000000085c00000| Untracked 
|  93|0x0000000085d00000, 0x0000000085d00000, 0x0000000085e00000|  0%| F|  |TAMS 0x0000000085d00000, 0x0000000085d00000| Untracked 
|  94|0x0000000085e00000, 0x0000000085e00000, 0x0000000085f00000|  0%| F|  |TAMS 0x0000000085e00000, 0x0000000085e00000| Untracked 
|  95|0x0000000085f00000, 0x0000000085f00000, 0x0000000086000000|  0%| F|  |TAMS 0x0000000085f00000, 0x0000000085f00000| Untracked 
|  96|0x0000000086000000, 0x0000000086000000, 0x0000000086100000|  0%| F|  |TAMS 0x0000000086000000, 0x0000000086000000| Untracked 
|  97|0x0000000086100000, 0x0000000086200000, 0x0000000086200000|100%| S|CS|TAMS 0x0000000086100000, 0x0000000086100000| Complete 
|  98|0x0000000086200000, 0x0000000086300000, 0x0000000086300000|100%| S|CS|TAMS 0x0000000086200000, 0x0000000086200000| Complete 
|  99|0x0000000086300000, 0x0000000086400000, 0x0000000086400000|100%| S|CS|TAMS 0x0000000086300000, 0x0000000086300000| Complete 
| 100|0x0000000086400000, 0x0000000086500000, 0x0000000086500000|100%| S|CS|TAMS 0x0000000086400000, 0x0000000086400000| Complete 
| 101|0x0000000086500000, 0x0000000086600000, 0x0000000086600000|100%| S|CS|TAMS 0x0000000086500000, 0x0000000086500000| Complete 
| 102|0x0000000086600000, 0x0000000086700000, 0x0000000086700000|100%| S|CS|TAMS 0x0000000086600000, 0x0000000086600000| Complete 
| 103|0x0000000086700000, 0x0000000086800000, 0x0000000086800000|100%| S|CS|TAMS 0x0000000086700000, 0x0000000086700000| Complete 
| 104|0x0000000086800000, 0x0000000086900000, 0x0000000086900000|100%| S|CS|TAMS 0x0000000086800000, 0x0000000086800000| Complete 
| 105|0x0000000086900000, 0x0000000086a00000, 0x0000000086a00000|100%| S|CS|TAMS 0x0000000086900000, 0x0000000086900000| Complete 
| 106|0x0000000086a00000, 0x0000000086b00000, 0x0000000086b00000|100%| S|CS|TAMS 0x0000000086a00000, 0x0000000086a00000| Complete 
| 107|0x0000000086b00000, 0x0000000086c00000, 0x0000000086c00000|100%| S|CS|TAMS 0x0000000086b00000, 0x0000000086b00000| Complete 
| 108|0x0000000086c00000, 0x0000000086c00000, 0x0000000086d00000|  0%| F|  |TAMS 0x0000000086c00000, 0x0000000086c00000| Untracked 
| 109|0x0000000086d00000, 0x0000000086d00000, 0x0000000086e00000|  0%| F|  |TAMS 0x0000000086d00000, 0x0000000086d00000| Untracked 
| 110|0x0000000086e00000, 0x0000000086e00000, 0x0000000086f00000|  0%| F|  |TAMS 0x0000000086e00000, 0x0000000086e00000| Untracked 
| 111|0x0000000086f00000, 0x0000000086f00000, 0x0000000087000000|  0%| F|  |TAMS 0x0000000086f00000, 0x0000000086f00000| Untracked 
| 112|0x0000000087000000, 0x0000000087000000, 0x0000000087100000|  0%| F|  |TAMS 0x0000000087000000, 0x0000000087000000| Untracked 
| 113|0x0000000087100000, 0x0000000087100000, 0x0000000087200000|  0%| F|  |TAMS 0x0000000087100000, 0x0000000087100000| Untracked 
| 114|0x0000000087200000, 0x0000000087200000, 0x0000000087300000|  0%| F|  |TAMS 0x0000000087200000, 0x0000000087200000| Untracked 
| 115|0x0000000087300000, 0x0000000087300000, 0x0000000087400000|  0%| F|  |TAMS 0x0000000087300000, 0x0000000087300000| Untracked 
| 116|0x0000000087400000, 0x0000000087500000, 0x0000000087500000|100%| S|CS|TAMS 0x0000000087400000, 0x0000000087400000| Complete 
| 117|0x0000000087500000, 0x0000000087600000, 0x0000000087600000|100%| S|CS|TAMS 0x0000000087500000, 0x0000000087500000| Complete 
| 118|0x0000000087600000, 0x0000000087700000, 0x0000000087700000|100%| S|CS|TAMS 0x0000000087600000, 0x0000000087600000| Complete 
| 119|0x0000000087700000, 0x0000000087800000, 0x0000000087800000|100%| S|CS|TAMS 0x0000000087700000, 0x0000000087700000| Complete 
| 120|0x0000000087800000, 0x0000000087800000, 0x0000000087900000|  0%| F|  |TAMS 0x0000000087800000, 0x0000000087800000| Untracked 
| 121|0x0000000087900000, 0x0000000087900000, 0x0000000087a00000|  0%| F|  |TAMS 0x0000000087900000, 0x0000000087900000| Untracked 
| 122|0x0000000087a00000, 0x0000000087a00000, 0x0000000087b00000|  0%| F|  |TAMS 0x0000000087a00000, 0x0000000087a00000| Untracked 
| 123|0x0000000087b00000, 0x0000000087b00000, 0x0000000087c00000|  0%| F|  |TAMS 0x0000000087b00000, 0x0000000087b00000| Untracked 
| 124|0x0000000087c00000, 0x0000000087c00000, 0x0000000087d00000|  0%| F|  |TAMS 0x0000000087c00000, 0x0000000087c00000| Untracked 
| 125|0x0000000087d00000, 0x0000000087d00000, 0x0000000087e00000|  0%| F|  |TAMS 0x0000000087d00000, 0x0000000087d00000| Untracked 
| 126|0x0000000087e00000, 0x0000000087e00000, 0x0000000087f00000|  0%| F|  |TAMS 0x0000000087e00000, 0x0000000087e00000| Untracked 
| 127|0x0000000087f00000, 0x0000000087f00000, 0x0000000088000000|  0%| F|  |TAMS 0x0000000087f00000, 0x0000000087f00000| Untracked 
| 128|0x0000000088000000, 0x0000000088000000, 0x0000000088100000|  0%| F|  |TAMS 0x0000000088000000, 0x0000000088000000| Untracked 
| 129|0x0000000088100000, 0x0000000088100000, 0x0000000088200000|  0%| F|  |TAMS 0x0000000088100000, 0x0000000088100000| Untracked 
| 130|0x0000000088200000, 0x0000000088200000, 0x0000000088300000|  0%| F|  |TAMS 0x0000000088200000, 0x0000000088200000| Untracked 
| 131|0x0000000088300000, 0x0000000088300000, 0x0000000088400000|  0%| F|  |TAMS 0x0000000088300000, 0x0000000088300000| Untracked 
| 132|0x0000000088400000, 0x0000000088400000, 0x0000000088500000|  0%| F|  |TAMS 0x0000000088400000, 0x0000000088400000| Untracked 
| 133|0x0000000088500000, 0x0000000088500000, 0x0000000088600000|  0%| F|  |TAMS 0x0000000088500000, 0x0000000088500000| Untracked 
| 134|0x0000000088600000, 0x0000000088600000, 0x0000000088700000|  0%| F|  |TAMS 0x0000000088600000, 0x0000000088600000| Untracked 
| 135|0x0000000088700000, 0x0000000088700000, 0x0000000088800000|  0%| F|  |TAMS 0x0000000088700000, 0x0000000088700000| Untracked 
| 136|0x0000000088800000, 0x0000000088800000, 0x0000000088900000|  0%| F|  |TAMS 0x0000000088800000, 0x0000000088800000| Untracked 
| 137|0x0000000088900000, 0x0000000088900000, 0x0000000088a00000|  0%| F|  |TAMS 0x0000000088900000, 0x0000000088900000| Untracked 
| 138|0x0000000088a00000, 0x0000000088a00000, 0x0000000088b00000|  0%| F|  |TAMS 0x0000000088a00000, 0x0000000088a00000| Untracked 
| 139|0x0000000088b00000, 0x0000000088b00000, 0x0000000088c00000|  0%| F|  |TAMS 0x0000000088b00000, 0x0000000088b00000| Untracked 
| 140|0x0000000088c00000, 0x0000000088d00000, 0x0000000088d00000|100%| E|  |TAMS 0x0000000088c00000, 0x0000000088c00000| Complete 
| 141|0x0000000088d00000, 0x0000000088e00000, 0x0000000088e00000|100%| E|CS|TAMS 0x0000000088d00000, 0x0000000088d00000| Complete 
| 142|0x0000000088e00000, 0x0000000088f00000, 0x0000000088f00000|100%| E|CS|TAMS 0x0000000088e00000, 0x0000000088e00000| Complete 
| 143|0x0000000088f00000, 0x0000000089000000, 0x0000000089000000|100%| E|CS|TAMS 0x0000000088f00000, 0x0000000088f00000| Complete 
| 144|0x0000000089000000, 0x0000000089100000, 0x0000000089100000|100%| E|CS|TAMS 0x0000000089000000, 0x0000000089000000| Complete 
| 145|0x0000000089100000, 0x0000000089200000, 0x0000000089200000|100%| E|CS|TAMS 0x0000000089100000, 0x0000000089100000| Complete 
| 146|0x0000000089200000, 0x0000000089300000, 0x0000000089300000|100%| E|CS|TAMS 0x0000000089200000, 0x0000000089200000| Complete 
| 147|0x0000000089300000, 0x0000000089400000, 0x0000000089400000|100%| E|CS|TAMS 0x0000000089300000, 0x0000000089300000| Complete 
| 148|0x0000000089400000, 0x0000000089500000, 0x0000000089500000|100%| E|CS|TAMS 0x0000000089400000, 0x0000000089400000| Complete 
| 149|0x0000000089500000, 0x0000000089600000, 0x0000000089600000|100%| E|CS|TAMS 0x0000000089500000, 0x0000000089500000| Complete 
| 150|0x0000000089600000, 0x0000000089700000, 0x0000000089700000|100%| E|CS|TAMS 0x0000000089600000, 0x0000000089600000| Complete 
| 151|0x0000000089700000, 0x0000000089800000, 0x0000000089800000|100%| E|CS|TAMS 0x0000000089700000, 0x0000000089700000| Complete 
| 152|0x0000000089800000, 0x0000000089900000, 0x0000000089900000|100%| E|CS|TAMS 0x0000000089800000, 0x0000000089800000| Complete 
| 153|0x0000000089900000, 0x0000000089a00000, 0x0000000089a00000|100%| E|CS|TAMS 0x0000000089900000, 0x0000000089900000| Complete 
| 154|0x0000000089a00000, 0x0000000089b00000, 0x0000000089b00000|100%| E|CS|TAMS 0x0000000089a00000, 0x0000000089a00000| Complete 
| 155|0x0000000089b00000, 0x0000000089c00000, 0x0000000089c00000|100%| E|CS|TAMS 0x0000000089b00000, 0x0000000089b00000| Complete 
| 156|0x0000000089c00000, 0x0000000089d00000, 0x0000000089d00000|100%| E|CS|TAMS 0x0000000089c00000, 0x0000000089c00000| Complete 
| 157|0x0000000089d00000, 0x0000000089e00000, 0x0000000089e00000|100%| E|CS|TAMS 0x0000000089d00000, 0x0000000089d00000| Complete 
| 158|0x0000000089e00000, 0x0000000089f00000, 0x0000000089f00000|100%| E|CS|TAMS 0x0000000089e00000, 0x0000000089e00000| Complete 
| 159|0x0000000089f00000, 0x000000008a000000, 0x000000008a000000|100%| E|CS|TAMS 0x0000000089f00000, 0x0000000089f00000| Complete 
| 160|0x000000008a000000, 0x000000008a100000, 0x000000008a100000|100%| E|CS|TAMS 0x000000008a000000, 0x000000008a000000| Complete 
| 161|0x000000008a100000, 0x000000008a200000, 0x000000008a200000|100%| E|CS|TAMS 0x000000008a100000, 0x000000008a100000| Complete 
| 162|0x000000008a200000, 0x000000008a300000, 0x000000008a300000|100%| E|CS|TAMS 0x000000008a200000, 0x000000008a200000| Complete 
| 163|0x000000008a300000, 0x000000008a400000, 0x000000008a400000|100%| E|CS|TAMS 0x000000008a300000, 0x000000008a300000| Complete 
| 164|0x000000008a400000, 0x000000008a500000, 0x000000008a500000|100%| E|CS|TAMS 0x000000008a400000, 0x000000008a400000| Complete 
| 165|0x000000008a500000, 0x000000008a600000, 0x000000008a600000|100%| E|CS|TAMS 0x000000008a500000, 0x000000008a500000| Complete 
| 166|0x000000008a600000, 0x000000008a700000, 0x000000008a700000|100%| E|CS|TAMS 0x000000008a600000, 0x000000008a600000| Complete 
| 167|0x000000008a700000, 0x000000008a800000, 0x000000008a800000|100%| E|CS|TAMS 0x000000008a700000, 0x000000008a700000| Complete 
| 168|0x000000008a800000, 0x000000008a900000, 0x000000008a900000|100%| E|  |TAMS 0x000000008a800000, 0x000000008a800000| Complete 
| 169|0x000000008a900000, 0x000000008aa00000, 0x000000008aa00000|100%| E|CS|TAMS 0x000000008a900000, 0x000000008a900000| Complete 
| 170|0x000000008aa00000, 0x000000008ab00000, 0x000000008ab00000|100%| E|CS|TAMS 0x000000008aa00000, 0x000000008aa00000| Complete 
| 171|0x000000008ab00000, 0x000000008ac00000, 0x000000008ac00000|100%| E|CS|TAMS 0x000000008ab00000, 0x000000008ab00000| Complete 
| 172|0x000000008ac00000, 0x000000008ad00000, 0x000000008ad00000|100%| E|CS|TAMS 0x000000008ac00000, 0x000000008ac00000| Complete 
| 173|0x000000008ad00000, 0x000000008ae00000, 0x000000008ae00000|100%| E|CS|TAMS 0x000000008ad00000, 0x000000008ad00000| Complete 
| 174|0x000000008ae00000, 0x000000008af00000, 0x000000008af00000|100%| E|CS|TAMS 0x000000008ae00000, 0x000000008ae00000| Complete 
| 175|0x000000008af00000, 0x000000008b000000, 0x000000008b000000|100%| E|CS|TAMS 0x000000008af00000, 0x000000008af00000| Complete 
| 176|0x000000008b000000, 0x000000008b100000, 0x000000008b100000|100%| E|CS|TAMS 0x000000008b000000, 0x000000008b000000| Complete 
| 177|0x000000008b100000, 0x000000008b200000, 0x000000008b200000|100%| E|CS|TAMS 0x000000008b100000, 0x000000008b100000| Complete 
| 178|0x000000008b200000, 0x000000008b300000, 0x000000008b300000|100%| E|CS|TAMS 0x000000008b200000, 0x000000008b200000| Complete 
| 179|0x000000008b300000, 0x000000008b400000, 0x000000008b400000|100%| E|CS|TAMS 0x000000008b300000, 0x000000008b300000| Complete 
| 180|0x000000008b400000, 0x000000008b500000, 0x000000008b500000|100%| E|CS|TAMS 0x000000008b400000, 0x000000008b400000| Complete 
| 181|0x000000008b500000, 0x000000008b600000, 0x000000008b600000|100%| E|CS|TAMS 0x000000008b500000, 0x000000008b500000| Complete 
| 182|0x000000008b600000, 0x000000008b700000, 0x000000008b700000|100%| E|CS|TAMS 0x000000008b600000, 0x000000008b600000| Complete 
| 183|0x000000008b700000, 0x000000008b800000, 0x000000008b800000|100%| E|CS|TAMS 0x000000008b700000, 0x000000008b700000| Complete 
| 184|0x000000008b800000, 0x000000008b900000, 0x000000008b900000|100%| E|CS|TAMS 0x000000008b800000, 0x000000008b800000| Complete 
| 185|0x000000008b900000, 0x000000008ba00000, 0x000000008ba00000|100%| E|CS|TAMS 0x000000008b900000, 0x000000008b900000| Complete 
| 186|0x000000008ba00000, 0x000000008bb00000, 0x000000008bb00000|100%| E|CS|TAMS 0x000000008ba00000, 0x000000008ba00000| Complete 
| 187|0x000000008bb00000, 0x000000008bc00000, 0x000000008bc00000|100%| E|CS|TAMS 0x000000008bb00000, 0x000000008bb00000| Complete 
| 188|0x000000008bc00000, 0x000000008bd00000, 0x000000008bd00000|100%| E|CS|TAMS 0x000000008bc00000, 0x000000008bc00000| Complete 
| 189|0x000000008bd00000, 0x000000008be00000, 0x000000008be00000|100%| E|CS|TAMS 0x000000008bd00000, 0x000000008bd00000| Complete 
| 190|0x000000008be00000, 0x000000008bf00000, 0x000000008bf00000|100%| E|CS|TAMS 0x000000008be00000, 0x000000008be00000| Complete 
| 191|0x000000008bf00000, 0x000000008c000000, 0x000000008c000000|100%| E|CS|TAMS 0x000000008bf00000, 0x000000008bf00000| Complete 
| 192|0x000000008c000000, 0x000000008c100000, 0x000000008c100000|100%| E|CS|TAMS 0x000000008c000000, 0x000000008c000000| Complete 
| 193|0x000000008c100000, 0x000000008c200000, 0x000000008c200000|100%| E|CS|TAMS 0x000000008c100000, 0x000000008c100000| Complete 
| 194|0x000000008c200000, 0x000000008c300000, 0x000000008c300000|100%| E|CS|TAMS 0x000000008c200000, 0x000000008c200000| Complete 
| 195|0x000000008c300000, 0x000000008c400000, 0x000000008c400000|100%| E|CS|TAMS 0x000000008c300000, 0x000000008c300000| Complete 
| 196|0x000000008c400000, 0x000000008c500000, 0x000000008c500000|100%| E|CS|TAMS 0x000000008c400000, 0x000000008c400000| Complete 
| 197|0x000000008c500000, 0x000000008c600000, 0x000000008c600000|100%| E|CS|TAMS 0x000000008c500000, 0x000000008c500000| Complete 
| 198|0x000000008c600000, 0x000000008c700000, 0x000000008c700000|100%| E|CS|TAMS 0x000000008c600000, 0x000000008c600000| Complete 
| 199|0x000000008c700000, 0x000000008c800000, 0x000000008c800000|100%| E|CS|TAMS 0x000000008c700000, 0x000000008c700000| Complete 
| 200|0x000000008c800000, 0x000000008c900000, 0x000000008c900000|100%| E|CS|TAMS 0x000000008c800000, 0x000000008c800000| Complete 
| 201|0x000000008c900000, 0x000000008ca00000, 0x000000008ca00000|100%| E|CS|TAMS 0x000000008c900000, 0x000000008c900000| Complete 
| 202|0x000000008ca00000, 0x000000008cb00000, 0x000000008cb00000|100%| E|CS|TAMS 0x000000008ca00000, 0x000000008ca00000| Complete 
| 203|0x000000008cb00000, 0x000000008cc00000, 0x000000008cc00000|100%| E|CS|TAMS 0x000000008cb00000, 0x000000008cb00000| Complete 
| 204|0x000000008cc00000, 0x000000008cd00000, 0x000000008cd00000|100%| E|CS|TAMS 0x000000008cc00000, 0x000000008cc00000| Complete 
| 205|0x000000008cd00000, 0x000000008ce00000, 0x000000008ce00000|100%| E|CS|TAMS 0x000000008cd00000, 0x000000008cd00000| Complete 
| 206|0x000000008ce00000, 0x000000008cf00000, 0x000000008cf00000|100%| E|CS|TAMS 0x000000008ce00000, 0x000000008ce00000| Complete 
| 207|0x000000008cf00000, 0x000000008d000000, 0x000000008d000000|100%| E|CS|TAMS 0x000000008cf00000, 0x000000008cf00000| Complete 
| 208|0x000000008d000000, 0x000000008d100000, 0x000000008d100000|100%| E|CS|TAMS 0x000000008d000000, 0x000000008d000000| Complete 
| 209|0x000000008d100000, 0x000000008d200000, 0x000000008d200000|100%| E|CS|TAMS 0x000000008d100000, 0x000000008d100000| Complete 
| 210|0x000000008d200000, 0x000000008d300000, 0x000000008d300000|100%| E|CS|TAMS 0x000000008d200000, 0x000000008d200000| Complete 
| 211|0x000000008d300000, 0x000000008d400000, 0x000000008d400000|100%| E|CS|TAMS 0x000000008d300000, 0x000000008d300000| Complete 
| 212|0x000000008d400000, 0x000000008d500000, 0x000000008d500000|100%| E|CS|TAMS 0x000000008d400000, 0x000000008d400000| Complete 
| 213|0x000000008d500000, 0x000000008d600000, 0x000000008d600000|100%| E|CS|TAMS 0x000000008d500000, 0x000000008d500000| Complete 
| 214|0x000000008d600000, 0x000000008d700000, 0x000000008d700000|100%| E|CS|TAMS 0x000000008d600000, 0x000000008d600000| Complete 
| 215|0x000000008d700000, 0x000000008d800000, 0x000000008d800000|100%| E|CS|TAMS 0x000000008d700000, 0x000000008d700000| Complete 
| 216|0x000000008d800000, 0x000000008d900000, 0x000000008d900000|100%| E|CS|TAMS 0x000000008d800000, 0x000000008d800000| Complete 
| 217|0x000000008d900000, 0x000000008da00000, 0x000000008da00000|100%| E|CS|TAMS 0x000000008d900000, 0x000000008d900000| Complete 
| 218|0x000000008da00000, 0x000000008db00000, 0x000000008db00000|100%| E|CS|TAMS 0x000000008da00000, 0x000000008da00000| Complete 
| 219|0x000000008db00000, 0x000000008dc00000, 0x000000008dc00000|100%| E|CS|TAMS 0x000000008db00000, 0x000000008db00000| Complete 
| 220|0x000000008dc00000, 0x000000008dd00000, 0x000000008dd00000|100%| E|CS|TAMS 0x000000008dc00000, 0x000000008dc00000| Complete 
| 221|0x000000008dd00000, 0x000000008de00000, 0x000000008de00000|100%| E|CS|TAMS 0x000000008dd00000, 0x000000008dd00000| Complete 
| 222|0x000000008de00000, 0x000000008df00000, 0x000000008df00000|100%| E|CS|TAMS 0x000000008de00000, 0x000000008de00000| Complete 
| 223|0x000000008df00000, 0x000000008e000000, 0x000000008e000000|100%| E|CS|TAMS 0x000000008df00000, 0x000000008df00000| Complete 
| 224|0x000000008e000000, 0x000000008e100000, 0x000000008e100000|100%| E|CS|TAMS 0x000000008e000000, 0x000000008e000000| Complete 
| 225|0x000000008e100000, 0x000000008e200000, 0x000000008e200000|100%| E|CS|TAMS 0x000000008e100000, 0x000000008e100000| Complete 
| 226|0x000000008e200000, 0x000000008e300000, 0x000000008e300000|100%| E|CS|TAMS 0x000000008e200000, 0x000000008e200000| Complete 
| 227|0x000000008e300000, 0x000000008e400000, 0x000000008e400000|100%| E|CS|TAMS 0x000000008e300000, 0x000000008e300000| Complete 
| 228|0x000000008e400000, 0x000000008e500000, 0x000000008e500000|100%| E|CS|TAMS 0x000000008e400000, 0x000000008e400000| Complete 
| 229|0x000000008e500000, 0x000000008e600000, 0x000000008e600000|100%| E|CS|TAMS 0x000000008e500000, 0x000000008e500000| Complete 
| 230|0x000000008e600000, 0x000000008e700000, 0x000000008e700000|100%| E|CS|TAMS 0x000000008e600000, 0x000000008e600000| Complete 

Card table byte_map: [0x00000186fe660000,0x00000186fea60000] _byte_map_base: 0x00000186fe260000

Marking Bits (Prev, Next): (CMBitMap*) 0x00000186fe1be2c0, (CMBitMap*) 0x00000186fe1be288
 Prev Bits: [0x0000018694a10000, 0x0000018696a10000)
 Next Bits: [0x0000018692a10000, 0x0000018694a10000)

Polling page: 0x00000186fbfc0000

Metaspace:

Usage:
  Non-class:     79.02 MB capacity,    77.68 MB ( 98%) used,     1.08 MB (  1%) free+waste,   263.88 KB ( <1%) overhead. 
      Class:     12.30 MB capacity,    11.49 MB ( 93%) used,   706.82 KB (  6%) free+waste,   119.06 KB ( <1%) overhead. 
       Both:     91.32 MB capacity,    89.18 MB ( 98%) used,     1.77 MB (  2%) free+waste,   382.94 KB ( <1%) overhead. 

Virtual space:
  Non-class space:       80.00 MB reserved,      79.21 MB (>99%) committed 
      Class space:        1.00 GB reserved,      12.38 MB (  1%) committed 
             Both:        1.08 GB reserved,      91.59 MB (  8%) committed 

Chunk freelists:
   Non-Class:  0 bytes
       Class:  12.00 KB
        Both:  12.00 KB

MaxMetaspaceSize: 17179869184.00 GB
CompressedClassSpaceSize: 1.00 GB

CodeHeap 'non-profiled nmethods': size=120064Kb used=6465Kb max_used=6465Kb free=113598Kb
 bounds [0x000001868b4d0000, 0x000001868bb30000, 0x0000018692a10000]
CodeHeap 'profiled nmethods': size=120000Kb used=24261Kb max_used=24261Kb free=95739Kb
 bounds [0x0000018683fa0000, 0x0000018685760000, 0x000001868b4d0000]
CodeHeap 'non-nmethods': size=5696Kb used=2288Kb max_used=2348Kb free=3407Kb
 bounds [0x0000018683a10000, 0x0000018683c80000, 0x0000018683fa0000]
 total_blobs=12341 nmethods=11445 adapters=807
 compilation: enabled
              stopped_count=0, restarted_count=0
 full_count=0

Compilation events (20 events):
Event: 23.102 Thread 0x00000186ffbf3800 11560       3       org.apache.xerces.parsers.SecuritySupport$7::run (20 bytes)
Event: 23.102 Thread 0x00000186ffbf3800 nmethod 11560 0x0000018685738c90 code [0x0000018685738e60, 0x0000018685739008]
Event: 23.102 Thread 0x00000186ffbf3800 11561       3       org.apache.xerces.parsers.SecuritySupport$6::run (32 bytes)
Event: 23.102 Thread 0x00000186ffbf3800 nmethod 11561 0x0000018685739110 code [0x0000018685739340, 0x00000186857399c8]
Event: 23.103 Thread 0x00000186ffbf3800 11562   !   3       org.apache.xerces.parsers.ObjectFactory::findProviderClass (137 bytes)
Event: 23.105 Thread 0x00000186ffbf3800 nmethod 11562 0x0000018685739c90 code [0x000001868573a040, 0x000001868573b888]
Event: 23.105 Thread 0x00000186ffbf3800 11563       3       org.apache.xerces.util.ParserConfigurationSettings::<init> (54 bytes)
Event: 23.106 Thread 0x00000186ffbf3800 nmethod 11563 0x000001868573c110 code [0x000001868573c360, 0x000001868573ce18]
Event: 23.106 Thread 0x00000186ffbf3800 11564       3       org.apache.xerces.impl.XMLEntityManager::<init> (173 bytes)
Event: 23.107 Thread 0x00000186ffbf3800 nmethod 11564 0x000001868573d110 code [0x000001868573d460, 0x000001868573eae8]
Event: 23.107 Thread 0x00000186ffbf3800 11565       3       org.apache.xerces.impl.XMLEntityManager$CharacterBufferPool::<init> (8 bytes)
Event: 23.108 Thread 0x00000186ffbf3800 nmethod 11565 0x000001868573f190 code [0x000001868573f360, 0x000001868573f568]
Event: 23.108 Thread 0x00000186ffbf3800 11566       3       org.apache.xerces.impl.XMLEntityManager$CharacterBufferPool::<init> (24 bytes)
Event: 23.108 Thread 0x00000186ffbf3800 nmethod 11566 0x000001868573f690 code [0x000001868573f860, 0x000001868573fc18]
Event: 23.108 Thread 0x00000186ffbf3800 11567       3       org.apache.xerces.impl.XMLEntityManager$CharacterBufferPool::init (33 bytes)
Event: 23.108 Thread 0x00000186ffbf3800 nmethod 11567 0x000001868573fd10 code [0x000001868573fec0, 0x00000186857401b8]
Event: 23.108 Thread 0x00000186ffbf3800 11568       3       org.apache.xerces.impl.XMLEntityManager::getRecognizedFeatures (10 bytes)
Event: 23.109 Thread 0x00000186ffbf3800 nmethod 11568 0x0000018685740290 code [0x0000018685740460, 0x0000018685740708]
Event: 23.109 Thread 0x00000186ffbf3800 11569       3       org.apache.xerces.impl.XMLEntityManager::getRecognizedProperties (10 bytes)
Event: 23.110 Thread 0x00000186ffbf3800 nmethod 11569 0x0000018685740810 code [0x00000186857409e0, 0x0000018685740c88]

GC Heap History (20 events):
Event: 3.572 GC heap before
{Heap before GC invocations=3 (full 0):
 garbage-first heap   total 196608K, used 75549K [0x0000000080000000, 0x0000000100000000)
  region size 1024K, 67 young (68608K), 3 survivors (3072K)
 Metaspace       used 20553K, capacity 21092K, committed 21248K, reserved 1067008K
  class space    used 2504K, capacity 2690K, committed 2816K, reserved 1048576K
}
Event: 3.584 GC heap after
{Heap after GC invocations=4 (full 0):
 garbage-first heap   total 196608K, used 16693K [0x0000000080000000, 0x0000000100000000)
  region size 1024K, 9 young (9216K), 9 survivors (9216K)
 Metaspace       used 20553K, capacity 21092K, committed 21248K, reserved 1067008K
  class space    used 2504K, capacity 2690K, committed 2816K, reserved 1048576K
}
Event: 4.852 GC heap before
{Heap before GC invocations=5 (full 0):
 garbage-first heap   total 196608K, used 93493K [0x0000000080000000, 0x0000000100000000)
  region size 1024K, 84 young (86016K), 9 survivors (9216K)
 Metaspace       used 27869K, capacity 28568K, committed 28800K, reserved 1075200K
  class space    used 3693K, capacity 3932K, committed 3968K, reserved 1048576K
}
Event: 4.867 GC heap after
{Heap after GC invocations=6 (full 0):
 garbage-first heap   total 196608K, used 19053K [0x0000000080000000, 0x0000000100000000)
  region size 1024K, 8 young (8192K), 8 survivors (8192K)
 Metaspace       used 27869K, capacity 28568K, committed 28800K, reserved 1075200K
  class space    used 3693K, capacity 3932K, committed 3968K, reserved 1048576K
}
Event: 5.724 GC heap before
{Heap before GC invocations=6 (full 0):
 garbage-first heap   total 196608K, used 53869K [0x0000000080000000, 0x0000000100000000)
  region size 1024K, 44 young (45056K), 8 survivors (8192K)
 Metaspace       used 35032K, capacity 35793K, committed 35840K, reserved 1081344K
  class space    used 4539K, capacity 4832K, committed 4864K, reserved 1048576K
}
Event: 5.739 GC heap after
{Heap after GC invocations=7 (full 0):
 garbage-first heap   total 196608K, used 21981K [0x0000000080000000, 0x0000000100000000)
  region size 1024K, 6 young (6144K), 6 survivors (6144K)
 Metaspace       used 35032K, capacity 35793K, committed 35840K, reserved 1081344K
  class space    used 4539K, capacity 4832K, committed 4864K, reserved 1048576K
}
Event: 7.387 GC heap before
{Heap before GC invocations=8 (full 0):
 garbage-first heap   total 196608K, used 114141K [0x0000000080000000, 0x0000000100000000)
  region size 1024K, 93 young (95232K), 6 survivors (6144K)
 Metaspace       used 42746K, capacity 43764K, committed 44032K, reserved 1087488K
  class space    used 5435K, capacity 5795K, committed 5888K, reserved 1048576K
}
Event: 7.415 GC heap after
{Heap after GC invocations=9 (full 0):
 garbage-first heap   total 196608K, used 27925K [0x0000000080000000, 0x0000000100000000)
  region size 1024K, 12 young (12288K), 12 survivors (12288K)
 Metaspace       used 42746K, capacity 43764K, committed 44032K, reserved 1087488K
  class space    used 5435K, capacity 5795K, committed 5888K, reserved 1048576K
}
Event: 9.128 GC heap before
{Heap before GC invocations=10 (full 0):
 garbage-first heap   total 196608K, used 122133K [0x0000000080000000, 0x0000000100000000)
  region size 1024K, 105 young (107520K), 12 survivors (12288K)
 Metaspace       used 50979K, capacity 52185K, committed 52352K, reserved 1095680K
  class space    used 6588K, capacity 7002K, committed 7040K, reserved 1048576K
}
Event: 9.156 GC heap after
{Heap after GC invocations=11 (full 0):
 garbage-first heap   total 236544K, used 31612K [0x0000000080000000, 0x0000000100000000)
  region size 1024K, 10 young (10240K), 10 survivors (10240K)
 Metaspace       used 50979K, capacity 52185K, committed 52352K, reserved 1095680K
  class space    used 6588K, capacity 7002K, committed 7040K, reserved 1048576K
}
Event: 12.272 GC heap before
{Heap before GC invocations=11 (full 0):
 garbage-first heap   total 236544K, used 169852K [0x0000000080000000, 0x0000000100000000)
  region size 1024K, 138 young (141312K), 10 survivors (10240K)
 Metaspace       used 61580K, capacity 63047K, committed 63232K, reserved 1103872K
  class space    used 7834K, capacity 8355K, committed 8448K, reserved 1048576K
}
Event: 12.302 GC heap after
{Heap after GC invocations=12 (full 0):
 garbage-first heap   total 236544K, used 53248K [0x0000000080000000, 0x0000000100000000)
  region size 1024K, 18 young (18432K), 18 survivors (18432K)
 Metaspace       used 61580K, capacity 63047K, committed 63232K, reserved 1103872K
  class space    used 7834K, capacity 8355K, committed 8448K, reserved 1048576K
}
Event: 14.485 GC heap before
{Heap before GC invocations=12 (full 0):
 garbage-first heap   total 236544K, used 166912K [0x0000000080000000, 0x0000000100000000)
  region size 1024K, 129 young (132096K), 18 survivors (18432K)
 Metaspace       used 71730K, capacity 73491K, committed 73816K, reserved 1114112K
  class space    used 9127K, capacity 9731K, committed 9856K, reserved 1048576K
}
Event: 14.523 GC heap after
{Heap after GC invocations=13 (full 0):
 garbage-first heap   total 236544K, used 62421K [0x0000000080000000, 0x0000000100000000)
  region size 1024K, 10 young (10240K), 10 survivors (10240K)
 Metaspace       used 71730K, capacity 73491K, committed 73816K, reserved 1114112K
  class space    used 9127K, capacity 9731K, committed 9856K, reserved 1048576K
}
Event: 14.644 GC heap before
{Heap before GC invocations=13 (full 0):
 garbage-first heap   total 236544K, used 74709K [0x0000000080000000, 0x0000000100000000)
  region size 1024K, 23 young (23552K), 10 survivors (10240K)
 Metaspace       used 71942K, capacity 73657K, committed 73816K, reserved 1114112K
  class space    used 9139K, capacity 9764K, committed 9856K, reserved 1048576K
}
Event: 14.665 GC heap after
{Heap after GC invocations=14 (full 0):
 garbage-first heap   total 236544K, used 64000K [0x0000000080000000, 0x0000000100000000)
  region size 1024K, 2 young (2048K), 2 survivors (2048K)
 Metaspace       used 71942K, capacity 73657K, committed 73816K, reserved 1114112K
  class space    used 9139K, capacity 9764K, committed 9856K, reserved 1048576K
}
Event: 17.403 GC heap before
{Heap before GC invocations=15 (full 0):
 garbage-first heap   total 236544K, used 179712K [0x0000000080000000, 0x0000000100000000)
  region size 1024K, 115 young (117760K), 2 survivors (2048K)
 Metaspace       used 84625K, capacity 86480K, committed 86744K, reserved 1124352K
  class space    used 11007K, capacity 11705K, committed 11776K, reserved 1048576K
}
Event: 17.423 GC heap after
{Heap after GC invocations=16 (full 0):
 garbage-first heap   total 236544K, used 69779K [0x0000000080000000, 0x0000000100000000)
  region size 1024K, 8 young (8192K), 8 survivors (8192K)
 Metaspace       used 84625K, capacity 86480K, committed 86744K, reserved 1124352K
  class space    used 11007K, capacity 11705K, committed 11776K, reserved 1048576K
}
Event: 20.495 GC heap before
{Heap before GC invocations=17 (full 0):
 garbage-first heap   total 236544K, used 182419K [0x0000000080000000, 0x0000000100000000)
  region size 1024K, 119 young (121856K), 8 survivors (8192K)
 Metaspace       used 89671K, capacity 91905K, committed 92120K, reserved 1128448K
  class space    used 11641K, capacity 12478K, committed 12544K, reserved 1048576K
}
Event: 20.526 GC heap after
{Heap after GC invocations=18 (full 0):
 garbage-first heap   total 236544K, used 77425K [0x0000000080000000, 0x0000000100000000)
  region size 1024K, 15 young (15360K), 15 survivors (15360K)
 Metaspace       used 89671K, capacity 91905K, committed 92120K, reserved 1128448K
  class space    used 11641K, capacity 12478K, committed 12544K, reserved 1048576K
}

Deoptimization events (20 events):
Event: 22.419 Thread 0x000001869e87b000 DEOPT PACKING pc=0x000001868bad757c sp=0x00000028966f9bd0
Event: 22.419 Thread 0x000001869e87b000 DEOPT UNPACKING pc=0x0000018683a378af sp=0x00000028966f9b48 mode 2
Event: 22.482 Thread 0x000001869e87b000 Uncommon trap: trap_request=0xffffffbe fr.pc=0x000001868baf14a0 relative=0x0000000000000860
Event: 22.482 Thread 0x000001869e87b000 Uncommon trap: reason=profile_predicate action=maybe_recompile pc=0x000001868baf14a0 method=com.android.utils.PositionXmlParser$DomBuilder.findOpeningTag(Lcom/android/utils/PositionXmlParser$Position;)Lcom/android/utils/PositionXmlParser$Position; @ 45 c2
Event: 22.482 Thread 0x000001869e87b000 DEOPT PACKING pc=0x000001868baf14a0 sp=0x00000028966f9bd0
Event: 22.482 Thread 0x000001869e87b000 DEOPT UNPACKING pc=0x0000018683a378af sp=0x00000028966f9b40 mode 2
Event: 22.482 Thread 0x000001869e87b000 Uncommon trap: trap_request=0xffffffbe fr.pc=0x000001868baf14a0 relative=0x0000000000000860
Event: 22.482 Thread 0x000001869e87b000 Uncommon trap: reason=profile_predicate action=maybe_recompile pc=0x000001868baf14a0 method=com.android.utils.PositionXmlParser$DomBuilder.findOpeningTag(Lcom/android/utils/PositionXmlParser$Position;)Lcom/android/utils/PositionXmlParser$Position; @ 45 c2
Event: 22.482 Thread 0x000001869e87b000 DEOPT PACKING pc=0x000001868baf14a0 sp=0x00000028966f9bd0
Event: 22.482 Thread 0x000001869e87b000 DEOPT UNPACKING pc=0x0000018683a378af sp=0x00000028966f9b40 mode 2
Event: 22.709 Thread 0x000001869e87b000 DEOPT PACKING pc=0x0000018684eaa6df sp=0x00000028966f6b20
Event: 22.709 Thread 0x000001869e87b000 DEOPT UNPACKING pc=0x0000018683a376ce sp=0x00000028966f5fa8 mode 0
Event: 22.709 Thread 0x000001869e87b000 Uncommon trap: trap_request=0xffffffc6 fr.pc=0x000001868baf5464 relative=0x0000000000000504
Event: 22.709 Thread 0x000001869e87b000 Uncommon trap: reason=bimorphic_or_optimized_type_check action=maybe_recompile pc=0x000001868baf5464 method=org.apache.xerces.dom.NamedNodeMapImpl.findNamePoint(Ljava/lang/String;I)I @ 50 c2
Event: 22.709 Thread 0x000001869e87b000 DEOPT PACKING pc=0x000001868baf5464 sp=0x00000028966f9a30
Event: 22.710 Thread 0x000001869e87b000 DEOPT UNPACKING pc=0x0000018683a378af sp=0x00000028966f99c8 mode 2
Event: 22.713 Thread 0x000001869e87b000 Uncommon trap: trap_request=0xffffff4d fr.pc=0x000001868bae6204 relative=0x0000000000000664
Event: 22.713 Thread 0x000001869e87b000 Uncommon trap: reason=unstable_if action=reinterpret pc=0x000001868bae6204 method=org.apache.xerces.impl.XMLEntityScanner.scanLiteral(ILorg/apache/xerces/xni/XMLString;)I @ 606 c2
Event: 22.713 Thread 0x000001869e87b000 DEOPT PACKING pc=0x000001868bae6204 sp=0x00000028966f9ad0
Event: 22.713 Thread 0x000001869e87b000 DEOPT UNPACKING pc=0x0000018683a378af sp=0x00000028966f9a58 mode 2

Classes redefined (0 events):
No events

Internal exceptions (20 events):
Event: 16.959 Thread 0x000001869a770000 Exception <a 'sun/nio/fs/WindowsException'{0x0000000088b45980}> (0x0000000088b45980) thrown at [./src/hotspot/share/prims/jni.cpp, line 615]
Event: 17.673 Thread 0x000001869a770000 Exception <a 'java/lang/NoSuchMethodError'{0x000000008e18d5e0}: 'java.lang.Object java.lang.invoke.Invokers$Holder.linkToTargetMethod(java.lang.Object, int, int, java.lang.Object)'> (0x000000008e18d5e0) thrown at [./src/hotspot/share/interpreter/linkResolver.cpp, line 773]
Event: 18.038 Thread 0x000001869b7a6000 Exception <a 'java/lang/NoSuchMethodError'{0x000000008e687c08}: <clinit>> (0x000000008e687c08) thrown at [./src/hotspot/share/prims/jni.cpp, line 1362]
Event: 18.039 Thread 0x000001869b7a6000 Exception <a 'java/lang/NoSuchMethodError'{0x000000008ce8ab20}: <clinit>> (0x000000008ce8ab20) thrown at [./src/hotspot/share/prims/jni.cpp, line 1362]
Event: 18.062 Thread 0x000001869b7a6000 Exception <a 'java/lang/NoSuchMethodError'{0x000000008cdb0810}: <clinit>> (0x000000008cdb0810) thrown at [./src/hotspot/share/prims/jni.cpp, line 1362]
Event: 18.064 Thread 0x000001869b7a6000 Exception <a 'java/lang/NoSuchMethodError'{0x000000008cdc0e18}: <clinit>> (0x000000008cdc0e18) thrown at [./src/hotspot/share/prims/jni.cpp, line 1362]
Event: 18.064 Thread 0x000001869b7a6000 Exception <a 'java/lang/NoSuchMethodError'{0x000000008cdc20f0}: <clinit>> (0x000000008cdc20f0) thrown at [./src/hotspot/share/prims/jni.cpp, line 1362]
Event: 18.112 Thread 0x000001869e87c800 Exception <a 'java/lang/NoSuchMethodError'{0x000000008cb5f270}: <clinit>> (0x000000008cb5f270) thrown at [./src/hotspot/share/prims/jni.cpp, line 1362]
Event: 18.116 Thread 0x000001869e87c800 Exception <a 'java/lang/NoSuchMethodError'{0x000000008cb73ee0}: <clinit>> (0x000000008cb73ee0) thrown at [./src/hotspot/share/prims/jni.cpp, line 1362]
Event: 18.118 Thread 0x000001869e87c800 Exception <a 'java/lang/NoSuchMethodError'{0x000000008cb8d168}: <clinit>> (0x000000008cb8d168) thrown at [./src/hotspot/share/prims/jni.cpp, line 1362]
Event: 18.174 Thread 0x000001869b7a6000 Exception <a 'java/lang/NoSuchMethodError'{0x000000008c9896e8}: <clinit>> (0x000000008c9896e8) thrown at [./src/hotspot/share/prims/jni.cpp, line 1362]
Event: 18.203 Thread 0x000001869a770000 Exception <a 'java/lang/NoSuchMethodError'{0x000000008c9c0ef8}: 'java.lang.Object java.lang.invoke.Invokers$Holder.linkToTargetMethod(java.lang.Object, java.lang.Object, java.lang.Object, int, java.lang.Object, java.lang.Object)'> (0x000000008c9c0ef8) thrown at [./src/hotspot/share/interpreter/linkResolver.cpp, line 773]
Event: 18.715 Thread 0x000001869c0e8000 Exception <a 'java/lang/NoSuchMethodError'{0x000000008b963378}: 'java.lang.Object java.lang.invoke.DirectMethodHandle$Holder.invokeSpecialIFC(java.lang.Object, java.lang.Object, java.lang.Object)'> (0x000000008b963378) thrown at [./src/hotspot/share/interpreter/linkResolver.cpp, line 773]
Event: 18.773 Thread 0x000001869c0e2800 Exception <a 'java/lang/NoSuchMethodError'{0x000000008b436c20}: 'int java.lang.invoke.DirectMethodHandle$Holder.invokeStaticInit(java.lang.Object, java.lang.Object, java.lang.Object, java.lang.Object, java.lang.Object)'> (0x000000008b436c20) thrown at [./src/hotspot/share/interpreter/linkResolver.cpp, line 773]
Event: 18.923 Thread 0x000001869c0e8000 Exception <a 'java/lang/NoSuchMethodError'{0x000000008ae04300}: 'void java.lang.invoke.DirectMethodHandle$Holder.invokeStatic(java.lang.Object, java.lang.Object, java.lang.Object, java.lang.Object, java.lang.Object, java.lang.Object, java.lang.Object)'> (0x000000008ae04300) thrown at [./src/hotspot/share/interpreter/linkResolver.cpp, line 773]
Event: 18.925 Thread 0x000001869c0e2800 Exception <a 'java/lang/NoSuchMethodError'{0x000000008af159d8}: 'void java.lang.invoke.DirectMethodHandle$Holder.invokeStatic(java.lang.Object, java.lang.Object, java.lang.Object, java.lang.Object, java.lang.Object, java.lang.Object, java.lang.Object)'> (0x000000008af159d8) thrown at [./src/hotspot/share/interpreter/linkResolver.cpp, line 773]
Event: 20.194 Thread 0x000001869a770000 Exception <a 'java/lang/IncompatibleClassChangeError'{0x0000000088231e30}: Found class java.lang.Object, but interface was expected> (0x0000000088231e30) thrown at [./src/hotspot/share/interpreter/linkResolver.cpp, line 839]
Event: 20.320 Thread 0x000001869b7a6000 Exception <a 'java/lang/NoSuchMethodError'{0x0000000087c02cf8}: <clinit>> (0x0000000087c02cf8) thrown at [./src/hotspot/share/prims/jni.cpp, line 1362]
Event: 20.700 Thread 0x000001869e87b000 Implicit null exception at 0x000001868ba64146 to 0x000001868ba64a40
Event: 21.386 Thread 0x000001869c0e3800 Implicit null exception at 0x000001868ba9c1d2 to 0x000001868ba9c5d8

Events (20 events):
Event: 21.840 loading class com/android/resources/HighDynamicRange
Event: 21.840 loading class com/android/resources/HighDynamicRange done
Event: 21.841 loading class com/android/resources/ScreenOrientation
Event: 21.841 loading class com/android/resources/ScreenOrientation done
Event: 21.841 loading class com/android/resources/UiMode
Event: 21.841 loading class com/android/resources/UiMode done
Event: 21.842 loading class com/android/resources/NightMode
Event: 21.842 loading class com/android/resources/NightMode done
Event: 21.842 loading class com/android/resources/TouchScreen
Event: 21.842 loading class com/android/resources/TouchScreen done
Event: 21.843 loading class com/android/resources/KeyboardState
Event: 21.843 loading class com/android/resources/KeyboardState done
Event: 21.843 loading class com/android/resources/Keyboard
Event: 21.843 loading class com/android/resources/Keyboard done
Event: 21.844 loading class com/android/resources/NavigationState
Event: 21.844 loading class com/android/resources/NavigationState done
Event: 21.844 loading class com/android/resources/Navigation
Event: 21.844 loading class com/android/resources/Navigation done
Event: 22.680 Executing VM operation: ICBufferFull
Event: 22.680 Executing VM operation: ICBufferFull done


Dynamic libraries:
0x00007ff631e20000 - 0x00007ff631e2a000 	C:\Program Files\Android\Android Studio4\jre\bin\java.exe
0x00007ffab90b0000 - 0x00007ffab92a5000 	C:\WINDOWS\SYSTEM32\ntdll.dll
0x00007ffab89f0000 - 0x00007ffab8aad000 	C:\WINDOWS\System32\KERNEL32.DLL
0x00007ffab67e0000 - 0x00007ffab6aa9000 	C:\WINDOWS\System32\KERNELBASE.dll
0x00007ffab6e90000 - 0x00007ffab6f90000 	C:\WINDOWS\System32\ucrtbase.dll
0x00007ffa9cad0000 - 0x00007ffa9cae7000 	C:\Program Files\Android\Android Studio4\jre\bin\VCRUNTIME140.dll
0x00007ffa9ca30000 - 0x00007ffa9ca49000 	C:\Program Files\Android\Android Studio4\jre\bin\jli.dll
0x00007ffab7bb0000 - 0x00007ffab7d50000 	C:\WINDOWS\System32\USER32.dll
0x00007ffab6d00000 - 0x00007ffab6d22000 	C:\WINDOWS\System32\win32u.dll
0x00007ffab87c0000 - 0x00007ffab87ea000 	C:\WINDOWS\System32\GDI32.dll
0x00007ffab6d30000 - 0x00007ffab6e3b000 	C:\WINDOWS\System32\gdi32full.dll
0x00007ffab7070000 - 0x00007ffab710d000 	C:\WINDOWS\System32\msvcp_win.dll
0x00007ffa9f3e0000 - 0x00007ffa9f67a000 	C:\WINDOWS\WinSxS\amd64_microsoft.windows.common-controls_6595b64144ccf1df_6.0.19041.1110_none_60b5254171f9507e\COMCTL32.dll
0x00007ffab8ea0000 - 0x00007ffab8f3e000 	C:\WINDOWS\System32\msvcrt.dll
0x00007ffab8b80000 - 0x00007ffab8bb0000 	C:\WINDOWS\System32\IMM32.DLL
0x00007ffa99680000 - 0x00007ffa9971d000 	C:\Program Files\Android\Android Studio4\jre\bin\msvcp140.dll
0x00007ffa7d780000 - 0x00007ffa7e24f000 	C:\Program Files\Android\Android Studio4\jre\bin\server\jvm.dll
0x00007ffab83b0000 - 0x00007ffab845c000 	C:\WINDOWS\System32\ADVAPI32.dll
0x00007ffab7280000 - 0x00007ffab731b000 	C:\WINDOWS\System32\sechost.dll
0x00007ffab8f40000 - 0x00007ffab906a000 	C:\WINDOWS\System32\RPCRT4.dll
0x00007ffab71f0000 - 0x00007ffab71f8000 	C:\WINDOWS\System32\PSAPI.DLL
0x00007ffaa4840000 - 0x00007ffaa4849000 	C:\WINDOWS\SYSTEM32\WSOCK32.dll
0x00007ffaa3010000 - 0x00007ffaa3037000 	C:\WINDOWS\SYSTEM32\WINMM.dll
0x00007ffaacba0000 - 0x00007ffaacbaa000 	C:\WINDOWS\SYSTEM32\VERSION.dll
0x00007ffab8b10000 - 0x00007ffab8b7b000 	C:\WINDOWS\System32\WS2_32.dll
0x00007ffab50c0000 - 0x00007ffab50d2000 	C:\WINDOWS\SYSTEM32\kernel.appcore.dll
0x00007ffab1a40000 - 0x00007ffab1a51000 	C:\Program Files\Android\Android Studio4\jre\bin\verify.dll
0x00007ffab4d70000 - 0x00007ffab4f54000 	C:\WINDOWS\SYSTEM32\DBGHELP.DLL
0x00007ffa9f7f0000 - 0x00007ffa9f81c000 	C:\WINDOWS\SYSTEM32\dbgcore.DLL
0x00007ffab6b10000 - 0x00007ffab6b93000 	C:\WINDOWS\System32\bcryptPrimitives.dll
0x00007ffa9d540000 - 0x00007ffa9d569000 	C:\Program Files\Android\Android Studio4\jre\bin\java.dll
0x00007ffaaedd0000 - 0x00007ffaaeddb000 	C:\Program Files\Android\Android Studio4\jre\bin\jimage.dll
0x00007ffaa5000000 - 0x00007ffaa5018000 	C:\Program Files\Android\Android Studio4\jre\bin\zip.dll
0x00007ffab7470000 - 0x00007ffab7baf000 	C:\WINDOWS\System32\SHELL32.dll
0x00007ffab45e0000 - 0x00007ffab4d70000 	C:\WINDOWS\SYSTEM32\windows.storage.dll
0x00007ffab8460000 - 0x00007ffab87b5000 	C:\WINDOWS\System32\combase.dll
0x00007ffab6240000 - 0x00007ffab626c000 	C:\WINDOWS\SYSTEM32\Wldp.dll
0x00007ffab8df0000 - 0x00007ffab8e9e000 	C:\WINDOWS\System32\SHCORE.dll
0x00007ffab8ab0000 - 0x00007ffab8b05000 	C:\WINDOWS\System32\shlwapi.dll
0x00007ffab6720000 - 0x00007ffab673f000 	C:\WINDOWS\SYSTEM32\profapi.dll
0x00007ffa9d520000 - 0x00007ffa9d53a000 	C:\Program Files\Android\Android Studio4\jre\bin\net.dll
0x00007ffaa7340000 - 0x00007ffaa7448000 	C:\WINDOWS\SYSTEM32\WINHTTP.dll
0x00007ffab5fa0000 - 0x00007ffab600a000 	C:\WINDOWS\system32\mswsock.dll
0x00007ffa9d500000 - 0x00007ffa9d514000 	C:\Program Files\Android\Android Studio4\jre\bin\nio.dll
0x00007ffa9cb70000 - 0x00007ffa9cb97000 	C:\Users\leoba\.gradle\native\8bec1ad78214c89d9ad589b4d07fe93259594b29d510b10fafb7a158f7737e5d\windows-amd64\native-platform.dll
0x00007ffa95b90000 - 0x00007ffa95ccd000 	C:\Users\leoba\.gradle\native\53dbd7edfb1c66fb8903c78663c9afc45aea4f116125fa6feffd364cf09443e8\windows-amd64\native-platform-file-events.dll
0x00007ffaadbd0000 - 0x00007ffaadbda000 	C:\Program Files\Android\Android Studio4\jre\bin\management.dll
0x00007ffaad680000 - 0x00007ffaad68c000 	C:\Program Files\Android\Android Studio4\jre\bin\management_ext.dll
0x00007ffab61a0000 - 0x00007ffab61b8000 	C:\WINDOWS\SYSTEM32\CRYPTSP.dll
0x00007ffab58b0000 - 0x00007ffab58e4000 	C:\WINDOWS\system32\rsaenh.dll
0x00007ffab6f90000 - 0x00007ffab6fb7000 	C:\WINDOWS\System32\bcrypt.dll
0x00007ffab66e0000 - 0x00007ffab670e000 	C:\WINDOWS\SYSTEM32\USERENV.dll
0x00007ffab6190000 - 0x00007ffab619c000 	C:\WINDOWS\SYSTEM32\CRYPTBASE.dll
0x00007ffab5c40000 - 0x00007ffab5c7b000 	C:\WINDOWS\SYSTEM32\IPHLPAPI.DLL
0x00007ffab7200000 - 0x00007ffab7208000 	C:\WINDOWS\System32\NSI.dll
0x00007ffaa6d90000 - 0x00007ffaa6da7000 	C:\WINDOWS\SYSTEM32\dhcpcsvc6.DLL
0x00007ffaaa360000 - 0x00007ffaaa37d000 	C:\WINDOWS\SYSTEM32\dhcpcsvc.DLL
0x00007ffab5c90000 - 0x00007ffab5d5c000 	C:\WINDOWS\SYSTEM32\DNSAPI.dll

dbghelp: loaded successfully - version: 4.0.5 - missing functions: none
symbol engine: initialized successfully - sym options: 0x614 - pdb path: .;C:\Program Files\Android\Android Studio4\jre\bin;C:\WINDOWS\SYSTEM32;C:\WINDOWS\WinSxS\amd64_microsoft.windows.common-controls_6595b64144ccf1df_6.0.19041.1110_none_60b5254171f9507e;C:\Program Files\Android\Android Studio4\jre\bin\server;C:\Users\leoba\.gradle\native\8bec1ad78214c89d9ad589b4d07fe93259594b29d510b10fafb7a158f7737e5d\windows-amd64;C:\Users\leoba\.gradle\native\53dbd7edfb1c66fb8903c78663c9afc45aea4f116125fa6feffd364cf09443e8\windows-amd64

VM Arguments:
jvm_args: --add-opens=java.base/java.util=ALL-UNNAMED --add-opens=java.base/java.lang=ALL-UNNAMED --add-opens=java.base/java.lang.invoke=ALL-UNNAMED --add-opens=java.base/java.util=ALL-UNNAMED --add-opens=java.prefs/java.util.prefs=ALL-UNNAMED --add-opens=java.prefs/java.util.prefs=ALL-UNNAMED --add-opens=java.base/java.nio.charset=ALL-UNNAMED --add-opens=java.base/java.net=ALL-UNNAMED --add-opens=java.base/java.util.concurrent.atomic=ALL-UNNAMED -Xmx2048m -Dfile.encoding=UTF-8 -Duser.country=ES -Duser.language=es -Duser.variant 
java_command: org.gradle.launcher.daemon.bootstrap.GradleDaemon 7.0.2
java_class_path (initial): C:\Users\leoba\.gradle\wrapper\dists\gradle-7.0.2-bin\857tjihv64xamwrf0h14cai3r\gradle-7.0.2\lib\gradle-launcher-7.0.2.jar
Launcher Type: SUN_STANDARD

[Global flags]
     intx CICompilerCount                          = 3                                         {product} {ergonomic}
     uint ConcGCThreads                            = 1                                         {product} {ergonomic}
     uint G1ConcRefinementThreads                  = 4                                         {product} {ergonomic}
   size_t G1HeapRegionSize                         = 1048576                                   {product} {ergonomic}
    uintx GCDrainStackTargetSize                   = 64                                        {product} {ergonomic}
   size_t InitialHeapSize                          = 201326592                                 {product} {ergonomic}
   size_t MarkStackSize                            = 4194304                                   {product} {ergonomic}
   size_t MaxHeapSize                              = 2147483648                                {product} {command line}
   size_t MaxNewSize                               = 1287651328                                {product} {ergonomic}
   size_t MinHeapDeltaBytes                        = 1048576                                   {product} {ergonomic}
    uintx NonNMethodCodeHeapSize                   = 5830732                                {pd product} {ergonomic}
    uintx NonProfiledCodeHeapSize                  = 122913754                              {pd product} {ergonomic}
    uintx ProfiledCodeHeapSize                     = 122913754                              {pd product} {ergonomic}
    uintx ReservedCodeCacheSize                    = 251658240                              {pd product} {ergonomic}
     bool SegmentedCodeCache                       = true                                      {product} {ergonomic}
     bool UseCompressedClassPointers               = true                                 {lp64_product} {ergonomic}
     bool UseCompressedOops                        = true                                 {lp64_product} {ergonomic}
     bool UseG1GC                                  = true                                      {product} {ergonomic}
     bool UseLargePagesIndividualAllocation        = false                                  {pd product} {ergonomic}

Logging:
Log output configuration:
 #0: stdout all=warning uptime,level,tags
 #1: stderr all=off uptime,level,tags

Environment Variables:
PATH=C:\Program Files (x86)\Intel\Intel(R) Management Engine Components\iCLS\;C:\Program Files\Intel\Intel(R) Management Engine Components\iCLS\;C:\WINDOWS\system32;C:\WINDOWS;C:\WINDOWS\System32\Wbem;C:\WINDOWS\System32\WindowsPowerShell\v1.0\;C:\Program Files (x86)\Intel\Intel(R) Management Engine Components\DAL;C:\Program Files\Intel\Intel(R) Management Engine Components\DAL;C:\Program Files (x86)\Intel\Intel(R) Management Engine Components\IPT;C:\Program Files\Intel\Intel(R) Management Engine Components\IPT;c:\Program Files (x86)\Microsoft SQL Server\100\Tools\Binn\;c:\Program Files\Microsoft SQL Server\100\Tools\Binn\;c:\Program Files\Microsoft SQL Server\100\DTS\Binn\;c:\Program Files (x86)\Microsoft SQL Server\100\Tools\Binn\VSShell\Common7\IDE\;c:\Program Files (x86)\Microsoft SQL Server\100\DTS\Binn\;C:\WINDOWS\system32\config\systemprofile\.dnx\bin;C:\Program Files\Microsoft DNX\Dnvm\;C:\Program Files\Microsoft SQL Server\130\Tools\Binn\;C:\WINDOWS\System32\OpenSSH\;C:\Program Files\Git\cmd;C:\Users\leoba\AppData\Local\Microsoft\WindowsApps;C:\Users\leoba\AppData\Local\GitHubDesktop\bin;%USERPROFILE%\AppData\Local\Microsoft\WindowsApps;
USERNAME=leoba
OS=Windows_NT
PROCESSOR_IDENTIFIER=Intel64 Family 6 Model 142 Stepping 10, GenuineIntel



---------------  S Y S T E M  ---------------

OS: Windows 10 , 64 bit Build 19041 (10.0.19041.1151)
OS uptime: 3 days 1:33 hours

CPU:total 4 (initial active 4) (2 cores per cpu, 2 threads per core) family 6 model 142 stepping 10 microcode 0xb4, cmov, cx8, fxsr, mmx, sse, sse2, sse3, ssse3, sse4.1, sse4.2, popcnt, avx, avx2, aes, clmul, erms, 3dnowpref, lzcnt, ht, tsc, tscinvbit, bmi1, bmi2, adx, fma

Memory: 4k page, system-wide physical 12197M (790M free)
TotalPageFile size 12197M (AvailPageFile size 5M)
current process WorkingSet (physical memory assigned to process): 474M, peak: 479M
current process commit charge ("private bytes"): 519M, peak: 526M

vm_info: OpenJDK 64-Bit Server VM (11.0.10+0-b96-7249189) for windows-amd64 JRE (11.0.10+0-b96-7249189), built on Mar 31 2021 21:44:00 by "builder" with MS VC++ 14.0 (VS2015)

END.
