#
# There is insufficient memory for the Java Runtime Environment to continue.
# Native memory allocation (malloc) failed to allocate 1338896 bytes for Chunk::new
# Possible reasons:
#   The system is out of physical RAM or swap space
#   The process is running with CompressedOops enabled, and the Java Heap may be blocking the growth of the native heap
# Possible solutions:
#   Reduce memory load on the system
#   Increase physical memory or swap space
#   Check if swap backing store is full
#   Decrease Java heap size (-Xmx/-Xms)
#   Decrease number of Java threads
#   Decrease Java thread stack sizes (-Xss)
#   Set larger code cache with -XX:ReservedCodeCacheSize=
#   JVM is running with Unscaled Compressed Oops mode in which the Java heap is
#     placed in the first 4GB address space. The Java Heap base address is the
#     maximum limit for the native heap growth. Please use -XX:HeapBaseMinAddress
#     to set the Java Heap base and to place the Java Heap above 4GB virtual address.
# This output file may be truncated or incomplete.
#
#  Out of Memory Error (./src/hotspot/share/memory/arena.cpp:197), pid=14948, tid=17260
#
# JRE version: OpenJDK Runtime Environment (11.0.10) (build 11.0.10+0-b96-7249189)
# Java VM: OpenJDK 64-Bit Server VM (11.0.10+0-b96-7249189, mixed mode, tiered, compressed oops, g1 gc, windows-amd64)
# No core dump will be written. Minidumps are not enabled by default on client versions of Windows
#

---------------  S U M M A R Y ------------

Command Line: --add-opens=java.base/java.util=ALL-UNNAMED --add-opens=java.base/java.lang=ALL-UNNAMED --add-opens=java.base/java.lang.invoke=ALL-UNNAMED --add-opens=java.base/java.util=ALL-UNNAMED --add-opens=java.prefs/java.util.prefs=ALL-UNNAMED --add-opens=java.prefs/java.util.prefs=ALL-UNNAMED --add-opens=java.base/java.nio.charset=ALL-UNNAMED --add-opens=java.base/java.net=ALL-UNNAMED --add-opens=java.base/java.util.concurrent.atomic=ALL-UNNAMED -Xmx2048m -Dfile.encoding=UTF-8 -Duser.country=ES -Duser.language=es -Duser.variant org.gradle.launcher.daemon.bootstrap.GradleDaemon 7.0.2

Host: Intel(R) Core(TM) i3-7020U CPU @ 2.30GHz, 4 cores, 11G,  Windows 10 , 64 bit Build 19041 (10.0.19041.1151)
Time: Thu Sep  2 12:13:51 2021 Hora estándar de Argentina elapsed time: 17.849464 seconds (0d 0h 0m 17s)

---------------  T H R E A D  ---------------

Current thread (0x00000269d04d4000):  JavaThread "C2 CompilerThread1" daemon [_thread_in_native, id=17260, stack(0x000000e805500000,0x000000e805600000)]


Current CompileTask:
C2:  17849 9509       4       org.gradle.internal.snapshot.DirectorySnapshot$$Lambda$946/0x0000000100b42c40::accept (20 bytes)

Stack: [0x000000e805500000,0x000000e805600000]
Native frames: (J=compiled Java code, j=interpreted, Vv=VM code, C=native code)
V  [jvm.dll+0x5ecfaa]
V  [jvm.dll+0x722bd5]
V  [jvm.dll+0x72412d]
V  [jvm.dll+0x7247e3]
V  [jvm.dll+0x242928]
V  [jvm.dll+0xbc4fc]
V  [jvm.dll+0xbca0c]
V  [jvm.dll+0x352d7d]
V  [jvm.dll+0x19800c]
V  [jvm.dll+0x1fb70e]
V  [jvm.dll+0x1fa7f4]
V  [jvm.dll+0x18354c]
V  [jvm.dll+0x208ee7]
V  [jvm.dll+0x207731]
V  [jvm.dll+0x6eb1cf]
V  [jvm.dll+0x6e3d45]
V  [jvm.dll+0x5ebe96]
C  [ucrtbase.dll+0x21bb2]
C  [KERNEL32.DLL+0x17034]
C  [ntdll.dll+0x52651]


---------------  P R O C E S S  ---------------

Threads class SMR info:
_java_thread_list=0x00000269cdda2a20, length=48, elements={
0x00000269b129d800, 0x00000269cd651800, 0x00000269cd655000, 0x00000269cce41000,
0x00000269cce42800, 0x00000269cce45800, 0x00000269cce48800, 0x00000269cd6a2800,
0x00000269cd6a9800, 0x00000269cd80c800, 0x00000269ceb68800, 0x00000269ceb6d800,
0x00000269ceb67800, 0x00000269ceb6a000, 0x00000269ceb6e000, 0x00000269ceb6b000,
0x00000269ceb6b800, 0x00000269ceb6c800, 0x00000269d04d1000, 0x00000269d04d6800,
0x00000269d04d7800, 0x00000269d04d1800, 0x00000269d04d2800, 0x00000269d04d4000,
0x00000269d04d6000, 0x00000269d04d5000, 0x00000269d04d9000, 0x00000269d04d8000,
0x00000269d04d3800, 0x00000269d04dc800, 0x00000269d04dd000, 0x00000269d04da800,
0x00000269d04de000, 0x00000269d04de800, 0x00000269cdd4a800, 0x00000269cdd4f800,
0x00000269cdd4c000, 0x00000269cdd4d000, 0x00000269cdd49800, 0x00000269cdd4e800,
0x00000269cdd4d800, 0x00000269cdd4b000, 0x00000269cdd50000, 0x00000269cdd56800,
0x00000269cdd56000, 0x00000269cdd54000, 0x00000269cdd51000, 0x00000269cdd57800
}

Java Threads: ( => current thread )
  0x00000269b129d800 JavaThread "main" [_thread_blocked, id=15808, stack(0x000000e803400000,0x000000e803500000)]
  0x00000269cd651800 JavaThread "Reference Handler" daemon [_thread_blocked, id=14696, stack(0x000000e803b00000,0x000000e803c00000)]
  0x00000269cd655000 JavaThread "Finalizer" daemon [_thread_blocked, id=16788, stack(0x000000e803c00000,0x000000e803d00000)]
  0x00000269cce41000 JavaThread "Signal Dispatcher" daemon [_thread_blocked, id=15516, stack(0x000000e803d00000,0x000000e803e00000)]
  0x00000269cce42800 JavaThread "Attach Listener" daemon [_thread_blocked, id=15696, stack(0x000000e803e00000,0x000000e803f00000)]
  0x00000269cce45800 JavaThread "Service Thread" daemon [_thread_blocked, id=12244, stack(0x000000e803f00000,0x000000e804000000)]
  0x00000269cce48800 JavaThread "C2 CompilerThread0" daemon [_thread_blocked, id=11188, stack(0x000000e804000000,0x000000e804100000)]
  0x00000269cd6a2800 JavaThread "C1 CompilerThread0" daemon [_thread_in_native, id=868, stack(0x000000e804100000,0x000000e804200000)]
  0x00000269cd6a9800 JavaThread "Sweeper thread" daemon [_thread_blocked, id=3192, stack(0x000000e804200000,0x000000e804300000)]
  0x00000269cd80c800 JavaThread "Common-Cleaner" daemon [_thread_blocked, id=8468, stack(0x000000e804300000,0x000000e804400000)]
  0x00000269ceb68800 JavaThread "Daemon health stats" [_thread_blocked, id=9948, stack(0x000000e804900000,0x000000e804a00000)]
  0x00000269ceb6d800 JavaThread "Incoming local TCP Connector on port 59192" [_thread_in_native, id=5368, stack(0x000000e804500000,0x000000e804600000)]
  0x00000269ceb67800 JavaThread "Daemon periodic checks" [_thread_blocked, id=9004, stack(0x000000e804a00000,0x000000e804b00000)]
  0x00000269ceb6a000 JavaThread "Daemon" [_thread_blocked, id=2932, stack(0x000000e804b00000,0x000000e804c00000)]
  0x00000269ceb6e000 JavaThread "Handler for socket connection from /127.0.0.1:59192 to /127.0.0.1:59193" [_thread_in_native, id=13556, stack(0x000000e804c00000,0x000000e804d00000)]
  0x00000269ceb6b000 JavaThread "Cancel handler" [_thread_blocked, id=9152, stack(0x000000e804e00000,0x000000e804f00000)]
  0x00000269ceb6b800 JavaThread "Daemon worker" [_thread_blocked, id=5336, stack(0x000000e804f00000,0x000000e805000000)]
  0x00000269ceb6c800 JavaThread "Asynchronous log dispatcher for DefaultDaemonConnection: socket connection from /127.0.0.1:59192 to /127.0.0.1:59193" [_thread_blocked, id=14176, stack(0x000000e805000000,0x000000e805100000)]
  0x00000269d04d1000 JavaThread "Stdin handler" [_thread_blocked, id=5948, stack(0x000000e805100000,0x000000e805200000)]
  0x00000269d04d6800 JavaThread "Daemon client event forwarder" [_thread_blocked, id=588, stack(0x000000e805200000,0x000000e805300000)]
  0x00000269d04d7800 JavaThread "Cache worker for file hash cache (C:\Users\leoba\.gradle\caches\7.0.2\fileHashes)" [_thread_blocked, id=10680, stack(0x000000e804d00000,0x000000e804e00000)]
  0x00000269d04d1800 JavaThread "File lock request listener" [_thread_in_native, id=4472, stack(0x000000e805300000,0x000000e805400000)]
  0x00000269d04d2800 JavaThread "Cache worker for journal cache (C:\Users\leoba\.gradle\caches\journal-1)" [_thread_blocked, id=12284, stack(0x000000e805400000,0x000000e805500000)]
=>0x00000269d04d4000 JavaThread "C2 CompilerThread1" daemon [_thread_in_native, id=17260, stack(0x000000e805500000,0x000000e805600000)]
  0x00000269d04d6000 JavaThread "Cache worker for file hash cache (C:\Users\leoba\AndroidStudioProjects\TextRecognizer\NavigationTest\.gradle\7.0.2\fileHashes)" [_thread_blocked, id=10868, stack(0x000000e805600000,0x000000e805700000)]
  0x00000269d04d5000 JavaThread "File watcher server" daemon [_thread_in_native, id=16320, stack(0x000000e805700000,0x000000e805800000)]
  0x00000269d04d9000 JavaThread "File watcher consumer" daemon [_thread_blocked, id=9576, stack(0x000000e805800000,0x000000e805900000)]
  0x00000269d04d8000 JavaThread "Cache worker for checksums cache (C:\Users\leoba\AndroidStudioProjects\TextRecognizer\NavigationTest\.gradle\checksums)" [_thread_blocked, id=15640, stack(0x000000e805900000,0x000000e805a00000)]
  0x00000269d04d3800 JavaThread "Cache worker for cache directory md-supplier (C:\Users\leoba\.gradle\caches\7.0.2\md-supplier)" [_thread_blocked, id=6308, stack(0x000000e805a00000,0x000000e805b00000)]
  0x00000269d04dc800 JavaThread "Cache worker for cache directory md-rule (C:\Users\leoba\.gradle\caches\7.0.2\md-rule)" [_thread_blocked, id=2384, stack(0x000000e805b00000,0x000000e805c00000)]
  0x00000269d04dd000 JavaThread "Cache worker for execution history cache (C:\Users\leoba\.gradle\caches\7.0.2\executionHistory)" [_thread_blocked, id=16160, stack(0x000000e805c00000,0x000000e805d00000)]
  0x00000269d04da800 JavaThread "jar transforms" [_thread_blocked, id=15836, stack(0x000000e805d00000,0x000000e805e00000)]
  0x00000269d04de000 JavaThread "jar transforms Thread 2" [_thread_blocked, id=7408, stack(0x000000e805e00000,0x000000e805f00000)]
  0x00000269d04de800 JavaThread "Cache worker for file content cache (C:\Users\leoba\.gradle\caches\7.0.2\fileContent)" [_thread_blocked, id=15972, stack(0x000000e805f00000,0x000000e806000000)]
  0x00000269cdd4a800 JavaThread "Cache worker for dependencies-accessors (C:\Users\leoba\AndroidStudioProjects\TextRecognizer\NavigationTest\.gradle\7.0.2\dependencies-accessors)" [_thread_blocked, id=15724, stack(0x000000e806000000,0x000000e806100000)]
  0x00000269cdd4f800 JavaThread "jar transforms Thread 3" [_thread_blocked, id=8504, stack(0x000000e806100000,0x000000e806200000)]
  0x00000269cdd4c000 JavaThread "Cache worker for Build Output Cleanup Cache (C:\Users\leoba\AndroidStudioProjects\TextRecognizer\NavigationTest\.gradle\buildOutputCleanup)" [_thread_blocked, id=9440, stack(0x000000e806200000,0x000000e806300000)]
  0x00000269cdd4d000 JavaThread "Build operations" [_thread_blocked, id=1824, stack(0x000000e806300000,0x000000e806400000)]
  0x00000269cdd49800 JavaThread "Build operations Thread 2" [_thread_blocked, id=10044, stack(0x000000e806400000,0x000000e806500000)]
  0x00000269cdd4e800 JavaThread "Build operations Thread 3" [_thread_blocked, id=6560, stack(0x000000e806500000,0x000000e806600000)]
  0x00000269cdd4d800 JavaThread "Build operations Thread 4" [_thread_blocked, id=3044, stack(0x000000e806600000,0x000000e806700000)]
  0x00000269cdd4b000 JavaThread "jar transforms Thread 4" [_thread_blocked, id=15860, stack(0x000000e806700000,0x000000e806800000)]
  0x00000269cdd50000 JavaThread "Memory manager" [_thread_blocked, id=15980, stack(0x000000e806900000,0x000000e806a00000)]
  0x00000269cdd56800 JavaThread "build event listener" [_thread_blocked, id=2480, stack(0x000000e806a00000,0x000000e806b00000)]
  0x00000269cdd56000 JavaThread "Execution worker for ':'" [_thread_blocked, id=1188, stack(0x000000e806b00000,0x000000e806c00000)]
  0x00000269cdd54000 JavaThread "Execution worker for ':' Thread 2" [_thread_in_Java, id=6180, stack(0x000000e806c00000,0x000000e806d00000)]
  0x00000269cdd51000 JavaThread "Execution worker for ':' Thread 3" [_thread_blocked, id=16684, stack(0x000000e806d00000,0x000000e806e00000)]
  0x00000269cdd57800 JavaThread "Cache worker for execution history cache (C:\Users\leoba\AndroidStudioProjects\TextRecognizer\NavigationTest\.gradle\7.0.2\executionHistory)" [_thread_blocked, id=2448, stack(0x000000e806e00000,0x000000e806f00000)]

Other Threads:
  0x00000269cce31800 VMThread "VM Thread" [stack: 0x000000e803a00000,0x000000e803b00000] [id=4836]
  0x00000269cd817800 WatcherThread [stack: 0x000000e804400000,0x000000e804500000] [id=1108]
  0x00000269b12b6000 GCTaskThread "GC Thread#0" [stack: 0x000000e803500000,0x000000e803600000] [id=13872]
  0x00000269cd9e0800 GCTaskThread "GC Thread#1" [stack: 0x000000e804600000,0x000000e804700000] [id=16732]
  0x00000269cdce2800 GCTaskThread "GC Thread#2" [stack: 0x000000e804700000,0x000000e804800000] [id=14468]
  0x00000269cdce3800 GCTaskThread "GC Thread#3" [stack: 0x000000e804800000,0x000000e804900000] [id=10928]
  0x00000269b12e7000 ConcurrentGCThread "G1 Main Marker" [stack: 0x000000e803600000,0x000000e803700000] [id=16564]
  0x00000269b12ea000 ConcurrentGCThread "G1 Conc#0" [stack: 0x000000e803700000,0x000000e803800000] [id=15540]
  0x00000269b137e000 ConcurrentGCThread "G1 Refine#0" [stack: 0x000000e803800000,0x000000e803900000] [id=8912]
  0x00000269d51b4800 ConcurrentGCThread "G1 Refine#1" [stack: 0x000000e806800000,0x000000e806900000] [id=11140]
  0x00000269ccc82800 ConcurrentGCThread "G1 Young RemSet Sampling" [stack: 0x000000e803900000,0x000000e803a00000] [id=9168]

Threads with active compile tasks:
C2 CompilerThread0  17886 9682       4       java.io.File::isInvalid (48 bytes)
C1 CompilerThread0  17886 9680   !   3       org.apache.xerces.parsers.AbstractSAXParser::setFeature (521 bytes)
C2 CompilerThread1  17886 9509       4       org.gradle.internal.snapshot.DirectorySnapshot$$Lambda$946/0x0000000100b42c40::accept (20 bytes)

VM state:not at safepoint (normal execution)

VM Mutex/Monitor currently owned by a thread: None

Heap address: 0x0000000080000000, size: 2048 MB, Compressed Oops mode: 32-bit
Narrow klass base: 0x0000000000000000, Narrow klass shift: 3
Compressed class space size: 1073741824 Address: 0x0000000100000000

Heap:
 garbage-first heap   total 284672K, used 122666K [0x0000000080000000, 0x0000000100000000)
  region size 1024K, 64 young (65536K), 13 survivors (13312K)
 Metaspace       used 84613K, capacity 86728K, committed 86860K, reserved 1124352K
  class space    used 10945K, capacity 11743K, committed 11852K, reserved 1048576K
Heap Regions: E=young(eden), S=young(survivor), O=old, HS=humongous(starts), HC=humongous(continues), CS=collection set, F=free, A=archive, TAMS=top-at-mark-start (previous, next)
|   0|0x0000000080000000, 0x0000000080100000, 0x0000000080100000|100%| O|  |TAMS 0x0000000080100000, 0x0000000080000000| Untracked 
|   1|0x0000000080100000, 0x0000000080200000, 0x0000000080200000|100%| O|  |TAMS 0x0000000080200000, 0x0000000080100000| Untracked 
|   2|0x0000000080200000, 0x0000000080300000, 0x0000000080300000|100%| O|  |TAMS 0x0000000080300000, 0x0000000080200000| Untracked 
|   3|0x0000000080300000, 0x0000000080400000, 0x0000000080400000|100%|HS|  |TAMS 0x0000000080400000, 0x0000000080300000| Complete 
|   4|0x0000000080400000, 0x0000000080500000, 0x0000000080500000|100%|HC|  |TAMS 0x0000000080500000, 0x0000000080400000| Complete 
|   5|0x0000000080500000, 0x0000000080600000, 0x0000000080600000|100%|HC|  |TAMS 0x0000000080600000, 0x0000000080500000| Complete 
|   6|0x0000000080600000, 0x0000000080700000, 0x0000000080700000|100%| O|  |TAMS 0x0000000080700000, 0x0000000080600000| Untracked 
|   7|0x0000000080700000, 0x0000000080800000, 0x0000000080800000|100%| O|  |TAMS 0x0000000080800000, 0x0000000080700000| Untracked 
|   8|0x0000000080800000, 0x0000000080900000, 0x0000000080900000|100%| O|  |TAMS 0x0000000080900000, 0x0000000080800000| Untracked 
|   9|0x0000000080900000, 0x0000000080a00000, 0x0000000080a00000|100%| O|  |TAMS 0x0000000080a00000, 0x0000000080900000| Untracked 
|  10|0x0000000080a00000, 0x0000000080b00000, 0x0000000080b00000|100%| O|  |TAMS 0x0000000080b00000, 0x0000000080a00000| Untracked 
|  11|0x0000000080b00000, 0x0000000080c00000, 0x0000000080c00000|100%| O|  |TAMS 0x0000000080c00000, 0x0000000080b00000| Untracked 
|  12|0x0000000080c00000, 0x0000000080d00000, 0x0000000080d00000|100%|HS|  |TAMS 0x0000000080d00000, 0x0000000080c00000| Complete 
|  13|0x0000000080d00000, 0x0000000080e00000, 0x0000000080e00000|100%|HS|  |TAMS 0x0000000080e00000, 0x0000000080d00000| Complete 
|  14|0x0000000080e00000, 0x0000000080f00000, 0x0000000080f00000|100%|HS|  |TAMS 0x0000000080f00000, 0x0000000080e00000| Complete 
|  15|0x0000000080f00000, 0x0000000081000000, 0x0000000081000000|100%| O|  |TAMS 0x0000000081000000, 0x0000000080f00000| Untracked 
|  16|0x0000000081000000, 0x0000000081100000, 0x0000000081100000|100%| O|  |TAMS 0x0000000081100000, 0x0000000081000000| Untracked 
|  17|0x0000000081100000, 0x0000000081200000, 0x0000000081200000|100%| O|  |TAMS 0x0000000081200000, 0x0000000081100000| Untracked 
|  18|0x0000000081200000, 0x0000000081300000, 0x0000000081300000|100%| O|  |TAMS 0x0000000081300000, 0x0000000081200000| Untracked 
|  19|0x0000000081300000, 0x0000000081400000, 0x0000000081400000|100%| O|  |TAMS 0x0000000081400000, 0x0000000081300000| Untracked 
|  20|0x0000000081400000, 0x0000000081500000, 0x0000000081500000|100%| O|  |TAMS 0x0000000081500000, 0x0000000081400000| Untracked 
|  21|0x0000000081500000, 0x0000000081600000, 0x0000000081600000|100%|HS|  |TAMS 0x0000000081600000, 0x0000000081500000| Complete 
|  22|0x0000000081600000, 0x0000000081700000, 0x0000000081700000|100%|HC|  |TAMS 0x0000000081700000, 0x0000000081600000| Complete 
|  23|0x0000000081700000, 0x0000000081800000, 0x0000000081800000|100%|HC|  |TAMS 0x0000000081800000, 0x0000000081700000| Complete 
|  24|0x0000000081800000, 0x0000000081900000, 0x0000000081900000|100%|HS|  |TAMS 0x0000000081900000, 0x0000000081800000| Complete 
|  25|0x0000000081900000, 0x0000000081a00000, 0x0000000081a00000|100%|HC|  |TAMS 0x0000000081a00000, 0x0000000081900000| Complete 
|  26|0x0000000081a00000, 0x0000000081b00000, 0x0000000081b00000|100%| O|  |TAMS 0x0000000081b00000, 0x0000000081a00000| Untracked 
|  27|0x0000000081b00000, 0x0000000081c00000, 0x0000000081c00000|100%| O|  |TAMS 0x0000000081c00000, 0x0000000081b00000| Untracked 
|  28|0x0000000081c00000, 0x0000000081d00000, 0x0000000081d00000|100%| O|  |TAMS 0x0000000081d00000, 0x0000000081c00000| Untracked 
|  29|0x0000000081d00000, 0x0000000081e00000, 0x0000000081e00000|100%| O|  |TAMS 0x0000000081e00000, 0x0000000081d00000| Untracked 
|  30|0x0000000081e00000, 0x0000000081f00000, 0x0000000081f00000|100%| O|  |TAMS 0x0000000081f00000, 0x0000000081e00000| Untracked 
|  31|0x0000000081f00000, 0x0000000082000000, 0x0000000082000000|100%| O|  |TAMS 0x0000000082000000, 0x0000000081f00000| Untracked 
|  32|0x0000000082000000, 0x0000000082100000, 0x0000000082100000|100%| O|  |TAMS 0x0000000082100000, 0x0000000082000000| Untracked 
|  33|0x0000000082100000, 0x0000000082200000, 0x0000000082200000|100%| O|  |TAMS 0x0000000082200000, 0x0000000082100000| Untracked 
|  34|0x0000000082200000, 0x0000000082300000, 0x0000000082300000|100%| O|  |TAMS 0x0000000082300000, 0x0000000082200000| Untracked 
|  35|0x0000000082300000, 0x0000000082400000, 0x0000000082400000|100%| O|  |TAMS 0x0000000082400000, 0x0000000082300000| Untracked 
|  36|0x0000000082400000, 0x0000000082500000, 0x0000000082500000|100%| O|  |TAMS 0x0000000082500000, 0x0000000082400000| Untracked 
|  37|0x0000000082500000, 0x0000000082600000, 0x0000000082600000|100%| O|  |TAMS 0x0000000082600000, 0x0000000082500000| Untracked 
|  38|0x0000000082600000, 0x0000000082700000, 0x0000000082700000|100%| O|  |TAMS 0x0000000082700000, 0x0000000082600000| Untracked 
|  39|0x0000000082700000, 0x0000000082800000, 0x0000000082800000|100%| O|  |TAMS 0x0000000082800000, 0x0000000082700000| Untracked 
|  40|0x0000000082800000, 0x0000000082900000, 0x0000000082900000|100%| O|  |TAMS 0x0000000082900000, 0x0000000082800000| Untracked 
|  41|0x0000000082900000, 0x0000000082a00000, 0x0000000082a00000|100%| O|  |TAMS 0x0000000082a00000, 0x0000000082900000| Untracked 
|  42|0x0000000082a00000, 0x0000000082b00000, 0x0000000082b00000|100%| O|  |TAMS 0x0000000082b00000, 0x0000000082a00000| Untracked 
|  43|0x0000000082b00000, 0x0000000082c00000, 0x0000000082c00000|100%| O|  |TAMS 0x0000000082c00000, 0x0000000082b00000| Untracked 
|  44|0x0000000082c00000, 0x0000000082d00000, 0x0000000082d00000|100%| O|  |TAMS 0x0000000082d00000, 0x0000000082c00000| Untracked 
|  45|0x0000000082d00000, 0x0000000082e00000, 0x0000000082e00000|100%| O|  |TAMS 0x0000000082e00000, 0x0000000082d00000| Untracked 
|  46|0x0000000082e00000, 0x0000000082f00000, 0x0000000082f00000|100%| O|  |TAMS 0x0000000082f00000, 0x0000000082e00000| Untracked 
|  47|0x0000000082f00000, 0x0000000083000000, 0x0000000083000000|100%| O|  |TAMS 0x0000000082ffa600, 0x0000000082f00000| Untracked 
|  48|0x0000000083000000, 0x0000000083100000, 0x0000000083100000|100%| O|  |TAMS 0x0000000083000000, 0x0000000083000000| Untracked 
|  49|0x0000000083100000, 0x0000000083200000, 0x0000000083200000|100%| O|  |TAMS 0x0000000083100000, 0x0000000083100000| Untracked 
|  50|0x0000000083200000, 0x0000000083300000, 0x0000000083300000|100%| O|  |TAMS 0x0000000083200000, 0x0000000083200000| Untracked 
|  51|0x0000000083300000, 0x0000000083400000, 0x0000000083400000|100%| O|  |TAMS 0x0000000083300000, 0x0000000083300000| Untracked 
|  52|0x0000000083400000, 0x0000000083500000, 0x0000000083500000|100%| O|  |TAMS 0x0000000083400000, 0x0000000083400000| Untracked 
|  53|0x0000000083500000, 0x0000000083600000, 0x0000000083600000|100%| O|  |TAMS 0x0000000083500000, 0x0000000083500000| Untracked 
|  54|0x0000000083600000, 0x0000000083700000, 0x0000000083700000|100%| O|  |TAMS 0x0000000083600000, 0x0000000083600000| Untracked 
|  55|0x0000000083700000, 0x0000000083800000, 0x0000000083800000|100%| O|  |TAMS 0x0000000083700000, 0x0000000083700000| Untracked 
|  56|0x0000000083800000, 0x0000000083900000, 0x0000000083900000|100%| O|  |TAMS 0x0000000083800000, 0x0000000083800000| Untracked 
|  57|0x0000000083900000, 0x00000000839d1800, 0x0000000083a00000| 81%| O|  |TAMS 0x0000000083900000, 0x0000000083900000| Untracked 
|  58|0x0000000083a00000, 0x0000000083a00000, 0x0000000083b00000|  0%| F|  |TAMS 0x0000000083a00000, 0x0000000083a00000| Untracked 
|  59|0x0000000083b00000, 0x0000000083b00000, 0x0000000083c00000|  0%| F|  |TAMS 0x0000000083b00000, 0x0000000083b00000| Untracked 
|  60|0x0000000083c00000, 0x0000000083c00000, 0x0000000083d00000|  0%| F|  |TAMS 0x0000000083c00000, 0x0000000083c00000| Untracked 
|  61|0x0000000083d00000, 0x0000000083d00000, 0x0000000083e00000|  0%| F|  |TAMS 0x0000000083d00000, 0x0000000083d00000| Untracked 
|  62|0x0000000083e00000, 0x0000000083e00000, 0x0000000083f00000|  0%| F|  |TAMS 0x0000000083e00000, 0x0000000083e00000| Untracked 
|  63|0x0000000083f00000, 0x0000000083f00000, 0x0000000084000000|  0%| F|  |TAMS 0x0000000083f00000, 0x0000000083f00000| Untracked 
|  64|0x0000000084000000, 0x0000000084000000, 0x0000000084100000|  0%| F|  |TAMS 0x0000000084000000, 0x0000000084000000| Untracked 
|  65|0x0000000084100000, 0x0000000084100000, 0x0000000084200000|  0%| F|  |TAMS 0x0000000084100000, 0x0000000084100000| Untracked 
|  66|0x0000000084200000, 0x0000000084200000, 0x0000000084300000|  0%| F|  |TAMS 0x0000000084200000, 0x0000000084200000| Untracked 
|  67|0x0000000084300000, 0x0000000084300000, 0x0000000084400000|  0%| F|  |TAMS 0x0000000084300000, 0x0000000084300000| Untracked 
|  68|0x0000000084400000, 0x0000000084400000, 0x0000000084500000|  0%| F|  |TAMS 0x0000000084400000, 0x0000000084400000| Untracked 
|  69|0x0000000084500000, 0x0000000084500000, 0x0000000084600000|  0%| F|  |TAMS 0x0000000084500000, 0x0000000084500000| Untracked 
|  70|0x0000000084600000, 0x0000000084600000, 0x0000000084700000|  0%| F|  |TAMS 0x0000000084600000, 0x0000000084600000| Untracked 
|  71|0x0000000084700000, 0x0000000084700000, 0x0000000084800000|  0%| F|  |TAMS 0x0000000084700000, 0x0000000084700000| Untracked 
|  72|0x0000000084800000, 0x0000000084800000, 0x0000000084900000|  0%| F|  |TAMS 0x0000000084800000, 0x0000000084800000| Untracked 
|  73|0x0000000084900000, 0x0000000084900000, 0x0000000084a00000|  0%| F|  |TAMS 0x0000000084900000, 0x0000000084900000| Untracked 
|  74|0x0000000084a00000, 0x0000000084a00000, 0x0000000084b00000|  0%| F|  |TAMS 0x0000000084a00000, 0x0000000084a00000| Untracked 
|  75|0x0000000084b00000, 0x0000000084b00000, 0x0000000084c00000|  0%| F|  |TAMS 0x0000000084b00000, 0x0000000084b00000| Untracked 
|  76|0x0000000084c00000, 0x0000000084c00000, 0x0000000084d00000|  0%| F|  |TAMS 0x0000000084c00000, 0x0000000084c00000| Untracked 
|  77|0x0000000084d00000, 0x0000000084d00000, 0x0000000084e00000|  0%| F|  |TAMS 0x0000000084d00000, 0x0000000084d00000| Untracked 
|  78|0x0000000084e00000, 0x0000000084e00000, 0x0000000084f00000|  0%| F|  |TAMS 0x0000000084e00000, 0x0000000084e00000| Untracked 
|  79|0x0000000084f00000, 0x0000000084f00000, 0x0000000085000000|  0%| F|  |TAMS 0x0000000084f00000, 0x0000000084f00000| Untracked 
|  80|0x0000000085000000, 0x0000000085000000, 0x0000000085100000|  0%| F|  |TAMS 0x0000000085000000, 0x0000000085000000| Untracked 
|  81|0x0000000085100000, 0x0000000085100000, 0x0000000085200000|  0%| F|  |TAMS 0x0000000085100000, 0x0000000085100000| Untracked 
|  82|0x0000000085200000, 0x0000000085200000, 0x0000000085300000|  0%| F|  |TAMS 0x0000000085200000, 0x0000000085200000| Untracked 
|  83|0x0000000085300000, 0x0000000085300000, 0x0000000085400000|  0%| F|  |TAMS 0x0000000085300000, 0x0000000085300000| Untracked 
|  84|0x0000000085400000, 0x0000000085400000, 0x0000000085500000|  0%| F|  |TAMS 0x0000000085400000, 0x0000000085400000| Untracked 
|  85|0x0000000085500000, 0x0000000085500000, 0x0000000085600000|  0%| F|  |TAMS 0x0000000085500000, 0x0000000085500000| Untracked 
|  86|0x0000000085600000, 0x0000000085600000, 0x0000000085700000|  0%| F|  |TAMS 0x0000000085600000, 0x0000000085600000| Untracked 
|  87|0x0000000085700000, 0x0000000085700000, 0x0000000085800000|  0%| F|  |TAMS 0x0000000085700000, 0x0000000085700000| Untracked 
|  88|0x0000000085800000, 0x0000000085800000, 0x0000000085900000|  0%| F|  |TAMS 0x0000000085800000, 0x0000000085800000| Untracked 
|  89|0x0000000085900000, 0x0000000085900000, 0x0000000085a00000|  0%| F|  |TAMS 0x0000000085900000, 0x0000000085900000| Untracked 
|  90|0x0000000085a00000, 0x0000000085a00000, 0x0000000085b00000|  0%| F|  |TAMS 0x0000000085a00000, 0x0000000085a00000| Untracked 
|  91|0x0000000085b00000, 0x0000000085b00000, 0x0000000085c00000|  0%| F|  |TAMS 0x0000000085b00000, 0x0000000085b00000| Untracked 
|  92|0x0000000085c00000, 0x0000000085c00000, 0x0000000085d00000|  0%| F|  |TAMS 0x0000000085c00000, 0x0000000085c00000| Untracked 
|  93|0x0000000085d00000, 0x0000000085d00000, 0x0000000085e00000|  0%| F|  |TAMS 0x0000000085d00000, 0x0000000085d00000| Untracked 
|  94|0x0000000085e00000, 0x0000000085e00000, 0x0000000085f00000|  0%| F|  |TAMS 0x0000000085e00000, 0x0000000085e00000| Untracked 
|  95|0x0000000085f00000, 0x0000000085f00000, 0x0000000086000000|  0%| F|  |TAMS 0x0000000085f00000, 0x0000000085f00000| Untracked 
|  96|0x0000000086000000, 0x0000000086000000, 0x0000000086100000|  0%| F|  |TAMS 0x0000000086000000, 0x0000000086000000| Untracked 
|  97|0x0000000086100000, 0x0000000086100000, 0x0000000086200000|  0%| F|  |TAMS 0x0000000086100000, 0x0000000086100000| Untracked 
|  98|0x0000000086200000, 0x0000000086200000, 0x0000000086300000|  0%| F|  |TAMS 0x0000000086200000, 0x0000000086200000| Untracked 
|  99|0x0000000086300000, 0x0000000086300000, 0x0000000086400000|  0%| F|  |TAMS 0x0000000086300000, 0x0000000086300000| Untracked 
| 100|0x0000000086400000, 0x0000000086400000, 0x0000000086500000|  0%| F|  |TAMS 0x0000000086400000, 0x0000000086400000| Untracked 
| 101|0x0000000086500000, 0x0000000086500000, 0x0000000086600000|  0%| F|  |TAMS 0x0000000086500000, 0x0000000086500000| Untracked 
| 102|0x0000000086600000, 0x0000000086600000, 0x0000000086700000|  0%| F|  |TAMS 0x0000000086600000, 0x0000000086600000| Untracked 
| 103|0x0000000086700000, 0x0000000086700000, 0x0000000086800000|  0%| F|  |TAMS 0x0000000086700000, 0x0000000086700000| Untracked 
| 104|0x0000000086800000, 0x0000000086800000, 0x0000000086900000|  0%| F|  |TAMS 0x0000000086800000, 0x0000000086800000| Untracked 
| 105|0x0000000086900000, 0x0000000086900000, 0x0000000086a00000|  0%| F|  |TAMS 0x0000000086900000, 0x0000000086900000| Untracked 
| 106|0x0000000086a00000, 0x0000000086a00000, 0x0000000086b00000|  0%| F|  |TAMS 0x0000000086a00000, 0x0000000086a00000| Untracked 
| 107|0x0000000086b00000, 0x0000000086b00000, 0x0000000086c00000|  0%| F|  |TAMS 0x0000000086b00000, 0x0000000086b00000| Untracked 
| 108|0x0000000086c00000, 0x0000000086c00000, 0x0000000086d00000|  0%| F|  |TAMS 0x0000000086c00000, 0x0000000086c00000| Untracked 
| 109|0x0000000086d00000, 0x0000000086d00000, 0x0000000086e00000|  0%| F|  |TAMS 0x0000000086d00000, 0x0000000086d00000| Untracked 
| 110|0x0000000086e00000, 0x0000000086e00000, 0x0000000086f00000|  0%| F|  |TAMS 0x0000000086e00000, 0x0000000086e00000| Untracked 
| 111|0x0000000086f00000, 0x0000000086f00000, 0x0000000087000000|  0%| F|  |TAMS 0x0000000086f00000, 0x0000000086f00000| Untracked 
| 112|0x0000000087000000, 0x0000000087000000, 0x0000000087100000|  0%| F|  |TAMS 0x0000000087000000, 0x0000000087000000| Untracked 
| 113|0x0000000087100000, 0x00000000871f9108, 0x0000000087200000| 97%| S|CS|TAMS 0x0000000087100000, 0x0000000087100000| Complete 
| 114|0x0000000087200000, 0x0000000087300000, 0x0000000087300000|100%| S|CS|TAMS 0x0000000087200000, 0x0000000087200000| Complete 
| 115|0x0000000087300000, 0x0000000087400000, 0x0000000087400000|100%| S|CS|TAMS 0x0000000087300000, 0x0000000087300000| Complete 
| 116|0x0000000087400000, 0x0000000087400000, 0x0000000087500000|  0%| F|  |TAMS 0x0000000087400000, 0x0000000087400000| Untracked 
| 117|0x0000000087500000, 0x0000000087500000, 0x0000000087600000|  0%| F|  |TAMS 0x0000000087500000, 0x0000000087500000| Untracked 
| 118|0x0000000087600000, 0x0000000087600000, 0x0000000087700000|  0%| F|  |TAMS 0x0000000087600000, 0x0000000087600000| Untracked 
| 119|0x0000000087700000, 0x0000000087700000, 0x0000000087800000|  0%| F|  |TAMS 0x0000000087700000, 0x0000000087700000| Untracked 
| 120|0x0000000087800000, 0x0000000087900000, 0x0000000087900000|100%| S|CS|TAMS 0x0000000087800000, 0x0000000087800000| Complete 
| 121|0x0000000087900000, 0x0000000087a00000, 0x0000000087a00000|100%| S|CS|TAMS 0x0000000087900000, 0x0000000087900000| Complete 
| 122|0x0000000087a00000, 0x0000000087b00000, 0x0000000087b00000|100%| S|CS|TAMS 0x0000000087a00000, 0x0000000087a00000| Complete 
| 123|0x0000000087b00000, 0x0000000087c00000, 0x0000000087c00000|100%| S|CS|TAMS 0x0000000087b00000, 0x0000000087b00000| Complete 
| 124|0x0000000087c00000, 0x0000000087d00000, 0x0000000087d00000|100%| S|CS|TAMS 0x0000000087c00000, 0x0000000087c00000| Complete 
| 125|0x0000000087d00000, 0x0000000087e00000, 0x0000000087e00000|100%| S|CS|TAMS 0x0000000087d00000, 0x0000000087d00000| Complete 
| 126|0x0000000087e00000, 0x0000000087f00000, 0x0000000087f00000|100%| S|CS|TAMS 0x0000000087e00000, 0x0000000087e00000| Complete 
| 127|0x0000000087f00000, 0x0000000088000000, 0x0000000088000000|100%| S|CS|TAMS 0x0000000087f00000, 0x0000000087f00000| Complete 
| 128|0x0000000088000000, 0x0000000088100000, 0x0000000088100000|100%| S|CS|TAMS 0x0000000088000000, 0x0000000088000000| Complete 
| 129|0x0000000088100000, 0x0000000088200000, 0x0000000088200000|100%| S|CS|TAMS 0x0000000088100000, 0x0000000088100000| Complete 
| 130|0x0000000088200000, 0x0000000088200000, 0x0000000088300000|  0%| F|  |TAMS 0x0000000088200000, 0x0000000088200000| Untracked 
| 131|0x0000000088300000, 0x0000000088300000, 0x0000000088400000|  0%| F|  |TAMS 0x0000000088300000, 0x0000000088300000| Untracked 
| 132|0x0000000088400000, 0x0000000088400000, 0x0000000088500000|  0%| F|  |TAMS 0x0000000088400000, 0x0000000088400000| Untracked 
| 133|0x0000000088500000, 0x0000000088500000, 0x0000000088600000|  0%| F|  |TAMS 0x0000000088500000, 0x0000000088500000| Untracked 
| 134|0x0000000088600000, 0x0000000088600000, 0x0000000088700000|  0%| F|  |TAMS 0x0000000088600000, 0x0000000088600000| Untracked 
| 135|0x0000000088700000, 0x0000000088700000, 0x0000000088800000|  0%| F|  |TAMS 0x0000000088700000, 0x0000000088700000| Untracked 
| 136|0x0000000088800000, 0x0000000088800000, 0x0000000088900000|  0%| F|  |TAMS 0x0000000088800000, 0x0000000088800000| Untracked 
| 137|0x0000000088900000, 0x0000000088900000, 0x0000000088a00000|  0%| F|  |TAMS 0x0000000088900000, 0x0000000088900000| Untracked 
| 138|0x0000000088a00000, 0x0000000088a00000, 0x0000000088b00000|  0%| F|  |TAMS 0x0000000088a00000, 0x0000000088a00000| Untracked 
| 139|0x0000000088b00000, 0x0000000088b00000, 0x0000000088c00000|  0%| F|  |TAMS 0x0000000088b00000, 0x0000000088b00000| Untracked 
| 140|0x0000000088c00000, 0x0000000088c00000, 0x0000000088d00000|  0%| F|  |TAMS 0x0000000088c00000, 0x0000000088c00000| Untracked 
| 141|0x0000000088d00000, 0x0000000088d00000, 0x0000000088e00000|  0%| F|  |TAMS 0x0000000088d00000, 0x0000000088d00000| Untracked 
| 142|0x0000000088e00000, 0x0000000088e00000, 0x0000000088f00000|  0%| F|  |TAMS 0x0000000088e00000, 0x0000000088e00000| Untracked 
| 143|0x0000000088f00000, 0x0000000088f00000, 0x0000000089000000|  0%| F|  |TAMS 0x0000000088f00000, 0x0000000088f00000| Untracked 
| 144|0x0000000089000000, 0x0000000089000000, 0x0000000089100000|  0%| F|  |TAMS 0x0000000089000000, 0x0000000089000000| Untracked 
| 145|0x0000000089100000, 0x0000000089100000, 0x0000000089200000|  0%| F|  |TAMS 0x0000000089100000, 0x0000000089100000| Untracked 
| 146|0x0000000089200000, 0x0000000089200000, 0x0000000089300000|  0%| F|  |TAMS 0x0000000089200000, 0x0000000089200000| Untracked 
| 147|0x0000000089300000, 0x0000000089300000, 0x0000000089400000|  0%| F|  |TAMS 0x0000000089300000, 0x0000000089300000| Untracked 
| 148|0x0000000089400000, 0x0000000089400000, 0x0000000089500000|  0%| F|  |TAMS 0x0000000089400000, 0x0000000089400000| Untracked 
| 149|0x0000000089500000, 0x0000000089500000, 0x0000000089600000|  0%| F|  |TAMS 0x0000000089500000, 0x0000000089500000| Untracked 
| 150|0x0000000089600000, 0x0000000089600000, 0x0000000089700000|  0%| F|  |TAMS 0x0000000089600000, 0x0000000089600000| Untracked 
| 151|0x0000000089700000, 0x0000000089700000, 0x0000000089800000|  0%| F|  |TAMS 0x0000000089700000, 0x0000000089700000| Untracked 
| 152|0x0000000089800000, 0x0000000089800000, 0x0000000089900000|  0%| F|  |TAMS 0x0000000089800000, 0x0000000089800000| Untracked 
| 153|0x0000000089900000, 0x0000000089900000, 0x0000000089a00000|  0%| F|  |TAMS 0x0000000089900000, 0x0000000089900000| Untracked 
| 154|0x0000000089a00000, 0x0000000089a00000, 0x0000000089b00000|  0%| F|  |TAMS 0x0000000089a00000, 0x0000000089a00000| Untracked 
| 155|0x0000000089b00000, 0x0000000089b00000, 0x0000000089c00000|  0%| F|  |TAMS 0x0000000089b00000, 0x0000000089b00000| Untracked 
| 156|0x0000000089c00000, 0x0000000089c00000, 0x0000000089d00000|  0%| F|  |TAMS 0x0000000089c00000, 0x0000000089c00000| Untracked 
| 157|0x0000000089d00000, 0x0000000089d00000, 0x0000000089e00000|  0%| F|  |TAMS 0x0000000089d00000, 0x0000000089d00000| Untracked 
| 158|0x0000000089e00000, 0x0000000089e00000, 0x0000000089f00000|  0%| F|  |TAMS 0x0000000089e00000, 0x0000000089e00000| Untracked 
| 159|0x0000000089f00000, 0x0000000089f00000, 0x000000008a000000|  0%| F|  |TAMS 0x0000000089f00000, 0x0000000089f00000| Untracked 
| 160|0x000000008a000000, 0x000000008a000000, 0x000000008a100000|  0%| F|  |TAMS 0x000000008a000000, 0x000000008a000000| Untracked 
| 161|0x000000008a100000, 0x000000008a100000, 0x000000008a200000|  0%| F|  |TAMS 0x000000008a100000, 0x000000008a100000| Untracked 
| 162|0x000000008a200000, 0x000000008a200000, 0x000000008a300000|  0%| F|  |TAMS 0x000000008a200000, 0x000000008a200000| Untracked 
| 163|0x000000008a300000, 0x000000008a300000, 0x000000008a400000|  0%| F|  |TAMS 0x000000008a300000, 0x000000008a300000| Untracked 
| 164|0x000000008a400000, 0x000000008a400000, 0x000000008a500000|  0%| F|  |TAMS 0x000000008a400000, 0x000000008a400000| Untracked 
| 165|0x000000008a500000, 0x000000008a500000, 0x000000008a600000|  0%| F|  |TAMS 0x000000008a500000, 0x000000008a500000| Untracked 
| 166|0x000000008a600000, 0x000000008a600000, 0x000000008a700000|  0%| F|  |TAMS 0x000000008a600000, 0x000000008a600000| Untracked 
| 167|0x000000008a700000, 0x000000008a700000, 0x000000008a800000|  0%| F|  |TAMS 0x000000008a700000, 0x000000008a700000| Untracked 
| 168|0x000000008a800000, 0x000000008a800000, 0x000000008a900000|  0%| F|  |TAMS 0x000000008a800000, 0x000000008a800000| Untracked 
| 169|0x000000008a900000, 0x000000008a900000, 0x000000008aa00000|  0%| F|  |TAMS 0x000000008a900000, 0x000000008a900000| Untracked 
| 170|0x000000008aa00000, 0x000000008aa00000, 0x000000008ab00000|  0%| F|  |TAMS 0x000000008aa00000, 0x000000008aa00000| Untracked 
| 171|0x000000008ab00000, 0x000000008ab00000, 0x000000008ac00000|  0%| F|  |TAMS 0x000000008ab00000, 0x000000008ab00000| Untracked 
| 172|0x000000008ac00000, 0x000000008ac00000, 0x000000008ad00000|  0%| F|  |TAMS 0x000000008ac00000, 0x000000008ac00000| Untracked 
| 173|0x000000008ad00000, 0x000000008ad00000, 0x000000008ae00000|  0%| F|  |TAMS 0x000000008ad00000, 0x000000008ad00000| Untracked 
| 174|0x000000008ae00000, 0x000000008ae00000, 0x000000008af00000|  0%| F|  |TAMS 0x000000008ae00000, 0x000000008ae00000| Untracked 
| 175|0x000000008af00000, 0x000000008af00000, 0x000000008b000000|  0%| F|  |TAMS 0x000000008af00000, 0x000000008af00000| Untracked 
| 176|0x000000008b000000, 0x000000008b000000, 0x000000008b100000|  0%| F|  |TAMS 0x000000008b000000, 0x000000008b000000| Untracked 
| 177|0x000000008b100000, 0x000000008b100000, 0x000000008b200000|  0%| F|  |TAMS 0x000000008b100000, 0x000000008b100000| Untracked 
| 178|0x000000008b200000, 0x000000008b200000, 0x000000008b300000|  0%| F|  |TAMS 0x000000008b200000, 0x000000008b200000| Untracked 
| 179|0x000000008b300000, 0x000000008b300000, 0x000000008b400000|  0%| F|  |TAMS 0x000000008b300000, 0x000000008b300000| Untracked 
| 180|0x000000008b400000, 0x000000008b400000, 0x000000008b500000|  0%| F|  |TAMS 0x000000008b400000, 0x000000008b400000| Untracked 
| 181|0x000000008b500000, 0x000000008b500000, 0x000000008b600000|  0%| F|  |TAMS 0x000000008b500000, 0x000000008b500000| Untracked 
| 182|0x000000008b600000, 0x000000008b600000, 0x000000008b700000|  0%| F|  |TAMS 0x000000008b600000, 0x000000008b600000| Untracked 
| 183|0x000000008b700000, 0x000000008b700000, 0x000000008b800000|  0%| F|  |TAMS 0x000000008b700000, 0x000000008b700000| Untracked 
| 184|0x000000008b800000, 0x000000008b800000, 0x000000008b900000|  0%| F|  |TAMS 0x000000008b800000, 0x000000008b800000| Untracked 
| 185|0x000000008b900000, 0x000000008b900000, 0x000000008ba00000|  0%| F|  |TAMS 0x000000008b900000, 0x000000008b900000| Untracked 
| 186|0x000000008ba00000, 0x000000008ba00000, 0x000000008bb00000|  0%| F|  |TAMS 0x000000008ba00000, 0x000000008ba00000| Untracked 
| 187|0x000000008bb00000, 0x000000008bb00000, 0x000000008bc00000|  0%| F|  |TAMS 0x000000008bb00000, 0x000000008bb00000| Untracked 
| 188|0x000000008bc00000, 0x000000008bc00000, 0x000000008bd00000|  0%| F|  |TAMS 0x000000008bc00000, 0x000000008bc00000| Untracked 
| 189|0x000000008bd00000, 0x000000008bd00000, 0x000000008be00000|  0%| F|  |TAMS 0x000000008bd00000, 0x000000008bd00000| Untracked 
| 190|0x000000008be00000, 0x000000008be00000, 0x000000008bf00000|  0%| F|  |TAMS 0x000000008be00000, 0x000000008be00000| Untracked 
| 191|0x000000008bf00000, 0x000000008bf00000, 0x000000008c000000|  0%| F|  |TAMS 0x000000008bf00000, 0x000000008bf00000| Untracked 
| 192|0x000000008c000000, 0x000000008c000000, 0x000000008c100000|  0%| F|  |TAMS 0x000000008c000000, 0x000000008c000000| Untracked 
| 193|0x000000008c100000, 0x000000008c100000, 0x000000008c200000|  0%| F|  |TAMS 0x000000008c100000, 0x000000008c100000| Untracked 
| 194|0x000000008c200000, 0x000000008c200000, 0x000000008c300000|  0%| F|  |TAMS 0x000000008c200000, 0x000000008c200000| Untracked 
| 195|0x000000008c300000, 0x000000008c300000, 0x000000008c400000|  0%| F|  |TAMS 0x000000008c300000, 0x000000008c300000| Untracked 
| 196|0x000000008c400000, 0x000000008c400000, 0x000000008c500000|  0%| F|  |TAMS 0x000000008c400000, 0x000000008c400000| Untracked 
| 197|0x000000008c500000, 0x000000008c500000, 0x000000008c600000|  0%| F|  |TAMS 0x000000008c500000, 0x000000008c500000| Untracked 
| 198|0x000000008c600000, 0x000000008c600000, 0x000000008c700000|  0%| F|  |TAMS 0x000000008c600000, 0x000000008c600000| Untracked 
| 199|0x000000008c700000, 0x000000008c700000, 0x000000008c800000|  0%| F|  |TAMS 0x000000008c700000, 0x000000008c700000| Untracked 
| 200|0x000000008c800000, 0x000000008c800000, 0x000000008c900000|  0%| F|  |TAMS 0x000000008c800000, 0x000000008c800000| Untracked 
| 201|0x000000008c900000, 0x000000008c900000, 0x000000008ca00000|  0%| F|  |TAMS 0x000000008c900000, 0x000000008c900000| Untracked 
| 202|0x000000008ca00000, 0x000000008ca00000, 0x000000008cb00000|  0%| F|  |TAMS 0x000000008ca00000, 0x000000008ca00000| Untracked 
| 203|0x000000008cb00000, 0x000000008cb00000, 0x000000008cc00000|  0%| F|  |TAMS 0x000000008cb00000, 0x000000008cb00000| Untracked 
| 204|0x000000008cc00000, 0x000000008cc00000, 0x000000008cd00000|  0%| F|  |TAMS 0x000000008cc00000, 0x000000008cc00000| Untracked 
| 205|0x000000008cd00000, 0x000000008cd00000, 0x000000008ce00000|  0%| F|  |TAMS 0x000000008cd00000, 0x000000008cd00000| Untracked 
| 206|0x000000008ce00000, 0x000000008ce00000, 0x000000008cf00000|  0%| F|  |TAMS 0x000000008ce00000, 0x000000008ce00000| Untracked 
| 207|0x000000008cf00000, 0x000000008cf00000, 0x000000008d000000|  0%| F|  |TAMS 0x000000008cf00000, 0x000000008cf00000| Untracked 
| 208|0x000000008d000000, 0x000000008d000000, 0x000000008d100000|  0%| F|  |TAMS 0x000000008d000000, 0x000000008d000000| Untracked 
| 209|0x000000008d100000, 0x000000008d100000, 0x000000008d200000|  0%| F|  |TAMS 0x000000008d100000, 0x000000008d100000| Untracked 
| 210|0x000000008d200000, 0x000000008d200000, 0x000000008d300000|  0%| F|  |TAMS 0x000000008d200000, 0x000000008d200000| Untracked 
| 211|0x000000008d300000, 0x000000008d300000, 0x000000008d400000|  0%| F|  |TAMS 0x000000008d300000, 0x000000008d300000| Untracked 
| 212|0x000000008d400000, 0x000000008d400000, 0x000000008d500000|  0%| F|  |TAMS 0x000000008d400000, 0x000000008d400000| Untracked 
| 213|0x000000008d500000, 0x000000008d500000, 0x000000008d600000|  0%| F|  |TAMS 0x000000008d500000, 0x000000008d500000| Untracked 
| 214|0x000000008d600000, 0x000000008d600000, 0x000000008d700000|  0%| F|  |TAMS 0x000000008d600000, 0x000000008d600000| Untracked 
| 215|0x000000008d700000, 0x000000008d700000, 0x000000008d800000|  0%| F|  |TAMS 0x000000008d700000, 0x000000008d700000| Untracked 
| 216|0x000000008d800000, 0x000000008d800000, 0x000000008d900000|  0%| F|  |TAMS 0x000000008d800000, 0x000000008d800000| Untracked 
| 217|0x000000008d900000, 0x000000008d900000, 0x000000008da00000|  0%| F|  |TAMS 0x000000008d900000, 0x000000008d900000| Untracked 
| 218|0x000000008da00000, 0x000000008da00000, 0x000000008db00000|  0%| F|  |TAMS 0x000000008da00000, 0x000000008da00000| Untracked 
| 219|0x000000008db00000, 0x000000008db00000, 0x000000008dc00000|  0%| F|  |TAMS 0x000000008db00000, 0x000000008db00000| Untracked 
| 220|0x000000008dc00000, 0x000000008dc00000, 0x000000008dd00000|  0%| F|  |TAMS 0x000000008dc00000, 0x000000008dc00000| Untracked 
| 221|0x000000008dd00000, 0x000000008dd00000, 0x000000008de00000|  0%| F|  |TAMS 0x000000008dd00000, 0x000000008dd00000| Untracked 
| 222|0x000000008de00000, 0x000000008de00000, 0x000000008df00000|  0%| F|  |TAMS 0x000000008de00000, 0x000000008de00000| Untracked 
| 223|0x000000008df00000, 0x000000008df00000, 0x000000008e000000|  0%| F|  |TAMS 0x000000008df00000, 0x000000008df00000| Untracked 
| 224|0x000000008e000000, 0x000000008e000000, 0x000000008e100000|  0%| F|  |TAMS 0x000000008e000000, 0x000000008e000000| Untracked 
| 225|0x000000008e100000, 0x000000008e100000, 0x000000008e200000|  0%| F|  |TAMS 0x000000008e100000, 0x000000008e100000| Untracked 
| 226|0x000000008e200000, 0x000000008e200000, 0x000000008e300000|  0%| F|  |TAMS 0x000000008e200000, 0x000000008e200000| Untracked 
| 227|0x000000008e300000, 0x000000008e400000, 0x000000008e400000|100%| E|  |TAMS 0x000000008e300000, 0x000000008e300000| Complete 
| 228|0x000000008e400000, 0x000000008e500000, 0x000000008e500000|100%| E|CS|TAMS 0x000000008e400000, 0x000000008e400000| Complete 
| 229|0x000000008e500000, 0x000000008e600000, 0x000000008e600000|100%| E|CS|TAMS 0x000000008e500000, 0x000000008e500000| Complete 
| 230|0x000000008e600000, 0x000000008e700000, 0x000000008e700000|100%| E|CS|TAMS 0x000000008e600000, 0x000000008e600000| Complete 
| 231|0x000000008e700000, 0x000000008e800000, 0x000000008e800000|100%| E|CS|TAMS 0x000000008e700000, 0x000000008e700000| Complete 
| 232|0x000000008e800000, 0x000000008e900000, 0x000000008e900000|100%| E|CS|TAMS 0x000000008e800000, 0x000000008e800000| Complete 
| 233|0x000000008e900000, 0x000000008ea00000, 0x000000008ea00000|100%| E|CS|TAMS 0x000000008e900000, 0x000000008e900000| Complete 
| 234|0x000000008ea00000, 0x000000008eb00000, 0x000000008eb00000|100%| E|CS|TAMS 0x000000008ea00000, 0x000000008ea00000| Complete 
| 235|0x000000008eb00000, 0x000000008ec00000, 0x000000008ec00000|100%| E|CS|TAMS 0x000000008eb00000, 0x000000008eb00000| Complete 
| 236|0x000000008ec00000, 0x000000008ed00000, 0x000000008ed00000|100%| E|  |TAMS 0x000000008ec00000, 0x000000008ec00000| Complete 
| 237|0x000000008ed00000, 0x000000008ee00000, 0x000000008ee00000|100%| E|CS|TAMS 0x000000008ed00000, 0x000000008ed00000| Complete 
| 238|0x000000008ee00000, 0x000000008ef00000, 0x000000008ef00000|100%| E|CS|TAMS 0x000000008ee00000, 0x000000008ee00000| Complete 
| 239|0x000000008ef00000, 0x000000008f000000, 0x000000008f000000|100%| E|CS|TAMS 0x000000008ef00000, 0x000000008ef00000| Complete 
| 240|0x000000008f000000, 0x000000008f100000, 0x000000008f100000|100%| E|CS|TAMS 0x000000008f000000, 0x000000008f000000| Complete 
| 241|0x000000008f100000, 0x000000008f200000, 0x000000008f200000|100%| E|CS|TAMS 0x000000008f100000, 0x000000008f100000| Complete 
| 242|0x000000008f200000, 0x000000008f300000, 0x000000008f300000|100%| E|CS|TAMS 0x000000008f200000, 0x000000008f200000| Complete 
| 243|0x000000008f300000, 0x000000008f400000, 0x000000008f400000|100%| E|CS|TAMS 0x000000008f300000, 0x000000008f300000| Complete 
| 244|0x000000008f400000, 0x000000008f500000, 0x000000008f500000|100%| E|CS|TAMS 0x000000008f400000, 0x000000008f400000| Complete 
| 245|0x000000008f500000, 0x000000008f600000, 0x000000008f600000|100%| E|CS|TAMS 0x000000008f500000, 0x000000008f500000| Complete 
| 246|0x000000008f600000, 0x000000008f700000, 0x000000008f700000|100%| E|CS|TAMS 0x000000008f600000, 0x000000008f600000| Complete 
| 247|0x000000008f700000, 0x000000008f800000, 0x000000008f800000|100%| E|CS|TAMS 0x000000008f700000, 0x000000008f700000| Complete 
| 248|0x000000008f800000, 0x000000008f900000, 0x000000008f900000|100%| E|CS|TAMS 0x000000008f800000, 0x000000008f800000| Complete 
| 249|0x000000008f900000, 0x000000008fa00000, 0x000000008fa00000|100%| E|CS|TAMS 0x000000008f900000, 0x000000008f900000| Complete 
| 250|0x000000008fa00000, 0x000000008fb00000, 0x000000008fb00000|100%| E|CS|TAMS 0x000000008fa00000, 0x000000008fa00000| Complete 
| 251|0x000000008fb00000, 0x000000008fc00000, 0x000000008fc00000|100%| E|CS|TAMS 0x000000008fb00000, 0x000000008fb00000| Complete 
| 252|0x000000008fc00000, 0x000000008fd00000, 0x000000008fd00000|100%| E|CS|TAMS 0x000000008fc00000, 0x000000008fc00000| Complete 
| 253|0x000000008fd00000, 0x000000008fe00000, 0x000000008fe00000|100%| E|CS|TAMS 0x000000008fd00000, 0x000000008fd00000| Complete 
| 254|0x000000008fe00000, 0x000000008ff00000, 0x000000008ff00000|100%| E|CS|TAMS 0x000000008fe00000, 0x000000008fe00000| Complete 
| 255|0x000000008ff00000, 0x0000000090000000, 0x0000000090000000|100%| E|CS|TAMS 0x000000008ff00000, 0x000000008ff00000| Complete 
| 256|0x0000000090000000, 0x0000000090100000, 0x0000000090100000|100%| E|CS|TAMS 0x0000000090000000, 0x0000000090000000| Complete 
| 257|0x0000000090100000, 0x0000000090200000, 0x0000000090200000|100%| E|CS|TAMS 0x0000000090100000, 0x0000000090100000| Complete 
| 258|0x0000000090200000, 0x0000000090300000, 0x0000000090300000|100%| E|CS|TAMS 0x0000000090200000, 0x0000000090200000| Complete 
| 259|0x0000000090300000, 0x0000000090400000, 0x0000000090400000|100%| E|CS|TAMS 0x0000000090300000, 0x0000000090300000| Complete 
| 260|0x0000000090400000, 0x0000000090500000, 0x0000000090500000|100%| E|CS|TAMS 0x0000000090400000, 0x0000000090400000| Complete 
| 261|0x0000000090500000, 0x0000000090600000, 0x0000000090600000|100%| E|CS|TAMS 0x0000000090500000, 0x0000000090500000| Complete 
| 262|0x0000000090600000, 0x0000000090700000, 0x0000000090700000|100%| E|CS|TAMS 0x0000000090600000, 0x0000000090600000| Complete 
| 263|0x0000000090700000, 0x0000000090800000, 0x0000000090800000|100%| E|CS|TAMS 0x0000000090700000, 0x0000000090700000| Complete 
| 264|0x0000000090800000, 0x0000000090900000, 0x0000000090900000|100%| E|CS|TAMS 0x0000000090800000, 0x0000000090800000| Complete 
| 265|0x0000000090900000, 0x0000000090a00000, 0x0000000090a00000|100%| E|CS|TAMS 0x0000000090900000, 0x0000000090900000| Complete 
| 266|0x0000000090a00000, 0x0000000090b00000, 0x0000000090b00000|100%| E|CS|TAMS 0x0000000090a00000, 0x0000000090a00000| Complete 
| 267|0x0000000090b00000, 0x0000000090c00000, 0x0000000090c00000|100%| E|CS|TAMS 0x0000000090b00000, 0x0000000090b00000| Complete 
| 268|0x0000000090c00000, 0x0000000090d00000, 0x0000000090d00000|100%| E|CS|TAMS 0x0000000090c00000, 0x0000000090c00000| Complete 
| 269|0x0000000090d00000, 0x0000000090e00000, 0x0000000090e00000|100%| E|CS|TAMS 0x0000000090d00000, 0x0000000090d00000| Complete 
| 270|0x0000000090e00000, 0x0000000090f00000, 0x0000000090f00000|100%| E|CS|TAMS 0x0000000090e00000, 0x0000000090e00000| Complete 
| 271|0x0000000090f00000, 0x0000000091000000, 0x0000000091000000|100%| E|CS|TAMS 0x0000000090f00000, 0x0000000090f00000| Complete 
| 272|0x0000000091000000, 0x0000000091100000, 0x0000000091100000|100%| E|CS|TAMS 0x0000000091000000, 0x0000000091000000| Complete 
| 273|0x0000000091100000, 0x0000000091200000, 0x0000000091200000|100%| E|CS|TAMS 0x0000000091100000, 0x0000000091100000| Complete 
| 274|0x0000000091200000, 0x0000000091300000, 0x0000000091300000|100%| E|CS|TAMS 0x0000000091200000, 0x0000000091200000| Complete 
| 275|0x0000000091300000, 0x0000000091400000, 0x0000000091400000|100%| E|CS|TAMS 0x0000000091300000, 0x0000000091300000| Complete 
| 276|0x0000000091400000, 0x0000000091500000, 0x0000000091500000|100%| E|CS|TAMS 0x0000000091400000, 0x0000000091400000| Complete 
| 277|0x0000000091500000, 0x0000000091600000, 0x0000000091600000|100%| E|CS|TAMS 0x0000000091500000, 0x0000000091500000| Complete 

Card table byte_map: [0x00000269c5fb0000,0x00000269c63b0000] _byte_map_base: 0x00000269c5bb0000

Marking Bits (Prev, Next): (CMBitMap*) 0x00000269b12ddff8, (CMBitMap*) 0x00000269b12de030
 Prev Bits: [0x00000269c67b0000, 0x00000269c87b0000)
 Next Bits: [0x00000269c87b0000, 0x00000269ca7b0000)

Polling page: 0x00000269b1380000

Metaspace:

Usage:
  Non-class:     73.29 MB capacity,    71.95 MB ( 98%) used,     1.11 MB (  2%) free+waste,   237.63 KB ( <1%) overhead. 
      Class:     11.47 MB capacity,    10.69 MB ( 93%) used,   689.26 KB (  6%) free+waste,   108.38 KB ( <1%) overhead. 
       Both:     84.76 MB capacity,    82.64 MB ( 97%) used,     1.78 MB (  2%) free+waste,   346.00 KB ( <1%) overhead. 

Virtual space:
  Non-class space:       74.00 MB reserved,      73.50 MB (>99%) committed 
      Class space:        1.00 GB reserved,      11.57 MB (  1%) committed 
             Both:        1.07 GB reserved,      85.07 MB (  8%) committed 

Chunk freelists:
   Non-Class:  23.00 KB
       Class:  1.00 KB
        Both:  24.00 KB

MaxMetaspaceSize: 17179869184.00 GB
CompressedClassSpaceSize: 1.00 GB

CodeHeap 'non-profiled nmethods': size=120064Kb used=5089Kb max_used=5089Kb free=114975Kb
 bounds [0x00000269be050000, 0x00000269be550000, 0x00000269c5590000]
CodeHeap 'profiled nmethods': size=120000Kb used=20468Kb max_used=20468Kb free=99531Kb
 bounds [0x00000269b6b20000, 0x00000269b7f20000, 0x00000269be050000]
CodeHeap 'non-nmethods': size=5696Kb used=2276Kb max_used=2325Kb free=3419Kb
 bounds [0x00000269b6590000, 0x00000269b6800000, 0x00000269b6b20000]
 total_blobs=10492 nmethods=9616 adapters=787
 compilation: enabled
              stopped_count=0, restarted_count=0
 full_count=0

Compilation events (20 events):
Event: 17.832 Thread 0x00000269cce48800 nmethod 9625 0x00000269be544c10 code [0x00000269be544da0, 0x00000269be544e58]
Event: 17.832 Thread 0x00000269cce48800 9626       4       org.apache.xerces.dom.NodeImpl::isOwned (16 bytes)
Event: 17.832 Thread 0x00000269cce48800 nmethod 9626 0x00000269be544f10 code [0x00000269be5450a0, 0x00000269be545118]
Event: 17.833 Thread 0x00000269cd6a2800 nmethod 9620 0x00000269b7ee7a10 code [0x00000269b7ee8080, 0x00000269b7eeb408]
Event: 17.833 Thread 0x00000269cd6a2800 9624       3       java.lang.StringUTF16::putChar (54 bytes)
Event: 17.833 Thread 0x00000269cd6a2800 nmethod 9624 0x00000269b7eec590 code [0x00000269b7eec740, 0x00000269b7eec878]
Event: 17.833 Thread 0x00000269cd6a2800 9621       3       org.apache.xerces.impl.XMLScanner::setProperty (105 bytes)
Event: 17.835 Thread 0x00000269cd6a2800 nmethod 9621 0x00000269b7eec990 code [0x00000269b7eeccc0, 0x00000269b7eee098]
Event: 17.835 Thread 0x00000269cd6a2800 9627       3       org.apache.xerces.impl.XMLDocumentScannerImpl::setFeature (75 bytes)
Event: 17.836 Thread 0x00000269cce48800 9629       4       java.util.Hashtable$Enumerator::hasMoreElements (53 bytes)
Event: 17.836 Thread 0x00000269cd6a2800 nmethod 9627 0x00000269b7eee690 code [0x00000269b7eee940, 0x00000269b7eef598]
Event: 17.836 Thread 0x00000269cd6a2800 9628       3       org.apache.xerces.impl.XMLDocumentFragmentScannerImpl::setFeature (54 bytes)
Event: 17.837 Thread 0x00000269cd6a2800 nmethod 9628 0x00000269b7eefa10 code [0x00000269b7eefc80, 0x00000269b7ef05d8]
Event: 17.837 Thread 0x00000269cd6a2800 9623       3       java.util.regex.Pattern$Begin::match (62 bytes)
Event: 17.838 Thread 0x00000269cd6a2800 nmethod 9623 0x00000269b7ef0990 code [0x00000269b7ef0b60, 0x00000269b7ef0e88]
Event: 17.839 Thread 0x00000269cd6a2800 9631       3       com.android.utils.PositionXmlParser$DomBuilder::addNodeToParent (59 bytes)
Event: 17.839 Thread 0x00000269cd6a2800 nmethod 9631 0x00000269b7ef1010 code [0x00000269b7ef1240, 0x00000269b7ef1aa8]
Event: 17.841 Thread 0x00000269cce48800 nmethod 9629 0x00000269be545190 code [0x00000269be545320, 0x00000269be545538]
Event: 17.841 Thread 0x00000269cce48800 9630       4       java.lang.StringLatin1::getChars (12 bytes)
Event: 17.843 Thread 0x00000269cce48800 nmethod 9630 0x00000269be545610 code [0x00000269be5457a0, 0x00000269be545918]

GC Heap History (20 events):
Event: 1.766 GC heap before
{Heap before GC invocations=2 (full 0):
 garbage-first heap   total 196608K, used 39961K [0x0000000080000000, 0x0000000100000000)
  region size 1024K, 32 young (32768K), 2 survivors (2048K)
 Metaspace       used 11169K, capacity 11502K, committed 11776K, reserved 1060864K
  class space    used 1166K, capacity 1243K, committed 1280K, reserved 1048576K
}
Event: 1.770 GC heap after
{Heap after GC invocations=3 (full 0):
 garbage-first heap   total 196608K, used 11641K [0x0000000080000000, 0x0000000100000000)
  region size 1024K, 4 young (4096K), 4 survivors (4096K)
 Metaspace       used 11169K, capacity 11502K, committed 11776K, reserved 1060864K
  class space    used 1166K, capacity 1243K, committed 1280K, reserved 1048576K
}
Event: 3.454 GC heap before
{Heap before GC invocations=3 (full 0):
 garbage-first heap   total 196608K, used 74105K [0x0000000080000000, 0x0000000100000000)
  region size 1024K, 66 young (67584K), 4 survivors (4096K)
 Metaspace       used 20533K, capacity 21088K, committed 21248K, reserved 1067008K
  class space    used 2507K, capacity 2690K, committed 2816K, reserved 1048576K
}
Event: 3.465 GC heap after
{Heap after GC invocations=4 (full 0):
 garbage-first heap   total 196608K, used 16471K [0x0000000080000000, 0x0000000100000000)
  region size 1024K, 9 young (9216K), 9 survivors (9216K)
 Metaspace       used 20533K, capacity 21088K, committed 21248K, reserved 1067008K
  class space    used 2507K, capacity 2690K, committed 2816K, reserved 1048576K
}
Event: 4.695 GC heap before
{Heap before GC invocations=5 (full 0):
 garbage-first heap   total 196608K, used 90199K [0x0000000080000000, 0x0000000100000000)
  region size 1024K, 81 young (82944K), 9 survivors (9216K)
 Metaspace       used 27736K, capacity 28431K, committed 28544K, reserved 1073152K
  class space    used 3679K, capacity 3930K, committed 3968K, reserved 1048576K
}
Event: 4.708 GC heap after
{Heap after GC invocations=6 (full 0):
 garbage-first heap   total 196608K, used 19413K [0x0000000080000000, 0x0000000100000000)
  region size 1024K, 8 young (8192K), 8 survivors (8192K)
 Metaspace       used 27736K, capacity 28431K, committed 28544K, reserved 1073152K
  class space    used 3679K, capacity 3930K, committed 3968K, reserved 1048576K
}
Event: 5.652 GC heap before
{Heap before GC invocations=6 (full 0):
 garbage-first heap   total 196608K, used 57301K [0x0000000080000000, 0x0000000100000000)
  region size 1024K, 46 young (47104K), 8 survivors (8192K)
 Metaspace       used 35032K, capacity 35822K, committed 35840K, reserved 1081344K
  class space    used 4541K, capacity 4864K, committed 4864K, reserved 1048576K
}
Event: 5.668 GC heap after
{Heap after GC invocations=7 (full 0):
 garbage-first heap   total 196608K, used 22637K [0x0000000080000000, 0x0000000100000000)
  region size 1024K, 11 young (11264K), 11 survivors (11264K)
 Metaspace       used 35032K, capacity 35822K, committed 35840K, reserved 1081344K
  class space    used 4541K, capacity 4864K, committed 4864K, reserved 1048576K
}
Event: 7.440 GC heap before
{Heap before GC invocations=8 (full 0):
 garbage-first heap   total 196608K, used 132205K [0x0000000080000000, 0x0000000100000000)
  region size 1024K, 115 young (117760K), 11 survivors (11264K)
 Metaspace       used 43251K, capacity 44301K, committed 44620K, reserved 1087488K
  class space    used 5514K, capacity 5887K, committed 5964K, reserved 1048576K
}
Event: 7.465 GC heap after
{Heap after GC invocations=9 (full 0):
 garbage-first heap   total 196608K, used 28588K [0x0000000080000000, 0x0000000100000000)
  region size 1024K, 12 young (12288K), 12 survivors (12288K)
 Metaspace       used 43251K, capacity 44301K, committed 44620K, reserved 1087488K
  class space    used 5514K, capacity 5887K, committed 5964K, reserved 1048576K
}
Event: 9.321 GC heap before
{Heap before GC invocations=9 (full 0):
 garbage-first heap   total 196608K, used 141228K [0x0000000080000000, 0x0000000100000000)
  region size 1024K, 115 young (117760K), 12 survivors (12288K)
 Metaspace       used 49456K, capacity 50751K, committed 50892K, reserved 1093632K
  class space    used 6314K, capacity 6780K, committed 6860K, reserved 1048576K
}
Event: 9.356 GC heap after
{Heap after GC invocations=10 (full 0):
 garbage-first heap   total 236544K, used 48466K [0x0000000080000000, 0x0000000100000000)
  region size 1024K, 15 young (15360K), 15 survivors (15360K)
 Metaspace       used 49456K, capacity 50751K, committed 50892K, reserved 1093632K
  class space    used 6314K, capacity 6780K, committed 6860K, reserved 1048576K
}
Event: 10.703 GC heap before
{Heap before GC invocations=10 (full 0):
 garbage-first heap   total 236544K, used 108882K [0x0000000080000000, 0x0000000100000000)
  region size 1024K, 75 young (76800K), 15 survivors (15360K)
 Metaspace       used 58712K, capacity 60204K, committed 60236K, reserved 1101824K
  class space    used 7438K, capacity 7986K, committed 8012K, reserved 1048576K
}
Event: 10.736 GC heap after
{Heap after GC invocations=11 (full 0):
 garbage-first heap   total 236544K, used 53225K [0x0000000080000000, 0x0000000100000000)
  region size 1024K, 4 young (4096K), 4 survivors (4096K)
 Metaspace       used 58712K, capacity 60204K, committed 60236K, reserved 1101824K
  class space    used 7438K, capacity 7986K, committed 8012K, reserved 1048576K
}
Event: 12.436 GC heap before
{Heap before GC invocations=12 (full 0):
 garbage-first heap   total 236544K, used 151529K [0x0000000080000000, 0x0000000100000000)
  region size 1024K, 100 young (102400K), 4 survivors (4096K)
 Metaspace       used 65893K, capacity 67527K, committed 67660K, reserved 1107968K
  class space    used 8355K, capacity 8939K, committed 9036K, reserved 1048576K
}
Event: 12.461 GC heap after
{Heap after GC invocations=13 (full 0):
 garbage-first heap   total 236544K, used 59899K [0x0000000080000000, 0x0000000100000000)
  region size 1024K, 11 young (11264K), 11 survivors (11264K)
 Metaspace       used 65893K, capacity 67527K, committed 67660K, reserved 1107968K
  class space    used 8355K, capacity 8939K, committed 9036K, reserved 1048576K
}
Event: 14.619 GC heap before
{Heap before GC invocations=14 (full 0):
 garbage-first heap   total 236544K, used 159227K [0x0000000080000000, 0x0000000100000000)
  region size 1024K, 108 young (110592K), 11 survivors (11264K)
 Metaspace       used 77047K, capacity 78771K, committed 79052K, reserved 1118208K
  class space    used 10000K, capacity 10641K, committed 10700K, reserved 1048576K
}
Event: 14.647 GC heap after
{Heap after GC invocations=15 (full 0):
 garbage-first heap   total 236544K, used 65784K [0x0000000080000000, 0x0000000100000000)
  region size 1024K, 7 young (7168K), 7 survivors (7168K)
 Metaspace       used 77047K, capacity 78771K, committed 79052K, reserved 1118208K
  class space    used 10000K, capacity 10641K, committed 10700K, reserved 1048576K
}
Event: 16.741 GC heap before
{Heap before GC invocations=15 (full 0):
 garbage-first heap   total 236544K, used 165112K [0x0000000080000000, 0x0000000100000000)
  region size 1024K, 105 young (107520K), 7 survivors (7168K)
 Metaspace       used 82549K, capacity 84582K, committed 84812K, reserved 1122304K
  class space    used 10766K, capacity 11535K, committed 11596K, reserved 1048576K
}
Event: 16.768 GC heap after
{Heap after GC invocations=16 (full 0):
 garbage-first heap   total 284672K, used 72490K [0x0000000080000000, 0x0000000100000000)
  region size 1024K, 13 young (13312K), 13 survivors (13312K)
 Metaspace       used 82549K, capacity 84582K, committed 84812K, reserved 1122304K
  class space    used 10766K, capacity 11535K, committed 11596K, reserved 1048576K
}

Deoptimization events (20 events):
Event: 17.750 Thread 0x00000269cdd54000 DEOPT PACKING pc=0x00000269be432494 sp=0x000000e806cf8d50
Event: 17.750 Thread 0x00000269cdd54000 DEOPT UNPACKING pc=0x00000269b65b78af sp=0x000000e806cf8c28 mode 2
Event: 17.750 Thread 0x00000269cdd54000 Uncommon trap: trap_request=0xffffffbe fr.pc=0x00000269be432494 relative=0x0000000000000a94
Event: 17.750 Thread 0x00000269cdd54000 Uncommon trap: reason=profile_predicate action=maybe_recompile pc=0x00000269be432494 method=jdk.internal.jimage.ImageStringsReader.charsFromByteBuffer([CLjava/nio/ByteBuffer;)V @ 6 c2
Event: 17.750 Thread 0x00000269cdd54000 DEOPT PACKING pc=0x00000269be432494 sp=0x000000e806cf8d50
Event: 17.750 Thread 0x00000269cdd54000 DEOPT UNPACKING pc=0x00000269b65b78af sp=0x000000e806cf8c28 mode 2
Event: 17.750 Thread 0x00000269cdd54000 Uncommon trap: trap_request=0xffffffbe fr.pc=0x00000269be432494 relative=0x0000000000000a94
Event: 17.750 Thread 0x00000269cdd54000 Uncommon trap: reason=profile_predicate action=maybe_recompile pc=0x00000269be432494 method=jdk.internal.jimage.ImageStringsReader.charsFromByteBuffer([CLjava/nio/ByteBuffer;)V @ 6 c2
Event: 17.751 Thread 0x00000269cdd54000 DEOPT PACKING pc=0x00000269be432494 sp=0x000000e806cf8d50
Event: 17.751 Thread 0x00000269cdd54000 DEOPT UNPACKING pc=0x00000269b65b78af sp=0x000000e806cf8c28 mode 2
Event: 17.830 Thread 0x00000269cdd54000 Uncommon trap: trap_request=0xffffff4d fr.pc=0x00000269be063e18 relative=0x0000000000000258
Event: 17.830 Thread 0x00000269cdd54000 Uncommon trap: reason=unstable_if action=reinterpret pc=0x00000269be063e18 method=java.lang.String.getChars(II[CI)V @ 23 c2
Event: 17.830 Thread 0x00000269cdd54000 DEOPT PACKING pc=0x00000269be063e18 sp=0x000000e806cf9b50
Event: 17.830 Thread 0x00000269cdd54000 DEOPT UNPACKING pc=0x00000269b65b78af sp=0x000000e806cf9ae8 mode 2
Event: 17.831 Thread 0x00000269cdd54000 Uncommon trap: trap_request=0xffffff4d fr.pc=0x00000269be137d88 relative=0x0000000000000268
Event: 17.831 Thread 0x00000269cdd54000 Uncommon trap: reason=unstable_if action=reinterpret pc=0x00000269be137d88 method=java.lang.AbstractStringBuilder.appendChars([CII)V @ 43 c2
Event: 17.831 Thread 0x00000269cdd54000 DEOPT PACKING pc=0x00000269be137d88 sp=0x000000e806cf9a10
Event: 17.831 Thread 0x00000269cdd54000 DEOPT UNPACKING pc=0x00000269b65b78af sp=0x000000e806cf9988 mode 2
Event: 17.839 Thread 0x00000269cdd54000 DEOPT PACKING pc=0x00000269b6b5b8bc sp=0x000000e806cf9840
Event: 17.839 Thread 0x00000269cdd54000 DEOPT UNPACKING pc=0x00000269b65b76ce sp=0x000000e806cf8ca0 mode 0

Classes redefined (0 events):
No events

Internal exceptions (20 events):
Event: 14.571 Thread 0x00000269ceb6b800 Exception <a 'sun/nio/fs/WindowsException'{0x0000000088700cc8}> (0x0000000088700cc8) thrown at [./src/hotspot/share/prims/jni.cpp, line 615]
Event: 14.571 Thread 0x00000269ceb6b800 Exception <a 'sun/nio/fs/WindowsException'{0x0000000088701de8}> (0x0000000088701de8) thrown at [./src/hotspot/share/prims/jni.cpp, line 615]
Event: 14.571 Thread 0x00000269ceb6b800 Exception <a 'sun/nio/fs/WindowsException'{0x0000000088702f08}> (0x0000000088702f08) thrown at [./src/hotspot/share/prims/jni.cpp, line 615]
Event: 15.116 Thread 0x00000269ceb6b800 Exception <a 'java/lang/NoSuchMethodError'{0x000000008cb0b180}: 'java.lang.Object java.lang.invoke.Invokers$Holder.linkToTargetMethod(java.lang.Object, int, int, java.lang.Object)'> (0x000000008cb0b180) thrown at [./src/hotspot/share/interpreter/linkResolver.cpp, line 773]
Event: 15.462 Thread 0x00000269d04d6800 Exception <a 'java/lang/NoSuchMethodError'{0x000000008b9bde58}: <clinit>> (0x000000008b9bde58) thrown at [./src/hotspot/share/prims/jni.cpp, line 1362]
Event: 15.463 Thread 0x00000269d04d6800 Exception <a 'java/lang/NoSuchMethodError'{0x000000008b9c74b0}: <clinit>> (0x000000008b9c74b0) thrown at [./src/hotspot/share/prims/jni.cpp, line 1362]
Event: 15.496 Thread 0x00000269d04d6800 Exception <a 'java/lang/NoSuchMethodError'{0x000000008b861eb8}: <clinit>> (0x000000008b861eb8) thrown at [./src/hotspot/share/prims/jni.cpp, line 1362]
Event: 15.498 Thread 0x00000269d04d6800 Exception <a 'java/lang/NoSuchMethodError'{0x000000008b8b1420}: <clinit>> (0x000000008b8b1420) thrown at [./src/hotspot/share/prims/jni.cpp, line 1362]
Event: 15.498 Thread 0x00000269d04d6800 Exception <a 'java/lang/NoSuchMethodError'{0x000000008b8b26f8}: <clinit>> (0x000000008b8b26f8) thrown at [./src/hotspot/share/prims/jni.cpp, line 1362]
Event: 15.558 Thread 0x00000269cdd56800 Exception <a 'java/lang/NoSuchMethodError'{0x000000008b643560}: <clinit>> (0x000000008b643560) thrown at [./src/hotspot/share/prims/jni.cpp, line 1362]
Event: 15.563 Thread 0x00000269cdd56800 Exception <a 'java/lang/NoSuchMethodError'{0x000000008b6581b8}: <clinit>> (0x000000008b6581b8) thrown at [./src/hotspot/share/prims/jni.cpp, line 1362]
Event: 15.565 Thread 0x00000269cdd56800 Exception <a 'java/lang/NoSuchMethodError'{0x000000008b671440}: <clinit>> (0x000000008b671440) thrown at [./src/hotspot/share/prims/jni.cpp, line 1362]
Event: 15.633 Thread 0x00000269d04d6800 Exception <a 'java/lang/NoSuchMethodError'{0x000000008b347678}: <clinit>> (0x000000008b347678) thrown at [./src/hotspot/share/prims/jni.cpp, line 1362]
Event: 15.707 Thread 0x00000269cdd54000 Exception <a 'java/lang/NoSuchMethodError'{0x000000008b3b2cd0}: 'java.lang.Object java.lang.invoke.Invokers$Holder.linkToTargetMethod(java.lang.Object, java.lang.Object, java.lang.Object, int, java.lang.Object, java.lang.Object)'> (0x000000008b3b2cd0) thrown at [./src/hotspot/share/interpreter/linkResolver.cpp, line 773]
Event: 16.157 Thread 0x00000269cdd4d000 Exception <a 'java/lang/NoSuchMethodError'{0x000000008a3c8818}: 'java.lang.Object java.lang.invoke.DirectMethodHandle$Holder.invokeSpecialIFC(java.lang.Object, java.lang.Object, java.lang.Object)'> (0x000000008a3c8818) thrown at [./src/hotspot/share/interpreter/linkResolver.cpp, line 773]
Event: 16.157 Thread 0x00000269cdd4e800 Exception <a 'java/lang/NoSuchMethodError'{0x000000008a454330}: 'java.lang.Object java.lang.invoke.DirectMethodHandle$Holder.invokeSpecialIFC(java.lang.Object, java.lang.Object, java.lang.Object)'> (0x000000008a454330) thrown at [./src/hotspot/share/interpreter/linkResolver.cpp, line 773]
Event: 16.158 Thread 0x00000269cdd54000 Exception <a 'java/lang/NoSuchMethodError'{0x000000008a376d68}: 'java.lang.Object java.lang.invoke.DirectMethodHandle$Holder.invokeSpecialIFC(java.lang.Object, java.lang.Object, java.lang.Object)'> (0x000000008a376d68) thrown at [./src/hotspot/share/interpreter/linkResolver.cpp, line 773]
Event: 16.209 Thread 0x00000269cdd49800 Exception <a 'java/lang/NoSuchMethodError'{0x000000008a0844e8}: 'int java.lang.invoke.DirectMethodHandle$Holder.invokeStaticInit(java.lang.Object, java.lang.Object, java.lang.Object, java.lang.Object, java.lang.Object)'> (0x000000008a0844e8) thrown at [./src/hotspot/share/interpreter/linkResolver.cpp, line 773]
Event: 17.154 Thread 0x00000269cdd54000 Exception <a 'java/lang/IncompatibleClassChangeError'{0x00000000903ce828}: Found class java.lang.Object, but interface was expected> (0x00000000903ce828) thrown at [./src/hotspot/share/interpreter/linkResolver.cpp, line 839]
Event: 17.601 Thread 0x00000269cdd54000 Exception <a 'java/lang/NoSuchMethodError'{0x000000008ed71b50}: 'void java.lang.invoke.DirectMethodHandle$Holder.invokeVirtual(java.lang.Object, java.lang.Object)'> (0x000000008ed71b50) thrown at [./src/hotspot/share/interpreter/linkResolver.cpp, line 773]

Events (20 events):
Event: 17.784 loading class com/android/resources/WideGamutColor
Event: 17.784 loading class com/android/resources/WideGamutColor done
Event: 17.785 loading class com/android/resources/HighDynamicRange
Event: 17.785 loading class com/android/resources/HighDynamicRange done
Event: 17.785 loading class com/android/resources/ScreenOrientation
Event: 17.785 loading class com/android/resources/ScreenOrientation done
Event: 17.785 loading class com/android/resources/UiMode
Event: 17.785 loading class com/android/resources/UiMode done
Event: 17.786 loading class com/android/resources/NightMode
Event: 17.786 loading class com/android/resources/NightMode done
Event: 17.786 loading class com/android/resources/TouchScreen
Event: 17.786 loading class com/android/resources/TouchScreen done
Event: 17.787 loading class com/android/resources/KeyboardState
Event: 17.787 loading class com/android/resources/KeyboardState done
Event: 17.787 loading class com/android/resources/Keyboard
Event: 17.787 loading class com/android/resources/Keyboard done
Event: 17.788 loading class com/android/resources/NavigationState
Event: 17.788 loading class com/android/resources/NavigationState done
Event: 17.788 loading class com/android/resources/Navigation
Event: 17.788 loading class com/android/resources/Navigation done


Dynamic libraries:
0x00007ff631e20000 - 0x00007ff631e2a000 	C:\Program Files\Android\Android Studio4\jre\bin\java.exe
0x00007ffab90b0000 - 0x00007ffab92a5000 	C:\WINDOWS\SYSTEM32\ntdll.dll
0x00007ffab89f0000 - 0x00007ffab8aad000 	C:\WINDOWS\System32\KERNEL32.DLL
0x00007ffab67e0000 - 0x00007ffab6aa9000 	C:\WINDOWS\System32\KERNELBASE.dll
0x00007ffab6e90000 - 0x00007ffab6f90000 	C:\WINDOWS\System32\ucrtbase.dll
0x00007ffa9cad0000 - 0x00007ffa9cae7000 	C:\Program Files\Android\Android Studio4\jre\bin\VCRUNTIME140.dll
0x00007ffa9ca30000 - 0x00007ffa9ca49000 	C:\Program Files\Android\Android Studio4\jre\bin\jli.dll
0x00007ffab7bb0000 - 0x00007ffab7d50000 	C:\WINDOWS\System32\USER32.dll
0x00007ffab6d00000 - 0x00007ffab6d22000 	C:\WINDOWS\System32\win32u.dll
0x00007ffab87c0000 - 0x00007ffab87ea000 	C:\WINDOWS\System32\GDI32.dll
0x00007ffa9f3e0000 - 0x00007ffa9f67a000 	C:\WINDOWS\WinSxS\amd64_microsoft.windows.common-controls_6595b64144ccf1df_6.0.19041.1110_none_60b5254171f9507e\COMCTL32.dll
0x00007ffab6d30000 - 0x00007ffab6e3b000 	C:\WINDOWS\System32\gdi32full.dll
0x00007ffab8ea0000 - 0x00007ffab8f3e000 	C:\WINDOWS\System32\msvcrt.dll
0x00007ffab7070000 - 0x00007ffab710d000 	C:\WINDOWS\System32\msvcp_win.dll
0x00007ffab8b80000 - 0x00007ffab8bb0000 	C:\WINDOWS\System32\IMM32.DLL
0x00007ffa99680000 - 0x00007ffa9971d000 	C:\Program Files\Android\Android Studio4\jre\bin\msvcp140.dll
0x00007ffa7d780000 - 0x00007ffa7e24f000 	C:\Program Files\Android\Android Studio4\jre\bin\server\jvm.dll
0x00007ffab83b0000 - 0x00007ffab845c000 	C:\WINDOWS\System32\ADVAPI32.dll
0x00007ffab7280000 - 0x00007ffab731b000 	C:\WINDOWS\System32\sechost.dll
0x00007ffab8f40000 - 0x00007ffab906a000 	C:\WINDOWS\System32\RPCRT4.dll
0x00007ffab71f0000 - 0x00007ffab71f8000 	C:\WINDOWS\System32\PSAPI.DLL
0x00007ffaa4840000 - 0x00007ffaa4849000 	C:\WINDOWS\SYSTEM32\WSOCK32.dll
0x00007ffaa3010000 - 0x00007ffaa3037000 	C:\WINDOWS\SYSTEM32\WINMM.dll
0x00007ffaacba0000 - 0x00007ffaacbaa000 	C:\WINDOWS\SYSTEM32\VERSION.dll
0x00007ffab8b10000 - 0x00007ffab8b7b000 	C:\WINDOWS\System32\WS2_32.dll
0x00007ffab50c0000 - 0x00007ffab50d2000 	C:\WINDOWS\SYSTEM32\kernel.appcore.dll
0x00007ffab1a40000 - 0x00007ffab1a51000 	C:\Program Files\Android\Android Studio4\jre\bin\verify.dll
0x00007ffab4d70000 - 0x00007ffab4f54000 	C:\WINDOWS\SYSTEM32\DBGHELP.DLL
0x00007ffa9f7f0000 - 0x00007ffa9f81c000 	C:\WINDOWS\SYSTEM32\dbgcore.DLL
0x00007ffab6b10000 - 0x00007ffab6b93000 	C:\WINDOWS\System32\bcryptPrimitives.dll
0x00007ffa9d540000 - 0x00007ffa9d569000 	C:\Program Files\Android\Android Studio4\jre\bin\java.dll
0x00007ffaaedd0000 - 0x00007ffaaeddb000 	C:\Program Files\Android\Android Studio4\jre\bin\jimage.dll
0x00007ffaa5000000 - 0x00007ffaa5018000 	C:\Program Files\Android\Android Studio4\jre\bin\zip.dll
0x00007ffab7470000 - 0x00007ffab7baf000 	C:\WINDOWS\System32\SHELL32.dll
0x00007ffab45e0000 - 0x00007ffab4d70000 	C:\WINDOWS\SYSTEM32\windows.storage.dll
0x00007ffab8460000 - 0x00007ffab87b5000 	C:\WINDOWS\System32\combase.dll
0x00007ffab6240000 - 0x00007ffab626c000 	C:\WINDOWS\SYSTEM32\Wldp.dll
0x00007ffab8df0000 - 0x00007ffab8e9e000 	C:\WINDOWS\System32\SHCORE.dll
0x00007ffab8ab0000 - 0x00007ffab8b05000 	C:\WINDOWS\System32\shlwapi.dll
0x00007ffab6720000 - 0x00007ffab673f000 	C:\WINDOWS\SYSTEM32\profapi.dll
0x00007ffa9d520000 - 0x00007ffa9d53a000 	C:\Program Files\Android\Android Studio4\jre\bin\net.dll
0x00007ffaa7340000 - 0x00007ffaa7448000 	C:\WINDOWS\SYSTEM32\WINHTTP.dll
0x00007ffab5fa0000 - 0x00007ffab600a000 	C:\WINDOWS\system32\mswsock.dll
0x00007ffa9d500000 - 0x00007ffa9d514000 	C:\Program Files\Android\Android Studio4\jre\bin\nio.dll
0x00007ffa9cb70000 - 0x00007ffa9cb97000 	C:\Users\leoba\.gradle\native\8bec1ad78214c89d9ad589b4d07fe93259594b29d510b10fafb7a158f7737e5d\windows-amd64\native-platform.dll
0x00007ffa95b90000 - 0x00007ffa95ccd000 	C:\Users\leoba\.gradle\native\53dbd7edfb1c66fb8903c78663c9afc45aea4f116125fa6feffd364cf09443e8\windows-amd64\native-platform-file-events.dll
0x00007ffaadbd0000 - 0x00007ffaadbda000 	C:\Program Files\Android\Android Studio4\jre\bin\management.dll
0x00007ffaad680000 - 0x00007ffaad68c000 	C:\Program Files\Android\Android Studio4\jre\bin\management_ext.dll
0x00007ffab61a0000 - 0x00007ffab61b8000 	C:\WINDOWS\SYSTEM32\CRYPTSP.dll
0x00007ffab58b0000 - 0x00007ffab58e4000 	C:\WINDOWS\system32\rsaenh.dll
0x00007ffab6f90000 - 0x00007ffab6fb7000 	C:\WINDOWS\System32\bcrypt.dll
0x00007ffab66e0000 - 0x00007ffab670e000 	C:\WINDOWS\SYSTEM32\USERENV.dll
0x00007ffab6190000 - 0x00007ffab619c000 	C:\WINDOWS\SYSTEM32\CRYPTBASE.dll
0x00007ffab5c40000 - 0x00007ffab5c7b000 	C:\WINDOWS\SYSTEM32\IPHLPAPI.DLL
0x00007ffab7200000 - 0x00007ffab7208000 	C:\WINDOWS\System32\NSI.dll
0x00007ffaa6d90000 - 0x00007ffaa6da7000 	C:\WINDOWS\SYSTEM32\dhcpcsvc6.DLL
0x00007ffaaa360000 - 0x00007ffaaa37d000 	C:\WINDOWS\SYSTEM32\dhcpcsvc.DLL
0x00007ffab5c90000 - 0x00007ffab5d5c000 	C:\WINDOWS\SYSTEM32\DNSAPI.dll

dbghelp: loaded successfully - version: 4.0.5 - missing functions: none
symbol engine: initialized successfully - sym options: 0x614 - pdb path: .;C:\Program Files\Android\Android Studio4\jre\bin;C:\WINDOWS\SYSTEM32;C:\WINDOWS\WinSxS\amd64_microsoft.windows.common-controls_6595b64144ccf1df_6.0.19041.1110_none_60b5254171f9507e;C:\Program Files\Android\Android Studio4\jre\bin\server;C:\Users\leoba\.gradle\native\8bec1ad78214c89d9ad589b4d07fe93259594b29d510b10fafb7a158f7737e5d\windows-amd64;C:\Users\leoba\.gradle\native\53dbd7edfb1c66fb8903c78663c9afc45aea4f116125fa6feffd364cf09443e8\windows-amd64

VM Arguments:
jvm_args: --add-opens=java.base/java.util=ALL-UNNAMED --add-opens=java.base/java.lang=ALL-UNNAMED --add-opens=java.base/java.lang.invoke=ALL-UNNAMED --add-opens=java.base/java.util=ALL-UNNAMED --add-opens=java.prefs/java.util.prefs=ALL-UNNAMED --add-opens=java.prefs/java.util.prefs=ALL-UNNAMED --add-opens=java.base/java.nio.charset=ALL-UNNAMED --add-opens=java.base/java.net=ALL-UNNAMED --add-opens=java.base/java.util.concurrent.atomic=ALL-UNNAMED -Xmx2048m -Dfile.encoding=UTF-8 -Duser.country=ES -Duser.language=es -Duser.variant 
java_command: org.gradle.launcher.daemon.bootstrap.GradleDaemon 7.0.2
java_class_path (initial): C:\Users\leoba\.gradle\wrapper\dists\gradle-7.0.2-bin\857tjihv64xamwrf0h14cai3r\gradle-7.0.2\lib\gradle-launcher-7.0.2.jar
Launcher Type: SUN_STANDARD

[Global flags]
     intx CICompilerCount                          = 3                                         {product} {ergonomic}
     uint ConcGCThreads                            = 1                                         {product} {ergonomic}
     uint G1ConcRefinementThreads                  = 4                                         {product} {ergonomic}
   size_t G1HeapRegionSize                         = 1048576                                   {product} {ergonomic}
    uintx GCDrainStackTargetSize                   = 64                                        {product} {ergonomic}
   size_t InitialHeapSize                          = 201326592                                 {product} {ergonomic}
   size_t MarkStackSize                            = 4194304                                   {product} {ergonomic}
   size_t MaxHeapSize                              = 2147483648                                {product} {command line}
   size_t MaxNewSize                               = 1287651328                                {product} {ergonomic}
   size_t MinHeapDeltaBytes                        = 1048576                                   {product} {ergonomic}
    uintx NonNMethodCodeHeapSize                   = 5830732                                {pd product} {ergonomic}
    uintx NonProfiledCodeHeapSize                  = 122913754                              {pd product} {ergonomic}
    uintx ProfiledCodeHeapSize                     = 122913754                              {pd product} {ergonomic}
    uintx ReservedCodeCacheSize                    = 251658240                              {pd product} {ergonomic}
     bool SegmentedCodeCache                       = true                                      {product} {ergonomic}
     bool UseCompressedClassPointers               = true                                 {lp64_product} {ergonomic}
     bool UseCompressedOops                        = true                                 {lp64_product} {ergonomic}
     bool UseG1GC                                  = true                                      {product} {ergonomic}
     bool UseLargePagesIndividualAllocation        = false                                  {pd product} {ergonomic}

Logging:
Log output configuration:
 #0: stdout all=warning uptime,level,tags
 #1: stderr all=off uptime,level,tags

Environment Variables:
PATH=C:\Program Files (x86)\Intel\Intel(R) Management Engine Components\iCLS\;C:\Program Files\Intel\Intel(R) Management Engine Components\iCLS\;C:\WINDOWS\system32;C:\WINDOWS;C:\WINDOWS\System32\Wbem;C:\WINDOWS\System32\WindowsPowerShell\v1.0\;C:\Program Files (x86)\Intel\Intel(R) Management Engine Components\DAL;C:\Program Files\Intel\Intel(R) Management Engine Components\DAL;C:\Program Files (x86)\Intel\Intel(R) Management Engine Components\IPT;C:\Program Files\Intel\Intel(R) Management Engine Components\IPT;c:\Program Files (x86)\Microsoft SQL Server\100\Tools\Binn\;c:\Program Files\Microsoft SQL Server\100\Tools\Binn\;c:\Program Files\Microsoft SQL Server\100\DTS\Binn\;c:\Program Files (x86)\Microsoft SQL Server\100\Tools\Binn\VSShell\Common7\IDE\;c:\Program Files (x86)\Microsoft SQL Server\100\DTS\Binn\;C:\WINDOWS\system32\config\systemprofile\.dnx\bin;C:\Program Files\Microsoft DNX\Dnvm\;C:\Program Files\Microsoft SQL Server\130\Tools\Binn\;C:\WINDOWS\System32\OpenSSH\;C:\Program Files\Git\cmd;C:\Users\leoba\AppData\Local\Microsoft\WindowsApps;C:\Users\leoba\AppData\Local\GitHubDesktop\bin;%USERPROFILE%\AppData\Local\Microsoft\WindowsApps;
USERNAME=leoba
OS=Windows_NT
PROCESSOR_IDENTIFIER=Intel64 Family 6 Model 142 Stepping 10, GenuineIntel



---------------  S Y S T E M  ---------------

OS: Windows 10 , 64 bit Build 19041 (10.0.19041.1151)
OS uptime: 3 days 1:34 hours

CPU:total 4 (initial active 4) (2 cores per cpu, 2 threads per core) family 6 model 142 stepping 10 microcode 0xb4, cmov, cx8, fxsr, mmx, sse, sse2, sse3, ssse3, sse4.1, sse4.2, popcnt, avx, avx2, aes, clmul, erms, 3dnowpref, lzcnt, ht, tsc, tscinvbit, bmi1, bmi2, adx, fma

Memory: 4k page, system-wide physical 12197M (814M free)
TotalPageFile size 12197M (AvailPageFile size 6M)
current process WorkingSet (physical memory assigned to process): 511M, peak: 513M
current process commit charge ("private bytes"): 547M, peak: 548M

vm_info: OpenJDK 64-Bit Server VM (11.0.10+0-b96-7249189) for windows-amd64 JRE (11.0.10+0-b96-7249189), built on Mar 31 2021 21:44:00 by "builder" with MS VC++ 14.0 (VS2015)

END.
