#
# There is insufficient memory for the Java Runtime Environment to continue.
# Native memory allocation (mmap) failed to map 58720256 bytes for Failed to commit area from 0x0000000091600000 to 0x0000000094e00000 of length 58720256.
# Possible reasons:
#   The system is out of physical RAM or swap space
#   The process is running with CompressedOops enabled, and the Java Heap may be blocking the growth of the native heap
# Possible solutions:
#   Reduce memory load on the system
#   Increase physical memory or swap space
#   Check if swap backing store is full
#   Decrease Java heap size (-Xmx/-Xms)
#   Decrease number of Java threads
#   Decrease Java thread stack sizes (-Xss)
#   Set larger code cache with -XX:ReservedCodeCacheSize=
#   JVM is running with Unscaled Compressed Oops mode in which the Java heap is
#     placed in the first 4GB address space. The Java Heap base address is the
#     maximum limit for the native heap growth. Please use -XX:HeapBaseMinAddress
#     to set the Java Heap base and to place the Java Heap above 4GB virtual address.
# This output file may be truncated or incomplete.
#
#  Out of Memory Error (./src/hotspot/os/windows/os_windows.cpp:3301), pid=7872, tid=672
#
# JRE version: OpenJDK Runtime Environment (11.0.10) (build 11.0.10+0-b96-7249189)
# Java VM: OpenJDK 64-Bit Server VM (11.0.10+0-b96-7249189, mixed mode, tiered, compressed oops, g1 gc, windows-amd64)
# No core dump will be written. Minidumps are not enabled by default on client versions of Windows
#

---------------  S U M M A R Y ------------

Command Line: --add-opens=java.base/java.util=ALL-UNNAMED --add-opens=java.base/java.lang=ALL-UNNAMED --add-opens=java.base/java.lang.invoke=ALL-UNNAMED --add-opens=java.base/java.util=ALL-UNNAMED --add-opens=java.prefs/java.util.prefs=ALL-UNNAMED --add-opens=java.prefs/java.util.prefs=ALL-UNNAMED --add-opens=java.base/java.nio.charset=ALL-UNNAMED --add-opens=java.base/java.net=ALL-UNNAMED --add-opens=java.base/java.util.concurrent.atomic=ALL-UNNAMED -Xmx2048m -Dfile.encoding=UTF-8 -Duser.country=ES -Duser.language=es -Duser.variant org.gradle.launcher.daemon.bootstrap.GradleDaemon 7.0.2

Host: Intel(R) Core(TM) i3-7020U CPU @ 2.30GHz, 4 cores, 11G,  Windows 10 , 64 bit Build 19041 (10.0.19041.1151)
Time: Tue Sep  7 00:51:18 2021 Hora estándar de Argentina elapsed time: 50.154940 seconds (0d 0h 0m 50s)

---------------  T H R E A D  ---------------

Current thread (0x00000238ab364000):  VMThread "VM Thread" [stack: 0x000000b4bdc00000,0x000000b4bdd00000] [id=672]

Stack: [0x000000b4bdc00000,0x000000b4bdd00000]
[error occurred during error reporting (printing stack bounds), id 0xc0000005, EXCEPTION_ACCESS_VIOLATION (0xc0000005) at pc=0x0000023895250f2d]

Native frames: (J=compiled Java code, j=interpreted, Vv=VM code, C=native code)
V  [jvm.dll+0x5ecfaa]
V  [jvm.dll+0x722bd5]
V  [jvm.dll+0x72412d]
V  [jvm.dll+0x724745]
V  [jvm.dll+0x7246fb]
V  [jvm.dll+0x5ec348]
V  [jvm.dll+0x5ecad8]
C  [ntdll.dll+0xa217f]
C  [ntdll.dll+0x51454]
C  [ntdll.dll+0xa0cae]
C  0x0000023895250f2d

VM_Operation (0x000000b4c20fdaa0): G1CollectForAllocation, mode: safepoint, requested by thread 0x00000238b341a800


---------------  P R O C E S S  ---------------

Threads class SMR info:
_java_thread_list=0x00000238ae98c1f0, length=64, elements={
0x000002388f79c000, 0x00000238abb81800, 0x00000238abb8b000, 0x00000238ab373800,
0x00000238ab374800, 0x00000238ab378800, 0x00000238abbd2800, 0x00000238abbd6000,
0x00000238abbe1800, 0x00000238abd3c800, 0x00000238ad538800, 0x00000238ae1d0800,
0x00000238abeb5800, 0x00000238ade5c800, 0x00000238ae681800, 0x00000238ae43d000,
0x00000238add41000, 0x00000238ae79b000, 0x00000238ad5bb800, 0x00000238ad5bd000,
0x00000238ad5bc800, 0x00000238ad5be000, 0x00000238ad6b8800, 0x00000238ad6b9800,
0x00000238ad6bb000, 0x00000238ad6bc000, 0x00000238ad6b6800, 0x00000238ad6ba800,
0x00000238ad6bd000, 0x00000238ad6b7000, 0x00000238ad6b8000, 0x00000238ad6be800,
0x00000238ad6c2800, 0x00000238ad6bf800, 0x00000238ad6c1000, 0x00000238ad6c0000,
0x00000238ad6c3800, 0x00000238ad6c1800, 0x00000238ad6c4000, 0x00000238b192e800,
0x00000238b1932800, 0x00000238b1930000, 0x00000238b1934000, 0x00000238b1935000,
0x00000238b1931800, 0x00000238b192f000, 0x00000238b1935800, 0x00000238b1936800,
0x00000238b193b800, 0x00000238b193c000, 0x00000238b1937800, 0x00000238b193d000,
0x00000238b1938000, 0x00000238b1939000, 0x00000238af374000, 0x00000238b1930800,
0x00000238b1939800, 0x00000238b193a800, 0x00000238b3411800, 0x00000238b3413000,
0x00000238b3414000, 0x00000238b3412800, 0x00000238b3411000, 0x00000238b341a800
}

Java Threads: ( => current thread )
  0x000002388f79c000 JavaThread "main" [_thread_blocked, id=9524, stack(0x000000b4bd600000,0x000000b4bd700000)]
  0x00000238abb81800 JavaThread "Reference Handler" daemon [_thread_blocked, id=1384, stack(0x000000b4bdd00000,0x000000b4bde00000)]
  0x00000238abb8b000 JavaThread "Finalizer" daemon [_thread_blocked, id=15164, stack(0x000000b4bde00000,0x000000b4bdf00000)]
  0x00000238ab373800 JavaThread "Signal Dispatcher" daemon [_thread_blocked, id=7556, stack(0x000000b4bdf00000,0x000000b4be000000)]
  0x00000238ab374800 JavaThread "Attach Listener" daemon [_thread_blocked, id=11432, stack(0x000000b4be000000,0x000000b4be100000)]
  0x00000238ab378800 JavaThread "Service Thread" daemon [_thread_blocked, id=9008, stack(0x000000b4be100000,0x000000b4be200000)]
  0x00000238abbd2800 JavaThread "C2 CompilerThread0" daemon [_thread_in_native, id=2728, stack(0x000000b4be200000,0x000000b4be300000)]
  0x00000238abbd6000 JavaThread "C1 CompilerThread0" daemon [_thread_blocked, id=10852, stack(0x000000b4be300000,0x000000b4be400000)]
  0x00000238abbe1800 JavaThread "Sweeper thread" daemon [_thread_blocked, id=6140, stack(0x000000b4be400000,0x000000b4be500000)]
  0x00000238abd3c800 JavaThread "Common-Cleaner" daemon [_thread_blocked, id=9656, stack(0x000000b4be500000,0x000000b4be600000)]
  0x00000238ad538800 JavaThread "Daemon health stats" [_thread_blocked, id=5868, stack(0x000000b4beb00000,0x000000b4bec00000)]
  0x00000238ae1d0800 JavaThread "Incoming local TCP Connector on port 63063" [_thread_in_native, id=5864, stack(0x000000b4be700000,0x000000b4be800000)]
  0x00000238abeb5800 JavaThread "Daemon periodic checks" [_thread_blocked, id=3728, stack(0x000000b4bec00000,0x000000b4bed00000)]
  0x00000238ade5c800 JavaThread "Daemon" [_thread_blocked, id=9984, stack(0x000000b4bed00000,0x000000b4bee00000)]
  0x00000238ae681800 JavaThread "Handler for socket connection from /127.0.0.1:63063 to /127.0.0.1:63064" [_thread_in_native, id=240, stack(0x000000b4bee00000,0x000000b4bef00000)]
  0x00000238ae43d000 JavaThread "Cancel handler" [_thread_blocked, id=5424, stack(0x000000b4bf000000,0x000000b4bf100000)]
  0x00000238add41000 JavaThread "Daemon worker" [_thread_blocked, id=11136, stack(0x000000b4bf100000,0x000000b4bf200000)]
  0x00000238ae79b000 JavaThread "Asynchronous log dispatcher for DefaultDaemonConnection: socket connection from /127.0.0.1:63063 to /127.0.0.1:63064" [_thread_blocked, id=14168, stack(0x000000b4bf200000,0x000000b4bf300000)]
  0x00000238ad5bb800 JavaThread "Stdin handler" [_thread_blocked, id=8216, stack(0x000000b4bf300000,0x000000b4bf400000)]
  0x00000238ad5bd000 JavaThread "Daemon client event forwarder" [_thread_blocked, id=10640, stack(0x000000b4bf400000,0x000000b4bf500000)]
  0x00000238ad5bc800 JavaThread "Cache worker for file hash cache (C:\Users\leoba\.gradle\caches\7.0.2\fileHashes)" [_thread_blocked, id=9800, stack(0x000000b4bf500000,0x000000b4bf600000)]
  0x00000238ad5be000 JavaThread "File lock request listener" [_thread_in_native, id=14240, stack(0x000000b4bf600000,0x000000b4bf700000)]
  0x00000238ad6b8800 JavaThread "Cache worker for journal cache (C:\Users\leoba\.gradle\caches\journal-1)" [_thread_blocked, id=7120, stack(0x000000b4bf700000,0x000000b4bf800000)]
  0x00000238ad6b9800 JavaThread "Cache worker for file hash cache (C:\Users\leoba\AndroidStudioProjects\TextRecognizer\NavigationTest\.gradle\7.0.2\fileHashes)" [_thread_blocked, id=1940, stack(0x000000b4bf800000,0x000000b4bf900000)]
  0x00000238ad6bb000 JavaThread "File watcher server" daemon [_thread_blocked, id=15248, stack(0x000000b4bf900000,0x000000b4bfa00000)]
  0x00000238ad6bc000 JavaThread "File watcher consumer" daemon [_thread_blocked, id=4220, stack(0x000000b4bfa00000,0x000000b4bfb00000)]
  0x00000238ad6b6800 JavaThread "Cache worker for checksums cache (C:\Users\leoba\AndroidStudioProjects\TextRecognizer\NavigationTest\.gradle\checksums)" [_thread_blocked, id=11120, stack(0x000000b4bfb00000,0x000000b4bfc00000)]
  0x00000238ad6ba800 JavaThread "Cache worker for cache directory md-supplier (C:\Users\leoba\.gradle\caches\7.0.2\md-supplier)" [_thread_blocked, id=11772, stack(0x000000b4bfc00000,0x000000b4bfd00000)]
  0x00000238ad6bd000 JavaThread "Cache worker for cache directory md-rule (C:\Users\leoba\.gradle\caches\7.0.2\md-rule)" [_thread_blocked, id=14548, stack(0x000000b4bfd00000,0x000000b4bfe00000)]
  0x00000238ad6b7000 JavaThread "Cache worker for execution history cache (C:\Users\leoba\.gradle\caches\7.0.2\executionHistory)" [_thread_blocked, id=9632, stack(0x000000b4bfe00000,0x000000b4bff00000)]
  0x00000238ad6b8000 JavaThread "jar transforms" [_thread_blocked, id=14364, stack(0x000000b4bff00000,0x000000b4c0000000)]
  0x00000238ad6be800 JavaThread "jar transforms Thread 2" [_thread_blocked, id=14512, stack(0x000000b4c0000000,0x000000b4c0100000)]
  0x00000238ad6c2800 JavaThread "Cache worker for file content cache (C:\Users\leoba\.gradle\caches\7.0.2\fileContent)" [_thread_blocked, id=12824, stack(0x000000b4c0100000,0x000000b4c0200000)]
  0x00000238ad6bf800 JavaThread "Cache worker for dependencies-accessors (C:\Users\leoba\AndroidStudioProjects\TextRecognizer\NavigationTest\.gradle\7.0.2\dependencies-accessors)" [_thread_blocked, id=6468, stack(0x000000b4c0200000,0x000000b4c0300000)]
  0x00000238ad6c1000 JavaThread "jar transforms Thread 3" [_thread_blocked, id=12772, stack(0x000000b4c0300000,0x000000b4c0400000)]
  0x00000238ad6c0000 JavaThread "Cache worker for Build Output Cleanup Cache (C:\Users\leoba\AndroidStudioProjects\TextRecognizer\NavigationTest\.gradle\buildOutputCleanup)" [_thread_blocked, id=11072, stack(0x000000b4c0400000,0x000000b4c0500000)]
  0x00000238ad6c3800 JavaThread "Build operations" [_thread_blocked, id=15036, stack(0x000000b4c0500000,0x000000b4c0600000)]
  0x00000238ad6c1800 JavaThread "Build operations Thread 2" [_thread_blocked, id=3240, stack(0x000000b4c0600000,0x000000b4c0700000)]
  0x00000238ad6c4000 JavaThread "Build operations Thread 3" [_thread_blocked, id=3332, stack(0x000000b4c0700000,0x000000b4c0800000)]
  0x00000238b192e800 JavaThread "Build operations Thread 4" [_thread_blocked, id=9048, stack(0x000000b4c0800000,0x000000b4c0900000)]
  0x00000238b1932800 JavaThread "jar transforms Thread 4" [_thread_blocked, id=6360, stack(0x000000b4c0900000,0x000000b4c0a00000)]
  0x00000238b1930000 JavaThread "Memory manager" [_thread_blocked, id=11696, stack(0x000000b4c0a00000,0x000000b4c0b00000)]
  0x00000238b1934000 JavaThread "build event listener" [_thread_blocked, id=12084, stack(0x000000b4c0b00000,0x000000b4c0c00000)]
  0x00000238b1935000 JavaThread "Execution worker for ':'" [_thread_blocked, id=12480, stack(0x000000b4c0c00000,0x000000b4c0d00000)]
  0x00000238b1931800 JavaThread "Execution worker for ':' Thread 2" [_thread_blocked, id=1348, stack(0x000000b4c0d00000,0x000000b4c0e00000)]
  0x00000238b192f000 JavaThread "Execution worker for ':' Thread 3" [_thread_blocked, id=14604, stack(0x000000b4c0e00000,0x000000b4c0f00000)]
  0x00000238b1935800 JavaThread "Cache worker for execution history cache (C:\Users\leoba\AndroidStudioProjects\TextRecognizer\NavigationTest\.gradle\7.0.2\executionHistory)" [_thread_blocked, id=12516, stack(0x000000b4c0f00000,0x000000b4c1000000)]
  0x00000238b1936800 JavaThread "RMI Scheduler(0)" daemon [_thread_blocked, id=12336, stack(0x000000b4bef00000,0x000000b4bf000000)]
  0x00000238b193b800 JavaThread "RMI GC Daemon" daemon [_thread_blocked, id=15228, stack(0x000000b4c1100000,0x000000b4c1200000)]
  0x00000238b193c000 JavaThread "RMI TCP Accept-0" daemon [_thread_in_native, id=15340, stack(0x000000b4c1200000,0x000000b4c1300000)]
  0x00000238b1937800 JavaThread "RMI Reaper" [_thread_blocked, id=12580, stack(0x000000b4c1300000,0x000000b4c1400000)]
  0x00000238b193d000 JavaThread "RMI TCP Connection(2)-127.0.0.1" daemon [_thread_in_native, id=7800, stack(0x000000b4c1500000,0x000000b4c1600000)]
  0x00000238b1938000 JavaThread "Cache worker for Java compile cache (C:\Users\leoba\.gradle\caches\7.0.2\javaCompile)" [_thread_blocked, id=2880, stack(0x000000b4c1700000,0x000000b4c1800000)]
  0x00000238b1939000 JavaThread "Cache worker for Java compile cache (C:\Users\leoba\AndroidStudioProjects\TextRecognizer\NavigationTest\.gradle\7.0.2\javaCompile)" [_thread_blocked, id=10712, stack(0x000000b4c1800000,0x000000b4c1900000)]
  0x00000238af374000 JavaThread "C2 CompilerThread1" daemon [_thread_blocked, id=10688, stack(0x000000b4c1000000,0x000000b4c1100000)]
  0x00000238b1930800 JavaThread "WorkerExecutor Queue" [_thread_blocked, id=9676, stack(0x000000b4c1600000,0x000000b4c1700000)]
  0x00000238b1939800 JavaThread "WorkerExecutor Queue Thread 2" [_thread_blocked, id=1964, stack(0x000000b4c1900000,0x000000b4c1a00000)]
  0x00000238b193a800 JavaThread "WorkerExecutor Queue Thread 3" [_thread_blocked, id=1688, stack(0x000000b4c1a00000,0x000000b4c1b00000)]
  0x00000238b3411800 JavaThread "WorkerExecutor Queue Thread 4" [_thread_blocked, id=14720, stack(0x000000b4c1b00000,0x000000b4c1c00000)]
  0x00000238b3413000 JavaThread "WorkerExecutor Queue Thread 5" [_thread_blocked, id=7660, stack(0x000000b4c1c00000,0x000000b4c1d00000)]
  0x00000238b3414000 JavaThread "ForkJoinPool-1-worker-3" daemon [_thread_blocked, id=10416, stack(0x000000b4c1d00000,0x000000b4c1e00000)]
  0x00000238b3412800 JavaThread "ForkJoinPool-1-worker-5" daemon [_thread_blocked, id=6384, stack(0x000000b4c1e00000,0x000000b4c1f00000)]
  0x00000238b3411000 JavaThread "ForkJoinPool-1-worker-7" daemon [_thread_blocked, id=11312, stack(0x000000b4c1f00000,0x000000b4c2000000)]
  0x00000238b341a800 JavaThread "ForkJoinPool-1-worker-1" daemon [_thread_blocked, id=8984, stack(0x000000b4c2000000,0x000000b4c2100000)]

Other Threads:
=>0x00000238ab364000 VMThread "VM Thread" [stack: 0x000000b4bdc00000,0x000000b4bdd00000] [id=672]
  0x00000238abd9a000 WatcherThread [stack: 0x000000b4be600000,0x000000b4be700000] [id=15092]
  0x0000023891774000 GCTaskThread "GC Thread#0" [stack: 0x000000b4bd700000,0x000000b4bd800000] [id=14416]
  0x00000238ac0e8800 GCTaskThread "GC Thread#1" [stack: 0x000000b4be800000,0x000000b4be900000] [id=13592]
  0x00000238ac24d000 GCTaskThread "GC Thread#2" [stack: 0x000000b4be900000,0x000000b4bea00000] [id=8368]
  0x00000238ac1cf800 GCTaskThread "GC Thread#3" [stack: 0x000000b4bea00000,0x000000b4beb00000] [id=8164]
  0x00000238917a5000 ConcurrentGCThread "G1 Main Marker" [stack: 0x000000b4bd800000,0x000000b4bd900000] [id=15280]
  0x00000238917a8000 ConcurrentGCThread "G1 Conc#0" [stack: 0x000000b4bd900000,0x000000b4bda00000] [id=3528]
  0x000002389183e000 ConcurrentGCThread "G1 Refine#0" [stack: 0x000000b4bda00000,0x000000b4bdb00000] [id=7808]
  0x00000238af5f3800 ConcurrentGCThread "G1 Refine#1" [stack: 0x000000b4c2100000,0x000000b4c2200000] [id=5728]
  0x00000238af5f0000 ConcurrentGCThread "G1 Refine#2" [stack: 0x000000b4c2200000,0x000000b4c2300000] [id=5116]
  0x00000238ab1ae800 ConcurrentGCThread "G1 Young RemSet Sampling" [stack: 0x000000b4bdb00000,0x000000b4bdc00000] [id=9080]

Threads with active compile tasks:
C2 CompilerThread0  50188 14959       4       com.android.tools.r8.code.w1::a (4137 bytes)
C2 CompilerThread1  50188 14218 %     4       com.android.tools.r8.dex.j::a @ 315 (1038 bytes)

VM state:at safepoint (normal execution)

VM Mutex/Monitor currently owned by a thread:  ([mutex/lock_event])
[0x000002389175b9c0] Threads_lock - owner thread: 0x00000238ab364000
[0x000002389175c080] Heap_lock - owner thread: 0x00000238b341a800

Heap address: 0x0000000080000000, size: 2048 MB, Compressed Oops mode: 32-bit
Narrow klass base: 0x0000000000000000, Narrow klass shift: 3
Compressed class space size: 1073741824 Address: 0x0000000100000000

Heap:
 garbage-first heap   total 342016K, used 183808K [0x0000000080000000, 0x0000000100000000)
  region size 1024K, 9 young (9216K), 9 survivors (9216K)
 Metaspace       used 115666K, capacity 118594K, committed 118764K, reserved 1153024K
  class space    used 15107K, capacity 16215K, committed 16228K, reserved 1048576K
Heap Regions: E=young(eden), S=young(survivor), O=old, HS=humongous(starts), HC=humongous(continues), CS=collection set, F=free, A=archive, TAMS=top-at-mark-start (previous, next)
|   0|0x0000000080000000, 0x0000000080100000, 0x0000000080100000|100%| O|  |TAMS 0x0000000080100000, 0x0000000080000000| Untracked 
|   1|0x0000000080100000, 0x0000000080200000, 0x0000000080200000|100%| O|  |TAMS 0x0000000080200000, 0x0000000080100000| Untracked 
|   2|0x0000000080200000, 0x0000000080300000, 0x0000000080300000|100%| O|  |TAMS 0x0000000080300000, 0x0000000080200000| Untracked 
|   3|0x0000000080300000, 0x0000000080400000, 0x0000000080400000|100%|HS|  |TAMS 0x0000000080400000, 0x0000000080300000| Complete 
|   4|0x0000000080400000, 0x0000000080500000, 0x0000000080500000|100%|HC|  |TAMS 0x0000000080500000, 0x0000000080400000| Complete 
|   5|0x0000000080500000, 0x0000000080600000, 0x0000000080600000|100%|HC|  |TAMS 0x0000000080600000, 0x0000000080500000| Complete 
|   6|0x0000000080600000, 0x0000000080700000, 0x0000000080700000|100%| O|  |TAMS 0x0000000080700000, 0x0000000080600000| Untracked 
|   7|0x0000000080700000, 0x0000000080800000, 0x0000000080800000|100%| O|  |TAMS 0x0000000080800000, 0x0000000080700000| Untracked 
|   8|0x0000000080800000, 0x0000000080900000, 0x0000000080900000|100%| O|  |TAMS 0x0000000080900000, 0x0000000080800000| Untracked 
|   9|0x0000000080900000, 0x0000000080a00000, 0x0000000080a00000|100%| O|  |TAMS 0x0000000080a00000, 0x0000000080900000| Untracked 
|  10|0x0000000080a00000, 0x0000000080b00000, 0x0000000080b00000|100%| O|  |TAMS 0x0000000080b00000, 0x0000000080a00000| Untracked 
|  11|0x0000000080b00000, 0x0000000080c00000, 0x0000000080c00000|100%| O|  |TAMS 0x0000000080c00000, 0x0000000080b00000| Untracked 
|  12|0x0000000080c00000, 0x0000000080d00000, 0x0000000080d00000|100%| O|  |TAMS 0x0000000080d00000, 0x0000000080c00000| Untracked 
|  13|0x0000000080d00000, 0x0000000080e00000, 0x0000000080e00000|100%| O|  |TAMS 0x0000000080e00000, 0x0000000080d00000| Untracked 
|  14|0x0000000080e00000, 0x0000000080f00000, 0x0000000080f00000|100%| O|  |TAMS 0x0000000080f00000, 0x0000000080e00000| Untracked 
|  15|0x0000000080f00000, 0x0000000081000000, 0x0000000081000000|100%| O|  |TAMS 0x0000000081000000, 0x0000000080f00000| Untracked 
|  16|0x0000000081000000, 0x0000000081100000, 0x0000000081100000|100%| O|  |TAMS 0x0000000081100000, 0x0000000081000000| Untracked 
|  17|0x0000000081100000, 0x0000000081200000, 0x0000000081200000|100%|HS|  |TAMS 0x0000000081200000, 0x0000000081100000| Complete 
|  18|0x0000000081200000, 0x0000000081300000, 0x0000000081300000|100%|HS|  |TAMS 0x0000000081300000, 0x0000000081200000| Complete 
|  19|0x0000000081300000, 0x0000000081400000, 0x0000000081400000|100%|HS|  |TAMS 0x0000000081400000, 0x0000000081300000| Complete 
|  20|0x0000000081400000, 0x0000000081500000, 0x0000000081500000|100%|HS|  |TAMS 0x0000000081500000, 0x0000000081400000| Complete 
|  21|0x0000000081500000, 0x0000000081600000, 0x0000000081600000|100%|HC|  |TAMS 0x0000000081600000, 0x0000000081500000| Complete 
|  22|0x0000000081600000, 0x0000000081700000, 0x0000000081700000|100%|HC|  |TAMS 0x0000000081700000, 0x0000000081600000| Complete 
|  23|0x0000000081700000, 0x0000000081800000, 0x0000000081800000|100%|HS|  |TAMS 0x0000000081800000, 0x0000000081700000| Complete 
|  24|0x0000000081800000, 0x0000000081900000, 0x0000000081900000|100%|HC|  |TAMS 0x0000000081900000, 0x0000000081800000| Complete 
|  25|0x0000000081900000, 0x0000000081a00000, 0x0000000081a00000|100%| O|  |TAMS 0x0000000081a00000, 0x0000000081900000| Untracked 
|  26|0x0000000081a00000, 0x0000000081b00000, 0x0000000081b00000|100%| O|  |TAMS 0x0000000081b00000, 0x0000000081a00000| Untracked 
|  27|0x0000000081b00000, 0x0000000081c00000, 0x0000000081c00000|100%| O|  |TAMS 0x0000000081c00000, 0x0000000081b00000| Untracked 
|  28|0x0000000081c00000, 0x0000000081d00000, 0x0000000081d00000|100%| O|  |TAMS 0x0000000081d00000, 0x0000000081c00000| Untracked 
|  29|0x0000000081d00000, 0x0000000081e00000, 0x0000000081e00000|100%| O|  |TAMS 0x0000000081e00000, 0x0000000081d00000| Untracked 
|  30|0x0000000081e00000, 0x0000000081f00000, 0x0000000081f00000|100%| O|  |TAMS 0x0000000081f00000, 0x0000000081e00000| Untracked 
|  31|0x0000000081f00000, 0x0000000082000000, 0x0000000082000000|100%| O|  |TAMS 0x0000000082000000, 0x0000000081f00000| Untracked 
|  32|0x0000000082000000, 0x0000000082100000, 0x0000000082100000|100%| O|  |TAMS 0x0000000082100000, 0x0000000082000000| Untracked 
|  33|0x0000000082100000, 0x0000000082200000, 0x0000000082200000|100%| O|  |TAMS 0x0000000082200000, 0x0000000082100000| Untracked 
|  34|0x0000000082200000, 0x0000000082300000, 0x0000000082300000|100%| O|  |TAMS 0x0000000082300000, 0x0000000082200000| Untracked 
|  35|0x0000000082300000, 0x0000000082400000, 0x0000000082400000|100%| O|  |TAMS 0x0000000082400000, 0x0000000082300000| Untracked 
|  36|0x0000000082400000, 0x0000000082500000, 0x0000000082500000|100%| O|  |TAMS 0x0000000082500000, 0x0000000082400000| Untracked 
|  37|0x0000000082500000, 0x0000000082600000, 0x0000000082600000|100%| O|  |TAMS 0x0000000082600000, 0x0000000082500000| Untracked 
|  38|0x0000000082600000, 0x0000000082700000, 0x0000000082700000|100%| O|  |TAMS 0x0000000082700000, 0x0000000082600000| Untracked 
|  39|0x0000000082700000, 0x0000000082800000, 0x0000000082800000|100%| O|  |TAMS 0x0000000082800000, 0x0000000082700000| Untracked 
|  40|0x0000000082800000, 0x0000000082900000, 0x0000000082900000|100%| O|  |TAMS 0x0000000082900000, 0x0000000082800000| Untracked 
|  41|0x0000000082900000, 0x0000000082a00000, 0x0000000082a00000|100%| O|  |TAMS 0x0000000082a00000, 0x0000000082900000| Untracked 
|  42|0x0000000082a00000, 0x0000000082b00000, 0x0000000082b00000|100%| O|  |TAMS 0x0000000082b00000, 0x0000000082a00000| Untracked 
|  43|0x0000000082b00000, 0x0000000082c00000, 0x0000000082c00000|100%| O|  |TAMS 0x0000000082c00000, 0x0000000082b00000| Untracked 
|  44|0x0000000082c00000, 0x0000000082d00000, 0x0000000082d00000|100%| O|  |TAMS 0x0000000082d00000, 0x0000000082c00000| Untracked 
|  45|0x0000000082d00000, 0x0000000082e00000, 0x0000000082e00000|100%| O|  |TAMS 0x0000000082e00000, 0x0000000082d00000| Untracked 
|  46|0x0000000082e00000, 0x0000000082f00000, 0x0000000082f00000|100%| O|  |TAMS 0x0000000082f00000, 0x0000000082e00000| Untracked 
|  47|0x0000000082f00000, 0x0000000083000000, 0x0000000083000000|100%| O|  |TAMS 0x0000000083000000, 0x0000000082f00000| Untracked 
|  48|0x0000000083000000, 0x0000000083100000, 0x0000000083100000|100%| O|  |TAMS 0x0000000083100000, 0x0000000083000000| Untracked 
|  49|0x0000000083100000, 0x0000000083200000, 0x0000000083200000|100%| O|  |TAMS 0x0000000083200000, 0x0000000083100000| Untracked 
|  50|0x0000000083200000, 0x0000000083300000, 0x0000000083300000|100%| O|  |TAMS 0x0000000083300000, 0x0000000083200000| Untracked 
|  51|0x0000000083300000, 0x0000000083400000, 0x0000000083400000|100%| O|  |TAMS 0x0000000083400000, 0x0000000083300000| Untracked 
|  52|0x0000000083400000, 0x0000000083500000, 0x0000000083500000|100%| O|  |TAMS 0x0000000083500000, 0x0000000083400000| Untracked 
|  53|0x0000000083500000, 0x0000000083600000, 0x0000000083600000|100%| O|  |TAMS 0x0000000083600000, 0x0000000083500000| Untracked 
|  54|0x0000000083600000, 0x0000000083700000, 0x0000000083700000|100%| O|  |TAMS 0x0000000083700000, 0x0000000083600000| Untracked 
|  55|0x0000000083700000, 0x0000000083800000, 0x0000000083800000|100%| O|  |TAMS 0x0000000083800000, 0x0000000083700000| Untracked 
|  56|0x0000000083800000, 0x0000000083900000, 0x0000000083900000|100%| O|  |TAMS 0x0000000083900000, 0x0000000083800000| Untracked 
|  57|0x0000000083900000, 0x0000000083a00000, 0x0000000083a00000|100%| O|  |TAMS 0x0000000083a00000, 0x0000000083900000| Untracked 
|  58|0x0000000083a00000, 0x0000000083b00000, 0x0000000083b00000|100%| O|  |TAMS 0x0000000083b00000, 0x0000000083a00000| Untracked 
|  59|0x0000000083b00000, 0x0000000083c00000, 0x0000000083c00000|100%| O|  |TAMS 0x0000000083c00000, 0x0000000083b00000| Untracked 
|  60|0x0000000083c00000, 0x0000000083d00000, 0x0000000083d00000|100%| O|  |TAMS 0x0000000083d00000, 0x0000000083c00000| Untracked 
|  61|0x0000000083d00000, 0x0000000083e00000, 0x0000000083e00000|100%| O|  |TAMS 0x0000000083e00000, 0x0000000083d00000| Untracked 
|  62|0x0000000083e00000, 0x0000000083f00000, 0x0000000083f00000|100%| O|  |TAMS 0x0000000083f00000, 0x0000000083e00000| Untracked 
|  63|0x0000000083f00000, 0x0000000084000000, 0x0000000084000000|100%| O|  |TAMS 0x0000000084000000, 0x0000000083f00000| Untracked 
|  64|0x0000000084000000, 0x0000000084100000, 0x0000000084100000|100%| O|  |TAMS 0x0000000084100000, 0x0000000084000000| Untracked 
|  65|0x0000000084100000, 0x0000000084200000, 0x0000000084200000|100%| O|  |TAMS 0x0000000084200000, 0x0000000084100000| Untracked 
|  66|0x0000000084200000, 0x0000000084300000, 0x0000000084300000|100%| O|  |TAMS 0x0000000084300000, 0x0000000084200000| Untracked 
|  67|0x0000000084300000, 0x0000000084400000, 0x0000000084400000|100%| O|  |TAMS 0x0000000084400000, 0x0000000084300000| Untracked 
|  68|0x0000000084400000, 0x0000000084500000, 0x0000000084500000|100%| O|  |TAMS 0x0000000084500000, 0x0000000084400000| Untracked 
|  69|0x0000000084500000, 0x0000000084600000, 0x0000000084600000|100%| O|  |TAMS 0x0000000084600000, 0x0000000084500000| Untracked 
|  70|0x0000000084600000, 0x0000000084700000, 0x0000000084700000|100%| O|  |TAMS 0x0000000084700000, 0x0000000084600000| Untracked 
|  71|0x0000000084700000, 0x0000000084800000, 0x0000000084800000|100%|HS|  |TAMS 0x0000000084800000, 0x0000000084700000| Complete 
|  72|0x0000000084800000, 0x0000000084900000, 0x0000000084900000|100%| O|  |TAMS 0x0000000084900000, 0x0000000084800000| Untracked 
|  73|0x0000000084900000, 0x0000000084a00000, 0x0000000084a00000|100%|HS|  |TAMS 0x0000000084a00000, 0x0000000084900000| Complete 
|  74|0x0000000084a00000, 0x0000000084b00000, 0x0000000084b00000|100%|HC|  |TAMS 0x0000000084b00000, 0x0000000084a00000| Complete 
|  75|0x0000000084b00000, 0x0000000084c00000, 0x0000000084c00000|100%|HS|  |TAMS 0x0000000084c00000, 0x0000000084b00000| Complete 
|  76|0x0000000084c00000, 0x0000000084d00000, 0x0000000084d00000|100%|HS|  |TAMS 0x0000000084d00000, 0x0000000084c00000| Complete 
|  77|0x0000000084d00000, 0x0000000084e00000, 0x0000000084e00000|100%| O|  |TAMS 0x0000000084e00000, 0x0000000084d00000| Untracked 
|  78|0x0000000084e00000, 0x0000000084f00000, 0x0000000084f00000|100%| O|  |TAMS 0x0000000084f00000, 0x0000000084e00000| Untracked 
|  79|0x0000000084f00000, 0x0000000085000000, 0x0000000085000000|100%| O|  |TAMS 0x0000000085000000, 0x0000000084f00000| Untracked 
|  80|0x0000000085000000, 0x0000000085100000, 0x0000000085100000|100%| O|  |TAMS 0x0000000085100000, 0x0000000085000000| Untracked 
|  81|0x0000000085100000, 0x0000000085200000, 0x0000000085200000|100%| O|  |TAMS 0x0000000085200000, 0x0000000085100000| Untracked 
|  82|0x0000000085200000, 0x0000000085300000, 0x0000000085300000|100%| O|  |TAMS 0x0000000085300000, 0x0000000085200000| Untracked 
|  83|0x0000000085300000, 0x0000000085400000, 0x0000000085400000|100%|HS|  |TAMS 0x0000000085400000, 0x0000000085300000| Complete 
|  84|0x0000000085400000, 0x0000000085500000, 0x0000000085500000|100%|HS|  |TAMS 0x0000000085500000, 0x0000000085400000| Complete 
|  85|0x0000000085500000, 0x0000000085600000, 0x0000000085600000|100%|HC|  |TAMS 0x0000000085600000, 0x0000000085500000| Complete 
|  86|0x0000000085600000, 0x0000000085700000, 0x0000000085700000|100%|HS|  |TAMS 0x0000000085700000, 0x0000000085600000| Complete 
|  87|0x0000000085700000, 0x0000000085800000, 0x0000000085800000|100%|HC|  |TAMS 0x0000000085800000, 0x0000000085700000| Complete 
|  88|0x0000000085800000, 0x0000000085900000, 0x0000000085900000|100%|HC|  |TAMS 0x0000000085900000, 0x0000000085800000| Complete 
|  89|0x0000000085900000, 0x0000000085a00000, 0x0000000085a00000|100%| O|  |TAMS 0x0000000085a00000, 0x0000000085900000| Untracked 
|  90|0x0000000085a00000, 0x0000000085b00000, 0x0000000085b00000|100%| O|  |TAMS 0x0000000085b00000, 0x0000000085a00000| Untracked 
|  91|0x0000000085b00000, 0x0000000085c00000, 0x0000000085c00000|100%|HS|  |TAMS 0x0000000085c00000, 0x0000000085b00000| Complete 
|  92|0x0000000085c00000, 0x0000000085d00000, 0x0000000085d00000|100%|HC|  |TAMS 0x0000000085d00000, 0x0000000085c00000| Complete 
|  93|0x0000000085d00000, 0x0000000085e00000, 0x0000000085e00000|100%| O|  |TAMS 0x0000000085e00000, 0x0000000085d00000| Untracked 
|  94|0x0000000085e00000, 0x0000000085f00000, 0x0000000085f00000|100%|HS|  |TAMS 0x0000000085f00000, 0x0000000085e00000| Complete 
|  95|0x0000000085f00000, 0x0000000086000000, 0x0000000086000000|100%| O|  |TAMS 0x0000000086000000, 0x0000000085f00000| Untracked 
|  96|0x0000000086000000, 0x0000000086100000, 0x0000000086100000|100%|HS|  |TAMS 0x0000000086100000, 0x0000000086000000| Complete 
|  97|0x0000000086100000, 0x0000000086200000, 0x0000000086200000|100%| O|  |TAMS 0x0000000086200000, 0x0000000086100000| Untracked 
|  98|0x0000000086200000, 0x0000000086300000, 0x0000000086300000|100%|HS|  |TAMS 0x0000000086300000, 0x0000000086200000| Complete 
|  99|0x0000000086300000, 0x0000000086400000, 0x0000000086400000|100%| O|  |TAMS 0x0000000086400000, 0x0000000086300000| Untracked 
| 100|0x0000000086400000, 0x0000000086500000, 0x0000000086500000|100%| O|  |TAMS 0x0000000086500000, 0x0000000086400000| Untracked 
| 101|0x0000000086500000, 0x0000000086600000, 0x0000000086600000|100%|HS|  |TAMS 0x0000000086600000, 0x0000000086500000| Complete 
| 102|0x0000000086600000, 0x0000000086700000, 0x0000000086700000|100%|HC|  |TAMS 0x0000000086700000, 0x0000000086600000| Complete 
| 103|0x0000000086700000, 0x0000000086800000, 0x0000000086800000|100%| O|  |TAMS 0x0000000086800000, 0x0000000086700000| Untracked 
| 104|0x0000000086800000, 0x0000000086900000, 0x0000000086900000|100%| O|  |TAMS 0x0000000086900000, 0x0000000086800000| Untracked 
| 105|0x0000000086900000, 0x0000000086a00000, 0x0000000086a00000|100%| O|  |TAMS 0x0000000086a00000, 0x0000000086900000| Untracked 
| 106|0x0000000086a00000, 0x0000000086b00000, 0x0000000086b00000|100%|HS|  |TAMS 0x0000000086b00000, 0x0000000086a00000| Complete 
| 107|0x0000000086b00000, 0x0000000086c00000, 0x0000000086c00000|100%|HC|  |TAMS 0x0000000086c00000, 0x0000000086b00000| Complete 
| 108|0x0000000086c00000, 0x0000000086d00000, 0x0000000086d00000|100%|HC|  |TAMS 0x0000000086d00000, 0x0000000086c00000| Complete 
| 109|0x0000000086d00000, 0x0000000086e00000, 0x0000000086e00000|100%|HS|  |TAMS 0x0000000086e00000, 0x0000000086d00000| Complete 
| 110|0x0000000086e00000, 0x0000000086f00000, 0x0000000086f00000|100%| O|  |TAMS 0x0000000086f00000, 0x0000000086e00000| Untracked 
| 111|0x0000000086f00000, 0x0000000087000000, 0x0000000087000000|100%| O|  |TAMS 0x0000000087000000, 0x0000000086f00000| Untracked 
| 112|0x0000000087000000, 0x0000000087100000, 0x0000000087100000|100%| O|  |TAMS 0x0000000087100000, 0x0000000087000000| Untracked 
| 113|0x0000000087100000, 0x0000000087200000, 0x0000000087200000|100%| O|  |TAMS 0x0000000087200000, 0x0000000087100000| Untracked 
| 114|0x0000000087200000, 0x0000000087300000, 0x0000000087300000|100%| O|  |TAMS 0x0000000087300000, 0x0000000087200000| Untracked 
| 115|0x0000000087300000, 0x0000000087400000, 0x0000000087400000|100%| O|  |TAMS 0x0000000087400000, 0x0000000087300000| Untracked 
| 116|0x0000000087400000, 0x0000000087500000, 0x0000000087500000|100%| O|  |TAMS 0x0000000087500000, 0x0000000087400000| Untracked 
| 117|0x0000000087500000, 0x0000000087600000, 0x0000000087600000|100%| O|  |TAMS 0x0000000087600000, 0x0000000087500000| Untracked 
| 118|0x0000000087600000, 0x0000000087700000, 0x0000000087700000|100%| O|  |TAMS 0x0000000087700000, 0x0000000087600000| Untracked 
| 119|0x0000000087700000, 0x0000000087800000, 0x0000000087800000|100%| O|  |TAMS 0x0000000087800000, 0x0000000087700000| Untracked 
| 120|0x0000000087800000, 0x0000000087900000, 0x0000000087900000|100%| O|  |TAMS 0x0000000087900000, 0x0000000087800000| Untracked 
| 121|0x0000000087900000, 0x0000000087a00000, 0x0000000087a00000|100%| O|  |TAMS 0x0000000087a00000, 0x0000000087900000| Untracked 
| 122|0x0000000087a00000, 0x0000000087b00000, 0x0000000087b00000|100%| O|  |TAMS 0x0000000087b00000, 0x0000000087a00000| Untracked 
| 123|0x0000000087b00000, 0x0000000087c00000, 0x0000000087c00000|100%| O|  |TAMS 0x0000000087c00000, 0x0000000087b00000| Untracked 
| 124|0x0000000087c00000, 0x0000000087d00000, 0x0000000087d00000|100%| O|  |TAMS 0x0000000087d00000, 0x0000000087c00000| Untracked 
| 125|0x0000000087d00000, 0x0000000087e00000, 0x0000000087e00000|100%| O|  |TAMS 0x0000000087e00000, 0x0000000087d00000| Untracked 
| 126|0x0000000087e00000, 0x0000000087f00000, 0x0000000087f00000|100%| O|  |TAMS 0x0000000087f00000, 0x0000000087e00000| Untracked 
| 127|0x0000000087f00000, 0x0000000088000000, 0x0000000088000000|100%| O|  |TAMS 0x0000000088000000, 0x0000000087f00000| Untracked 
| 128|0x0000000088000000, 0x0000000088100000, 0x0000000088100000|100%| O|  |TAMS 0x0000000088100000, 0x0000000088000000| Untracked 
| 129|0x0000000088100000, 0x0000000088200000, 0x0000000088200000|100%| O|  |TAMS 0x0000000088200000, 0x0000000088100000| Untracked 
| 130|0x0000000088200000, 0x0000000088300000, 0x0000000088300000|100%| O|  |TAMS 0x0000000088300000, 0x0000000088200000| Untracked 
| 131|0x0000000088300000, 0x0000000088400000, 0x0000000088400000|100%| O|  |TAMS 0x0000000088400000, 0x0000000088300000| Untracked 
| 132|0x0000000088400000, 0x0000000088500000, 0x0000000088500000|100%| O|  |TAMS 0x0000000088500000, 0x0000000088400000| Untracked 
| 133|0x0000000088500000, 0x0000000088600000, 0x0000000088600000|100%| O|  |TAMS 0x0000000088600000, 0x0000000088500000| Untracked 
| 134|0x0000000088600000, 0x0000000088700000, 0x0000000088700000|100%| O|  |TAMS 0x0000000088700000, 0x0000000088600000| Untracked 
| 135|0x0000000088700000, 0x0000000088800000, 0x0000000088800000|100%| O|  |TAMS 0x0000000088800000, 0x0000000088700000| Untracked 
| 136|0x0000000088800000, 0x0000000088900000, 0x0000000088900000|100%| O|  |TAMS 0x0000000088900000, 0x0000000088800000| Untracked 
| 137|0x0000000088900000, 0x0000000088a00000, 0x0000000088a00000|100%| O|  |TAMS 0x0000000088a00000, 0x0000000088900000| Untracked 
| 138|0x0000000088a00000, 0x0000000088b00000, 0x0000000088b00000|100%| O|  |TAMS 0x0000000088b00000, 0x0000000088a00000| Untracked 
| 139|0x0000000088b00000, 0x0000000088c00000, 0x0000000088c00000|100%| O|  |TAMS 0x0000000088c00000, 0x0000000088b00000| Untracked 
| 140|0x0000000088c00000, 0x0000000088d00000, 0x0000000088d00000|100%| O|  |TAMS 0x0000000088d00000, 0x0000000088c00000| Untracked 
| 141|0x0000000088d00000, 0x0000000088e00000, 0x0000000088e00000|100%| O|  |TAMS 0x0000000088e00000, 0x0000000088d00000| Untracked 
| 142|0x0000000088e00000, 0x0000000088f00000, 0x0000000088f00000|100%| O|  |TAMS 0x0000000088f00000, 0x0000000088e00000| Untracked 
| 143|0x0000000088f00000, 0x0000000089000000, 0x0000000089000000|100%| O|  |TAMS 0x0000000089000000, 0x0000000088f00000| Untracked 
| 144|0x0000000089000000, 0x0000000089100000, 0x0000000089100000|100%| O|  |TAMS 0x0000000089100000, 0x0000000089000000| Untracked 
| 145|0x0000000089100000, 0x0000000089200000, 0x0000000089200000|100%| O|  |TAMS 0x0000000089200000, 0x0000000089100000| Untracked 
| 146|0x0000000089200000, 0x0000000089300000, 0x0000000089300000|100%| O|  |TAMS 0x0000000089300000, 0x0000000089200000| Untracked 
| 147|0x0000000089300000, 0x0000000089400000, 0x0000000089400000|100%| O|  |TAMS 0x0000000089380000, 0x0000000089300000| Untracked 
| 148|0x0000000089400000, 0x0000000089500000, 0x0000000089500000|100%| O|  |TAMS 0x0000000089400000, 0x0000000089400000| Untracked 
| 149|0x0000000089500000, 0x0000000089600000, 0x0000000089600000|100%| O|  |TAMS 0x0000000089500000, 0x0000000089500000| Untracked 
| 150|0x0000000089600000, 0x0000000089700000, 0x0000000089700000|100%| O|  |TAMS 0x0000000089600000, 0x0000000089600000| Untracked 
| 151|0x0000000089700000, 0x0000000089800000, 0x0000000089800000|100%| O|  |TAMS 0x0000000089700000, 0x0000000089700000| Untracked 
| 152|0x0000000089800000, 0x0000000089900000, 0x0000000089900000|100%| O|  |TAMS 0x0000000089800000, 0x0000000089800000| Untracked 
| 153|0x0000000089900000, 0x0000000089a00000, 0x0000000089a00000|100%| O|  |TAMS 0x0000000089900000, 0x0000000089900000| Untracked 
| 154|0x0000000089a00000, 0x0000000089b00000, 0x0000000089b00000|100%| O|  |TAMS 0x0000000089a00000, 0x0000000089a00000| Untracked 
| 155|0x0000000089b00000, 0x0000000089c00000, 0x0000000089c00000|100%| O|  |TAMS 0x0000000089b00000, 0x0000000089b00000| Untracked 
| 156|0x0000000089c00000, 0x0000000089d00000, 0x0000000089d00000|100%| O|  |TAMS 0x0000000089c00000, 0x0000000089c00000| Untracked 
| 157|0x0000000089d00000, 0x0000000089e00000, 0x0000000089e00000|100%| O|  |TAMS 0x0000000089d00000, 0x0000000089d00000| Untracked 
| 158|0x0000000089e00000, 0x0000000089f00000, 0x0000000089f00000|100%| O|  |TAMS 0x0000000089e00000, 0x0000000089e00000| Untracked 
| 159|0x0000000089f00000, 0x000000008a000000, 0x000000008a000000|100%| O|  |TAMS 0x0000000089f00000, 0x0000000089f00000| Untracked 
| 160|0x000000008a000000, 0x000000008a100000, 0x000000008a100000|100%| O|  |TAMS 0x000000008a000000, 0x000000008a000000| Untracked 
| 161|0x000000008a100000, 0x000000008a200000, 0x000000008a200000|100%| O|  |TAMS 0x000000008a100000, 0x000000008a100000| Untracked 
| 162|0x000000008a200000, 0x000000008a300000, 0x000000008a300000|100%| O|  |TAMS 0x000000008a200000, 0x000000008a200000| Untracked 
| 163|0x000000008a300000, 0x000000008a400000, 0x000000008a400000|100%| O|  |TAMS 0x000000008a300000, 0x000000008a300000| Untracked 
| 164|0x000000008a400000, 0x000000008a500000, 0x000000008a500000|100%| O|  |TAMS 0x000000008a400000, 0x000000008a400000| Untracked 
| 165|0x000000008a500000, 0x000000008a600000, 0x000000008a600000|100%| O|  |TAMS 0x000000008a500000, 0x000000008a500000| Untracked 
| 166|0x000000008a600000, 0x000000008a700000, 0x000000008a700000|100%| O|  |TAMS 0x000000008a600000, 0x000000008a600000| Untracked 
| 167|0x000000008a700000, 0x000000008a800000, 0x000000008a800000|100%| O|  |TAMS 0x000000008a700000, 0x000000008a700000| Untracked 
| 168|0x000000008a800000, 0x000000008a900000, 0x000000008a900000|100%| O|  |TAMS 0x000000008a800000, 0x000000008a800000| Untracked 
| 169|0x000000008a900000, 0x000000008aa00000, 0x000000008aa00000|100%| O|  |TAMS 0x000000008a900000, 0x000000008a900000| Untracked 
| 170|0x000000008aa00000, 0x000000008aa80000, 0x000000008ab00000| 50%| O|  |TAMS 0x000000008aa00000, 0x000000008aa00000| Untracked 
| 171|0x000000008ab00000, 0x000000008ab00000, 0x000000008ac00000|  0%| F|  |TAMS 0x000000008ab00000, 0x000000008ab00000| Untracked 
| 172|0x000000008ac00000, 0x000000008ac00000, 0x000000008ad00000|  0%| F|  |TAMS 0x000000008ac00000, 0x000000008ac00000| Untracked 
| 173|0x000000008ad00000, 0x000000008ad00000, 0x000000008ae00000|  0%| F|  |TAMS 0x000000008ad00000, 0x000000008ad00000| Untracked 
| 174|0x000000008ae00000, 0x000000008ae00000, 0x000000008af00000|  0%| F|  |TAMS 0x000000008ae00000, 0x000000008ae00000| Untracked 
| 175|0x000000008af00000, 0x000000008af00000, 0x000000008b000000|  0%| F|  |TAMS 0x000000008af00000, 0x000000008af00000| Untracked 
| 176|0x000000008b000000, 0x000000008b000000, 0x000000008b100000|  0%| F|  |TAMS 0x000000008b000000, 0x000000008b000000| Untracked 
| 177|0x000000008b100000, 0x000000008b100000, 0x000000008b200000|  0%| F|  |TAMS 0x000000008b100000, 0x000000008b100000| Untracked 
| 178|0x000000008b200000, 0x000000008b200000, 0x000000008b300000|  0%| F|  |TAMS 0x000000008b200000, 0x000000008b200000| Untracked 
| 179|0x000000008b300000, 0x000000008b300000, 0x000000008b400000|  0%| F|  |TAMS 0x000000008b300000, 0x000000008b300000| Untracked 
| 180|0x000000008b400000, 0x000000008b400000, 0x000000008b500000|  0%| F|  |TAMS 0x000000008b400000, 0x000000008b400000| Untracked 
| 181|0x000000008b500000, 0x000000008b500000, 0x000000008b600000|  0%| F|  |TAMS 0x000000008b500000, 0x000000008b500000| Untracked 
| 182|0x000000008b600000, 0x000000008b600000, 0x000000008b700000|  0%| F|  |TAMS 0x000000008b600000, 0x000000008b600000| Untracked 
| 183|0x000000008b700000, 0x000000008b700000, 0x000000008b800000|  0%| F|  |TAMS 0x000000008b700000, 0x000000008b700000| Untracked 
| 184|0x000000008b800000, 0x000000008b800000, 0x000000008b900000|  0%| F|  |TAMS 0x000000008b800000, 0x000000008b800000| Untracked 
| 185|0x000000008b900000, 0x000000008b900000, 0x000000008ba00000|  0%| F|  |TAMS 0x000000008b900000, 0x000000008b900000| Untracked 
| 186|0x000000008ba00000, 0x000000008ba00000, 0x000000008bb00000|  0%| F|  |TAMS 0x000000008ba00000, 0x000000008ba00000| Untracked 
| 187|0x000000008bb00000, 0x000000008bb00000, 0x000000008bc00000|  0%| F|  |TAMS 0x000000008bb00000, 0x000000008bb00000| Untracked 
| 188|0x000000008bc00000, 0x000000008bc00000, 0x000000008bd00000|  0%| F|  |TAMS 0x000000008bc00000, 0x000000008bc00000| Untracked 
| 189|0x000000008bd00000, 0x000000008bd00000, 0x000000008be00000|  0%| F|  |TAMS 0x000000008bd00000, 0x000000008bd00000| Untracked 
| 190|0x000000008be00000, 0x000000008be00000, 0x000000008bf00000|  0%| F|  |TAMS 0x000000008be00000, 0x000000008be00000| Untracked 
| 191|0x000000008bf00000, 0x000000008bf00000, 0x000000008c000000|  0%| F|  |TAMS 0x000000008bf00000, 0x000000008bf00000| Untracked 
| 192|0x000000008c000000, 0x000000008c000000, 0x000000008c100000|  0%| F|  |TAMS 0x000000008c000000, 0x000000008c000000| Untracked 
| 193|0x000000008c100000, 0x000000008c100000, 0x000000008c200000|  0%| F|  |TAMS 0x000000008c100000, 0x000000008c100000| Untracked 
| 194|0x000000008c200000, 0x000000008c200000, 0x000000008c300000|  0%| F|  |TAMS 0x000000008c200000, 0x000000008c200000| Untracked 
| 195|0x000000008c300000, 0x000000008c300000, 0x000000008c400000|  0%| F|  |TAMS 0x000000008c300000, 0x000000008c300000| Untracked 
| 196|0x000000008c400000, 0x000000008c400000, 0x000000008c500000|  0%| F|  |TAMS 0x000000008c400000, 0x000000008c400000| Untracked 
| 197|0x000000008c500000, 0x000000008c500000, 0x000000008c600000|  0%| F|  |TAMS 0x000000008c500000, 0x000000008c500000| Untracked 
| 198|0x000000008c600000, 0x000000008c600000, 0x000000008c700000|  0%| F|  |TAMS 0x000000008c600000, 0x000000008c600000| Untracked 
| 199|0x000000008c700000, 0x000000008c700000, 0x000000008c800000|  0%| F|  |TAMS 0x000000008c700000, 0x000000008c700000| Untracked 
| 200|0x000000008c800000, 0x000000008c800000, 0x000000008c900000|  0%| F|  |TAMS 0x000000008c800000, 0x000000008c800000| Untracked 
| 201|0x000000008c900000, 0x000000008c900000, 0x000000008ca00000|  0%| F|  |TAMS 0x000000008c900000, 0x000000008c900000| Untracked 
| 202|0x000000008ca00000, 0x000000008ca00000, 0x000000008cb00000|  0%| F|  |TAMS 0x000000008ca00000, 0x000000008ca00000| Untracked 
| 203|0x000000008cb00000, 0x000000008cb00000, 0x000000008cc00000|  0%| F|  |TAMS 0x000000008cb00000, 0x000000008cb00000| Untracked 
| 204|0x000000008cc00000, 0x000000008cc00000, 0x000000008cd00000|  0%| F|  |TAMS 0x000000008cc00000, 0x000000008cc00000| Untracked 
| 205|0x000000008cd00000, 0x000000008cd00000, 0x000000008ce00000|  0%| F|  |TAMS 0x000000008cd00000, 0x000000008cd00000| Untracked 
| 206|0x000000008ce00000, 0x000000008ce00000, 0x000000008cf00000|  0%| F|  |TAMS 0x000000008ce00000, 0x000000008ce00000| Untracked 
| 207|0x000000008cf00000, 0x000000008cf00000, 0x000000008d000000|  0%| F|  |TAMS 0x000000008cf00000, 0x000000008cf00000| Untracked 
| 208|0x000000008d000000, 0x000000008d000000, 0x000000008d100000|  0%| F|  |TAMS 0x000000008d000000, 0x000000008d000000| Untracked 
| 209|0x000000008d100000, 0x000000008d100000, 0x000000008d200000|  0%| F|  |TAMS 0x000000008d100000, 0x000000008d100000| Untracked 
| 210|0x000000008d200000, 0x000000008d300000, 0x000000008d300000|100%| S|CS|TAMS 0x000000008d200000, 0x000000008d200000| Complete 
| 211|0x000000008d300000, 0x000000008d400000, 0x000000008d400000|100%| S|CS|TAMS 0x000000008d300000, 0x000000008d300000| Complete 
| 212|0x000000008d400000, 0x000000008d500000, 0x000000008d500000|100%| S|CS|TAMS 0x000000008d400000, 0x000000008d400000| Complete 
| 213|0x000000008d500000, 0x000000008d600000, 0x000000008d600000|100%| S|CS|TAMS 0x000000008d500000, 0x000000008d500000| Complete 
| 214|0x000000008d600000, 0x000000008d700000, 0x000000008d700000|100%| S|CS|TAMS 0x000000008d600000, 0x000000008d600000| Complete 
| 215|0x000000008d700000, 0x000000008d800000, 0x000000008d800000|100%| S|CS|TAMS 0x000000008d700000, 0x000000008d700000| Complete 
| 216|0x000000008d800000, 0x000000008d900000, 0x000000008d900000|100%| S|CS|TAMS 0x000000008d800000, 0x000000008d800000| Complete 
| 217|0x000000008d900000, 0x000000008da00000, 0x000000008da00000|100%| S|CS|TAMS 0x000000008d900000, 0x000000008d900000| Complete 
| 218|0x000000008da00000, 0x000000008db00000, 0x000000008db00000|100%| S|CS|TAMS 0x000000008da00000, 0x000000008da00000| Complete 
| 219|0x000000008db00000, 0x000000008db00000, 0x000000008dc00000|  0%| F|  |TAMS 0x000000008db00000, 0x000000008db00000| Untracked 
| 220|0x000000008dc00000, 0x000000008dc00000, 0x000000008dd00000|  0%| F|  |TAMS 0x000000008dc00000, 0x000000008dc00000| Untracked 
| 221|0x000000008dd00000, 0x000000008dd00000, 0x000000008de00000|  0%| F|  |TAMS 0x000000008dd00000, 0x000000008dd00000| Untracked 
| 222|0x000000008de00000, 0x000000008de00000, 0x000000008df00000|  0%| F|  |TAMS 0x000000008de00000, 0x000000008de00000| Untracked 
| 223|0x000000008df00000, 0x000000008df00000, 0x000000008e000000|  0%| F|  |TAMS 0x000000008df00000, 0x000000008df00000| Untracked 
| 224|0x000000008e000000, 0x000000008e000000, 0x000000008e100000|  0%| F|  |TAMS 0x000000008e000000, 0x000000008e000000| Untracked 
| 225|0x000000008e100000, 0x000000008e100000, 0x000000008e200000|  0%| F|  |TAMS 0x000000008e100000, 0x000000008e100000| Untracked 
| 226|0x000000008e200000, 0x000000008e200000, 0x000000008e300000|  0%| F|  |TAMS 0x000000008e200000, 0x000000008e200000| Untracked 
| 227|0x000000008e300000, 0x000000008e300000, 0x000000008e400000|  0%| F|  |TAMS 0x000000008e300000, 0x000000008e300000| Untracked 
| 228|0x000000008e400000, 0x000000008e400000, 0x000000008e500000|  0%| F|  |TAMS 0x000000008e400000, 0x000000008e400000| Untracked 
| 229|0x000000008e500000, 0x000000008e500000, 0x000000008e600000|  0%| F|  |TAMS 0x000000008e500000, 0x000000008e500000| Untracked 
| 230|0x000000008e600000, 0x000000008e600000, 0x000000008e700000|  0%| F|  |TAMS 0x000000008e600000, 0x000000008e600000| Untracked 
| 231|0x000000008e700000, 0x000000008e700000, 0x000000008e800000|  0%| F|  |TAMS 0x000000008e700000, 0x000000008e700000| Untracked 
| 232|0x000000008e800000, 0x000000008e800000, 0x000000008e900000|  0%| F|  |TAMS 0x000000008e800000, 0x000000008e800000| Untracked 
| 233|0x000000008e900000, 0x000000008e900000, 0x000000008ea00000|  0%| F|  |TAMS 0x000000008e900000, 0x000000008e900000| Untracked 
| 234|0x000000008ea00000, 0x000000008ea00000, 0x000000008eb00000|  0%| F|  |TAMS 0x000000008ea00000, 0x000000008ea00000| Untracked 
| 235|0x000000008eb00000, 0x000000008eb00000, 0x000000008ec00000|  0%| F|  |TAMS 0x000000008eb00000, 0x000000008eb00000| Untracked 
| 236|0x000000008ec00000, 0x000000008ec00000, 0x000000008ed00000|  0%| F|  |TAMS 0x000000008ec00000, 0x000000008ec00000| Untracked 
| 237|0x000000008ed00000, 0x000000008ed00000, 0x000000008ee00000|  0%| F|  |TAMS 0x000000008ed00000, 0x000000008ed00000| Untracked 
| 238|0x000000008ee00000, 0x000000008ee00000, 0x000000008ef00000|  0%| F|  |TAMS 0x000000008ee00000, 0x000000008ee00000| Untracked 
| 239|0x000000008ef00000, 0x000000008ef00000, 0x000000008f000000|  0%| F|  |TAMS 0x000000008ef00000, 0x000000008ef00000| Untracked 
| 240|0x000000008f000000, 0x000000008f000000, 0x000000008f100000|  0%| F|  |TAMS 0x000000008f000000, 0x000000008f000000| Untracked 
| 241|0x000000008f100000, 0x000000008f100000, 0x000000008f200000|  0%| F|  |TAMS 0x000000008f100000, 0x000000008f100000| Untracked 
| 242|0x000000008f200000, 0x000000008f200000, 0x000000008f300000|  0%| F|  |TAMS 0x000000008f200000, 0x000000008f200000| Untracked 
| 243|0x000000008f300000, 0x000000008f300000, 0x000000008f400000|  0%| F|  |TAMS 0x000000008f300000, 0x000000008f300000| Untracked 
| 244|0x000000008f400000, 0x000000008f400000, 0x000000008f500000|  0%| F|  |TAMS 0x000000008f400000, 0x000000008f400000| Untracked 
| 245|0x000000008f500000, 0x000000008f500000, 0x000000008f600000|  0%| F|  |TAMS 0x000000008f500000, 0x000000008f500000| Untracked 
| 246|0x000000008f600000, 0x000000008f600000, 0x000000008f700000|  0%| F|  |TAMS 0x000000008f600000, 0x000000008f600000| Untracked 
| 247|0x000000008f700000, 0x000000008f700000, 0x000000008f800000|  0%| F|  |TAMS 0x000000008f700000, 0x000000008f700000| Untracked 
| 248|0x000000008f800000, 0x000000008f800000, 0x000000008f900000|  0%| F|  |TAMS 0x000000008f800000, 0x000000008f800000| Untracked 
| 249|0x000000008f900000, 0x000000008f900000, 0x000000008fa00000|  0%| F|  |TAMS 0x000000008f900000, 0x000000008f900000| Untracked 
| 250|0x000000008fa00000, 0x000000008fa00000, 0x000000008fb00000|  0%| F|  |TAMS 0x000000008fa00000, 0x000000008fa00000| Untracked 
| 251|0x000000008fb00000, 0x000000008fb00000, 0x000000008fc00000|  0%| F|  |TAMS 0x000000008fb00000, 0x000000008fb00000| Untracked 
| 252|0x000000008fc00000, 0x000000008fc00000, 0x000000008fd00000|  0%| F|  |TAMS 0x000000008fc00000, 0x000000008fc00000| Untracked 
| 253|0x000000008fd00000, 0x000000008fd00000, 0x000000008fe00000|  0%| F|  |TAMS 0x000000008fd00000, 0x000000008fd00000| Untracked 
| 254|0x000000008fe00000, 0x000000008fe00000, 0x000000008ff00000|  0%| F|  |TAMS 0x000000008fe00000, 0x000000008fe00000| Untracked 
| 255|0x000000008ff00000, 0x000000008ff00000, 0x0000000090000000|  0%| F|  |TAMS 0x000000008ff00000, 0x000000008ff00000| Untracked 
| 256|0x0000000090000000, 0x0000000090000000, 0x0000000090100000|  0%| F|  |TAMS 0x0000000090000000, 0x0000000090000000| Untracked 
| 257|0x0000000090100000, 0x0000000090100000, 0x0000000090200000|  0%| F|  |TAMS 0x0000000090100000, 0x0000000090100000| Untracked 
| 258|0x0000000090200000, 0x0000000090200000, 0x0000000090300000|  0%| F|  |TAMS 0x0000000090200000, 0x0000000090200000| Untracked 
| 259|0x0000000090300000, 0x0000000090300000, 0x0000000090400000|  0%| F|  |TAMS 0x0000000090300000, 0x0000000090300000| Untracked 
| 260|0x0000000090400000, 0x0000000090400000, 0x0000000090500000|  0%| F|  |TAMS 0x0000000090400000, 0x0000000090400000| Untracked 
| 261|0x0000000090500000, 0x0000000090500000, 0x0000000090600000|  0%| F|  |TAMS 0x0000000090500000, 0x0000000090500000| Untracked 
| 262|0x0000000090600000, 0x0000000090600000, 0x0000000090700000|  0%| F|  |TAMS 0x0000000090600000, 0x0000000090600000| Untracked 
| 263|0x0000000090700000, 0x0000000090700000, 0x0000000090800000|  0%| F|  |TAMS 0x0000000090700000, 0x0000000090700000| Untracked 
| 264|0x0000000090800000, 0x0000000090800000, 0x0000000090900000|  0%| F|  |TAMS 0x0000000090800000, 0x0000000090800000| Untracked 
| 265|0x0000000090900000, 0x0000000090900000, 0x0000000090a00000|  0%| F|  |TAMS 0x0000000090900000, 0x0000000090900000| Untracked 
| 266|0x0000000090a00000, 0x0000000090a00000, 0x0000000090b00000|  0%| F|  |TAMS 0x0000000090a00000, 0x0000000090a00000| Untracked 
| 267|0x0000000090b00000, 0x0000000090b00000, 0x0000000090c00000|  0%| F|  |TAMS 0x0000000090b00000, 0x0000000090b00000| Untracked 
| 268|0x0000000090c00000, 0x0000000090c00000, 0x0000000090d00000|  0%| F|  |TAMS 0x0000000090c00000, 0x0000000090c00000| Untracked 
| 269|0x0000000090d00000, 0x0000000090d00000, 0x0000000090e00000|  0%| F|  |TAMS 0x0000000090d00000, 0x0000000090d00000| Untracked 
| 270|0x0000000090e00000, 0x0000000090e00000, 0x0000000090f00000|  0%| F|  |TAMS 0x0000000090e00000, 0x0000000090e00000| Untracked 
| 271|0x0000000090f00000, 0x0000000090f00000, 0x0000000091000000|  0%| F|  |TAMS 0x0000000090f00000, 0x0000000090f00000| Untracked 
| 272|0x0000000091000000, 0x0000000091000000, 0x0000000091100000|  0%| F|  |TAMS 0x0000000091000000, 0x0000000091000000| Untracked 
| 273|0x0000000091100000, 0x0000000091100000, 0x0000000091200000|  0%| F|  |TAMS 0x0000000091100000, 0x0000000091100000| Untracked 
| 274|0x0000000091200000, 0x0000000091200000, 0x0000000091300000|  0%| F|  |TAMS 0x0000000091200000, 0x0000000091200000| Untracked 
| 275|0x0000000091300000, 0x0000000091300000, 0x0000000091400000|  0%| F|  |TAMS 0x0000000091300000, 0x0000000091300000| Untracked 
| 276|0x0000000091400000, 0x0000000091400000, 0x0000000091500000|  0%| F|  |TAMS 0x0000000091400000, 0x0000000091400000| Untracked 
| 277|0x0000000091500000, 0x0000000091500000, 0x0000000091600000|  0%| F|  |TAMS 0x0000000091500000, 0x0000000091500000| Untracked 

Card table byte_map: [0x00000238a4650000,0x00000238a4a50000] _byte_map_base: 0x00000238a4250000

Marking Bits (Prev, Next): (CMBitMap*) 0x000002389179c188, (CMBitMap*) 0x000002389179c1c0
 Prev Bits: [0x00000238a4e50000, 0x00000238a6e50000)
 Next Bits: [0x00000238a6e50000, 0x00000238a8e50000)

Polling page: 0x000002388f670000

Metaspace:

Usage:
  Non-class:     99.98 MB capacity,    98.20 MB ( 98%) used,     1.42 MB (  1%) free+waste,   361.19 KB ( <1%) overhead. 
      Class:     15.83 MB capacity,    14.75 MB ( 93%) used,   942.02 KB (  6%) free+waste,   165.00 KB (  1%) overhead. 
       Both:    115.81 MB capacity,   112.96 MB ( 98%) used,     2.34 MB (  2%) free+waste,   526.19 KB ( <1%) overhead. 

Virtual space:
  Non-class space:      102.00 MB reserved,     100.13 MB ( 98%) committed 
      Class space:        1.00 GB reserved,      15.85 MB (  2%) committed 
             Both:        1.10 GB reserved,     115.98 MB ( 10%) committed 

Chunk freelists:
   Non-Class:  29.00 KB
       Class:  9.00 KB
        Both:  38.00 KB

MaxMetaspaceSize: 17179869184.00 GB
CompressedClassSpaceSize: 1.00 GB

CodeHeap 'non-profiled nmethods': size=120064Kb used=8289Kb max_used=8289Kb free=111774Kb
 bounds [0x000002389cd10000, 0x000002389d530000, 0x00000238a4250000]
CodeHeap 'profiled nmethods': size=120000Kb used=31945Kb max_used=31945Kb free=88054Kb
 bounds [0x00000238957e0000, 0x0000023897720000, 0x000002389cd10000]
CodeHeap 'non-nmethods': size=5696Kb used=2350Kb max_used=2391Kb free=3346Kb
 bounds [0x0000023895250000, 0x00000238954c0000, 0x00000238957e0000]
 total_blobs=15803 nmethods=14825 adapters=888
 compilation: enabled
              stopped_count=0, restarted_count=0
 full_count=0

Compilation events (20 events):
Event: 50.010 Thread 0x00000238abbd6000 15078       2       com.android.tools.r8.internal.pF::a (2 bytes)
Event: 50.010 Thread 0x00000238abbd6000 nmethod 15078 0x000002389770e910 code [0x000002389770eac0, 0x000002389770ebb8]
Event: 50.011 Thread 0x00000238abbd6000 15079       2       com.android.tools.r8.internal.ja::a (14 bytes)
Event: 50.011 Thread 0x00000238abbd6000 nmethod 15079 0x000002389770ec90 code [0x000002389770ee40, 0x000002389770ef58]
Event: 50.011 Thread 0x00000238abbd6000 15081       2       com.android.tools.r8.internal.Wi::a (207 bytes)
Event: 50.012 Thread 0x00000238abbd6000 nmethod 15081 0x000002389770f010 code [0x000002389770f260, 0x000002389770f828]
Event: 50.012 Thread 0x00000238abbd6000 15085       3       java.util.IdentityHashMap::clear (39 bytes)
Event: 50.012 Thread 0x00000238abbd6000 nmethod 15085 0x000002389770fd90 code [0x000002389770ff60, 0x0000023897710298]
Event: 50.012 Thread 0x00000238abbd6000 15082       2       com.android.tools.r8.internal.Vv::j (6 bytes)
Event: 50.013 Thread 0x00000238abbd6000 nmethod 15082 0x0000023897710390 code [0x0000023897710540, 0x0000023897710638]
Event: 50.013 Thread 0x00000238abbd6000 15080       2       com.android.tools.r8.internal.Wi::c (97 bytes)
Event: 50.014 Thread 0x00000238abbd6000 nmethod 15080 0x0000023897710710 code [0x0000023897710940, 0x0000023897710d38]
Event: 50.014 Thread 0x00000238abbd6000 15083       2       com.android.tools.r8.internal.l4$$Lambda$1467/0x0000000100ef4040::test (16 bytes)
Event: 50.014 Thread 0x00000238abbd6000 nmethod 15083 0x0000023897711010 code [0x00000238977111c0, 0x0000023897711348]
Event: 50.014 Thread 0x00000238abbd6000 15084       2       com.android.tools.r8.internal.l4$$Lambda$1468/0x0000000100ef4440::test (16 bytes)
Event: 50.014 Thread 0x00000238abbd6000 nmethod 15084 0x0000023897711490 code [0x0000023897711660, 0x0000023897711888]
Event: 50.016 Thread 0x00000238abbd6000 15086       2       com.android.tools.r8.code.r::<init> (7 bytes)
Event: 50.017 Thread 0x00000238abbd6000 nmethod 15086 0x0000023897711a10 code [0x0000023897711bc0, 0x0000023897711d18]
Event: 50.034 Thread 0x00000238abbd6000 15087       2       com.android.tools.r8.code.w0::<init> (97 bytes)
Event: 50.035 Thread 0x00000238abbd6000 nmethod 15087 0x0000023897711e10 code [0x0000023897712020, 0x0000023897712558]

GC Heap History (20 events):
Event: 8.800 GC heap after
{Heap after GC invocations=10 (full 0):
 garbage-first heap   total 236544K, used 46675K [0x0000000080000000, 0x0000000100000000)
  region size 1024K, 15 young (15360K), 15 survivors (15360K)
 Metaspace       used 47743K, capacity 49011K, committed 49100K, reserved 1091584K
  class space    used 6091K, capacity 6521K, committed 6604K, reserved 1048576K
}
Event: 10.315 GC heap before
{Heap before GC invocations=10 (full 0):
 garbage-first heap   total 236544K, used 122451K [0x0000000080000000, 0x0000000100000000)
  region size 1024K, 90 young (92160K), 15 survivors (15360K)
 Metaspace       used 58677K, capacity 60166K, committed 60236K, reserved 1101824K
  class space    used 7430K, capacity 7975K, committed 8012K, reserved 1048576K
}
Event: 10.354 GC heap after
{Heap after GC invocations=11 (full 0):
 garbage-first heap   total 236544K, used 51681K [0x0000000080000000, 0x0000000100000000)
  region size 1024K, 5 young (5120K), 5 survivors (5120K)
 Metaspace       used 58677K, capacity 60166K, committed 60236K, reserved 1101824K
  class space    used 7430K, capacity 7975K, committed 8012K, reserved 1048576K
}
Event: 12.089 GC heap before
{Heap before GC invocations=12 (full 0):
 garbage-first heap   total 236544K, used 159201K [0x0000000080000000, 0x0000000100000000)
  region size 1024K, 110 young (112640K), 5 survivors (5120K)
 Metaspace       used 66124K, capacity 67691K, committed 67916K, reserved 1107968K
  class space    used 8367K, capacity 8931K, committed 9036K, reserved 1048576K
}
Event: 12.115 GC heap after
{Heap after GC invocations=13 (full 0):
 garbage-first heap   total 236544K, used 58888K [0x0000000080000000, 0x0000000100000000)
  region size 1024K, 12 young (12288K), 12 survivors (12288K)
 Metaspace       used 66124K, capacity 67691K, committed 67916K, reserved 1107968K
  class space    used 8367K, capacity 8931K, committed 9036K, reserved 1048576K
}
Event: 14.252 GC heap before
{Heap before GC invocations=14 (full 0):
 garbage-first heap   total 236544K, used 166408K [0x0000000080000000, 0x0000000100000000)
  region size 1024K, 117 young (119808K), 12 survivors (12288K)
 Metaspace       used 78239K, capacity 80014K, committed 80332K, reserved 1118208K
  class space    used 10184K, capacity 10857K, committed 10956K, reserved 1048576K
}
Event: 14.282 GC heap after
{Heap after GC invocations=15 (full 0):
 garbage-first heap   total 236544K, used 65482K [0x0000000080000000, 0x0000000100000000)
  region size 1024K, 7 young (7168K), 7 survivors (7168K)
 Metaspace       used 78239K, capacity 80014K, committed 80332K, reserved 1118208K
  class space    used 10184K, capacity 10857K, committed 10956K, reserved 1048576K
}
Event: 16.617 GC heap before
{Heap before GC invocations=15 (full 0):
 garbage-first heap   total 236544K, used 173002K [0x0000000080000000, 0x0000000100000000)
  region size 1024K, 113 young (115712K), 7 survivors (7168K)
 Metaspace       used 82929K, capacity 85046K, committed 85324K, reserved 1122304K
  class space    used 10783K, capacity 11548K, committed 11596K, reserved 1048576K
}
Event: 16.656 GC heap after
{Heap after GC invocations=16 (full 0):
 garbage-first heap   total 284672K, used 72377K [0x0000000080000000, 0x0000000100000000)
  region size 1024K, 14 young (14336K), 14 survivors (14336K)
 Metaspace       used 82929K, capacity 85046K, committed 85324K, reserved 1122304K
  class space    used 10783K, capacity 11548K, committed 11596K, reserved 1048576K
}
Event: 20.045 GC heap before
{Heap before GC invocations=16 (full 0):
 garbage-first heap   total 284672K, used 205497K [0x0000000080000000, 0x0000000100000000)
  region size 1024K, 145 young (148480K), 14 survivors (14336K)
 Metaspace       used 87373K, capacity 89454K, committed 89804K, reserved 1126400K
  class space    used 11339K, capacity 12135K, committed 12236K, reserved 1048576K
}
Event: 20.084 GC heap after
{Heap after GC invocations=17 (full 0):
 garbage-first heap   total 284672K, used 78818K [0x0000000080000000, 0x0000000100000000)
  region size 1024K, 14 young (14336K), 14 survivors (14336K)
 Metaspace       used 87373K, capacity 89454K, committed 89804K, reserved 1126400K
  class space    used 11339K, capacity 12135K, committed 12236K, reserved 1048576K
}
Event: 42.953 GC heap before
{Heap before GC invocations=17 (full 0):
 garbage-first heap   total 284672K, used 215010K [0x0000000080000000, 0x0000000100000000)
  region size 1024K, 147 young (150528K), 14 survivors (14336K)
 Metaspace       used 96729K, capacity 99221K, committed 99532K, reserved 1134592K
  class space    used 12509K, capacity 13433K, committed 13516K, reserved 1048576K
}
Event: 42.990 GC heap after
{Heap after GC invocations=18 (full 0):
 garbage-first heap   total 284672K, used 89063K [0x0000000080000000, 0x0000000100000000)
  region size 1024K, 17 young (17408K), 17 survivors (17408K)
 Metaspace       used 96729K, capacity 99221K, committed 99532K, reserved 1134592K
  class space    used 12509K, capacity 13433K, committed 13516K, reserved 1048576K
}
Event: 45.823 GC heap before
{Heap before GC invocations=18 (full 0):
 garbage-first heap   total 284672K, used 226279K [0x0000000080000000, 0x0000000100000000)
  region size 1024K, 146 young (149504K), 17 survivors (17408K)
 Metaspace       used 104117K, capacity 106708K, committed 106828K, reserved 1142784K
  class space    used 13394K, capacity 14339K, committed 14412K, reserved 1048576K
}
Event: 45.859 GC heap after
{Heap after GC invocations=19 (full 0):
 garbage-first heap   total 284672K, used 97241K [0x0000000080000000, 0x0000000100000000)
  region size 1024K, 16 young (16384K), 16 survivors (16384K)
 Metaspace       used 104117K, capacity 106708K, committed 106828K, reserved 1142784K
  class space    used 13394K, capacity 14339K, committed 14412K, reserved 1048576K
}
Event: 47.161 GC heap before
{Heap before GC invocations=19 (full 0):
 garbage-first heap   total 284672K, used 224217K [0x0000000080000000, 0x0000000100000000)
  region size 1024K, 111 young (113664K), 16 survivors (16384K)
 Metaspace       used 111381K, capacity 114244K, committed 114260K, reserved 1148928K
  class space    used 14488K, capacity 15548K, committed 15564K, reserved 1048576K
}
Event: 47.254 GC heap after
{Heap after GC invocations=20 (full 0):
 garbage-first heap   total 284672K, used 142336K [0x0000000080000000, 0x0000000100000000)
  region size 1024K, 18 young (18432K), 18 survivors (18432K)
 Metaspace       used 111381K, capacity 114244K, committed 114260K, reserved 1148928K
  class space    used 14488K, capacity 15548K, committed 15564K, reserved 1048576K
}
Event: 48.789 GC heap before
{Heap before GC invocations=21 (full 0):
 garbage-first heap   total 284672K, used 225280K [0x0000000080000000, 0x0000000100000000)
  region size 1024K, 98 young (100352K), 18 survivors (18432K)
 Metaspace       used 114697K, capacity 117632K, committed 117996K, reserved 1150976K
  class space    used 15034K, capacity 16113K, committed 16228K, reserved 1048576K
}
Event: 48.886 GC heap after
{Heap after GC invocations=22 (full 0):
 garbage-first heap   total 284672K, used 164352K [0x0000000080000000, 0x0000000100000000)
  region size 1024K, 13 young (13312K), 13 survivors (13312K)
 Metaspace       used 114697K, capacity 117632K, committed 117996K, reserved 1150976K
  class space    used 15034K, capacity 16113K, committed 16228K, reserved 1048576K
}
Event: 50.076 GC heap before
{Heap before GC invocations=23 (full 0):
 garbage-first heap   total 284672K, used 223744K [0x0000000080000000, 0x0000000100000000)
  region size 1024K, 72 young (73728K), 13 survivors (13312K)
 Metaspace       used 115666K, capacity 118594K, committed 118764K, reserved 1153024K
  class space    used 15107K, capacity 16215K, committed 16228K, reserved 1048576K
}

Deoptimization events (20 events):
Event: 48.491 Thread 0x00000238b1930800 Uncommon trap: trap_request=0xffffff4d fr.pc=0x000002389d3d81bc relative=0x00000000000002fc
Event: 48.491 Thread 0x00000238b1930800 Uncommon trap: reason=unstable_if action=reinterpret pc=0x000002389d3d81bc method=java.lang.String.indexOf([BBILjava/lang/String;I)I @ 54 c2
Event: 48.491 Thread 0x00000238b1930800 DEOPT PACKING pc=0x000002389d3d81bc sp=0x000000b4c16fd140
Event: 48.491 Thread 0x00000238b1930800 DEOPT UNPACKING pc=0x00000238952778af sp=0x000000b4c16fd0a8 mode 2
Event: 48.491 Thread 0x00000238b1930800 Uncommon trap: trap_request=0xffffff4d fr.pc=0x000002389d36e0dc relative=0x0000000000000b7c
Event: 48.491 Thread 0x00000238b1930800 Uncommon trap: reason=unstable_if action=reinterpret pc=0x000002389d36e0dc method=sun.nio.fs.WindowsPath.getFileName()Ljava/nio/file/Path; @ 45 c2
Event: 48.491 Thread 0x00000238b1930800 DEOPT PACKING pc=0x000002389d36e0dc sp=0x000000b4c16fd2d0
Event: 48.491 Thread 0x00000238b1930800 DEOPT UNPACKING pc=0x00000238952778af sp=0x000000b4c16fd2b0 mode 2
Event: 48.759 Thread 0x00000238b3411000 Uncommon trap: trap_request=0xffffff4d fr.pc=0x000002389d508e08 relative=0x00000000000079a8
Event: 48.759 Thread 0x00000238b3411000 Uncommon trap: reason=unstable_if action=reinterpret pc=0x000002389d508e08 method=com.android.tools.r8.code.w1.a(Ljava/nio/ShortBuffer;IILcom/android/tools/r8/internal/Yu;)[Lcom/android/tools/r8/code/v1; @ 301 c2
Event: 48.759 Thread 0x00000238b3411000 DEOPT PACKING pc=0x000002389d508e08 sp=0x000000b4c1ffeb10
Event: 48.759 Thread 0x00000238b3411000 DEOPT UNPACKING pc=0x00000238952778af sp=0x000000b4c1ffeb08 mode 2
Event: 49.327 Thread 0x00000238b3414000 DEOPT PACKING pc=0x0000023897548431 sp=0x000000b4c1dfe620
Event: 49.327 Thread 0x00000238b3414000 DEOPT UNPACKING pc=0x00000238952776ce sp=0x000000b4c1dfdbe0 mode 0
Event: 49.879 Thread 0x00000238b3411800 Uncommon trap: trap_request=0xffffff4d fr.pc=0x000002389d49d9e4 relative=0x0000000000000ee4
Event: 49.879 Thread 0x00000238b3411800 Uncommon trap: reason=unstable_if action=reinterpret pc=0x000002389d49d9e4 method=com.android.tools.r8.internal.lp.a(Ljava/lang/Object;Z)Lcom/android/tools/r8/internal/np; @ 84 c2
Event: 49.879 Thread 0x00000238b3411800 DEOPT PACKING pc=0x000002389d49d9e4 sp=0x000000b4c1bfda20
Event: 49.879 Thread 0x00000238b3411800 DEOPT UNPACKING pc=0x00000238952778af sp=0x000000b4c1bfd9d0 mode 2
Event: 50.012 Thread 0x00000238b3413000 DEOPT PACKING pc=0x00000238975a90e3 sp=0x000000b4c1cfc9c0
Event: 50.012 Thread 0x00000238b3413000 DEOPT UNPACKING pc=0x00000238952776ce sp=0x000000b4c1cfbe58 mode 0

Classes redefined (0 events):
No events

Internal exceptions (20 events):
Event: 46.321 Thread 0x00000238b3411800 Exception <a 'java/lang/NoSuchMethodError'{0x000000008fce78b0}: 'java.lang.Object java.lang.invoke.DirectMethodHandle$Holder.invokeStaticInit(java.lang.Object, java.lang.Object, java.lang.Object, java.lang.Object, java.lang.Object, java.lang.Object, java.lang.Object, java.lang.Object, java.lang.Object, java.lang.Object, java.lang.Object, java.lang.Object, java.lang.Object, java.lang.Object, java.lang.Object, java.lang.Object, java.lang.Object, java.lang.Object, int, java.lang.Object)'> (0x000000008fce78b0)
Event: 46.373 Thread 0x00000238b3413000 Exception <a 'java/lang/IncompatibleClassChangeError'{0x000000008f48f250}: Found class java.lang.Object, but interface was expected> (0x000000008f48f250) thrown at [./src/hotspot/share/interpreter/linkResolver.cpp, line 839]
Event: 46.698 Thread 0x00000238b3413000 Exception <a 'java/lang/NoSuchMethodError'{0x000000008e25c648}: 'void java.lang.invoke.DirectMethodHandle$Holder.invokeStatic(java.lang.Object, java.lang.Object, java.lang.Object, int)'> (0x000000008e25c648) thrown at [./src/hotspot/share/interpreter/linkResolver.cpp, line 773]
Event: 46.704 Thread 0x00000238b3413000 Exception <a 'java/lang/IncompatibleClassChangeError'{0x000000008e2644f8}: Found class java.lang.Object, but interface was expected> (0x000000008e2644f8) thrown at [./src/hotspot/share/interpreter/linkResolver.cpp, line 839]
Event: 46.979 Thread 0x00000238b3411800 Exception <a 'java/lang/NoSuchMethodError'{0x000000008ccd9020}: 'java.lang.Object java.lang.invoke.DirectMethodHandle$Holder.invokeStatic(java.lang.Object, int, java.lang.Object, java.lang.Object)'> (0x000000008ccd9020) thrown at [./src/hotspot/share/interpreter/linkResolver.cpp, line 773]
Event: 47.026 Thread 0x00000238b3413000 Exception <a 'java/lang/NoSuchMethodError'{0x000000008c7fc870}: 'java.lang.Object java.lang.invoke.Invokers$Holder.linkToTargetMethod(java.lang.Object, java.lang.Object, java.lang.Object, java.lang.Object, java.lang.Object, java.lang.Object, java.lang.Object)'> (0x000000008c7fc870) thrown at [./src/hotspot/share/interpreter/linkResolver.cpp, line 773]
Event: 47.123 Thread 0x00000238b3411800 Exception <a 'java/lang/NoSuchMethodError'{0x000000008bc3f1d0}: 'java.lang.Object java.lang.invoke.DirectMethodHandle$Holder.invokeVirtual(java.lang.Object, java.lang.Object, int, java.lang.Object)'> (0x000000008bc3f1d0) thrown at [./src/hotspot/share/interpreter/linkResolver.cpp, line 773]
Event: 47.153 Thread 0x00000238b3413000 Exception <a 'java/lang/IncompatibleClassChangeError'{0x000000008bdf5fe0}: Found class java.lang.Object, but interface was expected> (0x000000008bdf5fe0) thrown at [./src/hotspot/share/interpreter/linkResolver.cpp, line 839]
Event: 47.154 Thread 0x00000238b3413000 Exception <a 'java/lang/IncompatibleClassChangeError'{0x000000008b7343c8}: Found class java.lang.Object, but interface was expected> (0x000000008b7343c8) thrown at [./src/hotspot/share/interpreter/linkResolver.cpp, line 839]
Event: 47.330 Thread 0x00000238b3411800 Exception <a 'java/lang/NoSuchMethodError'{0x0000000091548250}: 'void java.lang.invoke.DirectMethodHandle$Holder.invokeVirtual(java.lang.Object, java.lang.Object, int, java.lang.Object)'> (0x0000000091548250) thrown at [./src/hotspot/share/interpreter/linkResolver.cpp, line 773]
Event: 47.466 Thread 0x00000238b3412800 Exception <a 'java/lang/NoSuchMethodError'{0x000000009063d180}: 'java.lang.Object java.lang.invoke.DirectMethodHandle$Holder.newInvokeSpecial(java.lang.Object, int)'> (0x000000009063d180) thrown at [./src/hotspot/share/interpreter/linkResolver.cpp, line 773]
Event: 48.079 Thread 0x00000238b3413000 Exception <a 'java/lang/NoSuchMethodError'{0x000000008f4cd9f8}: 'java.lang.Object java.lang.invoke.DirectMethodHandle$Holder.invokeSpecial(java.lang.Object, java.lang.Object, java.lang.Object, java.lang.Object, java.lang.Object, java.lang.Object, java.lang.Object, java.lang.Object, java.lang.Object, java.lang.Object, java.lang.Object)'> (0x000000008f4cd9f8) thrown at [./src/hotspot/share/interpreter/linkResolver.cpp, line 773]
Event: 48.080 Thread 0x00000238b3413000 Exception <a 'java/lang/NoSuchMethodError'{0x000000008f4d8c20}: 'java.lang.Object java.lang.invoke.Invokers$Holder.linkToTargetMethod(java.lang.Object, java.lang.Object, java.lang.Object, java.lang.Object, java.lang.Object, java.lang.Object, java.lang.Object, java.lang.Object, java.lang.Object, java.lang.Object)'> (0x000000008f4d8c20) thrown at [./src/hotspot/share/interpreter/linkResolver.cpp, line 773]
Event: 48.084 Thread 0x00000238b3413000 Exception <a 'java/lang/NoSuchMethodError'{0x000000008f320c40}: 'long java.lang.invoke.DirectMethodHandle$Holder.invokeStatic(java.lang.Object, java.lang.Object)'> (0x000000008f320c40) thrown at [./src/hotspot/share/interpreter/linkResolver.cpp, line 773]
Event: 48.094 Thread 0x00000238b1930800 Exception <a 'java/lang/NoSuchMethodError'{0x000000008f4fe0b8}: 'java.lang.Object java.lang.invoke.DirectMethodHandle$Holder.invokeVirtual(java.lang.Object, java.lang.Object, int)'> (0x000000008f4fe0b8) thrown at [./src/hotspot/share/interpreter/linkResolver.cpp, line 773]
Event: 48.115 Thread 0x00000238b3413000 Exception <a 'java/lang/IncompatibleClassChangeError'{0x000000008f3c3e98}: Found class java.lang.Object, but interface was expected> (0x000000008f3c3e98) thrown at [./src/hotspot/share/interpreter/linkResolver.cpp, line 839]
Event: 49.973 Thread 0x00000238b3411800 Exception <a 'java/lang/NoSuchMethodError'{0x000000008e3f1400}: 'void java.lang.invoke.DirectMethodHandle$Holder.invokeSpecial(java.lang.Object, java.lang.Object, int, java.lang.Object, java.lang.Object, java.lang.Object, java.lang.Object)'> (0x000000008e3f1400) thrown at [./src/hotspot/share/interpreter/linkResolver.cpp, line 773]
Event: 49.974 Thread 0x00000238b3411800 Exception <a 'java/lang/NoSuchMethodError'{0x000000008e3fcab0}: 'java.lang.Object java.lang.invoke.Invokers$Holder.linkToTargetMethod(java.lang.Object, int, java.lang.Object, java.lang.Object, java.lang.Object, java.lang.Object)'> (0x000000008e3fcab0) thrown at [./src/hotspot/share/interpreter/linkResolver.cpp, line 773]
Event: 49.975 Thread 0x00000238b3411800 Exception <a 'java/lang/NoSuchMethodError'{0x000000008e200c00}: 'void java.lang.invoke.DirectMethodHandle$Holder.invokeSpecial(java.lang.Object, java.lang.Object, java.lang.Object, java.lang.Object, java.lang.Object, java.lang.Object, java.lang.Object, java.lang.Object, java.lang.Object)'> (0x000000008e200c00) thrown at [./src/hotspot/share/interpreter/linkResolver.cpp, line 773]
Event: 49.978 Thread 0x00000238b3411800 Exception <a 'java/lang/NoSuchMethodError'{0x000000008e218560}: 'void java.lang.invoke.DirectMethodHandle$Holder.invokeStatic(java.lang.Object, java.lang.Object, java.lang.Object, java.lang.Object, java.lang.Object, java.lang.Object, java.lang.Object, java.lang.Object)'> (0x000000008e218560) thrown at [./src/hotspot/share/interpreter/linkResolver.cpp, line 773]

Events (20 events):
Event: 49.991 loading class com/android/tools/r8/internal/yr done
Event: 49.992 loading class com/android/tools/r8/dex/v
Event: 49.992 loading class com/android/tools/r8/dex/v done
Event: 50.006 loading class com/android/tools/r8/dex/u
Event: 50.006 loading class com/android/tools/r8/dex/u done
Event: 50.007 loading class com/android/tools/r8/dex/h
Event: 50.007 loading class com/android/tools/r8/dex/h done
Event: 50.010 loading class com/android/tools/r8/dex/f
Event: 50.010 loading class com/android/tools/r8/dex/f done
Event: 50.010 loading class com/android/tools/r8/dex/g
Event: 50.010 loading class com/android/tools/r8/dex/g done
Event: 50.012 loading class com/android/tools/r8/graph/d0
Event: 50.012 loading class com/android/tools/r8/graph/d0 done
Event: 50.012 loading class com/android/tools/r8/graph/d0
Event: 50.012 loading class com/android/tools/r8/graph/d0 done
Event: 50.012 loading class com/android/tools/r8/graph/c
Event: 50.012 loading class com/android/tools/r8/graph/c done
Event: 50.013 loading class com/android/tools/r8/internal/aw
Event: 50.013 loading class com/android/tools/r8/internal/aw done
Event: 50.061 Executing VM operation: G1CollectForAllocation


Dynamic libraries:
0x00007ff7254a0000 - 0x00007ff7254aa000 	C:\Program Files\Android\Android Studio4\jre\bin\java.exe
0x00007ff9353b0000 - 0x00007ff9355a5000 	C:\WINDOWS\SYSTEM32\ntdll.dll
0x00007ff9350c0000 - 0x00007ff93517d000 	C:\WINDOWS\System32\KERNEL32.DLL
0x00007ff932dc0000 - 0x00007ff933089000 	C:\WINDOWS\System32\KERNELBASE.dll
0x00007ff932b10000 - 0x00007ff932c10000 	C:\WINDOWS\System32\ucrtbase.dll
0x00007ff92a310000 - 0x00007ff92a327000 	C:\Program Files\Android\Android Studio4\jre\bin\VCRUNTIME140.dll
0x00007ff92a2f0000 - 0x00007ff92a309000 	C:\Program Files\Android\Android Studio4\jre\bin\jli.dll
0x00007ff933840000 - 0x00007ff9339e0000 	C:\WINDOWS\System32\USER32.dll
0x00007ff91c170000 - 0x00007ff91c40a000 	C:\WINDOWS\WinSxS\amd64_microsoft.windows.common-controls_6595b64144ccf1df_6.0.19041.1110_none_60b5254171f9507e\COMCTL32.dll
0x00007ff933350000 - 0x00007ff933372000 	C:\WINDOWS\System32\win32u.dll
0x00007ff933dd0000 - 0x00007ff933e6e000 	C:\WINDOWS\System32\msvcrt.dll
0x00007ff935330000 - 0x00007ff93535a000 	C:\WINDOWS\System32\GDI32.dll
0x00007ff932cb0000 - 0x00007ff932dbb000 	C:\WINDOWS\System32\gdi32full.dll
0x00007ff932c10000 - 0x00007ff932cad000 	C:\WINDOWS\System32\msvcp_win.dll
0x00007ff933b10000 - 0x00007ff933b40000 	C:\WINDOWS\System32\IMM32.DLL
0x00007ff903210000 - 0x00007ff9032ad000 	C:\Program Files\Android\Android Studio4\jre\bin\msvcp140.dll
0x00007ff8ef030000 - 0x00007ff8efaff000 	C:\Program Files\Android\Android Studio4\jre\bin\server\jvm.dll
0x00007ff9351a0000 - 0x00007ff93524c000 	C:\WINDOWS\System32\ADVAPI32.dll
0x00007ff934af0000 - 0x00007ff934b8b000 	C:\WINDOWS\System32\sechost.dll
0x00007ff9339e0000 - 0x00007ff933b0a000 	C:\WINDOWS\System32\RPCRT4.dll
0x00007ff933b40000 - 0x00007ff933b48000 	C:\WINDOWS\System32\PSAPI.DLL
0x00007ff920740000 - 0x00007ff920749000 	C:\WINDOWS\SYSTEM32\WSOCK32.dll
0x00007ff933c70000 - 0x00007ff933cdb000 	C:\WINDOWS\System32\WS2_32.dll
0x00007ff91f110000 - 0x00007ff91f137000 	C:\WINDOWS\SYSTEM32\WINMM.dll
0x00007ff929230000 - 0x00007ff92923a000 	C:\WINDOWS\SYSTEM32\VERSION.dll
0x00007ff931370000 - 0x00007ff931382000 	C:\WINDOWS\SYSTEM32\kernel.appcore.dll
0x00007ff92aa20000 - 0x00007ff92aa31000 	C:\Program Files\Android\Android Studio4\jre\bin\verify.dll
0x00007ff931080000 - 0x00007ff931264000 	C:\WINDOWS\SYSTEM32\DBGHELP.DLL
0x00007ff91c410000 - 0x00007ff91c43c000 	C:\WINDOWS\SYSTEM32\dbgcore.DLL
0x00007ff933380000 - 0x00007ff933403000 	C:\WINDOWS\System32\bcryptPrimitives.dll
0x00007ff92a9f0000 - 0x00007ff92aa19000 	C:\Program Files\Android\Android Studio4\jre\bin\java.dll
0x00007ff92c130000 - 0x00007ff92c13b000 	C:\Program Files\Android\Android Studio4\jre\bin\jimage.dll
0x00007ff92a9d0000 - 0x00007ff92a9e8000 	C:\Program Files\Android\Android Studio4\jre\bin\zip.dll
0x00007ff933ed0000 - 0x00007ff93460f000 	C:\WINDOWS\System32\SHELL32.dll
0x00007ff930820000 - 0x00007ff930fb0000 	C:\WINDOWS\SYSTEM32\windows.storage.dll
0x00007ff934670000 - 0x00007ff9349c5000 	C:\WINDOWS\System32\combase.dll
0x00007ff932540000 - 0x00007ff93256c000 	C:\WINDOWS\SYSTEM32\Wldp.dll
0x00007ff933b50000 - 0x00007ff933bfe000 	C:\WINDOWS\System32\SHCORE.dll
0x00007ff934610000 - 0x00007ff934665000 	C:\WINDOWS\System32\shlwapi.dll
0x00007ff932a20000 - 0x00007ff932a3f000 	C:\WINDOWS\SYSTEM32\profapi.dll
0x00007ff92a9b0000 - 0x00007ff92a9ca000 	C:\Program Files\Android\Android Studio4\jre\bin\net.dll
0x00007ff9285c0000 - 0x00007ff9286c8000 	C:\WINDOWS\SYSTEM32\WINHTTP.dll
0x00007ff9322a0000 - 0x00007ff93230a000 	C:\WINDOWS\system32\mswsock.dll
0x00007ff92a990000 - 0x00007ff92a9a4000 	C:\Program Files\Android\Android Studio4\jre\bin\nio.dll
0x00007ff92cd40000 - 0x00007ff92cd67000 	C:\Users\leoba\.gradle\native\8bec1ad78214c89d9ad589b4d07fe93259594b29d510b10fafb7a158f7737e5d\windows-amd64\native-platform.dll
0x00007ff8f68e0000 - 0x00007ff8f6a1d000 	C:\Users\leoba\.gradle\native\53dbd7edfb1c66fb8903c78663c9afc45aea4f116125fa6feffd364cf09443e8\windows-amd64\native-platform-file-events.dll
0x00007ff92a180000 - 0x00007ff92a18a000 	C:\Program Files\Android\Android Studio4\jre\bin\management.dll
0x00007ff90ef00000 - 0x00007ff90ef0c000 	C:\Program Files\Android\Android Studio4\jre\bin\management_ext.dll
0x00007ff932490000 - 0x00007ff9324a8000 	C:\WINDOWS\SYSTEM32\CRYPTSP.dll
0x00007ff931bb0000 - 0x00007ff931be4000 	C:\WINDOWS\system32\rsaenh.dll
0x00007ff932ae0000 - 0x00007ff932b07000 	C:\WINDOWS\System32\bcrypt.dll
0x00007ff9329a0000 - 0x00007ff9329ce000 	C:\WINDOWS\SYSTEM32\USERENV.dll
0x00007ff9324b0000 - 0x00007ff9324bc000 	C:\WINDOWS\SYSTEM32\CRYPTBASE.dll
0x00007ff931f40000 - 0x00007ff931f7b000 	C:\WINDOWS\SYSTEM32\IPHLPAPI.DLL
0x00007ff935360000 - 0x00007ff935368000 	C:\WINDOWS\System32\NSI.dll
0x00007ff927800000 - 0x00007ff927817000 	C:\WINDOWS\SYSTEM32\dhcpcsvc6.DLL
0x00007ff928310000 - 0x00007ff92832d000 	C:\WINDOWS\SYSTEM32\dhcpcsvc.DLL
0x00007ff931f90000 - 0x00007ff93205c000 	C:\WINDOWS\SYSTEM32\DNSAPI.dll
0x00007ff92c890000 - 0x00007ff92c8ae000 	C:\Users\leoba\AppData\Local\Temp\native-platform2291269294230409776dir\native-platform.dll
0x00007ff913a60000 - 0x00007ff913a68000 	C:\Program Files\Android\Android Studio4\jre\bin\rmi.dll

dbghelp: loaded successfully - version: 4.0.5 - missing functions: none
symbol engine: initialized successfully - sym options: 0x614 - pdb path: .;C:\Program Files\Android\Android Studio4\jre\bin;C:\WINDOWS\SYSTEM32;C:\WINDOWS\WinSxS\amd64_microsoft.windows.common-controls_6595b64144ccf1df_6.0.19041.1110_none_60b5254171f9507e;C:\Program Files\Android\Android Studio4\jre\bin\server;C:\Users\leoba\.gradle\native\8bec1ad78214c89d9ad589b4d07fe93259594b29d510b10fafb7a158f7737e5d\windows-amd64;C:\Users\leoba\.gradle\native\53dbd7edfb1c66fb8903c78663c9afc45aea4f116125fa6feffd364cf09443e8\windows-amd64;C:\Users\leoba\AppData\Local\Temp\native-platform2291269294230409776dir

VM Arguments:
jvm_args: --add-opens=java.base/java.util=ALL-UNNAMED --add-opens=java.base/java.lang=ALL-UNNAMED --add-opens=java.base/java.lang.invoke=ALL-UNNAMED --add-opens=java.base/java.util=ALL-UNNAMED --add-opens=java.prefs/java.util.prefs=ALL-UNNAMED --add-opens=java.prefs/java.util.prefs=ALL-UNNAMED --add-opens=java.base/java.nio.charset=ALL-UNNAMED --add-opens=java.base/java.net=ALL-UNNAMED --add-opens=java.base/java.util.concurrent.atomic=ALL-UNNAMED -Xmx2048m -Dfile.encoding=UTF-8 -Duser.country=ES -Duser.language=es -Duser.variant 
java_command: org.gradle.launcher.daemon.bootstrap.GradleDaemon 7.0.2
java_class_path (initial): C:\Users\leoba\.gradle\wrapper\dists\gradle-7.0.2-bin\857tjihv64xamwrf0h14cai3r\gradle-7.0.2\lib\gradle-launcher-7.0.2.jar
Launcher Type: SUN_STANDARD

[Global flags]
     intx CICompilerCount                          = 3                                         {product} {ergonomic}
     uint ConcGCThreads                            = 1                                         {product} {ergonomic}
     uint G1ConcRefinementThreads                  = 4                                         {product} {ergonomic}
   size_t G1HeapRegionSize                         = 1048576                                   {product} {ergonomic}
    uintx GCDrainStackTargetSize                   = 64                                        {product} {ergonomic}
   size_t InitialHeapSize                          = 201326592                                 {product} {ergonomic}
   size_t MarkStackSize                            = 4194304                                   {product} {ergonomic}
   size_t MaxHeapSize                              = 2147483648                                {product} {command line}
   size_t MaxNewSize                               = 1287651328                                {product} {ergonomic}
   size_t MinHeapDeltaBytes                        = 1048576                                   {product} {ergonomic}
    uintx NonNMethodCodeHeapSize                   = 5830732                                {pd product} {ergonomic}
    uintx NonProfiledCodeHeapSize                  = 122913754                              {pd product} {ergonomic}
    uintx ProfiledCodeHeapSize                     = 122913754                              {pd product} {ergonomic}
    uintx ReservedCodeCacheSize                    = 251658240                              {pd product} {ergonomic}
     bool SegmentedCodeCache                       = true                                      {product} {ergonomic}
     bool UseCompressedClassPointers               = true                                 {lp64_product} {ergonomic}
     bool UseCompressedOops                        = true                                 {lp64_product} {ergonomic}
     bool UseG1GC                                  = true                                      {product} {ergonomic}
     bool UseLargePagesIndividualAllocation        = false                                  {pd product} {ergonomic}

Logging:
Log output configuration:
 #0: stdout all=warning uptime,level,tags
 #1: stderr all=off uptime,level,tags

Environment Variables:
PATH=C:\Program Files (x86)\Intel\Intel(R) Management Engine Components\iCLS\;C:\Program Files\Intel\Intel(R) Management Engine Components\iCLS\;C:\WINDOWS\system32;C:\WINDOWS;C:\WINDOWS\System32\Wbem;C:\WINDOWS\System32\WindowsPowerShell\v1.0\;C:\Program Files (x86)\Intel\Intel(R) Management Engine Components\DAL;C:\Program Files\Intel\Intel(R) Management Engine Components\DAL;C:\Program Files (x86)\Intel\Intel(R) Management Engine Components\IPT;C:\Program Files\Intel\Intel(R) Management Engine Components\IPT;c:\Program Files (x86)\Microsoft SQL Server\100\Tools\Binn\;c:\Program Files\Microsoft SQL Server\100\Tools\Binn\;c:\Program Files\Microsoft SQL Server\100\DTS\Binn\;c:\Program Files (x86)\Microsoft SQL Server\100\Tools\Binn\VSShell\Common7\IDE\;c:\Program Files (x86)\Microsoft SQL Server\100\DTS\Binn\;C:\WINDOWS\system32\config\systemprofile\.dnx\bin;C:\Program Files\Microsoft DNX\Dnvm\;C:\Program Files\Microsoft SQL Server\130\Tools\Binn\;C:\WINDOWS\System32\OpenSSH\;C:\Program Files\Git\cmd;C:\Users\leoba\AppData\Local\Microsoft\WindowsApps;C:\Users\leoba\AppData\Local\GitHubDesktop\bin;%USERPROFILE%\AppData\Local\Microsoft\WindowsApps;
USERNAME=leoba
OS=Windows_NT
PROCESSOR_IDENTIFIER=Intel64 Family 6 Model 142 Stepping 10, GenuineIntel



---------------  S Y S T E M  ---------------

OS: Windows 10 , 64 bit Build 19041 (10.0.19041.1151)
OS uptime: 0 days 13:33 hours

CPU:total 4 (initial active 4) (2 cores per cpu, 2 threads per core) family 6 model 142 stepping 10 microcode 0xb4, cmov, cx8, fxsr, mmx, sse, sse2, sse3, ssse3, sse4.1, sse4.2, popcnt, avx, avx2, aes, clmul, erms, 3dnowpref, lzcnt, ht, tsc, tscinvbit, bmi1, bmi2, adx, fma

Memory: 4k page, system-wide physical 12197M (535M free)
TotalPageFile size 12197M (AvailPageFile size 31M)
current process WorkingSet (physical memory assigned to process): 611M, peak: 615M
current process commit charge ("private bytes"): 640M, peak: 687M

vm_info: OpenJDK 64-Bit Server VM (11.0.10+0-b96-7249189) for windows-amd64 JRE (11.0.10+0-b96-7249189), built on Mar 31 2021 21:44:00 by "builder" with MS VC++ 14.0 (VS2015)

END.
