#
# There is insufficient memory for the Java Runtime Environment to continue.
# Native memory allocation (mmap) failed to map 201326592 bytes for Failed to commit area from 0x0000000741600000 to 0x000000074d600000 of length 201326592.
# Possible reasons:
#   The system is out of physical RAM or swap space
#   The process is running with CompressedOops enabled, and the Java Heap may be blocking the growth of the native heap
# Possible solutions:
#   Reduce memory load on the system
#   Increase physical memory or swap space
#   Check if swap backing store is full
#   Decrease Java heap size (-Xmx/-Xms)
#   Decrease number of Java threads
#   Decrease Java thread stack sizes (-Xss)
#   Set larger code cache with -XX:ReservedCodeCacheSize=
# This output file may be truncated or incomplete.
#
#  Out of Memory Error (./src/hotspot/os/windows/os_windows.cpp:3301), pid=9968, tid=2740
#
# JRE version:  (11.0.10) (build )
# Java VM: OpenJDK 64-Bit Server VM (11.0.10+0-b96-7249189, mixed mode, sharing, tiered, compressed oops, g1 gc, windows-amd64)
# No core dump will be written. Minidumps are not enabled by default on client versions of Windows
#

---------------  S U M M A R Y ------------

Command Line: org.jetbrains.kotlin.cli.jvm.K2JVMCompiler @C:\Users\leoba\AndroidStudioProjects\TextRecognizer\NavigationTest\app\build\20210902_6357005002234728054.compiler.options

Host: Intel(R) Core(TM) i3-7020U CPU @ 2.30GHz, 4 cores, 11G,  Windows 10 , 64 bit Build 19041 (10.0.19041.1151)
Time: Thu Sep  2 12:18:33 2021 Hora estándar de Argentina elapsed time: 0.014880 seconds (0d 0h 0m 0s)

---------------  T H R E A D  ---------------

Current thread (0x000001388c95f000):  JavaThread "Unknown thread" [_thread_in_vm, id=2740, stack(0x0000000404300000,0x0000000404400000)]

Stack: [0x0000000404300000,0x0000000404400000]
Native frames: (J=compiled Java code, j=interpreted, Vv=VM code, C=native code)
V  [jvm.dll+0x5ecfaa]
V  [jvm.dll+0x722bd5]
V  [jvm.dll+0x72412d]
V  [jvm.dll+0x7247e3]
V  [jvm.dll+0x242928]
V  [jvm.dll+0x5ea374]
V  [jvm.dll+0x5df425]
V  [jvm.dll+0x2fdebb]
V  [jvm.dll+0x2fde2a]
V  [jvm.dll+0x2fdd02]
V  [jvm.dll+0x302bf6]
V  [jvm.dll+0x34b2a3]
V  [jvm.dll+0x34b9a6]
V  [jvm.dll+0x34b3a3]
V  [jvm.dll+0x2d8888]
V  [jvm.dll+0x2d9a37]
V  [jvm.dll+0x701737]
V  [jvm.dll+0x702f2c]
V  [jvm.dll+0x3587d9]
V  [jvm.dll+0x6e4fae]
V  [jvm.dll+0x3c0be3]
V  [jvm.dll+0x3c2e91]
C  [jli.dll+0x5373]
C  [ucrtbase.dll+0x21bb2]
C  [KERNEL32.DLL+0x17034]
C  [ntdll.dll+0x52651]


---------------  P R O C E S S  ---------------

Threads class SMR info:
_java_thread_list=0x000001388a713fb0, length=0, elements={
}

Java Threads: ( => current thread )

Other Threads:
  0x000001388c977000 GCTaskThread "GC Thread#0" [stack: 0x0000000404400000,0x0000000404500000] [id=5992]
  0x000001388c9bc000 ConcurrentGCThread "G1 Main Marker" [stack: 0x0000000404500000,0x0000000404600000] [id=8344]
  0x000001388c9bd800 ConcurrentGCThread "G1 Conc#0" [stack: 0x0000000404600000,0x0000000404700000] [id=8324]

[error occurred during error reporting (printing all threads), id 0xc0000005, EXCEPTION_ACCESS_VIOLATION (0xc0000005) at pc=0x00007ffa7da69107]

VM state:not at safepoint (not fully initialized)

VM Mutex/Monitor currently owned by a thread:  ([mutex/lock_event])
[0x000001388c959dc0] Heap_lock - owner thread: 0x000001388c95f000

Heap address: 0x0000000741600000, size: 3050 MB, Compressed Oops mode: Non-zero based: 0x0000000741600000
Narrow klass base: 0x0000000000000000, Narrow klass shift: 0

GC Heap History (0 events):
No events

Deoptimization events (0 events):
No events

Classes redefined (0 events):
No events

Internal exceptions (0 events):
No events

Events (1 events):
Event: 0.009 Loaded shared library C:\Program Files\Android\Android Studio4\jre\bin\zip.dll


Dynamic libraries:
0x00007ff631e20000 - 0x00007ff631e2a000 	C:\Program Files\Android\Android Studio4\jre\bin\java.exe
0x00007ffab90b0000 - 0x00007ffab92a5000 	C:\WINDOWS\SYSTEM32\ntdll.dll
0x00007ffab89f0000 - 0x00007ffab8aad000 	C:\WINDOWS\System32\KERNEL32.DLL
0x00007ffab67e0000 - 0x00007ffab6aa9000 	C:\WINDOWS\System32\KERNELBASE.dll
0x00007ffab6e90000 - 0x00007ffab6f90000 	C:\WINDOWS\System32\ucrtbase.dll
0x00007ffa9d570000 - 0x00007ffa9d587000 	C:\Program Files\Android\Android Studio4\jre\bin\VCRUNTIME140.dll
0x00007ffa9cb80000 - 0x00007ffa9cb99000 	C:\Program Files\Android\Android Studio4\jre\bin\jli.dll
0x00007ffab7bb0000 - 0x00007ffab7d50000 	C:\WINDOWS\System32\USER32.dll
0x00007ffa9f3e0000 - 0x00007ffa9f67a000 	C:\WINDOWS\WinSxS\amd64_microsoft.windows.common-controls_6595b64144ccf1df_6.0.19041.1110_none_60b5254171f9507e\COMCTL32.dll
0x00007ffab8ea0000 - 0x00007ffab8f3e000 	C:\WINDOWS\System32\msvcrt.dll
0x00007ffab6d00000 - 0x00007ffab6d22000 	C:\WINDOWS\System32\win32u.dll
0x00007ffab87c0000 - 0x00007ffab87ea000 	C:\WINDOWS\System32\GDI32.dll
0x00007ffab6d30000 - 0x00007ffab6e3b000 	C:\WINDOWS\System32\gdi32full.dll
0x00007ffab7070000 - 0x00007ffab710d000 	C:\WINDOWS\System32\msvcp_win.dll
0x00007ffab8b80000 - 0x00007ffab8bb0000 	C:\WINDOWS\System32\IMM32.DLL
0x00007ffa99cc0000 - 0x00007ffa99d5d000 	C:\Program Files\Android\Android Studio4\jre\bin\msvcp140.dll
0x00007ffa7d780000 - 0x00007ffa7e24f000 	C:\Program Files\Android\Android Studio4\jre\bin\server\jvm.dll
0x00007ffab83b0000 - 0x00007ffab845c000 	C:\WINDOWS\System32\ADVAPI32.dll
0x00007ffab7280000 - 0x00007ffab731b000 	C:\WINDOWS\System32\sechost.dll
0x00007ffab8f40000 - 0x00007ffab906a000 	C:\WINDOWS\System32\RPCRT4.dll
0x00007ffab71f0000 - 0x00007ffab71f8000 	C:\WINDOWS\System32\PSAPI.DLL
0x00007ffaa4840000 - 0x00007ffaa4849000 	C:\WINDOWS\SYSTEM32\WSOCK32.dll
0x00007ffaa3010000 - 0x00007ffaa3037000 	C:\WINDOWS\SYSTEM32\WINMM.dll
0x00007ffaacba0000 - 0x00007ffaacbaa000 	C:\WINDOWS\SYSTEM32\VERSION.dll
0x00007ffab8b10000 - 0x00007ffab8b7b000 	C:\WINDOWS\System32\WS2_32.dll
0x00007ffab50c0000 - 0x00007ffab50d2000 	C:\WINDOWS\SYSTEM32\kernel.appcore.dll
0x00007ffab1a40000 - 0x00007ffab1a51000 	C:\Program Files\Android\Android Studio4\jre\bin\verify.dll
0x00007ffab4d70000 - 0x00007ffab4f54000 	C:\WINDOWS\SYSTEM32\DBGHELP.DLL
0x00007ffa9f7f0000 - 0x00007ffa9f81c000 	C:\WINDOWS\SYSTEM32\dbgcore.DLL
0x00007ffab6b10000 - 0x00007ffab6b93000 	C:\WINDOWS\System32\bcryptPrimitives.dll
0x00007ffa9d540000 - 0x00007ffa9d569000 	C:\Program Files\Android\Android Studio4\jre\bin\java.dll
0x00007ffab1950000 - 0x00007ffab195b000 	C:\Program Files\Android\Android Studio4\jre\bin\jimage.dll
0x00007ffaaf060000 - 0x00007ffaaf078000 	C:\Program Files\Android\Android Studio4\jre\bin\zip.dll

dbghelp: loaded successfully - version: 4.0.5 - missing functions: none
symbol engine: initialized successfully - sym options: 0x614 - pdb path: .;C:\Program Files\Android\Android Studio4\jre\bin;C:\WINDOWS\SYSTEM32;C:\WINDOWS\WinSxS\amd64_microsoft.windows.common-controls_6595b64144ccf1df_6.0.19041.1110_none_60b5254171f9507e;C:\Program Files\Android\Android Studio4\jre\bin\server

VM Arguments:
java_command: org.jetbrains.kotlin.cli.jvm.K2JVMCompiler @C:\Users\leoba\AndroidStudioProjects\TextRecognizer\NavigationTest\app\build\20210902_6357005002234728054.compiler.options
java_class_path (initial): C:\Users\leoba\.gradle\caches\modules-2\files-2.1\org.jetbrains.kotlin\kotlin-compiler-embeddable\1.5.30\3362a354066df1578a057c200da23cf2a1d8144f\kotlin-compiler-embeddable-1.5.30.jar;C:\Users\leoba\.gradle\caches\modules-2\files-2.1\org.jetbrains.kotlin\kotlin-reflect\1.5.30\6773e974437dd6432aa646cc2f8ab71de42b5773\kotlin-reflect-1.5.30.jar;C:\Users\leoba\.gradle\caches\modules-2\files-2.1\org.jetbrains.kotlin\kotlin-stdlib\1.5.30\d68efdea04955974ac1020f8f66ef8176bfbce1f\kotlin-stdlib-1.5.30.jar;C:\Users\leoba\.gradle\caches\modules-2\files-2.1\org.jetbrains.kotlin\kotlin-script-runtime\1.5.30\10697ab20bfd2f1b23baa91306950c36c4e89a8d\kotlin-script-runtime-1.5.30.jar;C:\Users\leoba\.gradle\caches\modules-2\files-2.1\org.jetbrains.kotlin\kotlin-daemon-embeddable\1.5.30\e355dc9011e559a475608265607948109e113ae0\kotlin-daemon-embeddable-1.5.30.jar;C:\Users\leoba\.gradle\caches\modules-2\files-2.1\org.jetbrains.intellij.deps\trove4j\1.0.20181211\216c2e14b070f334479d800987affe4054cd563f\trove4j-1.0.20181211.jar;C:\Users\leoba\.gradle\caches\modules-2\files-2.1\org.jetbrains\annotations\13.0\919f0dfe192fb4e063e7dacadee7f8bb9a2672a9\annotations-13.0.jar;C:\Users\leoba\.gradle\caches\modules-2\files-2.1\org.jetbrains.kotlin\kotlin-stdlib-common\1.5.30\649ffab7767038323fec0cc41e2d7b0a8f65a378\kotlin-stdlib-common-1.5.30.jar
Launcher Type: SUN_STANDARD

[Global flags]
     intx CICompilerCount                          = 3                                         {product} {ergonomic}
     uint ConcGCThreads                            = 1                                         {product} {ergonomic}
     uint G1ConcRefinementThreads                  = 4                                         {product} {ergonomic}
   size_t G1HeapRegionSize                         = 1048576                                   {product} {ergonomic}
    uintx GCDrainStackTargetSize                   = 64                                        {product} {ergonomic}
   size_t InitialHeapSize                          = 201326592                                 {product} {ergonomic}
   size_t MarkStackSize                            = 4194304                                   {product} {ergonomic}
   size_t MaxHeapSize                              = 3198156800                                {product} {ergonomic}
   size_t MinHeapDeltaBytes                        = 1048576                                   {product} {ergonomic}
    uintx NonNMethodCodeHeapSize                   = 5830732                                {pd product} {ergonomic}
    uintx NonProfiledCodeHeapSize                  = 122913754                              {pd product} {ergonomic}
    uintx ProfiledCodeHeapSize                     = 122913754                              {pd product} {ergonomic}
    uintx ReservedCodeCacheSize                    = 251658240                              {pd product} {ergonomic}
     bool SegmentedCodeCache                       = true                                      {product} {ergonomic}
     bool UseCompressedClassPointers               = true                                 {lp64_product} {ergonomic}
     bool UseCompressedOops                        = true                                 {lp64_product} {ergonomic}
     bool UseG1GC                                  = true                                      {product} {ergonomic}
     bool UseLargePagesIndividualAllocation        = false                                  {pd product} {ergonomic}

Logging:
Log output configuration:
 #0: stdout all=warning uptime,level,tags
 #1: stderr all=off uptime,level,tags

Environment Variables:
PATH=C:\Program Files (x86)\Intel\Intel(R) Management Engine Components\iCLS\;C:\Program Files\Intel\Intel(R) Management Engine Components\iCLS\;C:\WINDOWS\system32;C:\WINDOWS;C:\WINDOWS\System32\Wbem;C:\WINDOWS\System32\WindowsPowerShell\v1.0\;C:\Program Files (x86)\Intel\Intel(R) Management Engine Components\DAL;C:\Program Files\Intel\Intel(R) Management Engine Components\DAL;C:\Program Files (x86)\Intel\Intel(R) Management Engine Components\IPT;C:\Program Files\Intel\Intel(R) Management Engine Components\IPT;c:\Program Files (x86)\Microsoft SQL Server\100\Tools\Binn\;c:\Program Files\Microsoft SQL Server\100\Tools\Binn\;c:\Program Files\Microsoft SQL Server\100\DTS\Binn\;c:\Program Files (x86)\Microsoft SQL Server\100\Tools\Binn\VSShell\Common7\IDE\;c:\Program Files (x86)\Microsoft SQL Server\100\DTS\Binn\;C:\WINDOWS\system32\config\systemprofile\.dnx\bin;C:\Program Files\Microsoft DNX\Dnvm\;C:\Program Files\Microsoft SQL Server\130\Tools\Binn\;C:\WINDOWS\System32\OpenSSH\;C:\Program Files\Git\cmd;C:\Users\leoba\AppData\Local\Microsoft\WindowsApps;C:\Users\leoba\AppData\Local\GitHubDesktop\bin;%USERPROFILE%\AppData\Local\Microsoft\WindowsApps;
USERNAME=leoba
OS=Windows_NT
PROCESSOR_IDENTIFIER=Intel64 Family 6 Model 142 Stepping 10, GenuineIntel



---------------  S Y S T E M  ---------------

OS: Windows 10 , 64 bit Build 19041 (10.0.19041.1151)
OS uptime: 3 days 1:38 hours

CPU:total 4 (initial active 4) (2 cores per cpu, 2 threads per core) family 6 model 142 stepping 10 microcode 0xb4, cmov, cx8, fxsr, mmx, sse, sse2, sse3, ssse3, sse4.1, sse4.2, popcnt, avx, avx2, aes, clmul, erms, 3dnowpref, lzcnt, ht, tsc, tscinvbit, bmi1, bmi2, adx, fma

Memory: 4k page, system-wide physical 12197M (894M free)
TotalPageFile size 12197M (AvailPageFile size 60M)
current process WorkingSet (physical memory assigned to process): 9M, peak: 9M
current process commit charge ("private bytes"): 51M, peak: 243M

vm_info: OpenJDK 64-Bit Server VM (11.0.10+0-b96-7249189) for windows-amd64 JRE (11.0.10+0-b96-7249189), built on Mar 31 2021 21:44:00 by "builder" with MS VC++ 14.0 (VS2015)

END.
